ARM GAS  C:\Users\Helon\AppData\Local\Temp\ccigvFCv.s 			page 1


   1              		.cpu cortex-m0
   2              		.fpu softvfp
   3              		.eabi_attribute 20, 1
   4              		.eabi_attribute 21, 1
   5              		.eabi_attribute 23, 3
   6              		.eabi_attribute 24, 1
   7              		.eabi_attribute 25, 1
   8              		.eabi_attribute 26, 1
   9              		.eabi_attribute 30, 1
  10              		.eabi_attribute 34, 0
  11              		.eabi_attribute 18, 4
  12              		.code	16
  13              		.file	"BLE_custom.c"
  14              		.text
  15              	.Ltext0:
  16              		.cfi_sections	.debug_frame
  17              		.section	.text.CyBle_CustomInit,"ax",%progbits
  18              		.align	2
  19              		.global	CyBle_CustomInit
  20              		.code	16
  21              		.thumb_func
  22              		.type	CyBle_CustomInit, %function
  23              	CyBle_CustomInit:
  24              	.LFB2:
  25              		.file 1 ".\\Generated_Source\\PSoC4\\BLE_custom.c"
   1:.\Generated_Source\PSoC4/BLE_custom.c **** /***************************************************************************//**
   2:.\Generated_Source\PSoC4/BLE_custom.c **** * \file CYBLE_custom.c
   3:.\Generated_Source\PSoC4/BLE_custom.c **** * \version 3.10
   4:.\Generated_Source\PSoC4/BLE_custom.c **** * 
   5:.\Generated_Source\PSoC4/BLE_custom.c **** * \brief
   6:.\Generated_Source\PSoC4/BLE_custom.c **** *  Contains the source code for the Custom Service.
   7:.\Generated_Source\PSoC4/BLE_custom.c **** * 
   8:.\Generated_Source\PSoC4/BLE_custom.c **** ********************************************************************************
   9:.\Generated_Source\PSoC4/BLE_custom.c **** * \copyright
  10:.\Generated_Source\PSoC4/BLE_custom.c **** * Copyright 2014-2016, Cypress Semiconductor Corporation.  All rights reserved.
  11:.\Generated_Source\PSoC4/BLE_custom.c **** * You may use this file only in accordance with the license, terms, conditions,
  12:.\Generated_Source\PSoC4/BLE_custom.c **** * disclaimers, and limitations in the end user license agreement accompanying
  13:.\Generated_Source\PSoC4/BLE_custom.c **** * the software package with which this file was provided.
  14:.\Generated_Source\PSoC4/BLE_custom.c **** *******************************************************************************/
  15:.\Generated_Source\PSoC4/BLE_custom.c **** 
  16:.\Generated_Source\PSoC4/BLE_custom.c **** 
  17:.\Generated_Source\PSoC4/BLE_custom.c **** #include "BLE_eventHandler.h"
  18:.\Generated_Source\PSoC4/BLE_custom.c **** 
  19:.\Generated_Source\PSoC4/BLE_custom.c **** #ifdef CYBLE_CUSTOM_SERVER
  20:.\Generated_Source\PSoC4/BLE_custom.c **** 
  21:.\Generated_Source\PSoC4/BLE_custom.c **** /* If any custom service with custom characterisctis is defined in the
  22:.\Generated_Source\PSoC4/BLE_custom.c **** * customizer's GUI their handles will be present in this array.
  23:.\Generated_Source\PSoC4/BLE_custom.c **** */
  24:.\Generated_Source\PSoC4/BLE_custom.c **** /* This array contains attribute handles for the defined Custom Services and their characteristics 
  25:.\Generated_Source\PSoC4/BLE_custom.c ****    The array index definitions are located in the CYBLE_custom.h file. */
  26:.\Generated_Source\PSoC4/BLE_custom.c **** const CYBLE_CUSTOMS_T cyBle_customs[0x01u] = {
  27:.\Generated_Source\PSoC4/BLE_custom.c **** 
  28:.\Generated_Source\PSoC4/BLE_custom.c ****     /* Troughput Service service */
  29:.\Generated_Source\PSoC4/BLE_custom.c ****     {
  30:.\Generated_Source\PSoC4/BLE_custom.c ****         0x000Cu, /* Handle of the Troughput Service service */ 
  31:.\Generated_Source\PSoC4/BLE_custom.c ****         {
  32:.\Generated_Source\PSoC4/BLE_custom.c **** 
ARM GAS  C:\Users\Helon\AppData\Local\Temp\ccigvFCv.s 			page 2


  33:.\Generated_Source\PSoC4/BLE_custom.c ****             /* Custom Characteristic characteristic */
  34:.\Generated_Source\PSoC4/BLE_custom.c ****             {
  35:.\Generated_Source\PSoC4/BLE_custom.c ****                 0x000Eu, /* Handle of the Custom Characteristic characteristic */ 
  36:.\Generated_Source\PSoC4/BLE_custom.c ****                 
  37:.\Generated_Source\PSoC4/BLE_custom.c ****                 /* Array of Descriptors handles */
  38:.\Generated_Source\PSoC4/BLE_custom.c ****                 {
  39:.\Generated_Source\PSoC4/BLE_custom.c ****                     0x000Fu, /* Handle of the Client Characteristic Configuration descriptor */ 
  40:.\Generated_Source\PSoC4/BLE_custom.c ****                 }, 
  41:.\Generated_Source\PSoC4/BLE_custom.c ****             },
  42:.\Generated_Source\PSoC4/BLE_custom.c **** 
  43:.\Generated_Source\PSoC4/BLE_custom.c ****             /* SpeedTest characteristic */
  44:.\Generated_Source\PSoC4/BLE_custom.c ****             {
  45:.\Generated_Source\PSoC4/BLE_custom.c ****                 0x0011u, /* Handle of the SpeedTest characteristic */ 
  46:.\Generated_Source\PSoC4/BLE_custom.c ****                 
  47:.\Generated_Source\PSoC4/BLE_custom.c ****                 /* Array of Descriptors handles */
  48:.\Generated_Source\PSoC4/BLE_custom.c ****                 {
  49:.\Generated_Source\PSoC4/BLE_custom.c ****                     CYBLE_GATT_INVALID_ATTR_HANDLE_VALUE, 
  50:.\Generated_Source\PSoC4/BLE_custom.c ****                 }, 
  51:.\Generated_Source\PSoC4/BLE_custom.c ****             },
  52:.\Generated_Source\PSoC4/BLE_custom.c ****         }, 
  53:.\Generated_Source\PSoC4/BLE_custom.c ****     },
  54:.\Generated_Source\PSoC4/BLE_custom.c **** };
  55:.\Generated_Source\PSoC4/BLE_custom.c **** 
  56:.\Generated_Source\PSoC4/BLE_custom.c **** 
  57:.\Generated_Source\PSoC4/BLE_custom.c **** #endif /* (CYBLE_CUSTOM_SERVER) */
  58:.\Generated_Source\PSoC4/BLE_custom.c **** 
  59:.\Generated_Source\PSoC4/BLE_custom.c **** #ifdef CYBLE_CUSTOM_CLIENT
  60:.\Generated_Source\PSoC4/BLE_custom.c ****     
  61:.\Generated_Source\PSoC4/BLE_custom.c **** 
  62:.\Generated_Source\PSoC4/BLE_custom.c **** static uint16 cyBle_customDisServIndex;
  63:.\Generated_Source\PSoC4/BLE_custom.c **** static uint16 cyBle_customDisCharIndex;
  64:.\Generated_Source\PSoC4/BLE_custom.c **** 
  65:.\Generated_Source\PSoC4/BLE_custom.c **** #endif /* (CYBLE_CUSTOM_CLIENT) */
  66:.\Generated_Source\PSoC4/BLE_custom.c **** 
  67:.\Generated_Source\PSoC4/BLE_custom.c **** 
  68:.\Generated_Source\PSoC4/BLE_custom.c **** /****************************************************************************** 
  69:.\Generated_Source\PSoC4/BLE_custom.c **** * Function Name: CyBle_CustomInit
  70:.\Generated_Source\PSoC4/BLE_custom.c **** ***************************************************************************//**
  71:.\Generated_Source\PSoC4/BLE_custom.c **** * 
  72:.\Generated_Source\PSoC4/BLE_custom.c **** *  This function initializes Custom Service.
  73:.\Generated_Source\PSoC4/BLE_custom.c **** * 
  74:.\Generated_Source\PSoC4/BLE_custom.c **** * \return
  75:.\Generated_Source\PSoC4/BLE_custom.c **** *  None
  76:.\Generated_Source\PSoC4/BLE_custom.c **** * 
  77:.\Generated_Source\PSoC4/BLE_custom.c **** ******************************************************************************/
  78:.\Generated_Source\PSoC4/BLE_custom.c **** void CyBle_CustomInit(void)
  79:.\Generated_Source\PSoC4/BLE_custom.c **** {
  26              		.loc 1 79 0
  27              		.cfi_startproc
  80:.\Generated_Source\PSoC4/BLE_custom.c ****     
  81:.\Generated_Source\PSoC4/BLE_custom.c **** #ifdef CYBLE_CUSTOM_CLIENT
  82:.\Generated_Source\PSoC4/BLE_custom.c **** 
  83:.\Generated_Source\PSoC4/BLE_custom.c ****     uint16 locServIndex;
  84:.\Generated_Source\PSoC4/BLE_custom.c ****     uint16 locCharIndex;
  85:.\Generated_Source\PSoC4/BLE_custom.c ****     uint16 locDescIndex;
  86:.\Generated_Source\PSoC4/BLE_custom.c ****     
  87:.\Generated_Source\PSoC4/BLE_custom.c ****     for(locServIndex = 0u; locServIndex < CYBLE_CUSTOMC_SERVICE_COUNT; locServIndex++)
ARM GAS  C:\Users\Helon\AppData\Local\Temp\ccigvFCv.s 			page 3


  88:.\Generated_Source\PSoC4/BLE_custom.c ****     {
  89:.\Generated_Source\PSoC4/BLE_custom.c ****         if(cyBle_serverInfo[CYBLE_SRVI_CUSTOMS + locServIndex].range.startHandle == CYBLE_GATT_INVA
  90:.\Generated_Source\PSoC4/BLE_custom.c ****         {
  91:.\Generated_Source\PSoC4/BLE_custom.c ****             for(locCharIndex = 0u; locCharIndex < cyBle_customCServ[locServIndex].charCount; locCha
  92:.\Generated_Source\PSoC4/BLE_custom.c ****             {
  93:.\Generated_Source\PSoC4/BLE_custom.c ****                 cyBle_customCServ[locServIndex].customServChar[locCharIndex].
  94:.\Generated_Source\PSoC4/BLE_custom.c ****                     customServCharHandle = 0u;
  95:.\Generated_Source\PSoC4/BLE_custom.c ****                 
  96:.\Generated_Source\PSoC4/BLE_custom.c ****                 for(locDescIndex = 0u; locDescIndex < 
  97:.\Generated_Source\PSoC4/BLE_custom.c ****                     cyBle_customCServ[locServIndex].customServChar[locCharIndex].descCount; 
  98:.\Generated_Source\PSoC4/BLE_custom.c ****                         locDescIndex++)
  99:.\Generated_Source\PSoC4/BLE_custom.c ****                 {
 100:.\Generated_Source\PSoC4/BLE_custom.c ****                     cyBle_customCServ[locServIndex].customServChar[locCharIndex].
 101:.\Generated_Source\PSoC4/BLE_custom.c ****                         customServCharDesc[locDescIndex].descHandle = 0u;
 102:.\Generated_Source\PSoC4/BLE_custom.c ****                 }
 103:.\Generated_Source\PSoC4/BLE_custom.c ****             }
 104:.\Generated_Source\PSoC4/BLE_custom.c ****         }
 105:.\Generated_Source\PSoC4/BLE_custom.c ****     }
 106:.\Generated_Source\PSoC4/BLE_custom.c **** 
 107:.\Generated_Source\PSoC4/BLE_custom.c **** #endif /* (CYBLE_CUSTOM_CLIENT) */
 108:.\Generated_Source\PSoC4/BLE_custom.c **** }
  28              		.loc 1 108 0
  29              		@ sp needed
  30 0000 7047     		bx	lr
  31              		.cfi_endproc
  32              	.LFE2:
  33              		.size	CyBle_CustomInit, .-CyBle_CustomInit
  34              		.global	cyBle_customs
  35 0002 C046     		.section	.rodata
  36              		.align	2
  37              		.type	cyBle_customs, %object
  38              		.size	cyBle_customs, 10
  39              	cyBle_customs:
  40 0000 0C00     		.short	12
  41 0002 0E00     		.short	14
  42 0004 0F00     		.short	15
  43 0006 1100     		.short	17
  44 0008 0000     		.short	0
  45 000a 0000     		.text
  46              	.Letext0:
  47              		.file 2 ".\\Generated_Source\\PSoC4\\cytypes.h"
  48              		.file 3 ".\\Generated_Source\\PSoC4\\BLE_StackGatt.h"
  49              		.file 4 ".\\Generated_Source\\PSoC4\\BLE_custom.h"
  50              		.file 5 ".\\Generated_Source\\PSoC4\\BLE_Stack.h"
  51              		.section	.debug_info,"",%progbits
  52              	.Ldebug_info0:
  53 0000 08030000 		.4byte	0x308
  54 0004 0400     		.2byte	0x4
  55 0006 00000000 		.4byte	.Ldebug_abbrev0
  56 000a 04       		.byte	0x4
  57 000b 01       		.uleb128 0x1
  58 000c 44090000 		.4byte	.LASF87
  59 0010 01       		.byte	0x1
  60 0011 90020000 		.4byte	.LASF88
  61 0015 05010000 		.4byte	.LASF89
  62 0019 00000000 		.4byte	.Ldebug_ranges0+0
  63 001d 00000000 		.4byte	0
ARM GAS  C:\Users\Helon\AppData\Local\Temp\ccigvFCv.s 			page 4


  64 0021 00000000 		.4byte	.Ldebug_line0
  65 0025 02       		.uleb128 0x2
  66 0026 01       		.byte	0x1
  67 0027 06       		.byte	0x6
  68 0028 10050000 		.4byte	.LASF0
  69 002c 02       		.uleb128 0x2
  70 002d 01       		.byte	0x1
  71 002e 08       		.byte	0x8
  72 002f 97040000 		.4byte	.LASF1
  73 0033 02       		.uleb128 0x2
  74 0034 02       		.byte	0x2
  75 0035 05       		.byte	0x5
  76 0036 B7000000 		.4byte	.LASF2
  77 003a 02       		.uleb128 0x2
  78 003b 02       		.byte	0x2
  79 003c 07       		.byte	0x7
  80 003d C0060000 		.4byte	.LASF3
  81 0041 02       		.uleb128 0x2
  82 0042 04       		.byte	0x4
  83 0043 05       		.byte	0x5
  84 0044 4B030000 		.4byte	.LASF4
  85 0048 02       		.uleb128 0x2
  86 0049 04       		.byte	0x4
  87 004a 07       		.byte	0x7
  88 004b A1050000 		.4byte	.LASF5
  89 004f 02       		.uleb128 0x2
  90 0050 08       		.byte	0x8
  91 0051 05       		.byte	0x5
  92 0052 6A010000 		.4byte	.LASF6
  93 0056 02       		.uleb128 0x2
  94 0057 08       		.byte	0x8
  95 0058 07       		.byte	0x7
  96 0059 1F030000 		.4byte	.LASF7
  97 005d 03       		.uleb128 0x3
  98 005e 04       		.byte	0x4
  99 005f 05       		.byte	0x5
 100 0060 696E7400 		.ascii	"int\000"
 101 0064 02       		.uleb128 0x2
 102 0065 04       		.byte	0x4
 103 0066 07       		.byte	0x7
 104 0067 79050000 		.4byte	.LASF8
 105 006b 04       		.uleb128 0x4
 106 006c E0010000 		.4byte	.LASF79
 107 0070 02       		.byte	0x2
 108 0071 3901     		.2byte	0x139
 109 0073 3A000000 		.4byte	0x3a
 110 0077 02       		.uleb128 0x2
 111 0078 04       		.byte	0x4
 112 0079 04       		.byte	0x4
 113 007a B6020000 		.4byte	.LASF9
 114 007e 02       		.uleb128 0x2
 115 007f 08       		.byte	0x8
 116 0080 04       		.byte	0x4
 117 0081 70070000 		.4byte	.LASF10
 118 0085 02       		.uleb128 0x2
 119 0086 01       		.byte	0x1
 120 0087 08       		.byte	0x8
ARM GAS  C:\Users\Helon\AppData\Local\Temp\ccigvFCv.s 			page 5


 121 0088 9F060000 		.4byte	.LASF11
 122 008c 02       		.uleb128 0x2
 123 008d 04       		.byte	0x4
 124 008e 07       		.byte	0x7
 125 008f DB000000 		.4byte	.LASF12
 126 0093 05       		.uleb128 0x5
 127 0094 01       		.byte	0x1
 128 0095 05       		.byte	0x5
 129 0096 4201     		.2byte	0x142
 130 0098 50020000 		.4byte	0x250
 131 009c 06       		.uleb128 0x6
 132 009d 3A020000 		.4byte	.LASF13
 133 00a1 00       		.sleb128 0
 134 00a2 06       		.uleb128 0x6
 135 00a3 AF010000 		.4byte	.LASF14
 136 00a7 01       		.sleb128 1
 137 00a8 06       		.uleb128 0x6
 138 00a9 D9080000 		.4byte	.LASF15
 139 00ad 02       		.sleb128 2
 140 00ae 06       		.uleb128 0x6
 141 00af AF070000 		.4byte	.LASF16
 142 00b3 03       		.sleb128 3
 143 00b4 06       		.uleb128 0x6
 144 00b5 89010000 		.4byte	.LASF17
 145 00b9 04       		.sleb128 4
 146 00ba 06       		.uleb128 0x6
 147 00bb DD030000 		.4byte	.LASF18
 148 00bf 05       		.sleb128 5
 149 00c0 06       		.uleb128 0x6
 150 00c1 3E000000 		.4byte	.LASF19
 151 00c5 06       		.sleb128 6
 152 00c6 06       		.uleb128 0x6
 153 00c7 0D080000 		.4byte	.LASF20
 154 00cb 20       		.sleb128 32
 155 00cc 06       		.uleb128 0x6
 156 00cd B3050000 		.4byte	.LASF21
 157 00d1 21       		.sleb128 33
 158 00d2 06       		.uleb128 0x6
 159 00d3 00000000 		.4byte	.LASF22
 160 00d7 22       		.sleb128 34
 161 00d8 06       		.uleb128 0x6
 162 00d9 F9030000 		.4byte	.LASF23
 163 00dd 23       		.sleb128 35
 164 00de 06       		.uleb128 0x6
 165 00df 5D050000 		.4byte	.LASF24
 166 00e3 24       		.sleb128 36
 167 00e4 06       		.uleb128 0x6
 168 00e5 C1000000 		.4byte	.LASF25
 169 00e9 25       		.sleb128 37
 170 00ea 06       		.uleb128 0x6
 171 00eb 94030000 		.4byte	.LASF26
 172 00ef 26       		.sleb128 38
 173 00f0 06       		.uleb128 0x6
 174 00f1 75030000 		.4byte	.LASF27
 175 00f5 27       		.sleb128 39
 176 00f6 06       		.uleb128 0x6
 177 00f7 71000000 		.4byte	.LASF28
ARM GAS  C:\Users\Helon\AppData\Local\Temp\ccigvFCv.s 			page 6


 178 00fb 28       		.sleb128 40
 179 00fc 06       		.uleb128 0x6
 180 00fd EB050000 		.4byte	.LASF29
 181 0101 29       		.sleb128 41
 182 0102 06       		.uleb128 0x6
 183 0103 4F060000 		.4byte	.LASF30
 184 0107 2A       		.sleb128 42
 185 0108 06       		.uleb128 0x6
 186 0109 10070000 		.4byte	.LASF31
 187 010d 2B       		.sleb128 43
 188 010e 06       		.uleb128 0x6
 189 010f 2B060000 		.4byte	.LASF32
 190 0113 2C       		.sleb128 44
 191 0114 06       		.uleb128 0x6
 192 0115 D5020000 		.4byte	.LASF33
 193 0119 2D       		.sleb128 45
 194 011a 06       		.uleb128 0x6
 195 011b 93000000 		.4byte	.LASF34
 196 011f 2E       		.sleb128 46
 197 0120 06       		.uleb128 0x6
 198 0121 5D0A0000 		.4byte	.LASF35
 199 0125 2F       		.sleb128 47
 200 0126 06       		.uleb128 0x6
 201 0127 E4000000 		.4byte	.LASF36
 202 012b 30       		.sleb128 48
 203 012c 06       		.uleb128 0x6
 204 012d 4D040000 		.4byte	.LASF37
 205 0131 31       		.sleb128 49
 206 0132 06       		.uleb128 0x6
 207 0133 FE020000 		.4byte	.LASF38
 208 0137 32       		.sleb128 50
 209 0138 06       		.uleb128 0x6
 210 0139 78060000 		.4byte	.LASF39
 211 013d 33       		.sleb128 51
 212 013e 06       		.uleb128 0x6
 213 013f 57000000 		.4byte	.LASF40
 214 0143 C000     		.sleb128 64
 215 0145 06       		.uleb128 0x6
 216 0146 86050000 		.4byte	.LASF41
 217 014a C100     		.sleb128 65
 218 014c 06       		.uleb128 0x6
 219 014d 3F0A0000 		.4byte	.LASF42
 220 0151 C200     		.sleb128 66
 221 0153 06       		.uleb128 0x6
 222 0154 C2010000 		.4byte	.LASF43
 223 0158 C300     		.sleb128 67
 224 015a 06       		.uleb128 0x6
 225 015b 97080000 		.4byte	.LASF44
 226 015f C400     		.sleb128 68
 227 0161 06       		.uleb128 0x6
 228 0162 31080000 		.4byte	.LASF45
 229 0166 C500     		.sleb128 69
 230 0168 06       		.uleb128 0x6
 231 0169 76080000 		.4byte	.LASF46
 232 016d C600     		.sleb128 70
 233 016f 06       		.uleb128 0x6
 234 0170 F2040000 		.4byte	.LASF47
ARM GAS  C:\Users\Helon\AppData\Local\Temp\ccigvFCv.s 			page 7


 235 0174 C700     		.sleb128 71
 236 0176 06       		.uleb128 0x6
 237 0177 36050000 		.4byte	.LASF48
 238 017b C800     		.sleb128 72
 239 017d 06       		.uleb128 0x6
 240 017e BC020000 		.4byte	.LASF49
 241 0182 C900     		.sleb128 73
 242 0184 06       		.uleb128 0x6
 243 0185 D3060000 		.4byte	.LASF50
 244 0189 CA00     		.sleb128 74
 245 018b 06       		.uleb128 0x6
 246 018c FA010000 		.4byte	.LASF51
 247 0190 CB00     		.sleb128 75
 248 0192 06       		.uleb128 0x6
 249 0193 1C050000 		.4byte	.LASF52
 250 0197 CC00     		.sleb128 76
 251 0199 06       		.uleb128 0x6
 252 019a 24000000 		.4byte	.LASF53
 253 019e CD00     		.sleb128 77
 254 01a0 06       		.uleb128 0x6
 255 01a1 58080000 		.4byte	.LASF54
 256 01a5 CE00     		.sleb128 78
 257 01a7 06       		.uleb128 0x6
 258 01a8 B4040000 		.4byte	.LASF55
 259 01ac CF00     		.sleb128 79
 260 01ae 06       		.uleb128 0x6
 261 01af D2090000 		.4byte	.LASF56
 262 01b3 D000     		.sleb128 80
 263 01b5 06       		.uleb128 0x6
 264 01b6 F1060000 		.4byte	.LASF57
 265 01ba D100     		.sleb128 81
 266 01bc 06       		.uleb128 0x6
 267 01bd BC030000 		.4byte	.LASF58
 268 01c1 D200     		.sleb128 82
 269 01c3 06       		.uleb128 0x6
 270 01c4 54030000 		.4byte	.LASF59
 271 01c8 D300     		.sleb128 83
 272 01ca 06       		.uleb128 0x6
 273 01cb 19020000 		.4byte	.LASF60
 274 01cf D400     		.sleb128 84
 275 01d1 06       		.uleb128 0x6
 276 01d2 1B0A0000 		.4byte	.LASF61
 277 01d6 D500     		.sleb128 85
 278 01d8 06       		.uleb128 0x6
 279 01d9 22090000 		.4byte	.LASF62
 280 01dd D600     		.sleb128 86
 281 01df 06       		.uleb128 0x6
 282 01e0 F9080000 		.4byte	.LASF63
 283 01e4 D700     		.sleb128 87
 284 01e6 06       		.uleb128 0x6
 285 01e7 08060000 		.4byte	.LASF64
 286 01eb D800     		.sleb128 88
 287 01ed 06       		.uleb128 0x6
 288 01ee 71040000 		.4byte	.LASF65
 289 01f2 F000     		.sleb128 112
 290 01f4 06       		.uleb128 0x6
 291 01f5 E7070000 		.4byte	.LASF66
ARM GAS  C:\Users\Helon\AppData\Local\Temp\ccigvFCv.s 			page 8


 292 01f9 F100     		.sleb128 113
 293 01fb 06       		.uleb128 0x6
 294 01fc A4060000 		.4byte	.LASF67
 295 0200 F200     		.sleb128 114
 296 0202 06       		.uleb128 0x6
 297 0203 51020000 		.4byte	.LASF68
 298 0207 F300     		.sleb128 115
 299 0209 06       		.uleb128 0x6
 300 020a 2F040000 		.4byte	.LASF69
 301 020e F400     		.sleb128 116
 302 0210 06       		.uleb128 0x6
 303 0211 CA050000 		.4byte	.LASF70
 304 0215 F500     		.sleb128 117
 305 0217 06       		.uleb128 0x6
 306 0218 6F020000 		.4byte	.LASF71
 307 021c F600     		.sleb128 118
 308 021e 06       		.uleb128 0x6
 309 021f C8070000 		.4byte	.LASF72
 310 0223 F700     		.sleb128 119
 311 0225 06       		.uleb128 0x6
 312 0226 4D070000 		.4byte	.LASF73
 313 022a F800     		.sleb128 120
 314 022c 06       		.uleb128 0x6
 315 022d 77070000 		.4byte	.LASF74
 316 0231 F900     		.sleb128 121
 317 0233 06       		.uleb128 0x6
 318 0234 B5080000 		.4byte	.LASF75
 319 0238 FA00     		.sleb128 122
 320 023a 06       		.uleb128 0x6
 321 023b 2F070000 		.4byte	.LASF76
 322 023f FA01     		.sleb128 250
 323 0241 06       		.uleb128 0x6
 324 0242 D3040000 		.4byte	.LASF77
 325 0246 FB01     		.sleb128 251
 326 0248 06       		.uleb128 0x6
 327 0249 EB080000 		.4byte	.LASF78
 328 024d FF01     		.sleb128 255
 329 024f 00       		.byte	0
 330 0250 04       		.uleb128 0x4
 331 0251 F1090000 		.4byte	.LASF80
 332 0255 03       		.byte	0x3
 333 0256 9201     		.2byte	0x192
 334 0258 6B000000 		.4byte	0x6b
 335 025c 07       		.uleb128 0x7
 336 025d 04       		.byte	0x4
 337 025e 04       		.byte	0x4
 338 025f 44       		.byte	0x44
 339 0260 7D020000 		.4byte	0x27d
 340 0264 08       		.uleb128 0x8
 341 0265 9A070000 		.4byte	.LASF81
 342 0269 04       		.byte	0x4
 343 026a 47       		.byte	0x47
 344 026b 50020000 		.4byte	0x250
 345 026f 00       		.byte	0
 346 0270 08       		.uleb128 0x8
 347 0271 E7010000 		.4byte	.LASF82
 348 0275 04       		.byte	0x4
ARM GAS  C:\Users\Helon\AppData\Local\Temp\ccigvFCv.s 			page 9


 349 0276 49       		.byte	0x49
 350 0277 7D020000 		.4byte	0x27d
 351 027b 02       		.byte	0x2
 352 027c 00       		.byte	0
 353 027d 09       		.uleb128 0x9
 354 027e 50020000 		.4byte	0x250
 355 0282 8D020000 		.4byte	0x28d
 356 0286 0A       		.uleb128 0xa
 357 0287 8C000000 		.4byte	0x8c
 358 028b 00       		.byte	0
 359 028c 00       		.byte	0
 360 028d 0B       		.uleb128 0xb
 361 028e 36030000 		.4byte	.LASF83
 362 0292 04       		.byte	0x4
 363 0293 4B       		.byte	0x4b
 364 0294 5C020000 		.4byte	0x25c
 365 0298 07       		.uleb128 0x7
 366 0299 0A       		.byte	0xa
 367 029a 04       		.byte	0x4
 368 029b 4E       		.byte	0x4e
 369 029c B9020000 		.4byte	0x2b9
 370 02a0 08       		.uleb128 0x8
 371 02a1 78010000 		.4byte	.LASF84
 372 02a5 04       		.byte	0x4
 373 02a6 51       		.byte	0x51
 374 02a7 50020000 		.4byte	0x250
 375 02ab 00       		.byte	0
 376 02ac 08       		.uleb128 0x8
 377 02ad A5040000 		.4byte	.LASF85
 378 02b1 04       		.byte	0x4
 379 02b2 54       		.byte	0x54
 380 02b3 B9020000 		.4byte	0x2b9
 381 02b7 02       		.byte	0x2
 382 02b8 00       		.byte	0
 383 02b9 09       		.uleb128 0x9
 384 02ba 8D020000 		.4byte	0x28d
 385 02be C9020000 		.4byte	0x2c9
 386 02c2 0A       		.uleb128 0xa
 387 02c3 8C000000 		.4byte	0x8c
 388 02c7 01       		.byte	0x1
 389 02c8 00       		.byte	0
 390 02c9 0B       		.uleb128 0xb
 391 02ca 1F040000 		.4byte	.LASF86
 392 02ce 04       		.byte	0x4
 393 02cf 56       		.byte	0x56
 394 02d0 98020000 		.4byte	0x298
 395 02d4 0C       		.uleb128 0xc
 396 02d5 9E010000 		.4byte	.LASF90
 397 02d9 01       		.byte	0x1
 398 02da 4E       		.byte	0x4e
 399 02db 00000000 		.4byte	.LFB2
 400 02df 02000000 		.4byte	.LFE2-.LFB2
 401 02e3 01       		.uleb128 0x1
 402 02e4 9C       		.byte	0x9c
 403 02e5 09       		.uleb128 0x9
 404 02e6 C9020000 		.4byte	0x2c9
 405 02ea F5020000 		.4byte	0x2f5
ARM GAS  C:\Users\Helon\AppData\Local\Temp\ccigvFCv.s 			page 10


 406 02ee 0A       		.uleb128 0xa
 407 02ef 8C000000 		.4byte	0x8c
 408 02f3 00       		.byte	0
 409 02f4 00       		.byte	0
 410 02f5 0D       		.uleb128 0xd
 411 02f6 0D0A0000 		.4byte	.LASF91
 412 02fa 01       		.byte	0x1
 413 02fb 1A       		.byte	0x1a
 414 02fc 06030000 		.4byte	0x306
 415 0300 05       		.uleb128 0x5
 416 0301 03       		.byte	0x3
 417 0302 00000000 		.4byte	cyBle_customs
 418 0306 0E       		.uleb128 0xe
 419 0307 E5020000 		.4byte	0x2e5
 420 030b 00       		.byte	0
 421              		.section	.debug_abbrev,"",%progbits
 422              	.Ldebug_abbrev0:
 423 0000 01       		.uleb128 0x1
 424 0001 11       		.uleb128 0x11
 425 0002 01       		.byte	0x1
 426 0003 25       		.uleb128 0x25
 427 0004 0E       		.uleb128 0xe
 428 0005 13       		.uleb128 0x13
 429 0006 0B       		.uleb128 0xb
 430 0007 03       		.uleb128 0x3
 431 0008 0E       		.uleb128 0xe
 432 0009 1B       		.uleb128 0x1b
 433 000a 0E       		.uleb128 0xe
 434 000b 55       		.uleb128 0x55
 435 000c 17       		.uleb128 0x17
 436 000d 11       		.uleb128 0x11
 437 000e 01       		.uleb128 0x1
 438 000f 10       		.uleb128 0x10
 439 0010 17       		.uleb128 0x17
 440 0011 00       		.byte	0
 441 0012 00       		.byte	0
 442 0013 02       		.uleb128 0x2
 443 0014 24       		.uleb128 0x24
 444 0015 00       		.byte	0
 445 0016 0B       		.uleb128 0xb
 446 0017 0B       		.uleb128 0xb
 447 0018 3E       		.uleb128 0x3e
 448 0019 0B       		.uleb128 0xb
 449 001a 03       		.uleb128 0x3
 450 001b 0E       		.uleb128 0xe
 451 001c 00       		.byte	0
 452 001d 00       		.byte	0
 453 001e 03       		.uleb128 0x3
 454 001f 24       		.uleb128 0x24
 455 0020 00       		.byte	0
 456 0021 0B       		.uleb128 0xb
 457 0022 0B       		.uleb128 0xb
 458 0023 3E       		.uleb128 0x3e
 459 0024 0B       		.uleb128 0xb
 460 0025 03       		.uleb128 0x3
 461 0026 08       		.uleb128 0x8
 462 0027 00       		.byte	0
ARM GAS  C:\Users\Helon\AppData\Local\Temp\ccigvFCv.s 			page 11


 463 0028 00       		.byte	0
 464 0029 04       		.uleb128 0x4
 465 002a 16       		.uleb128 0x16
 466 002b 00       		.byte	0
 467 002c 03       		.uleb128 0x3
 468 002d 0E       		.uleb128 0xe
 469 002e 3A       		.uleb128 0x3a
 470 002f 0B       		.uleb128 0xb
 471 0030 3B       		.uleb128 0x3b
 472 0031 05       		.uleb128 0x5
 473 0032 49       		.uleb128 0x49
 474 0033 13       		.uleb128 0x13
 475 0034 00       		.byte	0
 476 0035 00       		.byte	0
 477 0036 05       		.uleb128 0x5
 478 0037 04       		.uleb128 0x4
 479 0038 01       		.byte	0x1
 480 0039 0B       		.uleb128 0xb
 481 003a 0B       		.uleb128 0xb
 482 003b 3A       		.uleb128 0x3a
 483 003c 0B       		.uleb128 0xb
 484 003d 3B       		.uleb128 0x3b
 485 003e 05       		.uleb128 0x5
 486 003f 01       		.uleb128 0x1
 487 0040 13       		.uleb128 0x13
 488 0041 00       		.byte	0
 489 0042 00       		.byte	0
 490 0043 06       		.uleb128 0x6
 491 0044 28       		.uleb128 0x28
 492 0045 00       		.byte	0
 493 0046 03       		.uleb128 0x3
 494 0047 0E       		.uleb128 0xe
 495 0048 1C       		.uleb128 0x1c
 496 0049 0D       		.uleb128 0xd
 497 004a 00       		.byte	0
 498 004b 00       		.byte	0
 499 004c 07       		.uleb128 0x7
 500 004d 13       		.uleb128 0x13
 501 004e 01       		.byte	0x1
 502 004f 0B       		.uleb128 0xb
 503 0050 0B       		.uleb128 0xb
 504 0051 3A       		.uleb128 0x3a
 505 0052 0B       		.uleb128 0xb
 506 0053 3B       		.uleb128 0x3b
 507 0054 0B       		.uleb128 0xb
 508 0055 01       		.uleb128 0x1
 509 0056 13       		.uleb128 0x13
 510 0057 00       		.byte	0
 511 0058 00       		.byte	0
 512 0059 08       		.uleb128 0x8
 513 005a 0D       		.uleb128 0xd
 514 005b 00       		.byte	0
 515 005c 03       		.uleb128 0x3
 516 005d 0E       		.uleb128 0xe
 517 005e 3A       		.uleb128 0x3a
 518 005f 0B       		.uleb128 0xb
 519 0060 3B       		.uleb128 0x3b
ARM GAS  C:\Users\Helon\AppData\Local\Temp\ccigvFCv.s 			page 12


 520 0061 0B       		.uleb128 0xb
 521 0062 49       		.uleb128 0x49
 522 0063 13       		.uleb128 0x13
 523 0064 38       		.uleb128 0x38
 524 0065 0B       		.uleb128 0xb
 525 0066 00       		.byte	0
 526 0067 00       		.byte	0
 527 0068 09       		.uleb128 0x9
 528 0069 01       		.uleb128 0x1
 529 006a 01       		.byte	0x1
 530 006b 49       		.uleb128 0x49
 531 006c 13       		.uleb128 0x13
 532 006d 01       		.uleb128 0x1
 533 006e 13       		.uleb128 0x13
 534 006f 00       		.byte	0
 535 0070 00       		.byte	0
 536 0071 0A       		.uleb128 0xa
 537 0072 21       		.uleb128 0x21
 538 0073 00       		.byte	0
 539 0074 49       		.uleb128 0x49
 540 0075 13       		.uleb128 0x13
 541 0076 2F       		.uleb128 0x2f
 542 0077 0B       		.uleb128 0xb
 543 0078 00       		.byte	0
 544 0079 00       		.byte	0
 545 007a 0B       		.uleb128 0xb
 546 007b 16       		.uleb128 0x16
 547 007c 00       		.byte	0
 548 007d 03       		.uleb128 0x3
 549 007e 0E       		.uleb128 0xe
 550 007f 3A       		.uleb128 0x3a
 551 0080 0B       		.uleb128 0xb
 552 0081 3B       		.uleb128 0x3b
 553 0082 0B       		.uleb128 0xb
 554 0083 49       		.uleb128 0x49
 555 0084 13       		.uleb128 0x13
 556 0085 00       		.byte	0
 557 0086 00       		.byte	0
 558 0087 0C       		.uleb128 0xc
 559 0088 2E       		.uleb128 0x2e
 560 0089 00       		.byte	0
 561 008a 3F       		.uleb128 0x3f
 562 008b 19       		.uleb128 0x19
 563 008c 03       		.uleb128 0x3
 564 008d 0E       		.uleb128 0xe
 565 008e 3A       		.uleb128 0x3a
 566 008f 0B       		.uleb128 0xb
 567 0090 3B       		.uleb128 0x3b
 568 0091 0B       		.uleb128 0xb
 569 0092 27       		.uleb128 0x27
 570 0093 19       		.uleb128 0x19
 571 0094 11       		.uleb128 0x11
 572 0095 01       		.uleb128 0x1
 573 0096 12       		.uleb128 0x12
 574 0097 06       		.uleb128 0x6
 575 0098 40       		.uleb128 0x40
 576 0099 18       		.uleb128 0x18
ARM GAS  C:\Users\Helon\AppData\Local\Temp\ccigvFCv.s 			page 13


 577 009a 9742     		.uleb128 0x2117
 578 009c 19       		.uleb128 0x19
 579 009d 00       		.byte	0
 580 009e 00       		.byte	0
 581 009f 0D       		.uleb128 0xd
 582 00a0 34       		.uleb128 0x34
 583 00a1 00       		.byte	0
 584 00a2 03       		.uleb128 0x3
 585 00a3 0E       		.uleb128 0xe
 586 00a4 3A       		.uleb128 0x3a
 587 00a5 0B       		.uleb128 0xb
 588 00a6 3B       		.uleb128 0x3b
 589 00a7 0B       		.uleb128 0xb
 590 00a8 49       		.uleb128 0x49
 591 00a9 13       		.uleb128 0x13
 592 00aa 3F       		.uleb128 0x3f
 593 00ab 19       		.uleb128 0x19
 594 00ac 02       		.uleb128 0x2
 595 00ad 18       		.uleb128 0x18
 596 00ae 00       		.byte	0
 597 00af 00       		.byte	0
 598 00b0 0E       		.uleb128 0xe
 599 00b1 26       		.uleb128 0x26
 600 00b2 00       		.byte	0
 601 00b3 49       		.uleb128 0x49
 602 00b4 13       		.uleb128 0x13
 603 00b5 00       		.byte	0
 604 00b6 00       		.byte	0
 605 00b7 00       		.byte	0
 606              		.section	.debug_aranges,"",%progbits
 607 0000 1C000000 		.4byte	0x1c
 608 0004 0200     		.2byte	0x2
 609 0006 00000000 		.4byte	.Ldebug_info0
 610 000a 04       		.byte	0x4
 611 000b 00       		.byte	0
 612 000c 0000     		.2byte	0
 613 000e 0000     		.2byte	0
 614 0010 00000000 		.4byte	.LFB2
 615 0014 02000000 		.4byte	.LFE2-.LFB2
 616 0018 00000000 		.4byte	0
 617 001c 00000000 		.4byte	0
 618              		.section	.debug_ranges,"",%progbits
 619              	.Ldebug_ranges0:
 620 0000 00000000 		.4byte	.LFB2
 621 0004 02000000 		.4byte	.LFE2
 622 0008 00000000 		.4byte	0
 623 000c 00000000 		.4byte	0
 624              		.section	.debug_line,"",%progbits
 625              	.Ldebug_line0:
 626 0000 94000000 		.section	.debug_str,"MS",%progbits,1
 626      02007B00 
 626      00000201 
 626      FB0E0D00 
 626      01010101 
 627              	.LASF22:
 628 0000 4359424C 		.ascii	"CYBLE_EVT_GAP_PASSKEY_ENTRY_REQUEST\000"
 628      455F4556 
ARM GAS  C:\Users\Helon\AppData\Local\Temp\ccigvFCv.s 			page 14


 628      545F4741 
 628      505F5041 
 628      53534B45 
 629              	.LASF53:
 630 0024 4359424C 		.ascii	"CYBLE_EVT_GATTC_WRITE_RSP\000"
 630      455F4556 
 630      545F4741 
 630      5454435F 
 630      57524954 
 631              	.LASF19:
 632 003e 4359424C 		.ascii	"CYBLE_EVT_MEMORY_REQUEST\000"
 632      455F4556 
 632      545F4D45 
 632      4D4F5259 
 632      5F524551 
 633              	.LASF40:
 634 0057 4359424C 		.ascii	"CYBLE_EVT_GATTC_ERROR_RSP\000"
 634      455F4556 
 634      545F4741 
 634      5454435F 
 634      4552524F 
 635              	.LASF28:
 636 0071 4359424C 		.ascii	"CYBLE_EVT_GAP_DEVICE_DISCONNECTED\000"
 636      455F4556 
 636      545F4741 
 636      505F4445 
 636      56494345 
 637              	.LASF34:
 638 0093 4359424C 		.ascii	"CYBLE_EVT_GAP_KEYPRESS_NOTIFICATION\000"
 638      455F4556 
 638      545F4741 
 638      505F4B45 
 638      59505245 
 639              	.LASF2:
 640 00b7 73686F72 		.ascii	"short int\000"
 640      7420696E 
 640      7400
 641              	.LASF25:
 642 00c1 4359424C 		.ascii	"CYBLE_EVT_GAP_AUTH_FAILED\000"
 642      455F4556 
 642      545F4741 
 642      505F4155 
 642      54485F46 
 643              	.LASF12:
 644 00db 73697A65 		.ascii	"sizetype\000"
 644      74797065 
 644      00
 645              	.LASF36:
 646 00e4 4359424C 		.ascii	"CYBLE_EVT_GAP_DATA_LENGTH_CHANGE\000"
 646      455F4556 
 646      545F4741 
 646      505F4441 
 646      54415F4C 
 647              	.LASF89:
 648 0105 473A5C50 		.ascii	"G:\\Project\\LiYangLiu--HanJiang Meter\\Troughpur_C"
 648      726F6A65 
 648      63745C4C 
ARM GAS  C:\Users\Helon\AppData\Local\Temp\ccigvFCv.s 			page 15


 648      6959616E 
 648      674C6975 
 649 0135 656E7472 		.ascii	"entral_Peripheral\\Troughput_Central_Peripheral.cyd"
 649      616C5F50 
 649      65726970 
 649      68657261 
 649      6C5C5472 
 650 0167 736E00   		.ascii	"sn\000"
 651              	.LASF6:
 652 016a 6C6F6E67 		.ascii	"long long int\000"
 652      206C6F6E 
 652      6720696E 
 652      7400
 653              	.LASF84:
 654 0178 63757374 		.ascii	"customServHandle\000"
 654      6F6D5365 
 654      72764861 
 654      6E646C65 
 654      00
 655              	.LASF17:
 656 0189 4359424C 		.ascii	"CYBLE_EVT_HCI_STATUS\000"
 656      455F4556 
 656      545F4843 
 656      495F5354 
 656      41545553 
 657              	.LASF90:
 658 019e 4379426C 		.ascii	"CyBle_CustomInit\000"
 658      655F4375 
 658      73746F6D 
 658      496E6974 
 658      00
 659              	.LASF14:
 660 01af 4359424C 		.ascii	"CYBLE_EVT_STACK_ON\000"
 660      455F4556 
 660      545F5354 
 660      41434B5F 
 660      4F4E00
 661              	.LASF43:
 662 01c2 4359424C 		.ascii	"CYBLE_EVT_GATTS_XCNHG_MTU_REQ\000"
 662      455F4556 
 662      545F4741 
 662      5454535F 
 662      58434E48 
 663              	.LASF79:
 664 01e0 75696E74 		.ascii	"uint16\000"
 664      313600
 665              	.LASF82:
 666 01e7 63757374 		.ascii	"customServCharDesc\000"
 666      6F6D5365 
 666      72764368 
 666      61724465 
 666      736300
 667              	.LASF51:
 668 01fa 4359424C 		.ascii	"CYBLE_EVT_GATTC_READ_MULTI_RSP\000"
 668      455F4556 
 668      545F4741 
 668      5454435F 
ARM GAS  C:\Users\Helon\AppData\Local\Temp\ccigvFCv.s 			page 16


 668      52454144 
 669              	.LASF60:
 670 0219 4359424C 		.ascii	"CYBLE_EVT_GATTS_HANDLE_VALUE_CNF\000"
 670      455F4556 
 670      545F4741 
 670      5454535F 
 670      48414E44 
 671              	.LASF13:
 672 023a 4359424C 		.ascii	"CYBLE_EVT_HOST_INVALID\000"
 672      455F4556 
 672      545F484F 
 672      53545F49 
 672      4E56414C 
 673              	.LASF68:
 674 0251 4359424C 		.ascii	"CYBLE_EVT_L2CAP_CBFC_CONN_IND\000"
 674      455F4556 
 674      545F4C32 
 674      4341505F 
 674      43424643 
 675              	.LASF71:
 676 026f 4359424C 		.ascii	"CYBLE_EVT_L2CAP_CBFC_DISCONN_CNF\000"
 676      455F4556 
 676      545F4C32 
 676      4341505F 
 676      43424643 
 677              	.LASF88:
 678 0290 2E5C4765 		.ascii	".\\Generated_Source\\PSoC4\\BLE_custom.c\000"
 678      6E657261 
 678      7465645F 
 678      536F7572 
 678      63655C50 
 679              	.LASF9:
 680 02b6 666C6F61 		.ascii	"float\000"
 680      7400
 681              	.LASF49:
 682 02bc 4359424C 		.ascii	"CYBLE_EVT_GATTC_READ_RSP\000"
 682      455F4556 
 682      545F4741 
 682      5454435F 
 682      52454144 
 683              	.LASF33:
 684 02d5 4359424C 		.ascii	"CYBLE_EVT_GAP_NUMERIC_COMPARISON_REQUEST\000"
 684      455F4556 
 684      545F4741 
 684      505F4E55 
 684      4D455249 
 685              	.LASF38:
 686 02fe 4359424C 		.ascii	"CYBLE_EVT_GAPC_DIRECT_ADV_REPORT\000"
 686      455F4556 
 686      545F4741 
 686      50435F44 
 686      49524543 
 687              	.LASF7:
 688 031f 6C6F6E67 		.ascii	"long long unsigned int\000"
 688      206C6F6E 
 688      6720756E 
 688      7369676E 
ARM GAS  C:\Users\Helon\AppData\Local\Temp\ccigvFCv.s 			page 17


 688      65642069 
 689              	.LASF83:
 690 0336 4359424C 		.ascii	"CYBLE_CUSTOMS_INFO_T\000"
 690      455F4355 
 690      53544F4D 
 690      535F494E 
 690      464F5F54 
 691              	.LASF4:
 692 034b 6C6F6E67 		.ascii	"long int\000"
 692      20696E74 
 692      00
 693              	.LASF59:
 694 0354 4359424C 		.ascii	"CYBLE_EVT_GATTC_HANDLE_VALUE_IND\000"
 694      455F4556 
 694      545F4741 
 694      5454435F 
 694      48414E44 
 695              	.LASF27:
 696 0375 4359424C 		.ascii	"CYBLE_EVT_GAP_DEVICE_CONNECTED\000"
 696      455F4556 
 696      545F4741 
 696      505F4445 
 696      56494345 
 697              	.LASF26:
 698 0394 4359424C 		.ascii	"CYBLE_EVT_GAPP_ADVERTISEMENT_START_STOP\000"
 698      455F4556 
 698      545F4741 
 698      50505F41 
 698      44564552 
 699              	.LASF58:
 700 03bc 4359424C 		.ascii	"CYBLE_EVT_GATTC_HANDLE_VALUE_NTF\000"
 700      455F4556 
 700      545F4741 
 700      5454435F 
 700      48414E44 
 701              	.LASF18:
 702 03dd 4359424C 		.ascii	"CYBLE_EVT_STACK_BUSY_STATUS\000"
 702      455F4556 
 702      545F5354 
 702      41434B5F 
 702      42555359 
 703              	.LASF23:
 704 03f9 4359424C 		.ascii	"CYBLE_EVT_GAP_PASSKEY_DISPLAY_REQUEST\000"
 704      455F4556 
 704      545F4741 
 704      505F5041 
 704      53534B45 
 705              	.LASF86:
 706 041f 4359424C 		.ascii	"CYBLE_CUSTOMS_T\000"
 706      455F4355 
 706      53544F4D 
 706      535F5400 
 707              	.LASF69:
 708 042f 4359424C 		.ascii	"CYBLE_EVT_L2CAP_CBFC_CONN_CNF\000"
 708      455F4556 
 708      545F4C32 
 708      4341505F 
ARM GAS  C:\Users\Helon\AppData\Local\Temp\ccigvFCv.s 			page 18


 708      43424643 
 709              	.LASF37:
 710 044d 4359424C 		.ascii	"CYBLE_EVT_GAP_ENHANCE_CONN_COMPLETE\000"
 710      455F4556 
 710      545F4741 
 710      505F454E 
 710      48414E43 
 711              	.LASF65:
 712 0471 4359424C 		.ascii	"CYBLE_EVT_L2CAP_CONN_PARAM_UPDATE_REQ\000"
 712      455F4556 
 712      545F4C32 
 712      4341505F 
 712      434F4E4E 
 713              	.LASF1:
 714 0497 756E7369 		.ascii	"unsigned char\000"
 714      676E6564 
 714      20636861 
 714      7200
 715              	.LASF85:
 716 04a5 63757374 		.ascii	"customServInfo\000"
 716      6F6D5365 
 716      7276496E 
 716      666F00
 717              	.LASF55:
 718 04b4 4359424C 		.ascii	"CYBLE_EVT_GATTS_PREP_WRITE_REQ\000"
 718      455F4556 
 718      545F4741 
 718      5454535F 
 718      50524550 
 719              	.LASF77:
 720 04d3 4359424C 		.ascii	"CYBLE_EVT_LE_PING_AUTH_TIMEOUT\000"
 720      455F4556 
 720      545F4C45 
 720      5F50494E 
 720      475F4155 
 721              	.LASF47:
 722 04f2 4359424C 		.ascii	"CYBLE_EVT_GATTC_FIND_INFO_RSP\000"
 722      455F4556 
 722      545F4741 
 722      5454435F 
 722      46494E44 
 723              	.LASF0:
 724 0510 7369676E 		.ascii	"signed char\000"
 724      65642063 
 724      68617200 
 725              	.LASF52:
 726 051c 4359424C 		.ascii	"CYBLE_EVT_GATTS_WRITE_REQ\000"
 726      455F4556 
 726      545F4741 
 726      5454535F 
 726      57524954 
 727              	.LASF48:
 728 0536 4359424C 		.ascii	"CYBLE_EVT_GATTC_FIND_BY_TYPE_VALUE_RSP\000"
 728      455F4556 
 728      545F4741 
 728      5454435F 
 728      46494E44 
ARM GAS  C:\Users\Helon\AppData\Local\Temp\ccigvFCv.s 			page 19


 729              	.LASF24:
 730 055d 4359424C 		.ascii	"CYBLE_EVT_GAP_AUTH_COMPLETE\000"
 730      455F4556 
 730      545F4741 
 730      505F4155 
 730      54485F43 
 731              	.LASF8:
 732 0579 756E7369 		.ascii	"unsigned int\000"
 732      676E6564 
 732      20696E74 
 732      00
 733              	.LASF41:
 734 0586 4359424C 		.ascii	"CYBLE_EVT_GATT_CONNECT_IND\000"
 734      455F4556 
 734      545F4741 
 734      54545F43 
 734      4F4E4E45 
 735              	.LASF5:
 736 05a1 6C6F6E67 		.ascii	"long unsigned int\000"
 736      20756E73 
 736      69676E65 
 736      6420696E 
 736      7400
 737              	.LASF21:
 738 05b3 4359424C 		.ascii	"CYBLE_EVT_GAP_AUTH_REQ\000"
 738      455F4556 
 738      545F4741 
 738      505F4155 
 738      54485F52 
 739              	.LASF70:
 740 05ca 4359424C 		.ascii	"CYBLE_EVT_L2CAP_CBFC_DISCONN_IND\000"
 740      455F4556 
 740      545F4C32 
 740      4341505F 
 740      43424643 
 741              	.LASF29:
 742 05eb 4359424C 		.ascii	"CYBLE_EVT_GAP_ENCRYPT_CHANGE\000"
 742      455F4556 
 742      545F4741 
 742      505F454E 
 742      43525950 
 743              	.LASF64:
 744 0608 4359424C 		.ascii	"CYBLE_EVT_GATTC_LONG_PROCEDURE_END\000"
 744      455F4556 
 744      545F4741 
 744      5454435F 
 744      4C4F4E47 
 745              	.LASF32:
 746 062b 4359424C 		.ascii	"CYBLE_EVT_GAP_KEYINFO_EXCHNGE_CMPLT\000"
 746      455F4556 
 746      545F4741 
 746      505F4B45 
 746      59494E46 
 747              	.LASF30:
 748 064f 4359424C 		.ascii	"CYBLE_EVT_GAP_CONNECTION_UPDATE_COMPLETE\000"
 748      455F4556 
 748      545F4741 
ARM GAS  C:\Users\Helon\AppData\Local\Temp\ccigvFCv.s 			page 20


 748      505F434F 
 748      4E4E4543 
 749              	.LASF39:
 750 0678 4359424C 		.ascii	"CYBLE_EVT_GAP_SMP_NEGOTIATED_AUTH_INFO\000"
 750      455F4556 
 750      545F4741 
 750      505F534D 
 750      505F4E45 
 751              	.LASF11:
 752 069f 63686172 		.ascii	"char\000"
 752      00
 753              	.LASF67:
 754 06a4 4359424C 		.ascii	"CYBLE_EVT_L2CAP_COMMAND_REJ\000"
 754      455F4556 
 754      545F4C32 
 754      4341505F 
 754      434F4D4D 
 755              	.LASF3:
 756 06c0 73686F72 		.ascii	"short unsigned int\000"
 756      7420756E 
 756      7369676E 
 756      65642069 
 756      6E7400
 757              	.LASF50:
 758 06d3 4359424C 		.ascii	"CYBLE_EVT_GATTC_READ_BLOB_RSP\000"
 758      455F4556 
 758      545F4741 
 758      5454435F 
 758      52454144 
 759              	.LASF57:
 760 06f1 4359424C 		.ascii	"CYBLE_EVT_GATTC_EXEC_WRITE_RSP\000"
 760      455F4556 
 760      545F4741 
 760      5454435F 
 760      45584543 
 761              	.LASF31:
 762 0710 4359424C 		.ascii	"CYBLE_EVT_GAPC_SCAN_START_STOP\000"
 762      455F4556 
 762      545F4741 
 762      50435F53 
 762      43414E5F 
 763              	.LASF76:
 764 072f 4359424C 		.ascii	"CYBLE_EVT_PENDING_FLASH_WRITE\000"
 764      455F4556 
 764      545F5045 
 764      4E44494E 
 764      475F464C 
 765              	.LASF73:
 766 074d 4359424C 		.ascii	"CYBLE_EVT_L2CAP_CBFC_RX_CREDIT_IND\000"
 766      455F4556 
 766      545F4C32 
 766      4341505F 
 766      43424643 
 767              	.LASF10:
 768 0770 646F7562 		.ascii	"double\000"
 768      6C6500
 769              	.LASF74:
ARM GAS  C:\Users\Helon\AppData\Local\Temp\ccigvFCv.s 			page 21


 770 0777 4359424C 		.ascii	"CYBLE_EVT_L2CAP_CBFC_TX_CREDIT_IND\000"
 770      455F4556 
 770      545F4C32 
 770      4341505F 
 770      43424643 
 771              	.LASF81:
 772 079a 63757374 		.ascii	"customServCharHandle\000"
 772      6F6D5365 
 772      72764368 
 772      61724861 
 772      6E646C65 
 773              	.LASF16:
 774 07af 4359424C 		.ascii	"CYBLE_EVT_HARDWARE_ERROR\000"
 774      455F4556 
 774      545F4841 
 774      52445741 
 774      52455F45 
 775              	.LASF72:
 776 07c8 4359424C 		.ascii	"CYBLE_EVT_L2CAP_CBFC_DATA_READ\000"
 776      455F4556 
 776      545F4C32 
 776      4341505F 
 776      43424643 
 777              	.LASF66:
 778 07e7 4359424C 		.ascii	"CYBLE_EVT_L2CAP_CONN_PARAM_UPDATE_RSP\000"
 778      455F4556 
 778      545F4C32 
 778      4341505F 
 778      434F4E4E 
 779              	.LASF20:
 780 080d 4359424C 		.ascii	"CYBLE_EVT_GAPC_SCAN_PROGRESS_RESULT\000"
 780      455F4556 
 780      545F4741 
 780      50435F53 
 780      43414E5F 
 781              	.LASF45:
 782 0831 4359424C 		.ascii	"CYBLE_EVT_GATTC_READ_BY_GROUP_TYPE_RSP\000"
 782      455F4556 
 782      545F4741 
 782      5454435F 
 782      52454144 
 783              	.LASF54:
 784 0858 4359424C 		.ascii	"CYBLE_EVT_GATTS_WRITE_CMD_REQ\000"
 784      455F4556 
 784      545F4741 
 784      5454535F 
 784      57524954 
 785              	.LASF46:
 786 0876 4359424C 		.ascii	"CYBLE_EVT_GATTC_READ_BY_TYPE_RSP\000"
 786      455F4556 
 786      545F4741 
 786      5454435F 
 786      52454144 
 787              	.LASF44:
 788 0897 4359424C 		.ascii	"CYBLE_EVT_GATTC_XCHNG_MTU_RSP\000"
 788      455F4556 
 788      545F4741 
ARM GAS  C:\Users\Helon\AppData\Local\Temp\ccigvFCv.s 			page 22


 788      5454435F 
 788      5843484E 
 789              	.LASF75:
 790 08b5 4359424C 		.ascii	"CYBLE_EVT_L2CAP_CBFC_DATA_WRITE_IND\000"
 790      455F4556 
 790      545F4C32 
 790      4341505F 
 790      43424643 
 791              	.LASF15:
 792 08d9 4359424C 		.ascii	"CYBLE_EVT_TIMEOUT\000"
 792      455F4556 
 792      545F5449 
 792      4D454F55 
 792      5400
 793              	.LASF78:
 794 08eb 4359424C 		.ascii	"CYBLE_EVT_MAX\000"
 794      455F4556 
 794      545F4D41 
 794      5800
 795              	.LASF63:
 796 08f9 4359424C 		.ascii	"CYBLE_EVT_GATTS_READ_CHAR_VAL_ACCESS_REQ\000"
 796      455F4556 
 796      545F4741 
 796      5454535F 
 796      52454144 
 797              	.LASF62:
 798 0922 4359424C 		.ascii	"CYBLE_EVT_GATTC_STOP_CMD_COMPLETE\000"
 798      455F4556 
 798      545F4741 
 798      5454435F 
 798      53544F50 
 799              	.LASF87:
 800 0944 474E5520 		.ascii	"GNU C 4.9.3 20150303 (release) [ARM/embedded-4_9-br"
 800      4320342E 
 800      392E3320 
 800      32303135 
 800      30333033 
 801 0977 616E6368 		.ascii	"anch revision 221220] -mcpu=cortex-m0 -mthumb -g -O"
 801      20726576 
 801      6973696F 
 801      6E203232 
 801      31323230 
 802 09aa 67202D66 		.ascii	"g -ffunction-sections -ffat-lto-objects\000"
 802      66756E63 
 802      74696F6E 
 802      2D736563 
 802      74696F6E 
 803              	.LASF56:
 804 09d2 4359424C 		.ascii	"CYBLE_EVT_GATTS_EXEC_WRITE_REQ\000"
 804      455F4556 
 804      545F4741 
 804      5454535F 
 804      45584543 
 805              	.LASF80:
 806 09f1 4359424C 		.ascii	"CYBLE_GATT_DB_ATTR_HANDLE_T\000"
 806      455F4741 
 806      54545F44 
ARM GAS  C:\Users\Helon\AppData\Local\Temp\ccigvFCv.s 			page 23


 806      425F4154 
 806      54525F48 
 807              	.LASF91:
 808 0a0d 6379426C 		.ascii	"cyBle_customs\000"
 808      655F6375 
 808      73746F6D 
 808      7300
 809              	.LASF61:
 810 0a1b 4359424C 		.ascii	"CYBLE_EVT_GATTS_DATA_SIGNED_CMD_REQ\000"
 810      455F4556 
 810      545F4741 
 810      5454535F 
 810      44415441 
 811              	.LASF42:
 812 0a3f 4359424C 		.ascii	"CYBLE_EVT_GATT_DISCONNECT_IND\000"
 812      455F4556 
 812      545F4741 
 812      54545F44 
 812      4953434F 
 813              	.LASF35:
 814 0a5d 4359424C 		.ascii	"CYBLE_EVT_GAP_OOB_GENERATED_NOTIFICATION\000"
 814      455F4556 
 814      545F4741 
 814      505F4F4F 
 814      425F4745 
 815              		.ident	"GCC: (GNU Tools for ARM Embedded Processors) 4.9.3 20150303 (release) [ARM/embedded-4_9-br
