ARM GAS  C:\Users\Helon\AppData\Local\Temp\ccP3mmFK.s 			page 1


   1              		.cpu cortex-m0
   2              		.fpu softvfp
   3              		.eabi_attribute 20, 1
   4              		.eabi_attribute 21, 1
   5              		.eabi_attribute 23, 3
   6              		.eabi_attribute 24, 1
   7              		.eabi_attribute 25, 1
   8              		.eabi_attribute 26, 1
   9              		.eabi_attribute 30, 1
  10              		.eabi_attribute 34, 0
  11              		.eabi_attribute 18, 4
  12              		.code	16
  13              		.file	"main.c"
  14              		.text
  15              	.Ltext0:
  16              		.cfi_sections	.debug_frame
  17              		.section	.text.main,"ax",%progbits
  18              		.align	2
  19              		.global	main
  20              		.code	16
  21              		.thumb_func
  22              		.type	main, %function
  23              	main:
  24              	.LFB37:
  25              		.file 1 ".\\main.c"
   1:.\main.c      **** /* ========================================
   2:.\main.c      ****  *
   3:.\main.c      ****  * Copyright YOUR COMPANY, THE YEAR
   4:.\main.c      ****  * All Rights Reserved
   5:.\main.c      ****  * UNPUBLISHED, LICENSED SOFTWARE.
   6:.\main.c      ****  *
   7:.\main.c      ****  * CONFIDENTIAL AND PROPRIETARY INFORMATION
   8:.\main.c      ****  * WHICH IS THE PROPERTY OF your company.
   9:.\main.c      ****  *
  10:.\main.c      ****  * ========================================
  11:.\main.c      **** */
  12:.\main.c      **** #include <project.h>
  13:.\main.c      **** #include "BLEApplication.h"
  14:.\main.c      **** #include "BLEClient.h"
  15:.\main.c      **** #include<stdio.h>
  16:.\main.c      **** #include<string.h>
  17:.\main.c      **** #include "WriteUserSFlash.h"
  18:.\main.c      **** /***************************************
  19:.\main.c      **** * Â§ñÈÉ®ÂÖ®Â±ÄÂèòÈáèÂ£∞Êòé
  20:.\main.c      **** ***************************************/
  21:.\main.c      **** //extern uint8_t  StartScan;
  22:.\main.c      **** //extern uint8_t DeviceList[DeviceListCount];
  23:.\main.c      **** //extern AdvDataInfo DeviceInfo;
  24:.\main.c      **** extern uint8_t DeviceCount;
  25:.\main.c      **** extern uint8_t LowPower_EN;
  26:.\main.c      **** //extern char* StringArry[];
  27:.\main.c      **** extern uint8_t rx_isover;
  28:.\main.c      **** extern uint8_t RX_BUFFER[BUFFER_LENGHTH];
  29:.\main.c      **** extern uint8_t Buffer_Length;
  30:.\main.c      **** extern uint8_t charNotificationEnabled;
  31:.\main.c      **** extern uint8_t _10sIsOver;
  32:.\main.c      **** extern CYBLE_GATTC_WRITE_REQ_T writeRequestData;
ARM GAS  C:\Users\Helon\AppData\Local\Temp\ccP3mmFK.s 			page 2


  33:.\main.c      **** extern uint8_t Role;
  34:.\main.c      **** extern uint8_t TroughtTest_Flag;
  35:.\main.c      **** extern uint8_t CommandMode;
  36:.\main.c      **** extern uint8 buffer[20];
  37:.\main.c      **** extern uint16 negotiatedMtu;
  38:.\main.c      **** extern char SetDeviceName[23];
  39:.\main.c      **** extern uint8_t Bond;
  40:.\main.c      **** //extern CYBLE_CONN_HANDLE_T	connHandle;
  41:.\main.c      **** int main()
  42:.\main.c      **** {
  26              		.loc 1 42 0
  27              		.cfi_startproc
  28 0000 08B5     		push	{r3, lr}
  29              		.cfi_def_cfa_offset 8
  30              		.cfi_offset 3, -8
  31              		.cfi_offset 14, -4
  43:.\main.c      ****     CyGlobalIntEnable; /* Enable global interrupts. */
  32              		.loc 1 43 0
  33              	@ 43 ".\main.c" 1
  34 0002 62B6     		CPSIE   i
  35              	@ 0 "" 2
  44:.\main.c      ****     /* Place your initialization/startup code here (e.g. MyInst_Start()) */
  45:.\main.c      **** //    uint8_t test[20]={0};
  46:.\main.c      **** //    uint32 test=12345;
  47:.\main.c      **** //    if(Central==ReadDataFromSFlash())//ÊØèÊ¨°Â§ç‰ΩçÂùáË¶Å‰ªéSFlash‰∏≠ËØªÂèñÊ®°ÂºèÊ†áÂøó‰ΩçÊù•Âà§Ê
  48:.\main.c      **** //    {
  49:.\main.c      **** //        Role=Central;
  50:.\main.c      **** //    }
  51:.\main.c      **** //    else
  52:.\main.c      **** //    {
  53:.\main.c      **** //        Role=Peripheral;
  54:.\main.c      **** //    }
  55:.\main.c      **** //    if(ReadDeviceNameFromSFlash())
  56:.\main.c      **** //    {
  57:.\main.c      **** //        CyBle_GapSetLocalName(SetDeviceName);
  58:.\main.c      **** //    }
  59:.\main.c      ****     SystemInitialization();  
  36              		.loc 1 59 0
  37              		.code	16
  38 0004 FFF7FEFF 		bl	SystemInitialization
  39              	.LVL0:
  40              	.L2:
  60:.\main.c      **** //     printf("+AUTHKEY=%6ld\r\n",test);
  61:.\main.c      ****     for(;;)
  62:.\main.c      ****     {
  63:.\main.c      ****         
  64:.\main.c      ****         /* Place your application code here. */ 
  65:.\main.c      **** //        CyDelay(10);
  66:.\main.c      **** //        if(rx_isover)
  67:.\main.c      **** //        {
  68:.\main.c      **** //            rx_isover=FALSE;
  69:.\main.c      **** //            while(0!=UART_SpiUartGetRxBufferSize())
  70:.\main.c      **** //            {                
  71:.\main.c      **** //                RX_BUFFER[Buffer_Length]=UART_UartGetByte();//ËØªÂèñ‰∏≤Âè£Êé•Êî∂ÁºìÂÜ≤Âå∫ÁöÑÊï∞Êç
  72:.\main.c      **** //                Buffer_Length++;
  73:.\main.c      **** ////                UART_UartPutChar(UART_UartGetByte());
  74:.\main.c      **** //            }
ARM GAS  C:\Users\Helon\AppData\Local\Temp\ccP3mmFK.s 			page 3


  75:.\main.c      **** //            //‰∏≤Âè£Êé•Êî∂ÁöÑÊï∞ÊçÆÈïøÂ∫¶Ê∏ÖÈõ∂,‰ª•‰æø‰∏ã‰∏ÄÊù°ÂëΩ‰ª§ËøáÊù•Êó∂ËøòÊòØÂ≠òÊîæÂú®Êï∞Á
  76:.\main.c      **** //            Buffer_Length=0;
  77:.\main.c      **** //            Parser_UartData((char*)RX_BUFFER);
  78:.\main.c      **** //            memset(RX_BUFFER,0,sizeof(RX_BUFFER));
  79:.\main.c      **** //        }
  80:.\main.c      **** //        if(UART_GetRxInterruptSourceMasked()&UART_INTR_RX_NOT_EMPTY)
  81:.\main.c      **** //        {
  82:.\main.c      **** //            
  83:.\main.c      **** //        }
  84:.\main.c      **** //        Master_Slave_UartHandler(Role);
  85:.\main.c      ****         #ifdef Client
  86:.\main.c      ****             ClentThroughput_Handler();
  41              		.loc 1 86 0 discriminator 1
  42 0008 FFF7FEFF 		bl	ClentThroughput_Handler
  43              	.LVL1:
  87:.\main.c      ****         #endif
  88:.\main.c      ****         
  89:.\main.c      ****         #ifdef Server
  90:.\main.c      ****             ServerThroughput_Handler();
  91:.\main.c      ****         #endif
  92:.\main.c      **** //      ‰øùÂ≠òPeer DeviceÁöÑ‰ø°ÊÅØÂà∞Flash‰∏≠ÔºåÂç≥ÁªëÂÆö‰∏ªÊú∫Á´ØÁöÑ‰ø°ÊÅØÔºåÊñπ‰æø‰∏ãÊ¨°Âø´ÈÄüÈáç
  93:.\main.c      ****         #ifdef RELEASE
  94:.\main.c      ****         if((cyBle_pendingFlashWrite != 0u) &&
  95:.\main.c      ****            ((UART_SpiUartGetTxBufferSize() + UART_GET_TX_FIFO_SR_VALID) == 0u))
  96:.\main.c      ****         {
  97:.\main.c      ****             // Store Bonding informtation to flash             
  98:.\main.c      ****             if ( CyBle_StoreBondingData(0u) == CYBLE_ERROR_OK)
  99:.\main.c      ****             {
 100:.\main.c      ****                 if(Bond==FALSE)
 101:.\main.c      ****                 {
 102:.\main.c      ****                     Bond=TURE;
 103:.\main.c      ****                     printf("+BOND=1\r\n");
 104:.\main.c      ****                 }
 105:.\main.c      ****             }
 106:.\main.c      **** //            else
 107:.\main.c      **** //            {
 108:.\main.c      **** ////                printf ("Bonding data storing pending\r\n");
 109:.\main.c      **** //            }
 110:.\main.c      ****         }
 111:.\main.c      ****         #endif
 112:.\main.c      ****         //‰∏ªÊú∫Â§ÑÁêÜ10sÂÆöÊó∂Âô®,10ÁßíÂÜÖÁªô‰ªéÊú∫ÂèëÈÄÅÁöÑÊï∞ÊçÆÔºåÊµãËØïÈÄè‰º†ÈÄüÁéá‰ΩøÁî®
 113:.\main.c      **** //        if(_10sIsOver)
 114:.\main.c      **** //        {
 115:.\main.c      **** //            _10sIsOver=FALSE;
 116:.\main.c      **** //            memcpy(test,buffer,20);
 117:.\main.c      **** //            writeRequestData.value.val=test;
 118:.\main.c      **** //            writeRequestData.value.len=20;
 119:.\main.c      **** //            writeRequestData.attrHandle=CYBLE_TROUGHPUT_SERVICE_CUSTOM_CHARACTERISTIC_CHAR_HANDLE
 120:.\main.c      **** //            CyBle_GattcWriteWithoutResponse(cyBle_connHandle, &writeRequestData);
 121:.\main.c      **** ////            writeRequestData.value.val[0]=0x00;
 122:.\main.c      **** ////            writeRequestData.attrHandle=CYBLE_TROUGHPUT_SERVICE_SPEEDTEST_CHAR_HANDLE;
 123:.\main.c      **** ////            CyBle_GattcWriteCharacteristicValue(cyBle_connHandle, &writeRequestData);   
 124:.\main.c      **** //            CyBle_ProcessEvents(); 
 125:.\main.c      **** //        }
 126:.\main.c      ****         //        ÊµãËØïÈÄè‰º†ÈÄüÁéáÁî®
 127:.\main.c      **** //        if((TroughtTest_Flag == TURE)&&(Role == Peripheral))
 128:.\main.c      **** //        {
ARM GAS  C:\Users\Helon\AppData\Local\Temp\ccP3mmFK.s 			page 4


 129:.\main.c      **** //            /* Send new data only when the previous data has gone out, 
 130:.\main.c      **** //             * which is indicated by Stack being Free.
 131:.\main.c      **** //             */
 132:.\main.c      **** ////            printf("SendNotification\r\n");
 133:.\main.c      **** //            if(CyBle_GattGetBusStatus() == CYBLE_STACK_STATE_FREE)
 134:.\main.c      **** //            {
 135:.\main.c      **** //                SendNotification(buffer,negotiated Mtu);                
 136:.\main.c      **** //            }
 137:.\main.c      **** //        }
 138:.\main.c      ****         #ifdef Server
 139:.\main.c      ****             if(LowPower_EN)
 140:.\main.c      ****             {
 141:.\main.c      ****                 CyBle_ProcessEvents();            
 142:.\main.c      ****                 LowPowerManagement();
 143:.\main.c      ****             }
 144:.\main.c      ****         #endif        
 145:.\main.c      ****         
 146:.\main.c      **** //        #ifdef LOW_POWER_EN
 147:.\main.c      **** //        /* Call CyBle_ProcessEvents to process all events before going to sleep. */
 148:.\main.c      **** //		CyBle_ProcessEvents();            
 149:.\main.c      **** //        LowPowerManagement();
 150:.\main.c      **** //        #endif    
 151:.\main.c      ****         CyBle_ProcessEvents();
  44              		.loc 1 151 0 discriminator 1
  45 000c FFF7FEFF 		bl	CyBle_ProcessEvents
  46              	.LVL2:
 152:.\main.c      ****     }
  47              		.loc 1 152 0 discriminator 1
  48 0010 FAE7     		b	.L2
  49              		.cfi_endproc
  50              	.LFE37:
  51              		.size	main, .-main
  52 0012 C046     		.text
  53              	.Letext0:
  54              		.file 2 ".\\BLEApplication.h"
  55              		.file 3 "Generated_Source\\PSoC4/BLE_Stack.h"
  56              		.section	.debug_info,"",%progbits
  57              	.Ldebug_info0:
  58 0000 CF000000 		.4byte	0xcf
  59 0004 0400     		.2byte	0x4
  60 0006 00000000 		.4byte	.Ldebug_abbrev0
  61 000a 04       		.byte	0x4
  62 000b 01       		.uleb128 0x1
  63 000c 44010000 		.4byte	.LASF16
  64 0010 01       		.byte	0x1
  65 0011 42000000 		.4byte	.LASF17
  66 0015 B9000000 		.4byte	.LASF18
  67 0019 00000000 		.4byte	.Ldebug_ranges0+0
  68 001d 00000000 		.4byte	0
  69 0021 00000000 		.4byte	.Ldebug_line0
  70 0025 02       		.uleb128 0x2
  71 0026 01       		.byte	0x1
  72 0027 06       		.byte	0x6
  73 0028 38010000 		.4byte	.LASF0
  74 002c 02       		.uleb128 0x2
  75 002d 01       		.byte	0x1
  76 002e 08       		.byte	0x8
ARM GAS  C:\Users\Helon\AppData\Local\Temp\ccP3mmFK.s 			page 5


  77 002f 7F000000 		.4byte	.LASF1
  78 0033 02       		.uleb128 0x2
  79 0034 02       		.byte	0x2
  80 0035 05       		.byte	0x5
  81 0036 AF000000 		.4byte	.LASF2
  82 003a 02       		.uleb128 0x2
  83 003b 02       		.byte	0x2
  84 003c 07       		.byte	0x7
  85 003d 25010000 		.4byte	.LASF3
  86 0041 02       		.uleb128 0x2
  87 0042 04       		.byte	0x4
  88 0043 05       		.byte	0x5
  89 0044 A6000000 		.4byte	.LASF4
  90 0048 02       		.uleb128 0x2
  91 0049 04       		.byte	0x4
  92 004a 07       		.byte	0x7
  93 004b 30000000 		.4byte	.LASF5
  94 004f 02       		.uleb128 0x2
  95 0050 08       		.byte	0x8
  96 0051 05       		.byte	0x5
  97 0052 00000000 		.4byte	.LASF6
  98 0056 02       		.uleb128 0x2
  99 0057 08       		.byte	0x8
 100 0058 07       		.byte	0x7
 101 0059 4B000000 		.4byte	.LASF7
 102 005d 03       		.uleb128 0x3
 103 005e 04       		.byte	0x4
 104 005f 05       		.byte	0x5
 105 0060 696E7400 		.ascii	"int\000"
 106 0064 02       		.uleb128 0x2
 107 0065 04       		.byte	0x4
 108 0066 07       		.byte	0x7
 109 0067 0E000000 		.4byte	.LASF8
 110 006b 02       		.uleb128 0x2
 111 006c 04       		.byte	0x4
 112 006d 04       		.byte	0x4
 113 006e D2010000 		.4byte	.LASF9
 114 0072 02       		.uleb128 0x2
 115 0073 08       		.byte	0x8
 116 0074 04       		.byte	0x4
 117 0075 1E010000 		.4byte	.LASF10
 118 0079 02       		.uleb128 0x2
 119 007a 01       		.byte	0x1
 120 007b 08       		.byte	0x8
 121 007c 7A000000 		.4byte	.LASF11
 122 0080 02       		.uleb128 0x2
 123 0081 04       		.byte	0x4
 124 0082 07       		.byte	0x7
 125 0083 D8010000 		.4byte	.LASF12
 126 0087 04       		.uleb128 0x4
 127 0088 A1000000 		.4byte	.LASF19
 128 008c 01       		.byte	0x1
 129 008d 29       		.byte	0x29
 130 008e 5D000000 		.4byte	0x5d
 131 0092 00000000 		.4byte	.LFB37
 132 0096 12000000 		.4byte	.LFE37-.LFB37
 133 009a 01       		.uleb128 0x1
ARM GAS  C:\Users\Helon\AppData\Local\Temp\ccP3mmFK.s 			page 6


 134 009b 9C       		.byte	0x9c
 135 009c BC000000 		.4byte	0xbc
 136 00a0 05       		.uleb128 0x5
 137 00a1 08000000 		.4byte	.LVL0
 138 00a5 BC000000 		.4byte	0xbc
 139 00a9 05       		.uleb128 0x5
 140 00aa 0C000000 		.4byte	.LVL1
 141 00ae C3000000 		.4byte	0xc3
 142 00b2 05       		.uleb128 0x5
 143 00b3 10000000 		.4byte	.LVL2
 144 00b7 CA000000 		.4byte	0xca
 145 00bb 00       		.byte	0
 146 00bc 06       		.uleb128 0x6
 147 00bd 1B000000 		.4byte	.LASF13
 148 00c1 02       		.byte	0x2
 149 00c2 16       		.byte	0x16
 150 00c3 06       		.uleb128 0x6
 151 00c4 62000000 		.4byte	.LASF14
 152 00c8 02       		.byte	0x2
 153 00c9 25       		.byte	0x25
 154 00ca 07       		.uleb128 0x7
 155 00cb 8D000000 		.4byte	.LASF15
 156 00cf 03       		.byte	0x3
 157 00d0 4C06     		.2byte	0x64c
 158 00d2 00       		.byte	0
 159              		.section	.debug_abbrev,"",%progbits
 160              	.Ldebug_abbrev0:
 161 0000 01       		.uleb128 0x1
 162 0001 11       		.uleb128 0x11
 163 0002 01       		.byte	0x1
 164 0003 25       		.uleb128 0x25
 165 0004 0E       		.uleb128 0xe
 166 0005 13       		.uleb128 0x13
 167 0006 0B       		.uleb128 0xb
 168 0007 03       		.uleb128 0x3
 169 0008 0E       		.uleb128 0xe
 170 0009 1B       		.uleb128 0x1b
 171 000a 0E       		.uleb128 0xe
 172 000b 55       		.uleb128 0x55
 173 000c 17       		.uleb128 0x17
 174 000d 11       		.uleb128 0x11
 175 000e 01       		.uleb128 0x1
 176 000f 10       		.uleb128 0x10
 177 0010 17       		.uleb128 0x17
 178 0011 00       		.byte	0
 179 0012 00       		.byte	0
 180 0013 02       		.uleb128 0x2
 181 0014 24       		.uleb128 0x24
 182 0015 00       		.byte	0
 183 0016 0B       		.uleb128 0xb
 184 0017 0B       		.uleb128 0xb
 185 0018 3E       		.uleb128 0x3e
 186 0019 0B       		.uleb128 0xb
 187 001a 03       		.uleb128 0x3
 188 001b 0E       		.uleb128 0xe
 189 001c 00       		.byte	0
 190 001d 00       		.byte	0
ARM GAS  C:\Users\Helon\AppData\Local\Temp\ccP3mmFK.s 			page 7


 191 001e 03       		.uleb128 0x3
 192 001f 24       		.uleb128 0x24
 193 0020 00       		.byte	0
 194 0021 0B       		.uleb128 0xb
 195 0022 0B       		.uleb128 0xb
 196 0023 3E       		.uleb128 0x3e
 197 0024 0B       		.uleb128 0xb
 198 0025 03       		.uleb128 0x3
 199 0026 08       		.uleb128 0x8
 200 0027 00       		.byte	0
 201 0028 00       		.byte	0
 202 0029 04       		.uleb128 0x4
 203 002a 2E       		.uleb128 0x2e
 204 002b 01       		.byte	0x1
 205 002c 3F       		.uleb128 0x3f
 206 002d 19       		.uleb128 0x19
 207 002e 03       		.uleb128 0x3
 208 002f 0E       		.uleb128 0xe
 209 0030 3A       		.uleb128 0x3a
 210 0031 0B       		.uleb128 0xb
 211 0032 3B       		.uleb128 0x3b
 212 0033 0B       		.uleb128 0xb
 213 0034 49       		.uleb128 0x49
 214 0035 13       		.uleb128 0x13
 215 0036 11       		.uleb128 0x11
 216 0037 01       		.uleb128 0x1
 217 0038 12       		.uleb128 0x12
 218 0039 06       		.uleb128 0x6
 219 003a 40       		.uleb128 0x40
 220 003b 18       		.uleb128 0x18
 221 003c 9742     		.uleb128 0x2117
 222 003e 19       		.uleb128 0x19
 223 003f 01       		.uleb128 0x1
 224 0040 13       		.uleb128 0x13
 225 0041 00       		.byte	0
 226 0042 00       		.byte	0
 227 0043 05       		.uleb128 0x5
 228 0044 898201   		.uleb128 0x4109
 229 0047 00       		.byte	0
 230 0048 11       		.uleb128 0x11
 231 0049 01       		.uleb128 0x1
 232 004a 31       		.uleb128 0x31
 233 004b 13       		.uleb128 0x13
 234 004c 00       		.byte	0
 235 004d 00       		.byte	0
 236 004e 06       		.uleb128 0x6
 237 004f 2E       		.uleb128 0x2e
 238 0050 00       		.byte	0
 239 0051 3F       		.uleb128 0x3f
 240 0052 19       		.uleb128 0x19
 241 0053 03       		.uleb128 0x3
 242 0054 0E       		.uleb128 0xe
 243 0055 3A       		.uleb128 0x3a
 244 0056 0B       		.uleb128 0xb
 245 0057 3B       		.uleb128 0x3b
 246 0058 0B       		.uleb128 0xb
 247 0059 27       		.uleb128 0x27
ARM GAS  C:\Users\Helon\AppData\Local\Temp\ccP3mmFK.s 			page 8


 248 005a 19       		.uleb128 0x19
 249 005b 3C       		.uleb128 0x3c
 250 005c 19       		.uleb128 0x19
 251 005d 00       		.byte	0
 252 005e 00       		.byte	0
 253 005f 07       		.uleb128 0x7
 254 0060 2E       		.uleb128 0x2e
 255 0061 00       		.byte	0
 256 0062 3F       		.uleb128 0x3f
 257 0063 19       		.uleb128 0x19
 258 0064 03       		.uleb128 0x3
 259 0065 0E       		.uleb128 0xe
 260 0066 3A       		.uleb128 0x3a
 261 0067 0B       		.uleb128 0xb
 262 0068 3B       		.uleb128 0x3b
 263 0069 05       		.uleb128 0x5
 264 006a 27       		.uleb128 0x27
 265 006b 19       		.uleb128 0x19
 266 006c 3C       		.uleb128 0x3c
 267 006d 19       		.uleb128 0x19
 268 006e 00       		.byte	0
 269 006f 00       		.byte	0
 270 0070 00       		.byte	0
 271              		.section	.debug_aranges,"",%progbits
 272 0000 1C000000 		.4byte	0x1c
 273 0004 0200     		.2byte	0x2
 274 0006 00000000 		.4byte	.Ldebug_info0
 275 000a 04       		.byte	0x4
 276 000b 00       		.byte	0
 277 000c 0000     		.2byte	0
 278 000e 0000     		.2byte	0
 279 0010 00000000 		.4byte	.LFB37
 280 0014 12000000 		.4byte	.LFE37-.LFB37
 281 0018 00000000 		.4byte	0
 282 001c 00000000 		.4byte	0
 283              		.section	.debug_ranges,"",%progbits
 284              	.Ldebug_ranges0:
 285 0000 00000000 		.4byte	.LFB37
 286 0004 12000000 		.4byte	.LFE37
 287 0008 00000000 		.4byte	0
 288 000c 00000000 		.4byte	0
 289              		.section	.debug_line,"",%progbits
 290              	.Ldebug_line0:
 291 0000 88000000 		.section	.debug_str,"MS",%progbits,1
 291      02005B00 
 291      00000201 
 291      FB0E0D00 
 291      01010101 
 292              	.LASF6:
 293 0000 6C6F6E67 		.ascii	"long long int\000"
 293      206C6F6E 
 293      6720696E 
 293      7400
 294              	.LASF8:
 295 000e 756E7369 		.ascii	"unsigned int\000"
 295      676E6564 
 295      20696E74 
ARM GAS  C:\Users\Helon\AppData\Local\Temp\ccP3mmFK.s 			page 9


 295      00
 296              	.LASF13:
 297 001b 53797374 		.ascii	"SystemInitialization\000"
 297      656D496E 
 297      69746961 
 297      6C697A61 
 297      74696F6E 
 298              	.LASF5:
 299 0030 6C6F6E67 		.ascii	"long unsigned int\000"
 299      20756E73 
 299      69676E65 
 299      6420696E 
 299      7400
 300              	.LASF17:
 301 0042 2E5C6D61 		.ascii	".\\main.c\000"
 301      696E2E63 
 301      00
 302              	.LASF7:
 303 004b 6C6F6E67 		.ascii	"long long unsigned int\000"
 303      206C6F6E 
 303      6720756E 
 303      7369676E 
 303      65642069 
 304              	.LASF14:
 305 0062 436C656E 		.ascii	"ClentThroughput_Handler\000"
 305      74546872 
 305      6F756768 
 305      7075745F 
 305      48616E64 
 306              	.LASF11:
 307 007a 63686172 		.ascii	"char\000"
 307      00
 308              	.LASF1:
 309 007f 756E7369 		.ascii	"unsigned char\000"
 309      676E6564 
 309      20636861 
 309      7200
 310              	.LASF15:
 311 008d 4379426C 		.ascii	"CyBle_ProcessEvents\000"
 311      655F5072 
 311      6F636573 
 311      73457665 
 311      6E747300 
 312              	.LASF19:
 313 00a1 6D61696E 		.ascii	"main\000"
 313      00
 314              	.LASF4:
 315 00a6 6C6F6E67 		.ascii	"long int\000"
 315      20696E74 
 315      00
 316              	.LASF2:
 317 00af 73686F72 		.ascii	"short int\000"
 317      7420696E 
 317      7400
 318              	.LASF18:
 319 00b9 473A5C50 		.ascii	"G:\\Project\\LiYangLiu--HanJiang Meter\\Troughpur_C"
 319      726F6A65 
ARM GAS  C:\Users\Helon\AppData\Local\Temp\ccP3mmFK.s 			page 10


 319      63745C4C 
 319      6959616E 
 319      674C6975 
 320 00e9 656E7472 		.ascii	"entral_Peripheral\\Troughput_Central_Peripheral.cyd"
 320      616C5F50 
 320      65726970 
 320      68657261 
 320      6C5C5472 
 321 011b 736E00   		.ascii	"sn\000"
 322              	.LASF10:
 323 011e 646F7562 		.ascii	"double\000"
 323      6C6500
 324              	.LASF3:
 325 0125 73686F72 		.ascii	"short unsigned int\000"
 325      7420756E 
 325      7369676E 
 325      65642069 
 325      6E7400
 326              	.LASF0:
 327 0138 7369676E 		.ascii	"signed char\000"
 327      65642063 
 327      68617200 
 328              	.LASF16:
 329 0144 474E5520 		.ascii	"GNU C 4.9.3 20150303 (release) [ARM/embedded-4_9-br"
 329      4320342E 
 329      392E3320 
 329      32303135 
 329      30333033 
 330 0177 616E6368 		.ascii	"anch revision 221220] -mcpu=cortex-m0 -mthumb -g -O"
 330      20726576 
 330      6973696F 
 330      6E203232 
 330      31323230 
 331 01aa 67202D66 		.ascii	"g -ffunction-sections -ffat-lto-objects\000"
 331      66756E63 
 331      74696F6E 
 331      2D736563 
 331      74696F6E 
 332              	.LASF9:
 333 01d2 666C6F61 		.ascii	"float\000"
 333      7400
 334              	.LASF12:
 335 01d8 73697A65 		.ascii	"sizetype\000"
 335      74797065 
 335      00
 336              		.ident	"GCC: (GNU Tools for ARM Embedded Processors) 4.9.3 20150303 (release) [ARM/embedded-4_9-br
