ARM GAS  C:\Users\Helon\AppData\Local\Temp\ccampHS2.s 			page 1


   1              		.cpu cortex-m0
   2              		.fpu softvfp
   3              		.eabi_attribute 20, 1
   4              		.eabi_attribute 21, 1
   5              		.eabi_attribute 23, 3
   6              		.eabi_attribute 24, 1
   7              		.eabi_attribute 25, 1
   8              		.eabi_attribute 26, 1
   9              		.eabi_attribute 30, 1
  10              		.eabi_attribute 34, 0
  11              		.eabi_attribute 18, 4
  12              		.code	16
  13              		.file	"UART_SPI_UART.c"
  14              		.text
  15              	.Ltext0:
  16              		.cfi_sections	.debug_frame
  17              		.section	.text.UART_SpiUartReadRxData,"ax",%progbits
  18              		.align	2
  19              		.global	UART_SpiUartReadRxData
  20              		.code	16
  21              		.thumb_func
  22              		.type	UART_SpiUartReadRxData, %function
  23              	UART_SpiUartReadRxData:
  24              	.LFB2:
  25              		.file 1 ".\\Generated_Source\\PSoC4\\UART_SPI_UART.c"
   1:.\Generated_Source\PSoC4/UART_SPI_UART.c **** /*******************************************************************************
   2:.\Generated_Source\PSoC4/UART_SPI_UART.c **** * File Name: UART_SPI_UART.c
   3:.\Generated_Source\PSoC4/UART_SPI_UART.c **** * Version 3.10
   4:.\Generated_Source\PSoC4/UART_SPI_UART.c **** *
   5:.\Generated_Source\PSoC4/UART_SPI_UART.c **** * Description:
   6:.\Generated_Source\PSoC4/UART_SPI_UART.c **** *  This file provides the source code to the API for the SCB Component in
   7:.\Generated_Source\PSoC4/UART_SPI_UART.c **** *  SPI and UART modes.
   8:.\Generated_Source\PSoC4/UART_SPI_UART.c **** *
   9:.\Generated_Source\PSoC4/UART_SPI_UART.c **** * Note:
  10:.\Generated_Source\PSoC4/UART_SPI_UART.c **** *
  11:.\Generated_Source\PSoC4/UART_SPI_UART.c **** *******************************************************************************
  12:.\Generated_Source\PSoC4/UART_SPI_UART.c **** * Copyright 2013-2015, Cypress Semiconductor Corporation.  All rights reserved.
  13:.\Generated_Source\PSoC4/UART_SPI_UART.c **** * You may use this file only in accordance with the license, terms, conditions,
  14:.\Generated_Source\PSoC4/UART_SPI_UART.c **** * disclaimers, and limitations in the end user license agreement accompanying
  15:.\Generated_Source\PSoC4/UART_SPI_UART.c **** * the software package with which this file was provided.
  16:.\Generated_Source\PSoC4/UART_SPI_UART.c **** *******************************************************************************/
  17:.\Generated_Source\PSoC4/UART_SPI_UART.c **** 
  18:.\Generated_Source\PSoC4/UART_SPI_UART.c **** #include "UART_PVT.h"
  19:.\Generated_Source\PSoC4/UART_SPI_UART.c **** #include "UART_SPI_UART_PVT.h"
  20:.\Generated_Source\PSoC4/UART_SPI_UART.c **** 
  21:.\Generated_Source\PSoC4/UART_SPI_UART.c **** /***************************************
  22:.\Generated_Source\PSoC4/UART_SPI_UART.c **** *        SPI/UART Private Vars
  23:.\Generated_Source\PSoC4/UART_SPI_UART.c **** ***************************************/
  24:.\Generated_Source\PSoC4/UART_SPI_UART.c **** 
  25:.\Generated_Source\PSoC4/UART_SPI_UART.c **** #if(UART_INTERNAL_RX_SW_BUFFER_CONST)
  26:.\Generated_Source\PSoC4/UART_SPI_UART.c ****     volatile uint32 UART_rxBufferHead;
  27:.\Generated_Source\PSoC4/UART_SPI_UART.c ****     volatile uint32 UART_rxBufferTail;
  28:.\Generated_Source\PSoC4/UART_SPI_UART.c ****     volatile uint8  UART_rxBufferOverflow;
  29:.\Generated_Source\PSoC4/UART_SPI_UART.c **** #endif /* (UART_INTERNAL_RX_SW_BUFFER_CONST) */
  30:.\Generated_Source\PSoC4/UART_SPI_UART.c **** 
  31:.\Generated_Source\PSoC4/UART_SPI_UART.c **** #if(UART_INTERNAL_TX_SW_BUFFER_CONST)
  32:.\Generated_Source\PSoC4/UART_SPI_UART.c ****     volatile uint32 UART_txBufferHead;
ARM GAS  C:\Users\Helon\AppData\Local\Temp\ccampHS2.s 			page 2


  33:.\Generated_Source\PSoC4/UART_SPI_UART.c ****     volatile uint32 UART_txBufferTail;
  34:.\Generated_Source\PSoC4/UART_SPI_UART.c **** #endif /* (UART_INTERNAL_TX_SW_BUFFER_CONST) */
  35:.\Generated_Source\PSoC4/UART_SPI_UART.c **** 
  36:.\Generated_Source\PSoC4/UART_SPI_UART.c **** #if(UART_INTERNAL_RX_SW_BUFFER)
  37:.\Generated_Source\PSoC4/UART_SPI_UART.c ****     /* Add one element to the buffer to receive full packet. One byte in receive buffer is always e
  38:.\Generated_Source\PSoC4/UART_SPI_UART.c ****     volatile uint8 UART_rxBufferInternal[UART_INTERNAL_RX_BUFFER_SIZE];
  39:.\Generated_Source\PSoC4/UART_SPI_UART.c **** #endif /* (UART_INTERNAL_RX_SW_BUFFER) */
  40:.\Generated_Source\PSoC4/UART_SPI_UART.c **** 
  41:.\Generated_Source\PSoC4/UART_SPI_UART.c **** #if(UART_INTERNAL_TX_SW_BUFFER)
  42:.\Generated_Source\PSoC4/UART_SPI_UART.c ****     volatile uint8 UART_txBufferInternal[UART_TX_BUFFER_SIZE];
  43:.\Generated_Source\PSoC4/UART_SPI_UART.c **** #endif /* (UART_INTERNAL_TX_SW_BUFFER) */
  44:.\Generated_Source\PSoC4/UART_SPI_UART.c **** 
  45:.\Generated_Source\PSoC4/UART_SPI_UART.c **** 
  46:.\Generated_Source\PSoC4/UART_SPI_UART.c **** #if(UART_RX_DIRECTION)
  47:.\Generated_Source\PSoC4/UART_SPI_UART.c ****     /*******************************************************************************
  48:.\Generated_Source\PSoC4/UART_SPI_UART.c ****     * Function Name: UART_SpiUartReadRxData
  49:.\Generated_Source\PSoC4/UART_SPI_UART.c ****     ********************************************************************************
  50:.\Generated_Source\PSoC4/UART_SPI_UART.c ****     *
  51:.\Generated_Source\PSoC4/UART_SPI_UART.c ****     * Summary:
  52:.\Generated_Source\PSoC4/UART_SPI_UART.c ****     *  Retrieves the next data element from the receive buffer.
  53:.\Generated_Source\PSoC4/UART_SPI_UART.c ****     *   - RX software buffer is disabled: Returns data element retrieved from
  54:.\Generated_Source\PSoC4/UART_SPI_UART.c ****     *     RX FIFO. Undefined data will be returned if the RX FIFO is empty.
  55:.\Generated_Source\PSoC4/UART_SPI_UART.c ****     *   - RX software buffer is enabled: Returns data element from the software
  56:.\Generated_Source\PSoC4/UART_SPI_UART.c ****     *     receive buffer. Zero value is returned if the software receive buffer
  57:.\Generated_Source\PSoC4/UART_SPI_UART.c ****     *     is empty.
  58:.\Generated_Source\PSoC4/UART_SPI_UART.c ****     *
  59:.\Generated_Source\PSoC4/UART_SPI_UART.c ****     * Parameters:
  60:.\Generated_Source\PSoC4/UART_SPI_UART.c ****     *  None
  61:.\Generated_Source\PSoC4/UART_SPI_UART.c ****     *
  62:.\Generated_Source\PSoC4/UART_SPI_UART.c ****     * Return:
  63:.\Generated_Source\PSoC4/UART_SPI_UART.c ****     *  Next data element from the receive buffer.
  64:.\Generated_Source\PSoC4/UART_SPI_UART.c ****     *
  65:.\Generated_Source\PSoC4/UART_SPI_UART.c ****     * Global Variables:
  66:.\Generated_Source\PSoC4/UART_SPI_UART.c ****     *  Look into UART_SpiInit for description.
  67:.\Generated_Source\PSoC4/UART_SPI_UART.c ****     *
  68:.\Generated_Source\PSoC4/UART_SPI_UART.c ****     *******************************************************************************/
  69:.\Generated_Source\PSoC4/UART_SPI_UART.c ****     uint32 UART_SpiUartReadRxData(void)
  70:.\Generated_Source\PSoC4/UART_SPI_UART.c ****     {
  26              		.loc 1 70 0
  27              		.cfi_startproc
  28              	.LVL0:
  71:.\Generated_Source\PSoC4/UART_SPI_UART.c ****         uint32 rxData = 0u;
  72:.\Generated_Source\PSoC4/UART_SPI_UART.c **** 
  73:.\Generated_Source\PSoC4/UART_SPI_UART.c ****     #if (UART_INTERNAL_RX_SW_BUFFER_CONST)
  74:.\Generated_Source\PSoC4/UART_SPI_UART.c ****         uint32 locTail;
  75:.\Generated_Source\PSoC4/UART_SPI_UART.c ****     #endif /* (UART_INTERNAL_RX_SW_BUFFER_CONST) */
  76:.\Generated_Source\PSoC4/UART_SPI_UART.c **** 
  77:.\Generated_Source\PSoC4/UART_SPI_UART.c ****         #if (UART_CHECK_RX_SW_BUFFER)
  78:.\Generated_Source\PSoC4/UART_SPI_UART.c ****         {
  79:.\Generated_Source\PSoC4/UART_SPI_UART.c ****             if (UART_rxBufferHead != UART_rxBufferTail)
  29              		.loc 1 79 0
  30 0000 0A4B     		ldr	r3, .L6
  31 0002 1A68     		ldr	r2, [r3]
  32 0004 0A4B     		ldr	r3, .L6+4
  33 0006 1B68     		ldr	r3, [r3]
  34 0008 9A42     		cmp	r2, r3
  35 000a 0CD0     		beq	.L4
ARM GAS  C:\Users\Helon\AppData\Local\Temp\ccampHS2.s 			page 3


  80:.\Generated_Source\PSoC4/UART_SPI_UART.c ****             {
  81:.\Generated_Source\PSoC4/UART_SPI_UART.c ****                 /* There is data in RX software buffer */
  82:.\Generated_Source\PSoC4/UART_SPI_UART.c **** 
  83:.\Generated_Source\PSoC4/UART_SPI_UART.c ****                 /* Calculate index to read from */
  84:.\Generated_Source\PSoC4/UART_SPI_UART.c ****                 locTail = (UART_rxBufferTail + 1u);
  36              		.loc 1 84 0
  37 000c 084B     		ldr	r3, .L6+4
  38 000e 1B68     		ldr	r3, [r3]
  39 0010 0133     		add	r3, r3, #1
  40              	.LVL1:
  85:.\Generated_Source\PSoC4/UART_SPI_UART.c **** 
  86:.\Generated_Source\PSoC4/UART_SPI_UART.c ****                 if (UART_INTERNAL_RX_BUFFER_SIZE == locTail)
  41              		.loc 1 86 0
  42 0012 084A     		ldr	r2, .L6+8
  43 0014 9342     		cmp	r3, r2
  44 0016 00D1     		bne	.L3
  87:.\Generated_Source\PSoC4/UART_SPI_UART.c ****                 {
  88:.\Generated_Source\PSoC4/UART_SPI_UART.c ****                     locTail = 0u;
  45              		.loc 1 88 0
  46 0018 0023     		mov	r3, #0
  47              	.LVL2:
  48              	.L3:
  89:.\Generated_Source\PSoC4/UART_SPI_UART.c ****                 }
  90:.\Generated_Source\PSoC4/UART_SPI_UART.c **** 
  91:.\Generated_Source\PSoC4/UART_SPI_UART.c ****                 /* Get data from RX software buffer */
  92:.\Generated_Source\PSoC4/UART_SPI_UART.c ****                 rxData = UART_GetWordFromRxBuffer(locTail);
  49              		.loc 1 92 0
  50 001a 074A     		ldr	r2, .L6+12
  51 001c D05C     		ldrb	r0, [r2, r3]
  52 001e C0B2     		uxtb	r0, r0
  53              	.LVL3:
  93:.\Generated_Source\PSoC4/UART_SPI_UART.c **** 
  94:.\Generated_Source\PSoC4/UART_SPI_UART.c ****                 /* Change index in the buffer */
  95:.\Generated_Source\PSoC4/UART_SPI_UART.c ****                 UART_rxBufferTail = locTail;
  54              		.loc 1 95 0
  55 0020 034A     		ldr	r2, .L6+4
  56 0022 1360     		str	r3, [r2]
  57 0024 00E0     		b	.L2
  58              	.LVL4:
  59              	.L4:
  71:.\Generated_Source\PSoC4/UART_SPI_UART.c **** 
  60              		.loc 1 71 0
  61 0026 0020     		mov	r0, #0
  62              	.LVL5:
  63              	.L2:
  96:.\Generated_Source\PSoC4/UART_SPI_UART.c **** 
  97:.\Generated_Source\PSoC4/UART_SPI_UART.c ****                 #if (UART_CHECK_UART_RTS_CONTROL_FLOW)
  98:.\Generated_Source\PSoC4/UART_SPI_UART.c ****                 {
  99:.\Generated_Source\PSoC4/UART_SPI_UART.c ****                     /* Check if RX Not Empty is disabled in the interrupt */
 100:.\Generated_Source\PSoC4/UART_SPI_UART.c ****                     if (0u == (UART_INTR_RX_MASK_REG & UART_INTR_RX_NOT_EMPTY))
 101:.\Generated_Source\PSoC4/UART_SPI_UART.c ****                     {
 102:.\Generated_Source\PSoC4/UART_SPI_UART.c ****                         /* Enable RX Not Empty interrupt source to continue
 103:.\Generated_Source\PSoC4/UART_SPI_UART.c ****                         * receiving data into software buffer.
 104:.\Generated_Source\PSoC4/UART_SPI_UART.c ****                         */
 105:.\Generated_Source\PSoC4/UART_SPI_UART.c ****                         UART_INTR_RX_MASK_REG |= UART_INTR_RX_NOT_EMPTY;
 106:.\Generated_Source\PSoC4/UART_SPI_UART.c ****                     }
 107:.\Generated_Source\PSoC4/UART_SPI_UART.c ****                 }
ARM GAS  C:\Users\Helon\AppData\Local\Temp\ccampHS2.s 			page 4


 108:.\Generated_Source\PSoC4/UART_SPI_UART.c ****                 #endif
 109:.\Generated_Source\PSoC4/UART_SPI_UART.c **** 
 110:.\Generated_Source\PSoC4/UART_SPI_UART.c ****             }
 111:.\Generated_Source\PSoC4/UART_SPI_UART.c ****         }
 112:.\Generated_Source\PSoC4/UART_SPI_UART.c ****         #else
 113:.\Generated_Source\PSoC4/UART_SPI_UART.c ****         {
 114:.\Generated_Source\PSoC4/UART_SPI_UART.c ****             /* Read data from RX FIFO */
 115:.\Generated_Source\PSoC4/UART_SPI_UART.c ****             rxData = UART_RX_FIFO_RD_REG;
 116:.\Generated_Source\PSoC4/UART_SPI_UART.c ****         }
 117:.\Generated_Source\PSoC4/UART_SPI_UART.c ****         #endif
 118:.\Generated_Source\PSoC4/UART_SPI_UART.c **** 
 119:.\Generated_Source\PSoC4/UART_SPI_UART.c ****         return (rxData);
 120:.\Generated_Source\PSoC4/UART_SPI_UART.c ****     }
  64              		.loc 1 120 0
  65              		@ sp needed
  66 0028 7047     		bx	lr
  67              	.L7:
  68 002a C046     		.align	2
  69              	.L6:
  70 002c 00000000 		.word	UART_rxBufferHead
  71 0030 00000000 		.word	UART_rxBufferTail
  72 0034 01080000 		.word	2049
  73 0038 00000000 		.word	UART_rxBufferInternal
  74              		.cfi_endproc
  75              	.LFE2:
  76              		.size	UART_SpiUartReadRxData, .-UART_SpiUartReadRxData
  77              		.section	.text.UART_SpiUartGetRxBufferSize,"ax",%progbits
  78              		.align	2
  79              		.global	UART_SpiUartGetRxBufferSize
  80              		.code	16
  81              		.thumb_func
  82              		.type	UART_SpiUartGetRxBufferSize, %function
  83              	UART_SpiUartGetRxBufferSize:
  84              	.LFB3:
 121:.\Generated_Source\PSoC4/UART_SPI_UART.c **** 
 122:.\Generated_Source\PSoC4/UART_SPI_UART.c **** 
 123:.\Generated_Source\PSoC4/UART_SPI_UART.c ****     /*******************************************************************************
 124:.\Generated_Source\PSoC4/UART_SPI_UART.c ****     * Function Name: UART_SpiUartGetRxBufferSize
 125:.\Generated_Source\PSoC4/UART_SPI_UART.c ****     ********************************************************************************
 126:.\Generated_Source\PSoC4/UART_SPI_UART.c ****     *
 127:.\Generated_Source\PSoC4/UART_SPI_UART.c ****     * Summary:
 128:.\Generated_Source\PSoC4/UART_SPI_UART.c ****     *  Returns the number of received data elements in the receive buffer.
 129:.\Generated_Source\PSoC4/UART_SPI_UART.c ****     *   - RX software buffer disabled: returns the number of used entries in
 130:.\Generated_Source\PSoC4/UART_SPI_UART.c ****     *     RX FIFO.
 131:.\Generated_Source\PSoC4/UART_SPI_UART.c ****     *   - RX software buffer enabled: returns the number of elements which were
 132:.\Generated_Source\PSoC4/UART_SPI_UART.c ****     *     placed in the receive buffer. This does not include the hardware RX FIFO.
 133:.\Generated_Source\PSoC4/UART_SPI_UART.c ****     *
 134:.\Generated_Source\PSoC4/UART_SPI_UART.c ****     * Parameters:
 135:.\Generated_Source\PSoC4/UART_SPI_UART.c ****     *  None
 136:.\Generated_Source\PSoC4/UART_SPI_UART.c ****     *
 137:.\Generated_Source\PSoC4/UART_SPI_UART.c ****     * Return:
 138:.\Generated_Source\PSoC4/UART_SPI_UART.c ****     *  Number of received data elements
 139:.\Generated_Source\PSoC4/UART_SPI_UART.c ****     *
 140:.\Generated_Source\PSoC4/UART_SPI_UART.c ****     *******************************************************************************/
 141:.\Generated_Source\PSoC4/UART_SPI_UART.c ****     uint32 UART_SpiUartGetRxBufferSize(void)
 142:.\Generated_Source\PSoC4/UART_SPI_UART.c ****     {
  85              		.loc 1 142 0
ARM GAS  C:\Users\Helon\AppData\Local\Temp\ccampHS2.s 			page 5


  86              		.cfi_startproc
 143:.\Generated_Source\PSoC4/UART_SPI_UART.c ****         uint32 size;
 144:.\Generated_Source\PSoC4/UART_SPI_UART.c ****     #if (UART_INTERNAL_RX_SW_BUFFER_CONST)
 145:.\Generated_Source\PSoC4/UART_SPI_UART.c ****         uint32 locHead;
 146:.\Generated_Source\PSoC4/UART_SPI_UART.c ****     #endif /* (UART_INTERNAL_RX_SW_BUFFER_CONST) */
 147:.\Generated_Source\PSoC4/UART_SPI_UART.c **** 
 148:.\Generated_Source\PSoC4/UART_SPI_UART.c ****         #if (UART_CHECK_RX_SW_BUFFER)
 149:.\Generated_Source\PSoC4/UART_SPI_UART.c ****         {
 150:.\Generated_Source\PSoC4/UART_SPI_UART.c ****             locHead = UART_rxBufferHead;
  87              		.loc 1 150 0
  88 0000 074B     		ldr	r3, .L11
  89 0002 1B68     		ldr	r3, [r3]
  90              	.LVL6:
 151:.\Generated_Source\PSoC4/UART_SPI_UART.c **** 
 152:.\Generated_Source\PSoC4/UART_SPI_UART.c ****             if(locHead >= UART_rxBufferTail)
  91              		.loc 1 152 0
  92 0004 074A     		ldr	r2, .L11+4
  93 0006 1268     		ldr	r2, [r2]
  94 0008 9342     		cmp	r3, r2
  95 000a 03D3     		bcc	.L9
 153:.\Generated_Source\PSoC4/UART_SPI_UART.c ****             {
 154:.\Generated_Source\PSoC4/UART_SPI_UART.c ****                 size = (locHead - UART_rxBufferTail);
  96              		.loc 1 154 0
  97 000c 054A     		ldr	r2, .L11+4
  98 000e 1068     		ldr	r0, [r2]
  99 0010 181A     		sub	r0, r3, r0
 100              	.LVL7:
 101 0012 04E0     		b	.L10
 102              	.LVL8:
 103              	.L9:
 155:.\Generated_Source\PSoC4/UART_SPI_UART.c ****             }
 156:.\Generated_Source\PSoC4/UART_SPI_UART.c ****             else
 157:.\Generated_Source\PSoC4/UART_SPI_UART.c ****             {
 158:.\Generated_Source\PSoC4/UART_SPI_UART.c ****                 size = (locHead + (UART_INTERNAL_RX_BUFFER_SIZE - UART_rxBufferTail));
 104              		.loc 1 158 0
 105 0014 034A     		ldr	r2, .L11+4
 106 0016 1068     		ldr	r0, [r2]
 107 0018 1B1A     		sub	r3, r3, r0
 108              	.LVL9:
 109 001a 034A     		ldr	r2, .L11+8
 110 001c 9818     		add	r0, r3, r2
 111              	.LVL10:
 112              	.L10:
 159:.\Generated_Source\PSoC4/UART_SPI_UART.c ****             }
 160:.\Generated_Source\PSoC4/UART_SPI_UART.c ****         }
 161:.\Generated_Source\PSoC4/UART_SPI_UART.c ****         #else
 162:.\Generated_Source\PSoC4/UART_SPI_UART.c ****         {
 163:.\Generated_Source\PSoC4/UART_SPI_UART.c ****             size = UART_GET_RX_FIFO_ENTRIES;
 164:.\Generated_Source\PSoC4/UART_SPI_UART.c ****         }
 165:.\Generated_Source\PSoC4/UART_SPI_UART.c ****         #endif
 166:.\Generated_Source\PSoC4/UART_SPI_UART.c **** 
 167:.\Generated_Source\PSoC4/UART_SPI_UART.c ****         return (size);
 168:.\Generated_Source\PSoC4/UART_SPI_UART.c ****     }
 113              		.loc 1 168 0
 114              		@ sp needed
 115 001e 7047     		bx	lr
 116              	.L12:
ARM GAS  C:\Users\Helon\AppData\Local\Temp\ccampHS2.s 			page 6


 117              		.align	2
 118              	.L11:
 119 0020 00000000 		.word	UART_rxBufferHead
 120 0024 00000000 		.word	UART_rxBufferTail
 121 0028 01080000 		.word	2049
 122              		.cfi_endproc
 123              	.LFE3:
 124              		.size	UART_SpiUartGetRxBufferSize, .-UART_SpiUartGetRxBufferSize
 125              		.section	.text.UART_SpiUartClearRxBuffer,"ax",%progbits
 126              		.align	2
 127              		.global	UART_SpiUartClearRxBuffer
 128              		.code	16
 129              		.thumb_func
 130              		.type	UART_SpiUartClearRxBuffer, %function
 131              	UART_SpiUartClearRxBuffer:
 132              	.LFB4:
 169:.\Generated_Source\PSoC4/UART_SPI_UART.c **** 
 170:.\Generated_Source\PSoC4/UART_SPI_UART.c **** 
 171:.\Generated_Source\PSoC4/UART_SPI_UART.c ****     /*******************************************************************************
 172:.\Generated_Source\PSoC4/UART_SPI_UART.c ****     * Function Name: UART_SpiUartClearRxBuffer
 173:.\Generated_Source\PSoC4/UART_SPI_UART.c ****     ********************************************************************************
 174:.\Generated_Source\PSoC4/UART_SPI_UART.c ****     *
 175:.\Generated_Source\PSoC4/UART_SPI_UART.c ****     * Summary:
 176:.\Generated_Source\PSoC4/UART_SPI_UART.c ****     *  Clears the receive buffer and RX FIFO.
 177:.\Generated_Source\PSoC4/UART_SPI_UART.c ****     *
 178:.\Generated_Source\PSoC4/UART_SPI_UART.c ****     * Parameters:
 179:.\Generated_Source\PSoC4/UART_SPI_UART.c ****     *  None
 180:.\Generated_Source\PSoC4/UART_SPI_UART.c ****     *
 181:.\Generated_Source\PSoC4/UART_SPI_UART.c ****     * Return:
 182:.\Generated_Source\PSoC4/UART_SPI_UART.c ****     *  None
 183:.\Generated_Source\PSoC4/UART_SPI_UART.c ****     *
 184:.\Generated_Source\PSoC4/UART_SPI_UART.c ****     *******************************************************************************/
 185:.\Generated_Source\PSoC4/UART_SPI_UART.c ****     void UART_SpiUartClearRxBuffer(void)
 186:.\Generated_Source\PSoC4/UART_SPI_UART.c ****     {
 133              		.loc 1 186 0
 134              		.cfi_startproc
 135 0000 08B5     		push	{r3, lr}
 136              		.cfi_def_cfa_offset 8
 137              		.cfi_offset 3, -8
 138              		.cfi_offset 14, -4
 187:.\Generated_Source\PSoC4/UART_SPI_UART.c ****         #if (UART_CHECK_RX_SW_BUFFER)
 188:.\Generated_Source\PSoC4/UART_SPI_UART.c ****         {
 189:.\Generated_Source\PSoC4/UART_SPI_UART.c ****             /* Lock from component interruption */
 190:.\Generated_Source\PSoC4/UART_SPI_UART.c ****             UART_DisableInt();
 139              		.loc 1 190 0
 140 0002 0A20     		mov	r0, #10
 141 0004 FFF7FEFF 		bl	CyIntDisable
 142              	.LVL11:
 191:.\Generated_Source\PSoC4/UART_SPI_UART.c **** 
 192:.\Generated_Source\PSoC4/UART_SPI_UART.c ****             /* Flush RX software buffer */
 193:.\Generated_Source\PSoC4/UART_SPI_UART.c ****             UART_rxBufferHead = UART_rxBufferTail;
 143              		.loc 1 193 0
 144 0008 0B4B     		ldr	r3, .L14
 145 000a 1A68     		ldr	r2, [r3]
 146 000c 0B4B     		ldr	r3, .L14+4
 147 000e 1A60     		str	r2, [r3]
 194:.\Generated_Source\PSoC4/UART_SPI_UART.c ****             UART_rxBufferOverflow = 0u;
ARM GAS  C:\Users\Helon\AppData\Local\Temp\ccampHS2.s 			page 7


 148              		.loc 1 194 0
 149 0010 0022     		mov	r2, #0
 150 0012 0B4B     		ldr	r3, .L14+8
 151 0014 1A70     		strb	r2, [r3]
 195:.\Generated_Source\PSoC4/UART_SPI_UART.c **** 
 196:.\Generated_Source\PSoC4/UART_SPI_UART.c ****             UART_CLEAR_RX_FIFO;
 152              		.loc 1 196 0
 153 0016 0B4B     		ldr	r3, .L14+12
 154 0018 1A68     		ldr	r2, [r3]
 155 001a 8021     		mov	r1, #128
 156 001c 4902     		lsl	r1, r1, #9
 157 001e 0A43     		orr	r2, r1
 158 0020 1A60     		str	r2, [r3]
 159 0022 1968     		ldr	r1, [r3]
 160 0024 084A     		ldr	r2, .L14+16
 161 0026 0A40     		and	r2, r1
 162 0028 1A60     		str	r2, [r3]
 197:.\Generated_Source\PSoC4/UART_SPI_UART.c ****             UART_ClearRxInterruptSource(UART_INTR_RX_ALL);
 163              		.loc 1 197 0
 164 002a 084A     		ldr	r2, .L14+20
 165 002c 084B     		ldr	r3, .L14+24
 166 002e 1A60     		str	r2, [r3]
 198:.\Generated_Source\PSoC4/UART_SPI_UART.c **** 
 199:.\Generated_Source\PSoC4/UART_SPI_UART.c ****             #if (UART_CHECK_UART_RTS_CONTROL_FLOW)
 200:.\Generated_Source\PSoC4/UART_SPI_UART.c ****             {
 201:.\Generated_Source\PSoC4/UART_SPI_UART.c ****                 /* Enable RX Not Empty interrupt source to continue receiving
 202:.\Generated_Source\PSoC4/UART_SPI_UART.c ****                 * data into software buffer.
 203:.\Generated_Source\PSoC4/UART_SPI_UART.c ****                 */
 204:.\Generated_Source\PSoC4/UART_SPI_UART.c ****                 UART_INTR_RX_MASK_REG |= UART_INTR_RX_NOT_EMPTY;
 205:.\Generated_Source\PSoC4/UART_SPI_UART.c ****             }
 206:.\Generated_Source\PSoC4/UART_SPI_UART.c ****             #endif
 207:.\Generated_Source\PSoC4/UART_SPI_UART.c **** 
 208:.\Generated_Source\PSoC4/UART_SPI_UART.c ****             /* Release lock */
 209:.\Generated_Source\PSoC4/UART_SPI_UART.c ****             UART_EnableInt();
 167              		.loc 1 209 0
 168 0030 0A20     		mov	r0, #10
 169 0032 FFF7FEFF 		bl	CyIntEnable
 170              	.LVL12:
 210:.\Generated_Source\PSoC4/UART_SPI_UART.c ****         }
 211:.\Generated_Source\PSoC4/UART_SPI_UART.c ****         #else
 212:.\Generated_Source\PSoC4/UART_SPI_UART.c ****         {
 213:.\Generated_Source\PSoC4/UART_SPI_UART.c ****             UART_CLEAR_RX_FIFO;
 214:.\Generated_Source\PSoC4/UART_SPI_UART.c ****         }
 215:.\Generated_Source\PSoC4/UART_SPI_UART.c ****         #endif
 216:.\Generated_Source\PSoC4/UART_SPI_UART.c ****     }
 171              		.loc 1 216 0
 172              		@ sp needed
 173 0036 08BD     		pop	{r3, pc}
 174              	.L15:
 175              		.align	2
 176              	.L14:
 177 0038 00000000 		.word	UART_rxBufferTail
 178 003c 00000000 		.word	UART_rxBufferHead
 179 0040 00000000 		.word	UART_rxBufferOverflow
 180 0044 04032540 		.word	1076167428
 181 0048 FFFFFEFF 		.word	-65537
 182 004c ED0F0000 		.word	4077
ARM GAS  C:\Users\Helon\AppData\Local\Temp\ccampHS2.s 			page 8


 183 0050 C00F2540 		.word	1076170688
 184              		.cfi_endproc
 185              	.LFE4:
 186              		.size	UART_SpiUartClearRxBuffer, .-UART_SpiUartClearRxBuffer
 187              		.section	.text.UART_SpiUartWriteTxData,"ax",%progbits
 188              		.align	2
 189              		.global	UART_SpiUartWriteTxData
 190              		.code	16
 191              		.thumb_func
 192              		.type	UART_SpiUartWriteTxData, %function
 193              	UART_SpiUartWriteTxData:
 194              	.LFB5:
 217:.\Generated_Source\PSoC4/UART_SPI_UART.c **** 
 218:.\Generated_Source\PSoC4/UART_SPI_UART.c **** #endif /* (UART_RX_DIRECTION) */
 219:.\Generated_Source\PSoC4/UART_SPI_UART.c **** 
 220:.\Generated_Source\PSoC4/UART_SPI_UART.c **** 
 221:.\Generated_Source\PSoC4/UART_SPI_UART.c **** #if(UART_TX_DIRECTION)
 222:.\Generated_Source\PSoC4/UART_SPI_UART.c ****     /*******************************************************************************
 223:.\Generated_Source\PSoC4/UART_SPI_UART.c ****     * Function Name: UART_SpiUartWriteTxData
 224:.\Generated_Source\PSoC4/UART_SPI_UART.c ****     ********************************************************************************
 225:.\Generated_Source\PSoC4/UART_SPI_UART.c ****     *
 226:.\Generated_Source\PSoC4/UART_SPI_UART.c ****     * Summary:
 227:.\Generated_Source\PSoC4/UART_SPI_UART.c ****     *  Places a data entry into the transmit buffer to be sent at the next available
 228:.\Generated_Source\PSoC4/UART_SPI_UART.c ****     *  bus time.
 229:.\Generated_Source\PSoC4/UART_SPI_UART.c ****     *  This function is blocking and waits until there is space available to put the
 230:.\Generated_Source\PSoC4/UART_SPI_UART.c ****     *  requested data in the transmit buffer.
 231:.\Generated_Source\PSoC4/UART_SPI_UART.c ****     *
 232:.\Generated_Source\PSoC4/UART_SPI_UART.c ****     * Parameters:
 233:.\Generated_Source\PSoC4/UART_SPI_UART.c ****     *  txDataByte: the data to be transmitted.
 234:.\Generated_Source\PSoC4/UART_SPI_UART.c ****     *
 235:.\Generated_Source\PSoC4/UART_SPI_UART.c ****     * Return:
 236:.\Generated_Source\PSoC4/UART_SPI_UART.c ****     *  None
 237:.\Generated_Source\PSoC4/UART_SPI_UART.c ****     *
 238:.\Generated_Source\PSoC4/UART_SPI_UART.c ****     *******************************************************************************/
 239:.\Generated_Source\PSoC4/UART_SPI_UART.c ****     void UART_SpiUartWriteTxData(uint32 txData)
 240:.\Generated_Source\PSoC4/UART_SPI_UART.c ****     {
 195              		.loc 1 240 0
 196              		.cfi_startproc
 197              	.LVL13:
 198              	.L17:
 241:.\Generated_Source\PSoC4/UART_SPI_UART.c ****     #if (UART_INTERNAL_TX_SW_BUFFER_CONST)
 242:.\Generated_Source\PSoC4/UART_SPI_UART.c ****         uint32 locHead;
 243:.\Generated_Source\PSoC4/UART_SPI_UART.c ****     #endif /* (UART_INTERNAL_TX_SW_BUFFER_CONST) */
 244:.\Generated_Source\PSoC4/UART_SPI_UART.c **** 
 245:.\Generated_Source\PSoC4/UART_SPI_UART.c ****         #if (UART_CHECK_TX_SW_BUFFER)
 246:.\Generated_Source\PSoC4/UART_SPI_UART.c ****         {
 247:.\Generated_Source\PSoC4/UART_SPI_UART.c ****             /* Put data directly into the TX FIFO */
 248:.\Generated_Source\PSoC4/UART_SPI_UART.c ****             if ((UART_txBufferHead == UART_txBufferTail) &&
 249:.\Generated_Source\PSoC4/UART_SPI_UART.c ****                 (UART_SPI_UART_FIFO_SIZE != UART_GET_TX_FIFO_ENTRIES))
 250:.\Generated_Source\PSoC4/UART_SPI_UART.c ****             {
 251:.\Generated_Source\PSoC4/UART_SPI_UART.c ****                 /* TX software buffer is empty: put data directly in TX FIFO */
 252:.\Generated_Source\PSoC4/UART_SPI_UART.c ****                 UART_TX_FIFO_WR_REG = txData;
 253:.\Generated_Source\PSoC4/UART_SPI_UART.c ****             }
 254:.\Generated_Source\PSoC4/UART_SPI_UART.c ****             /* Put data into TX software buffer */
 255:.\Generated_Source\PSoC4/UART_SPI_UART.c ****             else
 256:.\Generated_Source\PSoC4/UART_SPI_UART.c ****             {
 257:.\Generated_Source\PSoC4/UART_SPI_UART.c ****                 /* Head index to put data */
ARM GAS  C:\Users\Helon\AppData\Local\Temp\ccampHS2.s 			page 9


 258:.\Generated_Source\PSoC4/UART_SPI_UART.c ****                 locHead = (UART_txBufferHead + 1u);
 259:.\Generated_Source\PSoC4/UART_SPI_UART.c **** 
 260:.\Generated_Source\PSoC4/UART_SPI_UART.c ****                 /* Adjust TX software buffer index */
 261:.\Generated_Source\PSoC4/UART_SPI_UART.c ****                 if (UART_TX_BUFFER_SIZE == locHead)
 262:.\Generated_Source\PSoC4/UART_SPI_UART.c ****                 {
 263:.\Generated_Source\PSoC4/UART_SPI_UART.c ****                     locHead = 0u;
 264:.\Generated_Source\PSoC4/UART_SPI_UART.c ****                 }
 265:.\Generated_Source\PSoC4/UART_SPI_UART.c **** 
 266:.\Generated_Source\PSoC4/UART_SPI_UART.c ****                 /* Wait for space in TX software buffer */
 267:.\Generated_Source\PSoC4/UART_SPI_UART.c ****                 while (locHead == UART_txBufferTail)
 268:.\Generated_Source\PSoC4/UART_SPI_UART.c ****                 {
 269:.\Generated_Source\PSoC4/UART_SPI_UART.c ****                 }
 270:.\Generated_Source\PSoC4/UART_SPI_UART.c **** 
 271:.\Generated_Source\PSoC4/UART_SPI_UART.c ****                 /* TX software buffer has at least one room */
 272:.\Generated_Source\PSoC4/UART_SPI_UART.c **** 
 273:.\Generated_Source\PSoC4/UART_SPI_UART.c ****                 /* Clear old status of INTR_TX_NOT_FULL. It sets at the end of transfer when TX FIF
 274:.\Generated_Source\PSoC4/UART_SPI_UART.c ****                 UART_ClearTxInterruptSource(UART_INTR_TX_NOT_FULL);
 275:.\Generated_Source\PSoC4/UART_SPI_UART.c **** 
 276:.\Generated_Source\PSoC4/UART_SPI_UART.c ****                 UART_PutWordInTxBuffer(locHead, txData);
 277:.\Generated_Source\PSoC4/UART_SPI_UART.c **** 
 278:.\Generated_Source\PSoC4/UART_SPI_UART.c ****                 UART_txBufferHead = locHead;
 279:.\Generated_Source\PSoC4/UART_SPI_UART.c **** 
 280:.\Generated_Source\PSoC4/UART_SPI_UART.c ****                 /* Check if TX Not Full is disabled in interrupt */
 281:.\Generated_Source\PSoC4/UART_SPI_UART.c ****                 if (0u == (UART_INTR_TX_MASK_REG & UART_INTR_TX_NOT_FULL))
 282:.\Generated_Source\PSoC4/UART_SPI_UART.c ****                 {
 283:.\Generated_Source\PSoC4/UART_SPI_UART.c ****                     /* Enable TX Not Full interrupt source to transmit from software buffer */
 284:.\Generated_Source\PSoC4/UART_SPI_UART.c ****                     UART_INTR_TX_MASK_REG |= (uint32) UART_INTR_TX_NOT_FULL;
 285:.\Generated_Source\PSoC4/UART_SPI_UART.c ****                 }
 286:.\Generated_Source\PSoC4/UART_SPI_UART.c ****             }
 287:.\Generated_Source\PSoC4/UART_SPI_UART.c ****         }
 288:.\Generated_Source\PSoC4/UART_SPI_UART.c ****         #else
 289:.\Generated_Source\PSoC4/UART_SPI_UART.c ****         {
 290:.\Generated_Source\PSoC4/UART_SPI_UART.c ****             /* Wait until TX FIFO has space to put data element */
 291:.\Generated_Source\PSoC4/UART_SPI_UART.c ****             while (UART_SPI_UART_FIFO_SIZE == UART_GET_TX_FIFO_ENTRIES)
 199              		.loc 1 291 0 discriminator 1
 200 0000 044B     		ldr	r3, .L18
 201 0002 1B68     		ldr	r3, [r3]
 202 0004 1F22     		mov	r2, #31
 203 0006 1340     		and	r3, r2
 204 0008 082B     		cmp	r3, #8
 205 000a F9D0     		beq	.L17
 292:.\Generated_Source\PSoC4/UART_SPI_UART.c ****             {
 293:.\Generated_Source\PSoC4/UART_SPI_UART.c ****             }
 294:.\Generated_Source\PSoC4/UART_SPI_UART.c **** 
 295:.\Generated_Source\PSoC4/UART_SPI_UART.c ****             UART_TX_FIFO_WR_REG = txData;
 206              		.loc 1 295 0
 207 000c 024B     		ldr	r3, .L18+4
 208 000e 1860     		str	r0, [r3]
 296:.\Generated_Source\PSoC4/UART_SPI_UART.c ****         }
 297:.\Generated_Source\PSoC4/UART_SPI_UART.c ****         #endif
 298:.\Generated_Source\PSoC4/UART_SPI_UART.c ****     }
 209              		.loc 1 298 0
 210              		@ sp needed
 211 0010 7047     		bx	lr
 212              	.L19:
 213 0012 C046     		.align	2
 214              	.L18:
ARM GAS  C:\Users\Helon\AppData\Local\Temp\ccampHS2.s 			page 10


 215 0014 08022540 		.word	1076167176
 216 0018 40022540 		.word	1076167232
 217              		.cfi_endproc
 218              	.LFE5:
 219              		.size	UART_SpiUartWriteTxData, .-UART_SpiUartWriteTxData
 220              		.section	.text.UART_SpiUartPutArray,"ax",%progbits
 221              		.align	2
 222              		.global	UART_SpiUartPutArray
 223              		.code	16
 224              		.thumb_func
 225              		.type	UART_SpiUartPutArray, %function
 226              	UART_SpiUartPutArray:
 227              	.LFB6:
 299:.\Generated_Source\PSoC4/UART_SPI_UART.c **** 
 300:.\Generated_Source\PSoC4/UART_SPI_UART.c **** 
 301:.\Generated_Source\PSoC4/UART_SPI_UART.c ****     /*******************************************************************************
 302:.\Generated_Source\PSoC4/UART_SPI_UART.c ****     * Function Name: UART_SpiUartPutArray
 303:.\Generated_Source\PSoC4/UART_SPI_UART.c ****     ********************************************************************************
 304:.\Generated_Source\PSoC4/UART_SPI_UART.c ****     *
 305:.\Generated_Source\PSoC4/UART_SPI_UART.c ****     * Summary:
 306:.\Generated_Source\PSoC4/UART_SPI_UART.c ****     *  Places an array of data into the transmit buffer to be sent.
 307:.\Generated_Source\PSoC4/UART_SPI_UART.c ****     *  This function is blocking and waits until there is a space available to put
 308:.\Generated_Source\PSoC4/UART_SPI_UART.c ****     *  all the requested data in the transmit buffer. The array size can be greater
 309:.\Generated_Source\PSoC4/UART_SPI_UART.c ****     *  than transmit buffer size.
 310:.\Generated_Source\PSoC4/UART_SPI_UART.c ****     *
 311:.\Generated_Source\PSoC4/UART_SPI_UART.c ****     * Parameters:
 312:.\Generated_Source\PSoC4/UART_SPI_UART.c ****     *  wrBuf:  pointer to an array with data to be placed in transmit buffer.
 313:.\Generated_Source\PSoC4/UART_SPI_UART.c ****     *  count:  number of data elements to be placed in the transmit buffer.
 314:.\Generated_Source\PSoC4/UART_SPI_UART.c ****     *
 315:.\Generated_Source\PSoC4/UART_SPI_UART.c ****     * Return:
 316:.\Generated_Source\PSoC4/UART_SPI_UART.c ****     *  None
 317:.\Generated_Source\PSoC4/UART_SPI_UART.c ****     *
 318:.\Generated_Source\PSoC4/UART_SPI_UART.c ****     *******************************************************************************/
 319:.\Generated_Source\PSoC4/UART_SPI_UART.c ****     void UART_SpiUartPutArray(const uint8 wrBuf[], uint32 count)
 320:.\Generated_Source\PSoC4/UART_SPI_UART.c ****     {
 228              		.loc 1 320 0
 229              		.cfi_startproc
 230              	.LVL14:
 231 0000 70B5     		push	{r4, r5, r6, lr}
 232              		.cfi_def_cfa_offset 16
 233              		.cfi_offset 4, -16
 234              		.cfi_offset 5, -12
 235              		.cfi_offset 6, -8
 236              		.cfi_offset 14, -4
 237 0002 061C     		mov	r6, r0
 238 0004 0D1C     		mov	r5, r1
 239              	.LVL15:
 321:.\Generated_Source\PSoC4/UART_SPI_UART.c ****         uint32 i;
 322:.\Generated_Source\PSoC4/UART_SPI_UART.c **** 
 323:.\Generated_Source\PSoC4/UART_SPI_UART.c ****         for (i=0u; i < count; i++)
 240              		.loc 1 323 0
 241 0006 0024     		mov	r4, #0
 242 0008 03E0     		b	.L21
 243              	.LVL16:
 244              	.L22:
 324:.\Generated_Source\PSoC4/UART_SPI_UART.c ****         {
 325:.\Generated_Source\PSoC4/UART_SPI_UART.c ****             UART_SpiUartWriteTxData((uint32) wrBuf[i]);
ARM GAS  C:\Users\Helon\AppData\Local\Temp\ccampHS2.s 			page 11


 245              		.loc 1 325 0 discriminator 3
 246 000a 305D     		ldrb	r0, [r6, r4]
 247 000c FFF7FEFF 		bl	UART_SpiUartWriteTxData
 248              	.LVL17:
 323:.\Generated_Source\PSoC4/UART_SPI_UART.c ****         {
 249              		.loc 1 323 0 discriminator 3
 250 0010 0134     		add	r4, r4, #1
 251              	.LVL18:
 252              	.L21:
 323:.\Generated_Source\PSoC4/UART_SPI_UART.c ****         {
 253              		.loc 1 323 0 is_stmt 0 discriminator 1
 254 0012 AC42     		cmp	r4, r5
 255 0014 F9D3     		bcc	.L22
 326:.\Generated_Source\PSoC4/UART_SPI_UART.c ****         }
 327:.\Generated_Source\PSoC4/UART_SPI_UART.c ****     }
 256              		.loc 1 327 0 is_stmt 1
 257              		@ sp needed
 258              	.LVL19:
 259              	.LVL20:
 260              	.LVL21:
 261 0016 70BD     		pop	{r4, r5, r6, pc}
 262              		.cfi_endproc
 263              	.LFE6:
 264              		.size	UART_SpiUartPutArray, .-UART_SpiUartPutArray
 265              		.section	.text.UART_SpiUartGetTxBufferSize,"ax",%progbits
 266              		.align	2
 267              		.global	UART_SpiUartGetTxBufferSize
 268              		.code	16
 269              		.thumb_func
 270              		.type	UART_SpiUartGetTxBufferSize, %function
 271              	UART_SpiUartGetTxBufferSize:
 272              	.LFB7:
 328:.\Generated_Source\PSoC4/UART_SPI_UART.c **** 
 329:.\Generated_Source\PSoC4/UART_SPI_UART.c **** 
 330:.\Generated_Source\PSoC4/UART_SPI_UART.c ****     /*******************************************************************************
 331:.\Generated_Source\PSoC4/UART_SPI_UART.c ****     * Function Name: UART_SpiUartGetTxBufferSize
 332:.\Generated_Source\PSoC4/UART_SPI_UART.c ****     ********************************************************************************
 333:.\Generated_Source\PSoC4/UART_SPI_UART.c ****     *
 334:.\Generated_Source\PSoC4/UART_SPI_UART.c ****     * Summary:
 335:.\Generated_Source\PSoC4/UART_SPI_UART.c ****     * Returns the number of elements currently in the transmit buffer.
 336:.\Generated_Source\PSoC4/UART_SPI_UART.c ****     *  - TX software buffer is disabled: returns the number of used entries in
 337:.\Generated_Source\PSoC4/UART_SPI_UART.c ****     *    TX FIFO.
 338:.\Generated_Source\PSoC4/UART_SPI_UART.c ****     *  - TX software buffer is enabled: returns the number of elements currently
 339:.\Generated_Source\PSoC4/UART_SPI_UART.c ****     *    used in the transmit buffer. This number does not include used entries in
 340:.\Generated_Source\PSoC4/UART_SPI_UART.c ****     *    the TX FIFO. The transmit buffer size is zero until the TX FIFO is
 341:.\Generated_Source\PSoC4/UART_SPI_UART.c ****     *    not full.
 342:.\Generated_Source\PSoC4/UART_SPI_UART.c ****     *
 343:.\Generated_Source\PSoC4/UART_SPI_UART.c ****     * Parameters:
 344:.\Generated_Source\PSoC4/UART_SPI_UART.c ****     *  None
 345:.\Generated_Source\PSoC4/UART_SPI_UART.c ****     *
 346:.\Generated_Source\PSoC4/UART_SPI_UART.c ****     * Return:
 347:.\Generated_Source\PSoC4/UART_SPI_UART.c ****     *  Number of data elements ready to transmit.
 348:.\Generated_Source\PSoC4/UART_SPI_UART.c ****     *
 349:.\Generated_Source\PSoC4/UART_SPI_UART.c ****     *******************************************************************************/
 350:.\Generated_Source\PSoC4/UART_SPI_UART.c ****     uint32 UART_SpiUartGetTxBufferSize(void)
 351:.\Generated_Source\PSoC4/UART_SPI_UART.c ****     {
 273              		.loc 1 351 0
ARM GAS  C:\Users\Helon\AppData\Local\Temp\ccampHS2.s 			page 12


 274              		.cfi_startproc
 352:.\Generated_Source\PSoC4/UART_SPI_UART.c ****         uint32 size;
 353:.\Generated_Source\PSoC4/UART_SPI_UART.c ****     #if (UART_INTERNAL_TX_SW_BUFFER_CONST)
 354:.\Generated_Source\PSoC4/UART_SPI_UART.c ****         uint32 locTail;
 355:.\Generated_Source\PSoC4/UART_SPI_UART.c ****     #endif /* (UART_INTERNAL_TX_SW_BUFFER_CONST) */
 356:.\Generated_Source\PSoC4/UART_SPI_UART.c **** 
 357:.\Generated_Source\PSoC4/UART_SPI_UART.c ****         #if (UART_CHECK_TX_SW_BUFFER)
 358:.\Generated_Source\PSoC4/UART_SPI_UART.c ****         {
 359:.\Generated_Source\PSoC4/UART_SPI_UART.c ****             /* Get current Tail index */
 360:.\Generated_Source\PSoC4/UART_SPI_UART.c ****             locTail = UART_txBufferTail;
 361:.\Generated_Source\PSoC4/UART_SPI_UART.c **** 
 362:.\Generated_Source\PSoC4/UART_SPI_UART.c ****             if (UART_txBufferHead >= locTail)
 363:.\Generated_Source\PSoC4/UART_SPI_UART.c ****             {
 364:.\Generated_Source\PSoC4/UART_SPI_UART.c ****                 size = (UART_txBufferHead - locTail);
 365:.\Generated_Source\PSoC4/UART_SPI_UART.c ****             }
 366:.\Generated_Source\PSoC4/UART_SPI_UART.c ****             else
 367:.\Generated_Source\PSoC4/UART_SPI_UART.c ****             {
 368:.\Generated_Source\PSoC4/UART_SPI_UART.c ****                 size = (UART_txBufferHead + (UART_TX_BUFFER_SIZE - locTail));
 369:.\Generated_Source\PSoC4/UART_SPI_UART.c ****             }
 370:.\Generated_Source\PSoC4/UART_SPI_UART.c ****         }
 371:.\Generated_Source\PSoC4/UART_SPI_UART.c ****         #else
 372:.\Generated_Source\PSoC4/UART_SPI_UART.c ****         {
 373:.\Generated_Source\PSoC4/UART_SPI_UART.c ****             size = UART_GET_TX_FIFO_ENTRIES;
 275              		.loc 1 373 0
 276 0000 024B     		ldr	r3, .L24
 277 0002 1B68     		ldr	r3, [r3]
 278 0004 1F20     		mov	r0, #31
 279 0006 1840     		and	r0, r3
 280              	.LVL22:
 374:.\Generated_Source\PSoC4/UART_SPI_UART.c ****         }
 375:.\Generated_Source\PSoC4/UART_SPI_UART.c ****         #endif
 376:.\Generated_Source\PSoC4/UART_SPI_UART.c **** 
 377:.\Generated_Source\PSoC4/UART_SPI_UART.c ****         return (size);
 378:.\Generated_Source\PSoC4/UART_SPI_UART.c ****     }
 281              		.loc 1 378 0
 282              		@ sp needed
 283 0008 7047     		bx	lr
 284              	.L25:
 285 000a C046     		.align	2
 286              	.L24:
 287 000c 08022540 		.word	1076167176
 288              		.cfi_endproc
 289              	.LFE7:
 290              		.size	UART_SpiUartGetTxBufferSize, .-UART_SpiUartGetTxBufferSize
 291              		.section	.text.UART_SpiUartClearTxBuffer,"ax",%progbits
 292              		.align	2
 293              		.global	UART_SpiUartClearTxBuffer
 294              		.code	16
 295              		.thumb_func
 296              		.type	UART_SpiUartClearTxBuffer, %function
 297              	UART_SpiUartClearTxBuffer:
 298              	.LFB8:
 379:.\Generated_Source\PSoC4/UART_SPI_UART.c **** 
 380:.\Generated_Source\PSoC4/UART_SPI_UART.c **** 
 381:.\Generated_Source\PSoC4/UART_SPI_UART.c ****     /*******************************************************************************
 382:.\Generated_Source\PSoC4/UART_SPI_UART.c ****     * Function Name: UART_SpiUartClearTxBuffer
 383:.\Generated_Source\PSoC4/UART_SPI_UART.c ****     ********************************************************************************
ARM GAS  C:\Users\Helon\AppData\Local\Temp\ccampHS2.s 			page 13


 384:.\Generated_Source\PSoC4/UART_SPI_UART.c ****     *
 385:.\Generated_Source\PSoC4/UART_SPI_UART.c ****     * Summary:
 386:.\Generated_Source\PSoC4/UART_SPI_UART.c ****     *  Clears the transmit buffer and TX FIFO.
 387:.\Generated_Source\PSoC4/UART_SPI_UART.c ****     *
 388:.\Generated_Source\PSoC4/UART_SPI_UART.c ****     * Parameters:
 389:.\Generated_Source\PSoC4/UART_SPI_UART.c ****     *  None
 390:.\Generated_Source\PSoC4/UART_SPI_UART.c ****     *
 391:.\Generated_Source\PSoC4/UART_SPI_UART.c ****     * Return:
 392:.\Generated_Source\PSoC4/UART_SPI_UART.c ****     *  None
 393:.\Generated_Source\PSoC4/UART_SPI_UART.c ****     *
 394:.\Generated_Source\PSoC4/UART_SPI_UART.c ****     *******************************************************************************/
 395:.\Generated_Source\PSoC4/UART_SPI_UART.c ****     void UART_SpiUartClearTxBuffer(void)
 396:.\Generated_Source\PSoC4/UART_SPI_UART.c ****     {
 299              		.loc 1 396 0
 300              		.cfi_startproc
 397:.\Generated_Source\PSoC4/UART_SPI_UART.c ****         #if (UART_CHECK_TX_SW_BUFFER)
 398:.\Generated_Source\PSoC4/UART_SPI_UART.c ****         {
 399:.\Generated_Source\PSoC4/UART_SPI_UART.c ****             /* Lock from component interruption */
 400:.\Generated_Source\PSoC4/UART_SPI_UART.c ****             UART_DisableInt();
 401:.\Generated_Source\PSoC4/UART_SPI_UART.c **** 
 402:.\Generated_Source\PSoC4/UART_SPI_UART.c ****             /* Flush TX software buffer */
 403:.\Generated_Source\PSoC4/UART_SPI_UART.c ****             UART_txBufferHead = UART_txBufferTail;
 404:.\Generated_Source\PSoC4/UART_SPI_UART.c **** 
 405:.\Generated_Source\PSoC4/UART_SPI_UART.c ****             UART_INTR_TX_MASK_REG &= (uint32) ~UART_INTR_TX_NOT_FULL;
 406:.\Generated_Source\PSoC4/UART_SPI_UART.c ****             UART_CLEAR_TX_FIFO;
 407:.\Generated_Source\PSoC4/UART_SPI_UART.c ****             UART_ClearTxInterruptSource(UART_INTR_TX_ALL);
 408:.\Generated_Source\PSoC4/UART_SPI_UART.c **** 
 409:.\Generated_Source\PSoC4/UART_SPI_UART.c ****             /* Release lock */
 410:.\Generated_Source\PSoC4/UART_SPI_UART.c ****             UART_EnableInt();
 411:.\Generated_Source\PSoC4/UART_SPI_UART.c ****         }
 412:.\Generated_Source\PSoC4/UART_SPI_UART.c ****         #else
 413:.\Generated_Source\PSoC4/UART_SPI_UART.c ****         {
 414:.\Generated_Source\PSoC4/UART_SPI_UART.c ****             UART_CLEAR_TX_FIFO;
 301              		.loc 1 414 0
 302 0000 054B     		ldr	r3, .L27
 303 0002 1A68     		ldr	r2, [r3]
 304 0004 8021     		mov	r1, #128
 305 0006 4902     		lsl	r1, r1, #9
 306 0008 0A43     		orr	r2, r1
 307 000a 1A60     		str	r2, [r3]
 308 000c 1968     		ldr	r1, [r3]
 309 000e 034A     		ldr	r2, .L27+4
 310 0010 0A40     		and	r2, r1
 311 0012 1A60     		str	r2, [r3]
 415:.\Generated_Source\PSoC4/UART_SPI_UART.c ****         }
 416:.\Generated_Source\PSoC4/UART_SPI_UART.c ****         #endif
 417:.\Generated_Source\PSoC4/UART_SPI_UART.c ****     }
 312              		.loc 1 417 0
 313              		@ sp needed
 314 0014 7047     		bx	lr
 315              	.L28:
 316 0016 C046     		.align	2
 317              	.L27:
 318 0018 04022540 		.word	1076167172
 319 001c FFFFFEFF 		.word	-65537
 320              		.cfi_endproc
 321              	.LFE8:
ARM GAS  C:\Users\Helon\AppData\Local\Temp\ccampHS2.s 			page 14


 322              		.size	UART_SpiUartClearTxBuffer, .-UART_SpiUartClearTxBuffer
 323              		.section	.text.UART_SpiUartDisableIntRx,"ax",%progbits
 324              		.align	2
 325              		.global	UART_SpiUartDisableIntRx
 326              		.code	16
 327              		.thumb_func
 328              		.type	UART_SpiUartDisableIntRx, %function
 329              	UART_SpiUartDisableIntRx:
 330              	.LFB9:
 418:.\Generated_Source\PSoC4/UART_SPI_UART.c **** 
 419:.\Generated_Source\PSoC4/UART_SPI_UART.c **** #endif /* (UART_TX_DIRECTION) */
 420:.\Generated_Source\PSoC4/UART_SPI_UART.c **** 
 421:.\Generated_Source\PSoC4/UART_SPI_UART.c **** 
 422:.\Generated_Source\PSoC4/UART_SPI_UART.c **** /*******************************************************************************
 423:.\Generated_Source\PSoC4/UART_SPI_UART.c **** * Function Name: UART_SpiUartDisableIntRx
 424:.\Generated_Source\PSoC4/UART_SPI_UART.c **** ********************************************************************************
 425:.\Generated_Source\PSoC4/UART_SPI_UART.c **** *
 426:.\Generated_Source\PSoC4/UART_SPI_UART.c **** * Summary:
 427:.\Generated_Source\PSoC4/UART_SPI_UART.c **** *  Disables the RX interrupt sources.
 428:.\Generated_Source\PSoC4/UART_SPI_UART.c **** *
 429:.\Generated_Source\PSoC4/UART_SPI_UART.c **** * Parameters:
 430:.\Generated_Source\PSoC4/UART_SPI_UART.c **** *  None
 431:.\Generated_Source\PSoC4/UART_SPI_UART.c **** *
 432:.\Generated_Source\PSoC4/UART_SPI_UART.c **** * Return:
 433:.\Generated_Source\PSoC4/UART_SPI_UART.c **** *  Returns the RX interrupt sources enabled before the function call.
 434:.\Generated_Source\PSoC4/UART_SPI_UART.c **** *
 435:.\Generated_Source\PSoC4/UART_SPI_UART.c **** *******************************************************************************/
 436:.\Generated_Source\PSoC4/UART_SPI_UART.c **** uint32 UART_SpiUartDisableIntRx(void)
 437:.\Generated_Source\PSoC4/UART_SPI_UART.c **** {
 331              		.loc 1 437 0
 332              		.cfi_startproc
 438:.\Generated_Source\PSoC4/UART_SPI_UART.c ****     uint32 intSource;
 439:.\Generated_Source\PSoC4/UART_SPI_UART.c **** 
 440:.\Generated_Source\PSoC4/UART_SPI_UART.c ****     intSource = UART_GetRxInterruptMode();
 333              		.loc 1 440 0
 334 0000 024B     		ldr	r3, .L30
 335 0002 1868     		ldr	r0, [r3]
 336              	.LVL23:
 441:.\Generated_Source\PSoC4/UART_SPI_UART.c **** 
 442:.\Generated_Source\PSoC4/UART_SPI_UART.c ****     UART_SetRxInterruptMode(UART_NO_INTR_SOURCES);
 337              		.loc 1 442 0
 338 0004 0022     		mov	r2, #0
 339 0006 1A60     		str	r2, [r3]
 443:.\Generated_Source\PSoC4/UART_SPI_UART.c **** 
 444:.\Generated_Source\PSoC4/UART_SPI_UART.c ****     return (intSource);
 445:.\Generated_Source\PSoC4/UART_SPI_UART.c **** }
 340              		.loc 1 445 0
 341              		@ sp needed
 342 0008 7047     		bx	lr
 343              	.L31:
 344 000a C046     		.align	2
 345              	.L30:
 346 000c C80F2540 		.word	1076170696
 347              		.cfi_endproc
 348              	.LFE9:
 349              		.size	UART_SpiUartDisableIntRx, .-UART_SpiUartDisableIntRx
 350              		.section	.text.UART_SpiUartDisableIntTx,"ax",%progbits
ARM GAS  C:\Users\Helon\AppData\Local\Temp\ccampHS2.s 			page 15


 351              		.align	2
 352              		.global	UART_SpiUartDisableIntTx
 353              		.code	16
 354              		.thumb_func
 355              		.type	UART_SpiUartDisableIntTx, %function
 356              	UART_SpiUartDisableIntTx:
 357              	.LFB10:
 446:.\Generated_Source\PSoC4/UART_SPI_UART.c **** 
 447:.\Generated_Source\PSoC4/UART_SPI_UART.c **** 
 448:.\Generated_Source\PSoC4/UART_SPI_UART.c **** /*******************************************************************************
 449:.\Generated_Source\PSoC4/UART_SPI_UART.c **** * Function Name: UART_SpiUartDisableIntTx
 450:.\Generated_Source\PSoC4/UART_SPI_UART.c **** ********************************************************************************
 451:.\Generated_Source\PSoC4/UART_SPI_UART.c **** *
 452:.\Generated_Source\PSoC4/UART_SPI_UART.c **** * Summary:
 453:.\Generated_Source\PSoC4/UART_SPI_UART.c **** *  Disables TX interrupt sources.
 454:.\Generated_Source\PSoC4/UART_SPI_UART.c **** *
 455:.\Generated_Source\PSoC4/UART_SPI_UART.c **** * Parameters:
 456:.\Generated_Source\PSoC4/UART_SPI_UART.c **** *  None
 457:.\Generated_Source\PSoC4/UART_SPI_UART.c **** *
 458:.\Generated_Source\PSoC4/UART_SPI_UART.c **** * Return:
 459:.\Generated_Source\PSoC4/UART_SPI_UART.c **** *  Returns TX interrupt sources enabled before function call.
 460:.\Generated_Source\PSoC4/UART_SPI_UART.c **** *
 461:.\Generated_Source\PSoC4/UART_SPI_UART.c **** *******************************************************************************/
 462:.\Generated_Source\PSoC4/UART_SPI_UART.c **** uint32 UART_SpiUartDisableIntTx(void)
 463:.\Generated_Source\PSoC4/UART_SPI_UART.c **** {
 358              		.loc 1 463 0
 359              		.cfi_startproc
 464:.\Generated_Source\PSoC4/UART_SPI_UART.c ****     uint32 intSourceMask;
 465:.\Generated_Source\PSoC4/UART_SPI_UART.c **** 
 466:.\Generated_Source\PSoC4/UART_SPI_UART.c ****     intSourceMask = UART_GetTxInterruptMode();
 360              		.loc 1 466 0
 361 0000 024B     		ldr	r3, .L33
 362 0002 1868     		ldr	r0, [r3]
 363              	.LVL24:
 467:.\Generated_Source\PSoC4/UART_SPI_UART.c **** 
 468:.\Generated_Source\PSoC4/UART_SPI_UART.c ****     UART_SetTxInterruptMode(UART_NO_INTR_SOURCES);
 364              		.loc 1 468 0
 365 0004 0022     		mov	r2, #0
 366 0006 1A60     		str	r2, [r3]
 469:.\Generated_Source\PSoC4/UART_SPI_UART.c **** 
 470:.\Generated_Source\PSoC4/UART_SPI_UART.c ****     return (intSourceMask);
 471:.\Generated_Source\PSoC4/UART_SPI_UART.c **** }
 367              		.loc 1 471 0
 368              		@ sp needed
 369 0008 7047     		bx	lr
 370              	.L34:
 371 000a C046     		.align	2
 372              	.L33:
 373 000c 880F2540 		.word	1076170632
 374              		.cfi_endproc
 375              	.LFE10:
 376              		.size	UART_SpiUartDisableIntTx, .-UART_SpiUartDisableIntTx
 377              		.comm	UART_rxBufferInternal,2049,4
 378              		.comm	UART_rxBufferOverflow,1,1
 379              		.comm	UART_rxBufferTail,4,4
 380              		.comm	UART_rxBufferHead,4,4
 381              		.text
ARM GAS  C:\Users\Helon\AppData\Local\Temp\ccampHS2.s 			page 16


 382              	.Letext0:
 383              		.file 2 "Generated_Source\\PSoC4/cytypes.h"
 384              		.file 3 "Generated_Source\\PSoC4/CyLib.h"
 385              		.section	.debug_info,"",%progbits
 386              	.Ldebug_info0:
 387 0000 DB020000 		.4byte	0x2db
 388 0004 0400     		.2byte	0x4
 389 0006 00000000 		.4byte	.Ldebug_abbrev0
 390 000a 04       		.byte	0x4
 391 000b 01       		.uleb128 0x1
 392 000c 19020000 		.4byte	.LASF37
 393 0010 01       		.byte	0x1
 394 0011 BE020000 		.4byte	.LASF38
 395 0015 73000000 		.4byte	.LASF39
 396 0019 00000000 		.4byte	.Ldebug_ranges0+0
 397 001d 00000000 		.4byte	0
 398 0021 00000000 		.4byte	.Ldebug_line0
 399 0025 02       		.uleb128 0x2
 400 0026 01       		.byte	0x1
 401 0027 06       		.byte	0x6
 402 0028 26030000 		.4byte	.LASF0
 403 002c 02       		.uleb128 0x2
 404 002d 01       		.byte	0x1
 405 002e 08       		.byte	0x8
 406 002f 14010000 		.4byte	.LASF1
 407 0033 02       		.uleb128 0x2
 408 0034 02       		.byte	0x2
 409 0035 05       		.byte	0x5
 410 0036 B4020000 		.4byte	.LASF2
 411 003a 02       		.uleb128 0x2
 412 003b 02       		.byte	0x2
 413 003c 07       		.byte	0x7
 414 003d 13000000 		.4byte	.LASF3
 415 0041 02       		.uleb128 0x2
 416 0042 04       		.byte	0x4
 417 0043 05       		.byte	0x5
 418 0044 FE020000 		.4byte	.LASF4
 419 0048 02       		.uleb128 0x2
 420 0049 04       		.byte	0x4
 421 004a 07       		.byte	0x7
 422 004b DD000000 		.4byte	.LASF5
 423 004f 02       		.uleb128 0x2
 424 0050 08       		.byte	0x8
 425 0051 05       		.byte	0x5
 426 0052 D7010000 		.4byte	.LASF6
 427 0056 02       		.uleb128 0x2
 428 0057 08       		.byte	0x8
 429 0058 07       		.byte	0x7
 430 0059 99010000 		.4byte	.LASF7
 431 005d 03       		.uleb128 0x3
 432 005e 04       		.byte	0x4
 433 005f 05       		.byte	0x5
 434 0060 696E7400 		.ascii	"int\000"
 435 0064 02       		.uleb128 0x2
 436 0065 04       		.byte	0x4
 437 0066 07       		.byte	0x7
 438 0067 26000000 		.4byte	.LASF8
ARM GAS  C:\Users\Helon\AppData\Local\Temp\ccampHS2.s 			page 17


 439 006b 04       		.uleb128 0x4
 440 006c EF000000 		.4byte	.LASF9
 441 0070 02       		.byte	0x2
 442 0071 3801     		.2byte	0x138
 443 0073 2C000000 		.4byte	0x2c
 444 0077 04       		.uleb128 0x4
 445 0078 4B010000 		.4byte	.LASF10
 446 007c 02       		.byte	0x2
 447 007d 3A01     		.2byte	0x13a
 448 007f 48000000 		.4byte	0x48
 449 0083 02       		.uleb128 0x2
 450 0084 04       		.byte	0x4
 451 0085 04       		.byte	0x4
 452 0086 54000000 		.4byte	.LASF11
 453 008a 02       		.uleb128 0x2
 454 008b 08       		.byte	0x8
 455 008c 04       		.byte	0x4
 456 008d 38010000 		.4byte	.LASF12
 457 0091 02       		.uleb128 0x2
 458 0092 01       		.byte	0x1
 459 0093 08       		.byte	0x8
 460 0094 07030000 		.4byte	.LASF13
 461 0098 05       		.uleb128 0x5
 462 0099 6B000000 		.4byte	0x6b
 463 009d 04       		.uleb128 0x4
 464 009e 00000000 		.4byte	.LASF14
 465 00a2 02       		.byte	0x2
 466 00a3 E401     		.2byte	0x1e4
 467 00a5 A9000000 		.4byte	0xa9
 468 00a9 05       		.uleb128 0x5
 469 00aa 77000000 		.4byte	0x77
 470 00ae 02       		.uleb128 0x2
 471 00af 04       		.byte	0x4
 472 00b0 07       		.byte	0x7
 473 00b1 CE010000 		.4byte	.LASF15
 474 00b5 06       		.uleb128 0x6
 475 00b6 E7020000 		.4byte	.LASF18
 476 00ba 01       		.byte	0x1
 477 00bb 45       		.byte	0x45
 478 00bc 77000000 		.4byte	0x77
 479 00c0 00000000 		.4byte	.LFB2
 480 00c4 3C000000 		.4byte	.LFE2-.LFB2
 481 00c8 01       		.uleb128 0x1
 482 00c9 9C       		.byte	0x9c
 483 00ca ED000000 		.4byte	0xed
 484 00ce 07       		.uleb128 0x7
 485 00cf 07010000 		.4byte	.LASF16
 486 00d3 01       		.byte	0x1
 487 00d4 47       		.byte	0x47
 488 00d5 77000000 		.4byte	0x77
 489 00d9 00000000 		.4byte	.LLST0
 490 00dd 07       		.uleb128 0x7
 491 00de C6010000 		.4byte	.LASF17
 492 00e2 01       		.byte	0x1
 493 00e3 4A       		.byte	0x4a
 494 00e4 77000000 		.4byte	0x77
 495 00e8 36000000 		.4byte	.LLST1
ARM GAS  C:\Users\Helon\AppData\Local\Temp\ccampHS2.s 			page 18


 496 00ec 00       		.byte	0
 497 00ed 06       		.uleb128 0x6
 498 00ee 32030000 		.4byte	.LASF19
 499 00f2 01       		.byte	0x1
 500 00f3 8D       		.byte	0x8d
 501 00f4 77000000 		.4byte	0x77
 502 00f8 00000000 		.4byte	.LFB3
 503 00fc 2C000000 		.4byte	.LFE3-.LFB3
 504 0100 01       		.uleb128 0x1
 505 0101 9C       		.byte	0x9c
 506 0102 25010000 		.4byte	0x125
 507 0106 07       		.uleb128 0x7
 508 0107 D8000000 		.4byte	.LASF20
 509 010b 01       		.byte	0x1
 510 010c 8F       		.byte	0x8f
 511 010d 77000000 		.4byte	0x77
 512 0111 49000000 		.4byte	.LLST2
 513 0115 07       		.uleb128 0x7
 514 0116 4C000000 		.4byte	.LASF21
 515 011a 01       		.byte	0x1
 516 011b 91       		.byte	0x91
 517 011c 77000000 		.4byte	0x77
 518 0120 67000000 		.4byte	.LLST3
 519 0124 00       		.byte	0
 520 0125 08       		.uleb128 0x8
 521 0126 0C030000 		.4byte	.LASF22
 522 012a 01       		.byte	0x1
 523 012b B9       		.byte	0xb9
 524 012c 00000000 		.4byte	.LFB4
 525 0130 54000000 		.4byte	.LFE4-.LFB4
 526 0134 01       		.uleb128 0x1
 527 0135 9C       		.byte	0x9c
 528 0136 5D010000 		.4byte	0x15d
 529 013a 09       		.uleb128 0x9
 530 013b 08000000 		.4byte	.LVL11
 531 013f C0020000 		.4byte	0x2c0
 532 0143 4D010000 		.4byte	0x14d
 533 0147 0A       		.uleb128 0xa
 534 0148 01       		.uleb128 0x1
 535 0149 50       		.byte	0x50
 536 014a 01       		.uleb128 0x1
 537 014b 3A       		.byte	0x3a
 538 014c 00       		.byte	0
 539 014d 0B       		.uleb128 0xb
 540 014e 36000000 		.4byte	.LVL12
 541 0152 D1020000 		.4byte	0x2d1
 542 0156 0A       		.uleb128 0xa
 543 0157 01       		.uleb128 0x1
 544 0158 50       		.byte	0x50
 545 0159 01       		.uleb128 0x1
 546 015a 3A       		.byte	0x3a
 547 015b 00       		.byte	0
 548 015c 00       		.byte	0
 549 015d 08       		.uleb128 0x8
 550 015e E5010000 		.4byte	.LASF23
 551 0162 01       		.byte	0x1
 552 0163 EF       		.byte	0xef
ARM GAS  C:\Users\Helon\AppData\Local\Temp\ccampHS2.s 			page 19


 553 0164 00000000 		.4byte	.LFB5
 554 0168 1C000000 		.4byte	.LFE5-.LFB5
 555 016c 01       		.uleb128 0x1
 556 016d 9C       		.byte	0x9c
 557 016e 80010000 		.4byte	0x180
 558 0172 0C       		.uleb128 0xc
 559 0173 0C000000 		.4byte	.LASF25
 560 0177 01       		.byte	0x1
 561 0178 EF       		.byte	0xef
 562 0179 77000000 		.4byte	0x77
 563 017d 01       		.uleb128 0x1
 564 017e 50       		.byte	0x50
 565 017f 00       		.byte	0
 566 0180 0D       		.uleb128 0xd
 567 0181 6C010000 		.4byte	.LASF24
 568 0185 01       		.byte	0x1
 569 0186 3F01     		.2byte	0x13f
 570 0188 00000000 		.4byte	.LFB6
 571 018c 18000000 		.4byte	.LFE6-.LFB6
 572 0190 01       		.uleb128 0x1
 573 0191 9C       		.byte	0x9c
 574 0192 CE010000 		.4byte	0x1ce
 575 0196 0E       		.uleb128 0xe
 576 0197 0E010000 		.4byte	.LASF26
 577 019b 01       		.byte	0x1
 578 019c 3F01     		.2byte	0x13f
 579 019e CE010000 		.4byte	0x1ce
 580 01a2 7A000000 		.4byte	.LLST4
 581 01a6 0E       		.uleb128 0xe
 582 01a7 06000000 		.4byte	.LASF27
 583 01ab 01       		.byte	0x1
 584 01ac 3F01     		.2byte	0x13f
 585 01ae 77000000 		.4byte	0x77
 586 01b2 A6000000 		.4byte	.LLST5
 587 01b6 0F       		.uleb128 0xf
 588 01b7 6900     		.ascii	"i\000"
 589 01b9 01       		.byte	0x1
 590 01ba 4101     		.2byte	0x141
 591 01bc 77000000 		.4byte	0x77
 592 01c0 D2000000 		.4byte	.LLST6
 593 01c4 10       		.uleb128 0x10
 594 01c5 10000000 		.4byte	.LVL17
 595 01c9 5D010000 		.4byte	0x15d
 596 01cd 00       		.byte	0
 597 01ce 11       		.uleb128 0x11
 598 01cf 04       		.byte	0x4
 599 01d0 D4010000 		.4byte	0x1d4
 600 01d4 12       		.uleb128 0x12
 601 01d5 6B000000 		.4byte	0x6b
 602 01d9 13       		.uleb128 0x13
 603 01da FD010000 		.4byte	.LASF28
 604 01de 01       		.byte	0x1
 605 01df 5E01     		.2byte	0x15e
 606 01e1 77000000 		.4byte	0x77
 607 01e5 00000000 		.4byte	.LFB7
 608 01e9 10000000 		.4byte	.LFE7-.LFB7
 609 01ed 01       		.uleb128 0x1
ARM GAS  C:\Users\Helon\AppData\Local\Temp\ccampHS2.s 			page 20


 610 01ee 9C       		.byte	0x9c
 611 01ef 02020000 		.4byte	0x202
 612 01f3 14       		.uleb128 0x14
 613 01f4 D8000000 		.4byte	.LASF20
 614 01f8 01       		.byte	0x1
 615 01f9 6001     		.2byte	0x160
 616 01fb 77000000 		.4byte	0x77
 617 01ff 01       		.uleb128 0x1
 618 0200 50       		.byte	0x50
 619 0201 00       		.byte	0
 620 0202 15       		.uleb128 0x15
 621 0203 52010000 		.4byte	.LASF40
 622 0207 01       		.byte	0x1
 623 0208 8B01     		.2byte	0x18b
 624 020a 00000000 		.4byte	.LFB8
 625 020e 20000000 		.4byte	.LFE8-.LFB8
 626 0212 01       		.uleb128 0x1
 627 0213 9C       		.byte	0x9c
 628 0214 13       		.uleb128 0x13
 629 0215 33000000 		.4byte	.LASF29
 630 0219 01       		.byte	0x1
 631 021a B401     		.2byte	0x1b4
 632 021c 77000000 		.4byte	0x77
 633 0220 00000000 		.4byte	.LFB9
 634 0224 10000000 		.4byte	.LFE9-.LFB9
 635 0228 01       		.uleb128 0x1
 636 0229 9C       		.byte	0x9c
 637 022a 3D020000 		.4byte	0x23d
 638 022e 14       		.uleb128 0x14
 639 022f 8F010000 		.4byte	.LASF30
 640 0233 01       		.byte	0x1
 641 0234 B601     		.2byte	0x1b6
 642 0236 77000000 		.4byte	0x77
 643 023a 01       		.uleb128 0x1
 644 023b 50       		.byte	0x50
 645 023c 00       		.byte	0
 646 023d 13       		.uleb128 0x13
 647 023e 5A000000 		.4byte	.LASF31
 648 0242 01       		.byte	0x1
 649 0243 CE01     		.2byte	0x1ce
 650 0245 77000000 		.4byte	0x77
 651 0249 00000000 		.4byte	.LFB10
 652 024d 10000000 		.4byte	.LFE10-.LFB10
 653 0251 01       		.uleb128 0x1
 654 0252 9C       		.byte	0x9c
 655 0253 66020000 		.4byte	0x266
 656 0257 14       		.uleb128 0x14
 657 0258 81010000 		.4byte	.LASF32
 658 025c 01       		.byte	0x1
 659 025d D001     		.2byte	0x1d0
 660 025f 77000000 		.4byte	0x77
 661 0263 01       		.uleb128 0x1
 662 0264 50       		.byte	0x50
 663 0265 00       		.byte	0
 664 0266 16       		.uleb128 0x16
 665 0267 4E030000 		.4byte	.LASF33
 666 026b 01       		.byte	0x1
ARM GAS  C:\Users\Helon\AppData\Local\Temp\ccampHS2.s 			page 21


 667 026c 1A       		.byte	0x1a
 668 026d A9000000 		.4byte	0xa9
 669 0271 05       		.uleb128 0x5
 670 0272 03       		.byte	0x3
 671 0273 00000000 		.4byte	UART_rxBufferHead
 672 0277 16       		.uleb128 0x16
 673 0278 F5000000 		.4byte	.LASF34
 674 027c 01       		.byte	0x1
 675 027d 1B       		.byte	0x1b
 676 027e A9000000 		.4byte	0xa9
 677 0282 05       		.uleb128 0x5
 678 0283 03       		.byte	0x3
 679 0284 00000000 		.4byte	UART_rxBufferTail
 680 0288 16       		.uleb128 0x16
 681 0289 B0010000 		.4byte	.LASF35
 682 028d 01       		.byte	0x1
 683 028e 1C       		.byte	0x1c
 684 028f 98000000 		.4byte	0x98
 685 0293 05       		.uleb128 0x5
 686 0294 03       		.byte	0x3
 687 0295 00000000 		.4byte	UART_rxBufferOverflow
 688 0299 17       		.uleb128 0x17
 689 029a 6B000000 		.4byte	0x6b
 690 029e AA020000 		.4byte	0x2aa
 691 02a2 18       		.uleb128 0x18
 692 02a3 AE000000 		.4byte	0xae
 693 02a7 0008     		.2byte	0x800
 694 02a9 00       		.byte	0
 695 02aa 16       		.uleb128 0x16
 696 02ab 22010000 		.4byte	.LASF36
 697 02af 01       		.byte	0x1
 698 02b0 26       		.byte	0x26
 699 02b1 BB020000 		.4byte	0x2bb
 700 02b5 05       		.uleb128 0x5
 701 02b6 03       		.byte	0x3
 702 02b7 00000000 		.4byte	UART_rxBufferInternal
 703 02bb 05       		.uleb128 0x5
 704 02bc 99020000 		.4byte	0x299
 705 02c0 19       		.uleb128 0x19
 706 02c1 A7020000 		.4byte	.LASF41
 707 02c5 03       		.byte	0x3
 708 02c6 51       		.byte	0x51
 709 02c7 D1020000 		.4byte	0x2d1
 710 02cb 1A       		.uleb128 0x1a
 711 02cc 6B000000 		.4byte	0x6b
 712 02d0 00       		.byte	0
 713 02d1 1B       		.uleb128 0x1b
 714 02d2 3F010000 		.4byte	.LASF42
 715 02d6 03       		.byte	0x3
 716 02d7 4F       		.byte	0x4f
 717 02d8 1A       		.uleb128 0x1a
 718 02d9 6B000000 		.4byte	0x6b
 719 02dd 00       		.byte	0
 720 02de 00       		.byte	0
 721              		.section	.debug_abbrev,"",%progbits
 722              	.Ldebug_abbrev0:
 723 0000 01       		.uleb128 0x1
ARM GAS  C:\Users\Helon\AppData\Local\Temp\ccampHS2.s 			page 22


 724 0001 11       		.uleb128 0x11
 725 0002 01       		.byte	0x1
 726 0003 25       		.uleb128 0x25
 727 0004 0E       		.uleb128 0xe
 728 0005 13       		.uleb128 0x13
 729 0006 0B       		.uleb128 0xb
 730 0007 03       		.uleb128 0x3
 731 0008 0E       		.uleb128 0xe
 732 0009 1B       		.uleb128 0x1b
 733 000a 0E       		.uleb128 0xe
 734 000b 55       		.uleb128 0x55
 735 000c 17       		.uleb128 0x17
 736 000d 11       		.uleb128 0x11
 737 000e 01       		.uleb128 0x1
 738 000f 10       		.uleb128 0x10
 739 0010 17       		.uleb128 0x17
 740 0011 00       		.byte	0
 741 0012 00       		.byte	0
 742 0013 02       		.uleb128 0x2
 743 0014 24       		.uleb128 0x24
 744 0015 00       		.byte	0
 745 0016 0B       		.uleb128 0xb
 746 0017 0B       		.uleb128 0xb
 747 0018 3E       		.uleb128 0x3e
 748 0019 0B       		.uleb128 0xb
 749 001a 03       		.uleb128 0x3
 750 001b 0E       		.uleb128 0xe
 751 001c 00       		.byte	0
 752 001d 00       		.byte	0
 753 001e 03       		.uleb128 0x3
 754 001f 24       		.uleb128 0x24
 755 0020 00       		.byte	0
 756 0021 0B       		.uleb128 0xb
 757 0022 0B       		.uleb128 0xb
 758 0023 3E       		.uleb128 0x3e
 759 0024 0B       		.uleb128 0xb
 760 0025 03       		.uleb128 0x3
 761 0026 08       		.uleb128 0x8
 762 0027 00       		.byte	0
 763 0028 00       		.byte	0
 764 0029 04       		.uleb128 0x4
 765 002a 16       		.uleb128 0x16
 766 002b 00       		.byte	0
 767 002c 03       		.uleb128 0x3
 768 002d 0E       		.uleb128 0xe
 769 002e 3A       		.uleb128 0x3a
 770 002f 0B       		.uleb128 0xb
 771 0030 3B       		.uleb128 0x3b
 772 0031 05       		.uleb128 0x5
 773 0032 49       		.uleb128 0x49
 774 0033 13       		.uleb128 0x13
 775 0034 00       		.byte	0
 776 0035 00       		.byte	0
 777 0036 05       		.uleb128 0x5
 778 0037 35       		.uleb128 0x35
 779 0038 00       		.byte	0
 780 0039 49       		.uleb128 0x49
ARM GAS  C:\Users\Helon\AppData\Local\Temp\ccampHS2.s 			page 23


 781 003a 13       		.uleb128 0x13
 782 003b 00       		.byte	0
 783 003c 00       		.byte	0
 784 003d 06       		.uleb128 0x6
 785 003e 2E       		.uleb128 0x2e
 786 003f 01       		.byte	0x1
 787 0040 3F       		.uleb128 0x3f
 788 0041 19       		.uleb128 0x19
 789 0042 03       		.uleb128 0x3
 790 0043 0E       		.uleb128 0xe
 791 0044 3A       		.uleb128 0x3a
 792 0045 0B       		.uleb128 0xb
 793 0046 3B       		.uleb128 0x3b
 794 0047 0B       		.uleb128 0xb
 795 0048 27       		.uleb128 0x27
 796 0049 19       		.uleb128 0x19
 797 004a 49       		.uleb128 0x49
 798 004b 13       		.uleb128 0x13
 799 004c 11       		.uleb128 0x11
 800 004d 01       		.uleb128 0x1
 801 004e 12       		.uleb128 0x12
 802 004f 06       		.uleb128 0x6
 803 0050 40       		.uleb128 0x40
 804 0051 18       		.uleb128 0x18
 805 0052 9742     		.uleb128 0x2117
 806 0054 19       		.uleb128 0x19
 807 0055 01       		.uleb128 0x1
 808 0056 13       		.uleb128 0x13
 809 0057 00       		.byte	0
 810 0058 00       		.byte	0
 811 0059 07       		.uleb128 0x7
 812 005a 34       		.uleb128 0x34
 813 005b 00       		.byte	0
 814 005c 03       		.uleb128 0x3
 815 005d 0E       		.uleb128 0xe
 816 005e 3A       		.uleb128 0x3a
 817 005f 0B       		.uleb128 0xb
 818 0060 3B       		.uleb128 0x3b
 819 0061 0B       		.uleb128 0xb
 820 0062 49       		.uleb128 0x49
 821 0063 13       		.uleb128 0x13
 822 0064 02       		.uleb128 0x2
 823 0065 17       		.uleb128 0x17
 824 0066 00       		.byte	0
 825 0067 00       		.byte	0
 826 0068 08       		.uleb128 0x8
 827 0069 2E       		.uleb128 0x2e
 828 006a 01       		.byte	0x1
 829 006b 3F       		.uleb128 0x3f
 830 006c 19       		.uleb128 0x19
 831 006d 03       		.uleb128 0x3
 832 006e 0E       		.uleb128 0xe
 833 006f 3A       		.uleb128 0x3a
 834 0070 0B       		.uleb128 0xb
 835 0071 3B       		.uleb128 0x3b
 836 0072 0B       		.uleb128 0xb
 837 0073 27       		.uleb128 0x27
ARM GAS  C:\Users\Helon\AppData\Local\Temp\ccampHS2.s 			page 24


 838 0074 19       		.uleb128 0x19
 839 0075 11       		.uleb128 0x11
 840 0076 01       		.uleb128 0x1
 841 0077 12       		.uleb128 0x12
 842 0078 06       		.uleb128 0x6
 843 0079 40       		.uleb128 0x40
 844 007a 18       		.uleb128 0x18
 845 007b 9742     		.uleb128 0x2117
 846 007d 19       		.uleb128 0x19
 847 007e 01       		.uleb128 0x1
 848 007f 13       		.uleb128 0x13
 849 0080 00       		.byte	0
 850 0081 00       		.byte	0
 851 0082 09       		.uleb128 0x9
 852 0083 898201   		.uleb128 0x4109
 853 0086 01       		.byte	0x1
 854 0087 11       		.uleb128 0x11
 855 0088 01       		.uleb128 0x1
 856 0089 31       		.uleb128 0x31
 857 008a 13       		.uleb128 0x13
 858 008b 01       		.uleb128 0x1
 859 008c 13       		.uleb128 0x13
 860 008d 00       		.byte	0
 861 008e 00       		.byte	0
 862 008f 0A       		.uleb128 0xa
 863 0090 8A8201   		.uleb128 0x410a
 864 0093 00       		.byte	0
 865 0094 02       		.uleb128 0x2
 866 0095 18       		.uleb128 0x18
 867 0096 9142     		.uleb128 0x2111
 868 0098 18       		.uleb128 0x18
 869 0099 00       		.byte	0
 870 009a 00       		.byte	0
 871 009b 0B       		.uleb128 0xb
 872 009c 898201   		.uleb128 0x4109
 873 009f 01       		.byte	0x1
 874 00a0 11       		.uleb128 0x11
 875 00a1 01       		.uleb128 0x1
 876 00a2 31       		.uleb128 0x31
 877 00a3 13       		.uleb128 0x13
 878 00a4 00       		.byte	0
 879 00a5 00       		.byte	0
 880 00a6 0C       		.uleb128 0xc
 881 00a7 05       		.uleb128 0x5
 882 00a8 00       		.byte	0
 883 00a9 03       		.uleb128 0x3
 884 00aa 0E       		.uleb128 0xe
 885 00ab 3A       		.uleb128 0x3a
 886 00ac 0B       		.uleb128 0xb
 887 00ad 3B       		.uleb128 0x3b
 888 00ae 0B       		.uleb128 0xb
 889 00af 49       		.uleb128 0x49
 890 00b0 13       		.uleb128 0x13
 891 00b1 02       		.uleb128 0x2
 892 00b2 18       		.uleb128 0x18
 893 00b3 00       		.byte	0
 894 00b4 00       		.byte	0
ARM GAS  C:\Users\Helon\AppData\Local\Temp\ccampHS2.s 			page 25


 895 00b5 0D       		.uleb128 0xd
 896 00b6 2E       		.uleb128 0x2e
 897 00b7 01       		.byte	0x1
 898 00b8 3F       		.uleb128 0x3f
 899 00b9 19       		.uleb128 0x19
 900 00ba 03       		.uleb128 0x3
 901 00bb 0E       		.uleb128 0xe
 902 00bc 3A       		.uleb128 0x3a
 903 00bd 0B       		.uleb128 0xb
 904 00be 3B       		.uleb128 0x3b
 905 00bf 05       		.uleb128 0x5
 906 00c0 27       		.uleb128 0x27
 907 00c1 19       		.uleb128 0x19
 908 00c2 11       		.uleb128 0x11
 909 00c3 01       		.uleb128 0x1
 910 00c4 12       		.uleb128 0x12
 911 00c5 06       		.uleb128 0x6
 912 00c6 40       		.uleb128 0x40
 913 00c7 18       		.uleb128 0x18
 914 00c8 9742     		.uleb128 0x2117
 915 00ca 19       		.uleb128 0x19
 916 00cb 01       		.uleb128 0x1
 917 00cc 13       		.uleb128 0x13
 918 00cd 00       		.byte	0
 919 00ce 00       		.byte	0
 920 00cf 0E       		.uleb128 0xe
 921 00d0 05       		.uleb128 0x5
 922 00d1 00       		.byte	0
 923 00d2 03       		.uleb128 0x3
 924 00d3 0E       		.uleb128 0xe
 925 00d4 3A       		.uleb128 0x3a
 926 00d5 0B       		.uleb128 0xb
 927 00d6 3B       		.uleb128 0x3b
 928 00d7 05       		.uleb128 0x5
 929 00d8 49       		.uleb128 0x49
 930 00d9 13       		.uleb128 0x13
 931 00da 02       		.uleb128 0x2
 932 00db 17       		.uleb128 0x17
 933 00dc 00       		.byte	0
 934 00dd 00       		.byte	0
 935 00de 0F       		.uleb128 0xf
 936 00df 34       		.uleb128 0x34
 937 00e0 00       		.byte	0
 938 00e1 03       		.uleb128 0x3
 939 00e2 08       		.uleb128 0x8
 940 00e3 3A       		.uleb128 0x3a
 941 00e4 0B       		.uleb128 0xb
 942 00e5 3B       		.uleb128 0x3b
 943 00e6 05       		.uleb128 0x5
 944 00e7 49       		.uleb128 0x49
 945 00e8 13       		.uleb128 0x13
 946 00e9 02       		.uleb128 0x2
 947 00ea 17       		.uleb128 0x17
 948 00eb 00       		.byte	0
 949 00ec 00       		.byte	0
 950 00ed 10       		.uleb128 0x10
 951 00ee 898201   		.uleb128 0x4109
ARM GAS  C:\Users\Helon\AppData\Local\Temp\ccampHS2.s 			page 26


 952 00f1 00       		.byte	0
 953 00f2 11       		.uleb128 0x11
 954 00f3 01       		.uleb128 0x1
 955 00f4 31       		.uleb128 0x31
 956 00f5 13       		.uleb128 0x13
 957 00f6 00       		.byte	0
 958 00f7 00       		.byte	0
 959 00f8 11       		.uleb128 0x11
 960 00f9 0F       		.uleb128 0xf
 961 00fa 00       		.byte	0
 962 00fb 0B       		.uleb128 0xb
 963 00fc 0B       		.uleb128 0xb
 964 00fd 49       		.uleb128 0x49
 965 00fe 13       		.uleb128 0x13
 966 00ff 00       		.byte	0
 967 0100 00       		.byte	0
 968 0101 12       		.uleb128 0x12
 969 0102 26       		.uleb128 0x26
 970 0103 00       		.byte	0
 971 0104 49       		.uleb128 0x49
 972 0105 13       		.uleb128 0x13
 973 0106 00       		.byte	0
 974 0107 00       		.byte	0
 975 0108 13       		.uleb128 0x13
 976 0109 2E       		.uleb128 0x2e
 977 010a 01       		.byte	0x1
 978 010b 3F       		.uleb128 0x3f
 979 010c 19       		.uleb128 0x19
 980 010d 03       		.uleb128 0x3
 981 010e 0E       		.uleb128 0xe
 982 010f 3A       		.uleb128 0x3a
 983 0110 0B       		.uleb128 0xb
 984 0111 3B       		.uleb128 0x3b
 985 0112 05       		.uleb128 0x5
 986 0113 27       		.uleb128 0x27
 987 0114 19       		.uleb128 0x19
 988 0115 49       		.uleb128 0x49
 989 0116 13       		.uleb128 0x13
 990 0117 11       		.uleb128 0x11
 991 0118 01       		.uleb128 0x1
 992 0119 12       		.uleb128 0x12
 993 011a 06       		.uleb128 0x6
 994 011b 40       		.uleb128 0x40
 995 011c 18       		.uleb128 0x18
 996 011d 9742     		.uleb128 0x2117
 997 011f 19       		.uleb128 0x19
 998 0120 01       		.uleb128 0x1
 999 0121 13       		.uleb128 0x13
 1000 0122 00       		.byte	0
 1001 0123 00       		.byte	0
 1002 0124 14       		.uleb128 0x14
 1003 0125 34       		.uleb128 0x34
 1004 0126 00       		.byte	0
 1005 0127 03       		.uleb128 0x3
 1006 0128 0E       		.uleb128 0xe
 1007 0129 3A       		.uleb128 0x3a
 1008 012a 0B       		.uleb128 0xb
ARM GAS  C:\Users\Helon\AppData\Local\Temp\ccampHS2.s 			page 27


 1009 012b 3B       		.uleb128 0x3b
 1010 012c 05       		.uleb128 0x5
 1011 012d 49       		.uleb128 0x49
 1012 012e 13       		.uleb128 0x13
 1013 012f 02       		.uleb128 0x2
 1014 0130 18       		.uleb128 0x18
 1015 0131 00       		.byte	0
 1016 0132 00       		.byte	0
 1017 0133 15       		.uleb128 0x15
 1018 0134 2E       		.uleb128 0x2e
 1019 0135 00       		.byte	0
 1020 0136 3F       		.uleb128 0x3f
 1021 0137 19       		.uleb128 0x19
 1022 0138 03       		.uleb128 0x3
 1023 0139 0E       		.uleb128 0xe
 1024 013a 3A       		.uleb128 0x3a
 1025 013b 0B       		.uleb128 0xb
 1026 013c 3B       		.uleb128 0x3b
 1027 013d 05       		.uleb128 0x5
 1028 013e 27       		.uleb128 0x27
 1029 013f 19       		.uleb128 0x19
 1030 0140 11       		.uleb128 0x11
 1031 0141 01       		.uleb128 0x1
 1032 0142 12       		.uleb128 0x12
 1033 0143 06       		.uleb128 0x6
 1034 0144 40       		.uleb128 0x40
 1035 0145 18       		.uleb128 0x18
 1036 0146 9742     		.uleb128 0x2117
 1037 0148 19       		.uleb128 0x19
 1038 0149 00       		.byte	0
 1039 014a 00       		.byte	0
 1040 014b 16       		.uleb128 0x16
 1041 014c 34       		.uleb128 0x34
 1042 014d 00       		.byte	0
 1043 014e 03       		.uleb128 0x3
 1044 014f 0E       		.uleb128 0xe
 1045 0150 3A       		.uleb128 0x3a
 1046 0151 0B       		.uleb128 0xb
 1047 0152 3B       		.uleb128 0x3b
 1048 0153 0B       		.uleb128 0xb
 1049 0154 49       		.uleb128 0x49
 1050 0155 13       		.uleb128 0x13
 1051 0156 3F       		.uleb128 0x3f
 1052 0157 19       		.uleb128 0x19
 1053 0158 02       		.uleb128 0x2
 1054 0159 18       		.uleb128 0x18
 1055 015a 00       		.byte	0
 1056 015b 00       		.byte	0
 1057 015c 17       		.uleb128 0x17
 1058 015d 01       		.uleb128 0x1
 1059 015e 01       		.byte	0x1
 1060 015f 49       		.uleb128 0x49
 1061 0160 13       		.uleb128 0x13
 1062 0161 01       		.uleb128 0x1
 1063 0162 13       		.uleb128 0x13
 1064 0163 00       		.byte	0
 1065 0164 00       		.byte	0
ARM GAS  C:\Users\Helon\AppData\Local\Temp\ccampHS2.s 			page 28


 1066 0165 18       		.uleb128 0x18
 1067 0166 21       		.uleb128 0x21
 1068 0167 00       		.byte	0
 1069 0168 49       		.uleb128 0x49
 1070 0169 13       		.uleb128 0x13
 1071 016a 2F       		.uleb128 0x2f
 1072 016b 05       		.uleb128 0x5
 1073 016c 00       		.byte	0
 1074 016d 00       		.byte	0
 1075 016e 19       		.uleb128 0x19
 1076 016f 2E       		.uleb128 0x2e
 1077 0170 01       		.byte	0x1
 1078 0171 3F       		.uleb128 0x3f
 1079 0172 19       		.uleb128 0x19
 1080 0173 03       		.uleb128 0x3
 1081 0174 0E       		.uleb128 0xe
 1082 0175 3A       		.uleb128 0x3a
 1083 0176 0B       		.uleb128 0xb
 1084 0177 3B       		.uleb128 0x3b
 1085 0178 0B       		.uleb128 0xb
 1086 0179 27       		.uleb128 0x27
 1087 017a 19       		.uleb128 0x19
 1088 017b 3C       		.uleb128 0x3c
 1089 017c 19       		.uleb128 0x19
 1090 017d 01       		.uleb128 0x1
 1091 017e 13       		.uleb128 0x13
 1092 017f 00       		.byte	0
 1093 0180 00       		.byte	0
 1094 0181 1A       		.uleb128 0x1a
 1095 0182 05       		.uleb128 0x5
 1096 0183 00       		.byte	0
 1097 0184 49       		.uleb128 0x49
 1098 0185 13       		.uleb128 0x13
 1099 0186 00       		.byte	0
 1100 0187 00       		.byte	0
 1101 0188 1B       		.uleb128 0x1b
 1102 0189 2E       		.uleb128 0x2e
 1103 018a 01       		.byte	0x1
 1104 018b 3F       		.uleb128 0x3f
 1105 018c 19       		.uleb128 0x19
 1106 018d 03       		.uleb128 0x3
 1107 018e 0E       		.uleb128 0xe
 1108 018f 3A       		.uleb128 0x3a
 1109 0190 0B       		.uleb128 0xb
 1110 0191 3B       		.uleb128 0x3b
 1111 0192 0B       		.uleb128 0xb
 1112 0193 27       		.uleb128 0x27
 1113 0194 19       		.uleb128 0x19
 1114 0195 3C       		.uleb128 0x3c
 1115 0196 19       		.uleb128 0x19
 1116 0197 00       		.byte	0
 1117 0198 00       		.byte	0
 1118 0199 00       		.byte	0
 1119              		.section	.debug_loc,"",%progbits
 1120              	.Ldebug_loc0:
 1121              	.LLST0:
 1122 0000 00000000 		.4byte	.LVL0
ARM GAS  C:\Users\Helon\AppData\Local\Temp\ccampHS2.s 			page 29


 1123 0004 20000000 		.4byte	.LVL3
 1124 0008 0200     		.2byte	0x2
 1125 000a 30       		.byte	0x30
 1126 000b 9F       		.byte	0x9f
 1127 000c 20000000 		.4byte	.LVL3
 1128 0010 26000000 		.4byte	.LVL4
 1129 0014 0100     		.2byte	0x1
 1130 0016 50       		.byte	0x50
 1131 0017 26000000 		.4byte	.LVL4
 1132 001b 28000000 		.4byte	.LVL5
 1133 001f 0200     		.2byte	0x2
 1134 0021 30       		.byte	0x30
 1135 0022 9F       		.byte	0x9f
 1136 0023 28000000 		.4byte	.LVL5
 1137 0027 3C000000 		.4byte	.LFE2
 1138 002b 0100     		.2byte	0x1
 1139 002d 50       		.byte	0x50
 1140 002e 00000000 		.4byte	0
 1141 0032 00000000 		.4byte	0
 1142              	.LLST1:
 1143 0036 12000000 		.4byte	.LVL1
 1144 003a 26000000 		.4byte	.LVL4
 1145 003e 0100     		.2byte	0x1
 1146 0040 53       		.byte	0x53
 1147 0041 00000000 		.4byte	0
 1148 0045 00000000 		.4byte	0
 1149              	.LLST2:
 1150 0049 12000000 		.4byte	.LVL7
 1151 004d 14000000 		.4byte	.LVL8
 1152 0051 0100     		.2byte	0x1
 1153 0053 50       		.byte	0x50
 1154 0054 1E000000 		.4byte	.LVL10
 1155 0058 2C000000 		.4byte	.LFE3
 1156 005c 0100     		.2byte	0x1
 1157 005e 50       		.byte	0x50
 1158 005f 00000000 		.4byte	0
 1159 0063 00000000 		.4byte	0
 1160              	.LLST3:
 1161 0067 04000000 		.4byte	.LVL6
 1162 006b 1A000000 		.4byte	.LVL9
 1163 006f 0100     		.2byte	0x1
 1164 0071 53       		.byte	0x53
 1165 0072 00000000 		.4byte	0
 1166 0076 00000000 		.4byte	0
 1167              	.LLST4:
 1168 007a 00000000 		.4byte	.LVL14
 1169 007e 0A000000 		.4byte	.LVL16
 1170 0082 0100     		.2byte	0x1
 1171 0084 50       		.byte	0x50
 1172 0085 0A000000 		.4byte	.LVL16
 1173 0089 16000000 		.4byte	.LVL21
 1174 008d 0100     		.2byte	0x1
 1175 008f 56       		.byte	0x56
 1176 0090 16000000 		.4byte	.LVL21
 1177 0094 18000000 		.4byte	.LFE6
 1178 0098 0400     		.2byte	0x4
 1179 009a F3       		.byte	0xf3
ARM GAS  C:\Users\Helon\AppData\Local\Temp\ccampHS2.s 			page 30


 1180 009b 01       		.uleb128 0x1
 1181 009c 50       		.byte	0x50
 1182 009d 9F       		.byte	0x9f
 1183 009e 00000000 		.4byte	0
 1184 00a2 00000000 		.4byte	0
 1185              	.LLST5:
 1186 00a6 00000000 		.4byte	.LVL14
 1187 00aa 0A000000 		.4byte	.LVL16
 1188 00ae 0100     		.2byte	0x1
 1189 00b0 51       		.byte	0x51
 1190 00b1 0A000000 		.4byte	.LVL16
 1191 00b5 16000000 		.4byte	.LVL20
 1192 00b9 0100     		.2byte	0x1
 1193 00bb 55       		.byte	0x55
 1194 00bc 16000000 		.4byte	.LVL20
 1195 00c0 18000000 		.4byte	.LFE6
 1196 00c4 0400     		.2byte	0x4
 1197 00c6 F3       		.byte	0xf3
 1198 00c7 01       		.uleb128 0x1
 1199 00c8 51       		.byte	0x51
 1200 00c9 9F       		.byte	0x9f
 1201 00ca 00000000 		.4byte	0
 1202 00ce 00000000 		.4byte	0
 1203              	.LLST6:
 1204 00d2 06000000 		.4byte	.LVL15
 1205 00d6 0A000000 		.4byte	.LVL16
 1206 00da 0200     		.2byte	0x2
 1207 00dc 30       		.byte	0x30
 1208 00dd 9F       		.byte	0x9f
 1209 00de 0A000000 		.4byte	.LVL16
 1210 00e2 16000000 		.4byte	.LVL19
 1211 00e6 0100     		.2byte	0x1
 1212 00e8 54       		.byte	0x54
 1213 00e9 00000000 		.4byte	0
 1214 00ed 00000000 		.4byte	0
 1215              		.section	.debug_aranges,"",%progbits
 1216 0000 5C000000 		.4byte	0x5c
 1217 0004 0200     		.2byte	0x2
 1218 0006 00000000 		.4byte	.Ldebug_info0
 1219 000a 04       		.byte	0x4
 1220 000b 00       		.byte	0
 1221 000c 0000     		.2byte	0
 1222 000e 0000     		.2byte	0
 1223 0010 00000000 		.4byte	.LFB2
 1224 0014 3C000000 		.4byte	.LFE2-.LFB2
 1225 0018 00000000 		.4byte	.LFB3
 1226 001c 2C000000 		.4byte	.LFE3-.LFB3
 1227 0020 00000000 		.4byte	.LFB4
 1228 0024 54000000 		.4byte	.LFE4-.LFB4
 1229 0028 00000000 		.4byte	.LFB5
 1230 002c 1C000000 		.4byte	.LFE5-.LFB5
 1231 0030 00000000 		.4byte	.LFB6
 1232 0034 18000000 		.4byte	.LFE6-.LFB6
 1233 0038 00000000 		.4byte	.LFB7
 1234 003c 10000000 		.4byte	.LFE7-.LFB7
 1235 0040 00000000 		.4byte	.LFB8
 1236 0044 20000000 		.4byte	.LFE8-.LFB8
ARM GAS  C:\Users\Helon\AppData\Local\Temp\ccampHS2.s 			page 31


 1237 0048 00000000 		.4byte	.LFB9
 1238 004c 10000000 		.4byte	.LFE9-.LFB9
 1239 0050 00000000 		.4byte	.LFB10
 1240 0054 10000000 		.4byte	.LFE10-.LFB10
 1241 0058 00000000 		.4byte	0
 1242 005c 00000000 		.4byte	0
 1243              		.section	.debug_ranges,"",%progbits
 1244              	.Ldebug_ranges0:
 1245 0000 00000000 		.4byte	.LFB2
 1246 0004 3C000000 		.4byte	.LFE2
 1247 0008 00000000 		.4byte	.LFB3
 1248 000c 2C000000 		.4byte	.LFE3
 1249 0010 00000000 		.4byte	.LFB4
 1250 0014 54000000 		.4byte	.LFE4
 1251 0018 00000000 		.4byte	.LFB5
 1252 001c 1C000000 		.4byte	.LFE5
 1253 0020 00000000 		.4byte	.LFB6
 1254 0024 18000000 		.4byte	.LFE6
 1255 0028 00000000 		.4byte	.LFB7
 1256 002c 10000000 		.4byte	.LFE7
 1257 0030 00000000 		.4byte	.LFB8
 1258 0034 20000000 		.4byte	.LFE8
 1259 0038 00000000 		.4byte	.LFB9
 1260 003c 10000000 		.4byte	.LFE9
 1261 0040 00000000 		.4byte	.LFB10
 1262 0044 10000000 		.4byte	.LFE10
 1263 0048 00000000 		.4byte	0
 1264 004c 00000000 		.4byte	0
 1265              		.section	.debug_line,"",%progbits
 1266              	.Ldebug_line0:
 1267 0000 4C010000 		.section	.debug_str,"MS",%progbits,1
 1267      02006E00 
 1267      00000201 
 1267      FB0E0D00 
 1267      01010101 
 1268              	.LASF14:
 1269 0000 72656733 		.ascii	"reg32\000"
 1269      3200
 1270              	.LASF27:
 1271 0006 636F756E 		.ascii	"count\000"
 1271      7400
 1272              	.LASF25:
 1273 000c 74784461 		.ascii	"txData\000"
 1273      746100
 1274              	.LASF3:
 1275 0013 73686F72 		.ascii	"short unsigned int\000"
 1275      7420756E 
 1275      7369676E 
 1275      65642069 
 1275      6E7400
 1276              	.LASF8:
 1277 0026 756E7369 		.ascii	"unsigned int\000"
 1277      676E6564 
 1277      20696E74 
 1277      00
 1278              	.LASF29:
 1279 0033 55415254 		.ascii	"UART_SpiUartDisableIntRx\000"
ARM GAS  C:\Users\Helon\AppData\Local\Temp\ccampHS2.s 			page 32


 1279      5F537069 
 1279      55617274 
 1279      44697361 
 1279      626C6549 
 1280              	.LASF21:
 1281 004c 6C6F6348 		.ascii	"locHead\000"
 1281      65616400 
 1282              	.LASF11:
 1283 0054 666C6F61 		.ascii	"float\000"
 1283      7400
 1284              	.LASF31:
 1285 005a 55415254 		.ascii	"UART_SpiUartDisableIntTx\000"
 1285      5F537069 
 1285      55617274 
 1285      44697361 
 1285      626C6549 
 1286              	.LASF39:
 1287 0073 473A5C50 		.ascii	"G:\\Project\\LiYangLiu--HanJiang Meter\\Troughpur_C"
 1287      726F6A65 
 1287      63745C4C 
 1287      6959616E 
 1287      674C6975 
 1288 00a3 656E7472 		.ascii	"entral_Peripheral\\Troughput_Central_Peripheral.cyd"
 1288      616C5F50 
 1288      65726970 
 1288      68657261 
 1288      6C5C5472 
 1289 00d5 736E00   		.ascii	"sn\000"
 1290              	.LASF20:
 1291 00d8 73697A65 		.ascii	"size\000"
 1291      00
 1292              	.LASF5:
 1293 00dd 6C6F6E67 		.ascii	"long unsigned int\000"
 1293      20756E73 
 1293      69676E65 
 1293      6420696E 
 1293      7400
 1294              	.LASF9:
 1295 00ef 75696E74 		.ascii	"uint8\000"
 1295      3800
 1296              	.LASF34:
 1297 00f5 55415254 		.ascii	"UART_rxBufferTail\000"
 1297      5F727842 
 1297      75666665 
 1297      72546169 
 1297      6C00
 1298              	.LASF16:
 1299 0107 72784461 		.ascii	"rxData\000"
 1299      746100
 1300              	.LASF26:
 1301 010e 77724275 		.ascii	"wrBuf\000"
 1301      6600
 1302              	.LASF1:
 1303 0114 756E7369 		.ascii	"unsigned char\000"
 1303      676E6564 
 1303      20636861 
 1303      7200
ARM GAS  C:\Users\Helon\AppData\Local\Temp\ccampHS2.s 			page 33


 1304              	.LASF36:
 1305 0122 55415254 		.ascii	"UART_rxBufferInternal\000"
 1305      5F727842 
 1305      75666665 
 1305      72496E74 
 1305      65726E61 
 1306              	.LASF12:
 1307 0138 646F7562 		.ascii	"double\000"
 1307      6C6500
 1308              	.LASF42:
 1309 013f 4379496E 		.ascii	"CyIntEnable\000"
 1309      74456E61 
 1309      626C6500 
 1310              	.LASF10:
 1311 014b 75696E74 		.ascii	"uint32\000"
 1311      333200
 1312              	.LASF40:
 1313 0152 55415254 		.ascii	"UART_SpiUartClearTxBuffer\000"
 1313      5F537069 
 1313      55617274 
 1313      436C6561 
 1313      72547842 
 1314              	.LASF24:
 1315 016c 55415254 		.ascii	"UART_SpiUartPutArray\000"
 1315      5F537069 
 1315      55617274 
 1315      50757441 
 1315      72726179 
 1316              	.LASF32:
 1317 0181 696E7453 		.ascii	"intSourceMask\000"
 1317      6F757263 
 1317      654D6173 
 1317      6B00
 1318              	.LASF30:
 1319 018f 696E7453 		.ascii	"intSource\000"
 1319      6F757263 
 1319      6500
 1320              	.LASF7:
 1321 0199 6C6F6E67 		.ascii	"long long unsigned int\000"
 1321      206C6F6E 
 1321      6720756E 
 1321      7369676E 
 1321      65642069 
 1322              	.LASF35:
 1323 01b0 55415254 		.ascii	"UART_rxBufferOverflow\000"
 1323      5F727842 
 1323      75666665 
 1323      724F7665 
 1323      72666C6F 
 1324              	.LASF17:
 1325 01c6 6C6F6354 		.ascii	"locTail\000"
 1325      61696C00 
 1326              	.LASF15:
 1327 01ce 73697A65 		.ascii	"sizetype\000"
 1327      74797065 
 1327      00
 1328              	.LASF6:
ARM GAS  C:\Users\Helon\AppData\Local\Temp\ccampHS2.s 			page 34


 1329 01d7 6C6F6E67 		.ascii	"long long int\000"
 1329      206C6F6E 
 1329      6720696E 
 1329      7400
 1330              	.LASF23:
 1331 01e5 55415254 		.ascii	"UART_SpiUartWriteTxData\000"
 1331      5F537069 
 1331      55617274 
 1331      57726974 
 1331      65547844 
 1332              	.LASF28:
 1333 01fd 55415254 		.ascii	"UART_SpiUartGetTxBufferSize\000"
 1333      5F537069 
 1333      55617274 
 1333      47657454 
 1333      78427566 
 1334              	.LASF37:
 1335 0219 474E5520 		.ascii	"GNU C 4.9.3 20150303 (release) [ARM/embedded-4_9-br"
 1335      4320342E 
 1335      392E3320 
 1335      32303135 
 1335      30333033 
 1336 024c 616E6368 		.ascii	"anch revision 221220] -mcpu=cortex-m0 -mthumb -g -O"
 1336      20726576 
 1336      6973696F 
 1336      6E203232 
 1336      31323230 
 1337 027f 67202D66 		.ascii	"g -ffunction-sections -ffat-lto-objects\000"
 1337      66756E63 
 1337      74696F6E 
 1337      2D736563 
 1337      74696F6E 
 1338              	.LASF41:
 1339 02a7 4379496E 		.ascii	"CyIntDisable\000"
 1339      74446973 
 1339      61626C65 
 1339      00
 1340              	.LASF2:
 1341 02b4 73686F72 		.ascii	"short int\000"
 1341      7420696E 
 1341      7400
 1342              	.LASF38:
 1343 02be 2E5C4765 		.ascii	".\\Generated_Source\\PSoC4\\UART_SPI_UART.c\000"
 1343      6E657261 
 1343      7465645F 
 1343      536F7572 
 1343      63655C50 
 1344              	.LASF18:
 1345 02e7 55415254 		.ascii	"UART_SpiUartReadRxData\000"
 1345      5F537069 
 1345      55617274 
 1345      52656164 
 1345      52784461 
 1346              	.LASF4:
 1347 02fe 6C6F6E67 		.ascii	"long int\000"
 1347      20696E74 
 1347      00
ARM GAS  C:\Users\Helon\AppData\Local\Temp\ccampHS2.s 			page 35


 1348              	.LASF13:
 1349 0307 63686172 		.ascii	"char\000"
 1349      00
 1350              	.LASF22:
 1351 030c 55415254 		.ascii	"UART_SpiUartClearRxBuffer\000"
 1351      5F537069 
 1351      55617274 
 1351      436C6561 
 1351      72527842 
 1352              	.LASF0:
 1353 0326 7369676E 		.ascii	"signed char\000"
 1353      65642063 
 1353      68617200 
 1354              	.LASF19:
 1355 0332 55415254 		.ascii	"UART_SpiUartGetRxBufferSize\000"
 1355      5F537069 
 1355      55617274 
 1355      47657452 
 1355      78427566 
 1356              	.LASF33:
 1357 034e 55415254 		.ascii	"UART_rxBufferHead\000"
 1357      5F727842 
 1357      75666665 
 1357      72486561 
 1357      6400
 1358              		.ident	"GCC: (GNU Tools for ARM Embedded Processors) 4.9.3 20150303 (release) [ARM/embedded-4_9-br
