ARM GAS  C:\Users\Helon\AppData\Local\Temp\ccBnPbfg.s 			page 1


   1              		.cpu cortex-m0
   2              		.fpu softvfp
   3              		.eabi_attribute 20, 1
   4              		.eabi_attribute 21, 1
   5              		.eabi_attribute 23, 3
   6              		.eabi_attribute 24, 1
   7              		.eabi_attribute 25, 1
   8              		.eabi_attribute 26, 1
   9              		.eabi_attribute 30, 1
  10              		.eabi_attribute 34, 0
  11              		.eabi_attribute 18, 4
  12              		.code	16
  13              		.file	"WriteUserSFlash.c"
  14              		.text
  15              	.Ltext0:
  16              		.cfi_sections	.debug_frame
  17              		.section	.text.WriteUserSFlashRow,"ax",%progbits
  18              		.align	2
  19              		.global	WriteUserSFlashRow
  20              		.code	16
  21              		.thumb_func
  22              		.type	WriteUserSFlashRow, %function
  23              	WriteUserSFlashRow:
  24              	.LFB37:
  25              		.file 1 ".\\WriteUserSFlash.c"
   1:.\WriteUserSFlash.c **** /*******************************************************************************
   2:.\WriteUserSFlash.c **** * File Name: WriteUserSFlash.c
   3:.\WriteUserSFlash.c **** *
   4:.\WriteUserSFlash.c **** * Version: 1.0
   5:.\WriteUserSFlash.c **** *
   6:.\WriteUserSFlash.c **** * Description:
   7:.\WriteUserSFlash.c **** *  This file contains the source code for User SFlash Write API.
   8:.\WriteUserSFlash.c **** *
   9:.\WriteUserSFlash.c **** * Owner:
  10:.\WriteUserSFlash.c **** *  sey@cypress.com, kris@cypress.com
  11:.\WriteUserSFlash.c **** *
  12:.\WriteUserSFlash.c **** * Hardware Dependency:
  13:.\WriteUserSFlash.c **** *  1. PSoC 4 BLE device
  14:.\WriteUserSFlash.c **** *
  15:.\WriteUserSFlash.c **** * Code Tested With:
  16:.\WriteUserSFlash.c **** *  1. PSoC Creator 3.1 SP1
  17:.\WriteUserSFlash.c **** *  2. ARM GCC 4.8.4
  18:.\WriteUserSFlash.c **** *
  19:.\WriteUserSFlash.c **** ********************************************************************************
  20:.\WriteUserSFlash.c **** * Copyright 2015, Cypress Semiconductor Corporation.  All rights reserved.
  21:.\WriteUserSFlash.c **** * You may use this file only in accordance with the license, terms, conditions,
  22:.\WriteUserSFlash.c **** * disclaimers, and limitations in the end user license agreement accompanying
  23:.\WriteUserSFlash.c **** * the software package with which this file was provided.
  24:.\WriteUserSFlash.c **** *******************************************************************************/
  25:.\WriteUserSFlash.c **** 
  26:.\WriteUserSFlash.c **** #include <Project.h>
  27:.\WriteUserSFlash.c **** #include <WriteUserSFlash.h>
  28:.\WriteUserSFlash.c **** 
  29:.\WriteUserSFlash.c **** /***************************************
  30:.\WriteUserSFlash.c **** * 全局变量
  31:.\WriteUserSFlash.c **** ***************************************/
  32:.\WriteUserSFlash.c **** char SetDeviceName[23]={0};
ARM GAS  C:\Users\Helon\AppData\Local\Temp\ccBnPbfg.s 			page 2


  33:.\WriteUserSFlash.c **** /*******************************************************************************
  34:.\WriteUserSFlash.c **** * Function Name: WriteUserSFlashRow
  35:.\WriteUserSFlash.c **** ********************************************************************************
  36:.\WriteUserSFlash.c **** * Summary:
  37:.\WriteUserSFlash.c **** *        This routine calls the PSoC 4 BLE device supervisory ROM APIs to update
  38:.\WriteUserSFlash.c **** * the user configuration area of Supervisory Flash (SFlash).  
  39:.\WriteUserSFlash.c **** *
  40:.\WriteUserSFlash.c **** * Parameters:
  41:.\WriteUserSFlash.c **** *  userRowNUmber - User config SFlash row number to which data is to be written
  42:.\WriteUserSFlash.c **** *  dataPointer - Pointer to the data to be written. This API writes one row of
  43:.\WriteUserSFlash.c **** *                user config SFlash row at a time.
  44:.\WriteUserSFlash.c **** *
  45:.\WriteUserSFlash.c **** * Return:
  46:.\WriteUserSFlash.c **** *  uint32 - state of the user config SFlash write operation.
  47:.\WriteUserSFlash.c **** *
  48:.\WriteUserSFlash.c **** *******************************************************************************/
  49:.\WriteUserSFlash.c **** #if defined (__GNUC__)
  50:.\WriteUserSFlash.c **** #pragma GCC optimize ("O0")
  51:.\WriteUserSFlash.c **** #endif /* End of #if defined (__GNUC__) */
  52:.\WriteUserSFlash.c **** uint32 WriteUserSFlashRow(uint8 userRowNUmber, uint32 *dataPointer,uint8_t datalength,uint8_t addre
  53:.\WriteUserSFlash.c **** {    
  26              		.loc 1 53 0
  27              		.cfi_startproc
  28              	.LVL0:
  29 0000 F0B5     		push	{r4, r5, r6, r7, lr}
  30              		.cfi_def_cfa_offset 20
  31              		.cfi_offset 4, -20
  32              		.cfi_offset 5, -16
  33              		.cfi_offset 6, -12
  34              		.cfi_offset 7, -8
  35              		.cfi_offset 14, -4
  36 0002 93B0     		sub	sp, sp, #76
  37              		.cfi_def_cfa_offset 96
  38 0004 00AF     		add	r7, sp, #0
  39              		.cfi_def_cfa_register 7
  40 0006 061C     		mov	r6, r0
  41 0008 B961     		str	r1, [r7, #24]
  42 000a 101C     		mov	r0, r2
  43              	.LVL1:
  44 000c 191C     		mov	r1, r3
  45              	.LVL2:
  46 000e 1F23     		mov	r3, #31
  47              	.LVL3:
  48 0010 FB18     		add	r3, r7, r3
  49 0012 321C     		add	r2, r6, #0
  50              	.LVL4:
  51 0014 1A70     		strb	r2, [r3]
  52 0016 1E23     		mov	r3, #30
  53 0018 FB18     		add	r3, r7, r3
  54 001a 021C     		add	r2, r0, #0
  55 001c 1A70     		strb	r2, [r3]
  56 001e 1D23     		mov	r3, #29
  57 0020 FB18     		add	r3, r7, r3
  58 0022 0A1C     		add	r2, r1, #0
  59 0024 1A70     		strb	r2, [r3]
  60 0026 6B46     		mov	r3, sp
  61 0028 181C     		mov	r0, r3
ARM GAS  C:\Users\Helon\AppData\Local\Temp\ccBnPbfg.s 			page 3


  54:.\WriteUserSFlash.c ****     if(userRowNUmber==0)
  62              		.loc 1 54 0
  63 002a 1F23     		mov	r3, #31
  64 002c FB18     		add	r3, r7, r3
  65 002e 1B78     		ldrb	r3, [r3]
  66 0030 002B     		cmp	r3, #0
  67 0032 07D1     		bne	.L2
  55:.\WriteUserSFlash.c ****     {
  56:.\WriteUserSFlash.c ****         if(address<6)
  68              		.loc 1 56 0
  69 0034 1D23     		mov	r3, #29
  70 0036 FB18     		add	r3, r7, r3
  71 0038 1B78     		ldrb	r3, [r3]
  72 003a 052B     		cmp	r3, #5
  73 003c 02D8     		bhi	.L2
  57:.\WriteUserSFlash.c ****             return USER_SFLASH_WRITE_FAIL;
  74              		.loc 1 57 0
  75 003e 0123     		mov	r3, #1
  76 0040 5B42     		neg	r3, r3
  77 0042 B3E0     		b	.L3
  78              	.L2:
  58:.\WriteUserSFlash.c ****     }
  59:.\WriteUserSFlash.c ****     uint8 localCount;
  60:.\WriteUserSFlash.c **** 	volatile uint32 retValue=0;
  79              		.loc 1 60 0
  80 0044 0023     		mov	r3, #0
  81 0046 BB63     		str	r3, [r7, #56]
  61:.\WriteUserSFlash.c **** //	volatile uint32 cmdDataBuffer[(CY_FLASH_SIZEOF_ROW/4) + 2];
  62:.\WriteUserSFlash.c ****     volatile uint32 cmdDataBuffer[datalength+2];
  82              		.loc 1 62 0
  83 0048 1E23     		mov	r3, #30
  84 004a FB18     		add	r3, r7, r3
  85 004c 1B78     		ldrb	r3, [r3]
  86 004e 0233     		add	r3, r3, #2
  87 0050 5A1E     		sub	r2, r3, #1
  88 0052 3A64     		str	r2, [r7, #64]
  89              	.LVL5:
  90 0054 1A1C     		mov	r2, r3
  91              	.LVL6:
  92 0056 3A61     		str	r2, [r7, #16]
  93 0058 0022     		mov	r2, #0
  94 005a 7A61     		str	r2, [r7, #20]
  95 005c 3A69     		ldr	r2, [r7, #16]
  96 005e D20E     		lsr	r2, r2, #27
  97 0060 7969     		ldr	r1, [r7, #20]
  98 0062 4901     		lsl	r1, r1, #5
  99 0064 7960     		str	r1, [r7, #4]
 100 0066 7968     		ldr	r1, [r7, #4]
 101 0068 1143     		orr	r1, r2
 102 006a 7960     		str	r1, [r7, #4]
 103 006c 3A69     		ldr	r2, [r7, #16]
 104 006e 5201     		lsl	r2, r2, #5
 105 0070 3A60     		str	r2, [r7]
 106 0072 1A1C     		mov	r2, r3
 107 0074 BA60     		str	r2, [r7, #8]
 108 0076 0022     		mov	r2, #0
 109 0078 FA60     		str	r2, [r7, #12]
ARM GAS  C:\Users\Helon\AppData\Local\Temp\ccBnPbfg.s 			page 4


 110 007a BA68     		ldr	r2, [r7, #8]
 111 007c D20E     		lsr	r2, r2, #27
 112 007e F968     		ldr	r1, [r7, #12]
 113 0080 4D01     		lsl	r5, r1, #5
 114 0082 1543     		orr	r5, r2
 115 0084 BA68     		ldr	r2, [r7, #8]
 116 0086 5401     		lsl	r4, r2, #5
 117 0088 9B00     		lsl	r3, r3, #2
 118 008a 0333     		add	r3, r3, #3
 119 008c 0733     		add	r3, r3, #7
 120 008e DB08     		lsr	r3, r3, #3
 121 0090 DB00     		lsl	r3, r3, #3
 122 0092 6A46     		mov	r2, sp
 123 0094 D31A     		sub	r3, r2, r3
 124 0096 9D46     		mov	sp, r3
 125              	.LVL7:
 126 0098 6B46     		mov	r3, sp
 127 009a 0333     		add	r3, r3, #3
 128 009c 9B08     		lsr	r3, r3, #2
 129 009e 9B00     		lsl	r3, r3, #2
 130 00a0 FB63     		str	r3, [r7, #60]
 131              	.LVL8:
  63:.\WriteUserSFlash.c **** 	volatile uint32 reg1,reg2,reg3,reg4,reg5,reg6;
  64:.\WriteUserSFlash.c **** 	
  65:.\WriteUserSFlash.c **** 	/* Store the clock settings temporarily */
  66:.\WriteUserSFlash.c ****     reg1 =	CY_GET_XTND_REG32((void CYFAR *)(CYREG_CLK_SELECT));
 132              		.loc 1 66 0
 133 00a2 454B     		ldr	r3, .L7
 134              	.LVL9:
 135 00a4 1B68     		ldr	r3, [r3]
 136 00a6 7B63     		str	r3, [r7, #52]
  67:.\WriteUserSFlash.c ****     reg2 =  CY_GET_XTND_REG32((void CYFAR *)(CYREG_CLK_IMO_CONFIG));
 137              		.loc 1 67 0
 138 00a8 444B     		ldr	r3, .L7+4
 139 00aa 1B68     		ldr	r3, [r3]
 140 00ac 3B63     		str	r3, [r7, #48]
  68:.\WriteUserSFlash.c ****     reg3 =  CY_GET_XTND_REG32((void CYFAR *)(CYREG_PWR_BG_TRIM4));
 141              		.loc 1 68 0
 142 00ae 444B     		ldr	r3, .L7+8
 143 00b0 1B68     		ldr	r3, [r3]
 144 00b2 FB62     		str	r3, [r7, #44]
  69:.\WriteUserSFlash.c ****     reg4 =  CY_GET_XTND_REG32((void CYFAR *)(CYREG_PWR_BG_TRIM5));
 145              		.loc 1 69 0
 146 00b4 434B     		ldr	r3, .L7+12
 147 00b6 1B68     		ldr	r3, [r3]
 148 00b8 BB62     		str	r3, [r7, #40]
  70:.\WriteUserSFlash.c ****     reg5 =  CY_GET_XTND_REG32((void CYFAR *)(CYREG_CLK_IMO_TRIM1));
 149              		.loc 1 70 0
 150 00ba 434B     		ldr	r3, .L7+16
 151 00bc 1B68     		ldr	r3, [r3]
 152 00be 7B62     		str	r3, [r7, #36]
  71:.\WriteUserSFlash.c ****     reg6 =  CY_GET_XTND_REG32((void CYFAR *)(CYREG_CLK_IMO_TRIM2));
 153              		.loc 1 71 0
 154 00c0 424B     		ldr	r3, .L7+20
 155 00c2 1B68     		ldr	r3, [r3]
 156 00c4 3B62     		str	r3, [r7, #32]
  72:.\WriteUserSFlash.c **** 	
ARM GAS  C:\Users\Helon\AppData\Local\Temp\ccBnPbfg.s 			page 5


  73:.\WriteUserSFlash.c **** 	/* Initialize the clock necessary for flash programming */
  74:.\WriteUserSFlash.c **** 	CY_SET_REG32(CYREG_CPUSS_SYSARG, 0x0000e8b6);
 157              		.loc 1 74 0
 158 00c6 424B     		ldr	r3, .L7+24
 159 00c8 424A     		ldr	r2, .L7+28
 160              	.LVL10:
 161 00ca 1A60     		str	r2, [r3]
  75:.\WriteUserSFlash.c **** 	CY_SET_REG32(CYREG_CPUSS_SYSREQ, 0x80000015);
 162              		.loc 1 75 0
 163 00cc 424B     		ldr	r3, .L7+32
 164 00ce 434A     		ldr	r2, .L7+36
 165 00d0 1A60     		str	r2, [r3]
  76:.\WriteUserSFlash.c **** 	
  77:.\WriteUserSFlash.c **** 	/******* Initialize SRAM parameters for the LOAD FLASH command ******/
  78:.\WriteUserSFlash.c **** 	/* byte 3 (i.e. 00) is the Macro_select */
  79:.\WriteUserSFlash.c **** 	/* byte 2 (i.e. 00) is the Start addr of page latch 
  80:.\WriteUserSFlash.c ****        如果是第0行，前6个字节不能修改，否则MAC地址会丢失*/
  81:.\WriteUserSFlash.c **** 	/* byte 1 (i.e. d7) is the key 2  */
  82:.\WriteUserSFlash.c **** 	/* byte 0 (i.e. b6) is the key 1  */
  83:.\WriteUserSFlash.c ****   	cmdDataBuffer[0]=0x0000d7b6|(address<<16);
 166              		.loc 1 83 0
 167 00d2 1D23     		mov	r3, #29
 168 00d4 FB18     		add	r3, r7, r3
 169 00d6 1B78     		ldrb	r3, [r3]
 170 00d8 1B04     		lsl	r3, r3, #16
 171 00da 414A     		ldr	r2, .L7+40
 172 00dc 1343     		orr	r3, r2
 173 00de 1A1C     		mov	r2, r3
 174 00e0 FB6B     		ldr	r3, [r7, #60]
 175 00e2 1A60     		str	r2, [r3]
  84:.\WriteUserSFlash.c **** 	/****** Initialize SRAM parameters for the LOAD FLASH command ******/
  85:.\WriteUserSFlash.c **** 	/* byte 3,2 and 1 are null */
  86:.\WriteUserSFlash.c **** 	/* byte 0 (i.e. 7F) is the number of bytes to be written */
  87:.\WriteUserSFlash.c **** 	cmdDataBuffer[1]=(0x00000000|datalength)-1;	     
 176              		.loc 1 87 0
 177 00e4 1E23     		mov	r3, #30
 178 00e6 FB18     		add	r3, r7, r3
 179 00e8 1B78     		ldrb	r3, [r3]
 180 00ea 013B     		sub	r3, r3, #1
 181 00ec 1A1C     		mov	r2, r3
 182 00ee FB6B     		ldr	r3, [r7, #60]
 183 00f0 5A60     		str	r2, [r3, #4]
  88:.\WriteUserSFlash.c **** 	/* Initialize the SRAM buffer with data bytes */
  89:.\WriteUserSFlash.c **** //    cmdDataBuffer[2] = *dataPointer;
  90:.\WriteUserSFlash.c ****     for(localCount = 0; localCount < datalength; localCount++)    
 184              		.loc 1 90 0
 185 00f2 2F23     		mov	r3, #47
 186 00f4 1822     		mov	r2, #24
 187 00f6 9446     		mov	ip, r2
 188 00f8 BC44     		add	ip, ip, r7
 189 00fa 6344     		add	r3, r3, ip
 190 00fc 0022     		mov	r2, #0
 191 00fe 1A70     		strb	r2, [r3]
 192              	.LVL11:
 193 0100 20E0     		b	.L4
 194              	.L5:
  91:.\WriteUserSFlash.c **** 	{
ARM GAS  C:\Users\Helon\AppData\Local\Temp\ccBnPbfg.s 			page 6


  92:.\WriteUserSFlash.c **** 		cmdDataBuffer[localCount + 2] = dataPointer[localCount]; 
 195              		.loc 1 92 0 discriminator 3
 196 0102 2F23     		mov	r3, #47
 197 0104 1822     		mov	r2, #24
 198 0106 9446     		mov	ip, r2
 199 0108 BC44     		add	ip, ip, r7
 200 010a 6344     		add	r3, r3, ip
 201 010c 1B78     		ldrb	r3, [r3]
 202 010e 9A1C     		add	r2, r3, #2
 203 0110 2F23     		mov	r3, #47
 204 0112 1821     		mov	r1, #24
 205 0114 8C46     		mov	ip, r1
 206 0116 BC44     		add	ip, ip, r7
 207 0118 6344     		add	r3, r3, ip
 208 011a 1B78     		ldrb	r3, [r3]
 209 011c 9B00     		lsl	r3, r3, #2
 210 011e B969     		ldr	r1, [r7, #24]
 211 0120 CB18     		add	r3, r1, r3
 212 0122 1968     		ldr	r1, [r3]
 213 0124 FB6B     		ldr	r3, [r7, #60]
 214 0126 9200     		lsl	r2, r2, #2
 215 0128 D150     		str	r1, [r2, r3]
  90:.\WriteUserSFlash.c **** 	{
 216              		.loc 1 90 0 discriminator 3
 217 012a 2F23     		mov	r3, #47
 218 012c 1822     		mov	r2, #24
 219 012e 9446     		mov	ip, r2
 220 0130 BC44     		add	ip, ip, r7
 221 0132 6344     		add	r3, r3, ip
 222 0134 1A78     		ldrb	r2, [r3]
 223 0136 2F23     		mov	r3, #47
 224 0138 1821     		mov	r1, #24
 225 013a 8C46     		mov	ip, r1
 226 013c BC44     		add	ip, ip, r7
 227 013e 6344     		add	r3, r3, ip
 228 0140 0132     		add	r2, r2, #1
 229 0142 1A70     		strb	r2, [r3]
 230              	.LVL12:
 231              	.L4:
  90:.\WriteUserSFlash.c **** 	{
 232              		.loc 1 90 0 is_stmt 0 discriminator 1
 233 0144 2F23     		mov	r3, #47
 234 0146 1822     		mov	r2, #24
 235 0148 BA18     		add	r2, r7, r2
 236 014a D218     		add	r2, r2, r3
 237 014c 1E23     		mov	r3, #30
 238 014e FB18     		add	r3, r7, r3
 239 0150 1278     		ldrb	r2, [r2]
 240 0152 1B78     		ldrb	r3, [r3]
 241 0154 9A42     		cmp	r2, r3
 242 0156 D4D3     		bcc	.L5
  93:.\WriteUserSFlash.c **** 	}
  94:.\WriteUserSFlash.c **** 	
  95:.\WriteUserSFlash.c **** 	/* Write the following to registers to execute a LOAD FLASH bytes */
  96:.\WriteUserSFlash.c **** 	CY_SET_REG32(CYREG_CPUSS_SYSARG, &cmdDataBuffer[0]);
 243              		.loc 1 96 0 is_stmt 1
 244 0158 1D4B     		ldr	r3, .L7+24
ARM GAS  C:\Users\Helon\AppData\Local\Temp\ccBnPbfg.s 			page 7


 245 015a FA6B     		ldr	r2, [r7, #60]
 246 015c 1A60     		str	r2, [r3]
  97:.\WriteUserSFlash.c **** 	CY_SET_REG32(CYREG_CPUSS_SYSREQ, LOAD_FLASH);
 247              		.loc 1 97 0
 248 015e 1E4B     		ldr	r3, .L7+32
 249 0160 204A     		ldr	r2, .L7+44
 250 0162 1A60     		str	r2, [r3]
  98:.\WriteUserSFlash.c **** 	
  99:.\WriteUserSFlash.c ****     /****** Initialize SRAM parameters for the WRITE ROW command ******/
 100:.\WriteUserSFlash.c **** 	/* byte 3 & 2 are null */
 101:.\WriteUserSFlash.c **** 	/* byte 1 (i.e. 0xeb) is the key 2  */
 102:.\WriteUserSFlash.c **** 	/* byte 0 (i.e. 0xb6) is the key 1  */
 103:.\WriteUserSFlash.c **** 	cmdDataBuffer[0] = 0x0000ebb6;
 251              		.loc 1 103 0
 252 0164 FB6B     		ldr	r3, [r7, #60]
 253 0166 204A     		ldr	r2, .L7+48
 254 0168 1A60     		str	r2, [r3]
 104:.\WriteUserSFlash.c ****     
 105:.\WriteUserSFlash.c **** 	/* byte 7,6 and 5 are null */
 106:.\WriteUserSFlash.c **** 	/* byte 4 is desired SFlash user row 
 107:.\WriteUserSFlash.c **** 	 * Allowed values 0 - row 4
 108:.\WriteUserSFlash.c **** 	                  1 - row 5 
 109:.\WriteUserSFlash.c **** 					  2 - row 6
 110:.\WriteUserSFlash.c **** 					  3 - row 7 */
 111:.\WriteUserSFlash.c **** 	cmdDataBuffer[1] = (uint32) userRowNUmber;
 255              		.loc 1 111 0
 256 016a 1F23     		mov	r3, #31
 257 016c FB18     		add	r3, r7, r3
 258 016e 1A78     		ldrb	r2, [r3]
 259 0170 FB6B     		ldr	r3, [r7, #60]
 260 0172 5A60     		str	r2, [r3, #4]
 112:.\WriteUserSFlash.c **** 	
 113:.\WriteUserSFlash.c **** 	/* Write the following to registers to execute a WRITE USER SFlash ROW command */
 114:.\WriteUserSFlash.c **** 	CY_SET_REG32(CYREG_CPUSS_SYSARG, &cmdDataBuffer[0]);
 261              		.loc 1 114 0
 262 0174 164B     		ldr	r3, .L7+24
 263 0176 FA6B     		ldr	r2, [r7, #60]
 264 0178 1A60     		str	r2, [r3]
 115:.\WriteUserSFlash.c **** 	CY_SET_REG32(CYREG_CPUSS_SYSREQ, WRITE_USER_SFLASH_ROW);
 265              		.loc 1 115 0
 266 017a 174B     		ldr	r3, .L7+32
 267 017c 1B4A     		ldr	r2, .L7+52
 268 017e 1A60     		str	r2, [r3]
 116:.\WriteUserSFlash.c ****     
 117:.\WriteUserSFlash.c **** 	/* Read back SYSARG for the result. 0xA0000000 = SUCCESS; */
 118:.\WriteUserSFlash.c **** 	retValue = CY_GET_REG32(CYREG_CPUSS_SYSARG);
 269              		.loc 1 118 0
 270 0180 134B     		ldr	r3, .L7+24
 271 0182 1B68     		ldr	r3, [r3]
 272 0184 BB63     		str	r3, [r7, #56]
 119:.\WriteUserSFlash.c **** 	
 120:.\WriteUserSFlash.c **** 	/* Restore the clock settings after the flash programming is done */
 121:.\WriteUserSFlash.c ****     CY_SET_XTND_REG32((void CYFAR *)(CYREG_CLK_SELECT),reg1);
 273              		.loc 1 121 0
 274 0186 0C4B     		ldr	r3, .L7
 275 0188 7A6B     		ldr	r2, [r7, #52]
 276 018a 1A60     		str	r2, [r3]
ARM GAS  C:\Users\Helon\AppData\Local\Temp\ccBnPbfg.s 			page 8


 122:.\WriteUserSFlash.c ****     CY_SET_XTND_REG32((void CYFAR *)(CYREG_CLK_IMO_CONFIG),reg2);
 277              		.loc 1 122 0
 278 018c 0B4B     		ldr	r3, .L7+4
 279 018e 3A6B     		ldr	r2, [r7, #48]
 280 0190 1A60     		str	r2, [r3]
 123:.\WriteUserSFlash.c ****     CY_SET_XTND_REG32((void CYFAR *)(CYREG_PWR_BG_TRIM4),reg3);
 281              		.loc 1 123 0
 282 0192 0B4B     		ldr	r3, .L7+8
 283 0194 FA6A     		ldr	r2, [r7, #44]
 284 0196 1A60     		str	r2, [r3]
 124:.\WriteUserSFlash.c ****     CY_SET_XTND_REG32((void CYFAR *)(CYREG_PWR_BG_TRIM5),reg4);
 285              		.loc 1 124 0
 286 0198 0A4B     		ldr	r3, .L7+12
 287 019a BA6A     		ldr	r2, [r7, #40]
 288 019c 1A60     		str	r2, [r3]
 125:.\WriteUserSFlash.c ****     CY_SET_XTND_REG32((void CYFAR *)(CYREG_CLK_IMO_TRIM1),reg5);
 289              		.loc 1 125 0
 290 019e 0A4B     		ldr	r3, .L7+16
 291 01a0 7A6A     		ldr	r2, [r7, #36]
 292 01a2 1A60     		str	r2, [r3]
 126:.\WriteUserSFlash.c ****     CY_SET_XTND_REG32((void CYFAR *)(CYREG_CLK_IMO_TRIM2),reg6);  
 293              		.loc 1 126 0
 294 01a4 094B     		ldr	r3, .L7+20
 295 01a6 3A6A     		ldr	r2, [r7, #32]
 296 01a8 1A60     		str	r2, [r3]
 127:.\WriteUserSFlash.c **** 	
 128:.\WriteUserSFlash.c **** 	return retValue;
 297              		.loc 1 128 0
 298 01aa BB6B     		ldr	r3, [r7, #56]
 299              	.LVL13:
 300              	.L3:
 301 01ac 8546     		mov	sp, r0
 129:.\WriteUserSFlash.c **** }
 302              		.loc 1 129 0
 303 01ae 181C     		mov	r0, r3
 304 01b0 BD46     		mov	sp, r7
 305 01b2 13B0     		add	sp, sp, #76
 306              		@ sp needed
 307              	.LVL14:
 308 01b4 F0BD     		pop	{r4, r5, r6, r7, pc}
 309              	.L8:
 310 01b6 C046     		.align	2
 311              	.L7:
 312 01b8 00010B40 		.word	1074462976
 313 01bc 08010B40 		.word	1074462984
 314 01c0 1CFF0B40 		.word	1074528028
 315 01c4 20FF0B40 		.word	1074528032
 316 01c8 28FF0B40 		.word	1074528040
 317 01cc 2CFF0B40 		.word	1074528044
 318 01d0 08001040 		.word	1074790408
 319 01d4 B6E80000 		.word	59574
 320 01d8 04001040 		.word	1074790404
 321 01dc 15000080 		.word	-2147483627
 322 01e0 B6D70000 		.word	55222
 323 01e4 04000080 		.word	-2147483644
 324 01e8 B6EB0000 		.word	60342
 325 01ec 18000080 		.word	-2147483624
ARM GAS  C:\Users\Helon\AppData\Local\Temp\ccBnPbfg.s 			page 9


 326              		.cfi_endproc
 327              	.LFE37:
 328              		.size	WriteUserSFlashRow, .-WriteUserSFlashRow
 329              		.section	.text.ReadDataFromSFlash,"ax",%progbits
 330              		.align	2
 331              		.global	ReadDataFromSFlash
 332              		.code	16
 333              		.thumb_func
 334              		.type	ReadDataFromSFlash, %function
 335              	ReadDataFromSFlash:
 336              	.LFB38:
 130:.\WriteUserSFlash.c **** #if defined (__GNUC__)
 131:.\WriteUserSFlash.c **** #pragma GCC reset_options
 132:.\WriteUserSFlash.c **** #endif /* End of #if defined (__GNUC__) */
 133:.\WriteUserSFlash.c **** 
 134:.\WriteUserSFlash.c **** /*******************************************************************************
 135:.\WriteUserSFlash.c **** * Function Name: ReadDataFromSFlash
 136:.\WriteUserSFlash.c **** ********************************************************************************
 137:.\WriteUserSFlash.c **** *
 138:.\WriteUserSFlash.c **** *
 139:.\WriteUserSFlash.c **** * 
 140:.\WriteUserSFlash.c **** *  读取SFlash中的第一个数据
 141:.\WriteUserSFlash.c **** * \param  none
 142:.\WriteUserSFlash.c **** * \return
 143:.\WriteUserSFlash.c **** *  None
 144:.\WriteUserSFlash.c **** *       SFlash中有506Bytes字节的用户可配置的空间
 145:.\WriteUserSFlash.c **** ******************************************************************************/
 146:.\WriteUserSFlash.c **** uint8_t ReadDataFromSFlash()
 147:.\WriteUserSFlash.c **** {
 337              		.loc 1 147 0
 338              		.cfi_startproc
 339              	.LVL15:
 148:.\WriteUserSFlash.c ****     
 149:.\WriteUserSFlash.c ****     uint8_t FlashData=0;
 150:.\WriteUserSFlash.c ****     uint8_t *sflashPtr=(uint8_t *)USER_SFLASH_BASE_ADDRESS;//SFlash的首地址
 151:.\WriteUserSFlash.c ****     sflashPtr=sflashPtr+6;
 152:.\WriteUserSFlash.c ****     FlashData=*sflashPtr;
 153:.\WriteUserSFlash.c ****     return FlashData;    
 340              		.loc 1 153 0
 341 0000 014B     		ldr	r3, .L10
 342              	.LVL16:
 343 0002 1878     		ldrb	r0, [r3]
 154:.\WriteUserSFlash.c **** }
 344              		.loc 1 154 0
 345              		@ sp needed
 346 0004 7047     		bx	lr
 347              	.L11:
 348 0006 C046     		.align	2
 349              	.L10:
 350 0008 06F2FF0F 		.word	268431878
 351              		.cfi_endproc
 352              	.LFE38:
 353              		.size	ReadDataFromSFlash, .-ReadDataFromSFlash
 354              		.section	.text.ReadDeviceNameFromSFlash,"ax",%progbits
 355              		.align	2
 356              		.global	ReadDeviceNameFromSFlash
 357              		.code	16
ARM GAS  C:\Users\Helon\AppData\Local\Temp\ccBnPbfg.s 			page 10


 358              		.thumb_func
 359              		.type	ReadDeviceNameFromSFlash, %function
 360              	ReadDeviceNameFromSFlash:
 361              	.LFB39:
 155:.\WriteUserSFlash.c **** 
 156:.\WriteUserSFlash.c **** /*******************************************************************************
 157:.\WriteUserSFlash.c **** * Function Name: ReadDeviceNameFromSFlash
 158:.\WriteUserSFlash.c **** ********************************************************************************
 159:.\WriteUserSFlash.c **** *
 160:.\WriteUserSFlash.c **** *
 161:.\WriteUserSFlash.c **** * 
 162:.\WriteUserSFlash.c **** *  读取存放在SFlash中的设备名
 163:.\WriteUserSFlash.c **** * \param  none
 164:.\WriteUserSFlash.c **** * \return
 165:.\WriteUserSFlash.c **** *  None
 166:.\WriteUserSFlash.c **** *       SFlash中有506Bytes字节的用户可配置的空间
 167:.\WriteUserSFlash.c **** ******************************************************************************/
 168:.\WriteUserSFlash.c **** uint8_t ReadDeviceNameFromSFlash()
 169:.\WriteUserSFlash.c **** {
 362              		.loc 1 169 0
 363              		.cfi_startproc
 364 0000 08B5     		push	{r3, lr}
 365              		.cfi_def_cfa_offset 8
 366              		.cfi_offset 3, -8
 367              		.cfi_offset 14, -4
 368              	.LVL17:
 170:.\WriteUserSFlash.c ****     uint8_t FlashData=0;
 171:.\WriteUserSFlash.c ****     uint8_t *sflashPtr=(uint8_t *)USER_SFLASH_BASE_ADDRESS;//SFlash的首地址
 172:.\WriteUserSFlash.c ****     FlashData=*(sflashPtr+128);//取得存放在SFlash的设备名的长度
 369              		.loc 1 172 0
 370 0002 8023     		mov	r3, #128
 371 0004 054A     		ldr	r2, .L15
 372 0006 D25C     		ldrb	r2, [r2, r3]
 373              	.LVL18:
 173:.\WriteUserSFlash.c ****     if(FlashData==0)
 374              		.loc 1 173 0
 375 0008 002A     		cmp	r2, #0
 376 000a 05D0     		beq	.L14
 174:.\WriteUserSFlash.c ****         return 0;
 175:.\WriteUserSFlash.c ****     else
 176:.\WriteUserSFlash.c ****     {
 177:.\WriteUserSFlash.c ****         memcpy(SetDeviceName,sflashPtr+128*2,FlashData); 
 377              		.loc 1 177 0
 378 000c 0448     		ldr	r0, .L15+4
 379 000e 0549     		ldr	r1, .L15+8
 380 0010 FFF7FEFF 		bl	memcpy
 381              	.LVL19:
 178:.\WriteUserSFlash.c ****         return 1;
 382              		.loc 1 178 0
 383 0014 0120     		mov	r0, #1
 384 0016 00E0     		b	.L13
 385              	.LVL20:
 386              	.L14:
 174:.\WriteUserSFlash.c ****         return 0;
 387              		.loc 1 174 0
 388 0018 0020     		mov	r0, #0
 389              	.LVL21:
ARM GAS  C:\Users\Helon\AppData\Local\Temp\ccBnPbfg.s 			page 11


 390              	.L13:
 179:.\WriteUserSFlash.c ****     }
 180:.\WriteUserSFlash.c **** }
 391              		.loc 1 180 0
 392              		@ sp needed
 393 001a 08BD     		pop	{r3, pc}
 394              	.L16:
 395              		.align	2
 396              	.L15:
 397 001c 00F2FF0F 		.word	268431872
 398 0020 00000000 		.word	.LANCHOR0
 399 0024 00F3FF0F 		.word	268432128
 400              		.cfi_endproc
 401              	.LFE39:
 402              		.size	ReadDeviceNameFromSFlash, .-ReadDeviceNameFromSFlash
 403              		.global	SetDeviceName
 404              		.bss
 405              		.align	2
 406              		.set	.LANCHOR0,. + 0
 407              		.type	SetDeviceName, %object
 408              		.size	SetDeviceName, 23
 409              	SetDeviceName:
 410 0000 00000000 		.space	23
 410      00000000 
 410      00000000 
 410      00000000 
 410      00000000 
 411 0017 00       		.text
 412              	.Letext0:
 413              		.file 2 "c:\\program files (x86)\\cypress\\psoc creator\\3.3\\psoc creator\\import\\gnu\\arm\\4.9.
 414              		.file 3 "c:\\program files (x86)\\cypress\\psoc creator\\3.3\\psoc creator\\import\\gnu\\arm\\4.9.
 415              		.file 4 "Generated_Source\\PSoC4/cytypes.h"
 416              		.file 5 "Generated_Source\\PSoC4/BLE_Stack.h"
 417              		.section	.debug_info,"",%progbits
 418              	.Ldebug_info0:
 419 0000 5B040000 		.4byte	0x45b
 420 0004 0400     		.2byte	0x4
 421 0006 00000000 		.4byte	.Ldebug_abbrev0
 422 000a 04       		.byte	0x4
 423 000b 01       		.uleb128 0x1
 424 000c 36040000 		.4byte	.LASF101
 425 0010 01       		.byte	0x1
 426 0011 4C090000 		.4byte	.LASF102
 427 0015 EE000000 		.4byte	.LASF103
 428 0019 00000000 		.4byte	.Ldebug_ranges0+0
 429 001d 00000000 		.4byte	0
 430 0021 00000000 		.4byte	.Ldebug_line0
 431 0025 02       		.uleb128 0x2
 432 0026 01       		.byte	0x1
 433 0027 06       		.byte	0x6
 434 0028 B6050000 		.4byte	.LASF0
 435 002c 03       		.uleb128 0x3
 436 002d BD030000 		.4byte	.LASF9
 437 0031 02       		.byte	0x2
 438 0032 1D       		.byte	0x1d
 439 0033 37000000 		.4byte	0x37
 440 0037 02       		.uleb128 0x2
ARM GAS  C:\Users\Helon\AppData\Local\Temp\ccBnPbfg.s 			page 12


 441 0038 01       		.byte	0x1
 442 0039 08       		.byte	0x8
 443 003a 32050000 		.4byte	.LASF1
 444 003e 02       		.uleb128 0x2
 445 003f 02       		.byte	0x2
 446 0040 05       		.byte	0x5
 447 0041 A0000000 		.4byte	.LASF2
 448 0045 02       		.uleb128 0x2
 449 0046 02       		.byte	0x2
 450 0047 07       		.byte	0x7
 451 0048 E1060000 		.4byte	.LASF3
 452 004c 02       		.uleb128 0x2
 453 004d 04       		.byte	0x4
 454 004e 05       		.byte	0x5
 455 004f 61030000 		.4byte	.LASF4
 456 0053 02       		.uleb128 0x2
 457 0054 04       		.byte	0x4
 458 0055 07       		.byte	0x7
 459 0056 51060000 		.4byte	.LASF5
 460 005a 02       		.uleb128 0x2
 461 005b 08       		.byte	0x8
 462 005c 05       		.byte	0x5
 463 005d 53010000 		.4byte	.LASF6
 464 0061 02       		.uleb128 0x2
 465 0062 08       		.byte	0x8
 466 0063 07       		.byte	0x7
 467 0064 40030000 		.4byte	.LASF7
 468 0068 04       		.uleb128 0x4
 469 0069 04       		.byte	0x4
 470 006a 05       		.byte	0x5
 471 006b 696E7400 		.ascii	"int\000"
 472 006f 02       		.uleb128 0x2
 473 0070 04       		.byte	0x4
 474 0071 07       		.byte	0x7
 475 0072 1B060000 		.4byte	.LASF8
 476 0076 03       		.uleb128 0x3
 477 0077 F7010000 		.4byte	.LASF10
 478 007b 03       		.byte	0x3
 479 007c 15       		.byte	0x15
 480 007d 2C000000 		.4byte	0x2c
 481 0081 05       		.uleb128 0x5
 482 0082 06050000 		.4byte	.LASF11
 483 0086 04       		.byte	0x4
 484 0087 3801     		.2byte	0x138
 485 0089 37000000 		.4byte	0x37
 486 008d 05       		.uleb128 0x5
 487 008e B1070000 		.4byte	.LASF12
 488 0092 04       		.byte	0x4
 489 0093 3A01     		.2byte	0x13a
 490 0095 53000000 		.4byte	0x53
 491 0099 02       		.uleb128 0x2
 492 009a 04       		.byte	0x4
 493 009b 04       		.byte	0x4
 494 009c CD020000 		.4byte	.LASF13
 495 00a0 02       		.uleb128 0x2
 496 00a1 08       		.byte	0x8
 497 00a2 04       		.byte	0x4
ARM GAS  C:\Users\Helon\AppData\Local\Temp\ccBnPbfg.s 			page 13


 498 00a3 E9070000 		.4byte	.LASF14
 499 00a7 02       		.uleb128 0x2
 500 00a8 01       		.byte	0x1
 501 00a9 08       		.byte	0x8
 502 00aa 44070000 		.4byte	.LASF15
 503 00ae 05       		.uleb128 0x5
 504 00af B8060000 		.4byte	.LASF16
 505 00b3 04       		.byte	0x4
 506 00b4 E401     		.2byte	0x1e4
 507 00b6 BA000000 		.4byte	0xba
 508 00ba 06       		.uleb128 0x6
 509 00bb 8D000000 		.4byte	0x8d
 510 00bf 02       		.uleb128 0x2
 511 00c0 04       		.byte	0x4
 512 00c1 07       		.byte	0x7
 513 00c2 C4000000 		.4byte	.LASF17
 514 00c6 07       		.uleb128 0x7
 515 00c7 04       		.byte	0x4
 516 00c8 08       		.uleb128 0x8
 517 00c9 01       		.byte	0x1
 518 00ca 05       		.byte	0x5
 519 00cb 4201     		.2byte	0x142
 520 00cd 85020000 		.4byte	0x285
 521 00d1 09       		.uleb128 0x9
 522 00d2 63020000 		.4byte	.LASF18
 523 00d6 00       		.sleb128 0
 524 00d7 09       		.uleb128 0x9
 525 00d8 C6010000 		.4byte	.LASF19
 526 00dc 01       		.sleb128 1
 527 00dd 09       		.uleb128 0x9
 528 00de 60090000 		.4byte	.LASF20
 529 00e2 02       		.sleb128 2
 530 00e3 09       		.uleb128 0x9
 531 00e4 67080000 		.4byte	.LASF21
 532 00e8 03       		.sleb128 3
 533 00e9 09       		.uleb128 0x9
 534 00ea 72010000 		.4byte	.LASF22
 535 00ee 04       		.sleb128 4
 536 00ef 09       		.uleb128 0x9
 537 00f0 E8030000 		.4byte	.LASF23
 538 00f4 05       		.sleb128 5
 539 00f5 09       		.uleb128 0x9
 540 00f6 49000000 		.4byte	.LASF24
 541 00fa 06       		.sleb128 6
 542 00fb 09       		.uleb128 0x9
 543 00fc C5080000 		.4byte	.LASF25
 544 0100 20       		.sleb128 32
 545 0101 09       		.uleb128 0x9
 546 0102 63060000 		.4byte	.LASF26
 547 0106 21       		.sleb128 33
 548 0107 09       		.uleb128 0x9
 549 0108 00000000 		.4byte	.LASF27
 550 010c 22       		.sleb128 34
 551 010d 09       		.uleb128 0x9
 552 010e 10040000 		.4byte	.LASF28
 553 0112 23       		.sleb128 35
 554 0113 09       		.uleb128 0x9
ARM GAS  C:\Users\Helon\AppData\Local\Temp\ccBnPbfg.s 			page 14


 555 0114 FF050000 		.4byte	.LASF29
 556 0118 24       		.sleb128 36
 557 0119 09       		.uleb128 0x9
 558 011a AA000000 		.4byte	.LASF30
 559 011e 25       		.sleb128 37
 560 011f 09       		.uleb128 0x9
 561 0120 3F080000 		.4byte	.LASF31
 562 0124 26       		.sleb128 38
 563 0125 09       		.uleb128 0x9
 564 0126 8B030000 		.4byte	.LASF32
 565 012a 27       		.sleb128 39
 566 012b 09       		.uleb128 0x9
 567 012c 320A0000 		.4byte	.LASF33
 568 0130 28       		.sleb128 40
 569 0131 09       		.uleb128 0x9
 570 0132 9B060000 		.4byte	.LASF34
 571 0136 29       		.sleb128 41
 572 0137 09       		.uleb128 0x9
 573 0138 F4060000 		.4byte	.LASF35
 574 013c 2A       		.sleb128 42
 575 013d 09       		.uleb128 0x9
 576 013e 96090000 		.4byte	.LASF36
 577 0142 2B       		.sleb128 43
 578 0143 09       		.uleb128 0x9
 579 0144 FF010000 		.4byte	.LASF37
 580 0148 2C       		.sleb128 44
 581 0149 09       		.uleb128 0x9
 582 014a F6020000 		.4byte	.LASF38
 583 014e 2D       		.sleb128 45
 584 014f 09       		.uleb128 0x9
 585 0150 7C000000 		.4byte	.LASF39
 586 0154 2E       		.sleb128 46
 587 0155 09       		.uleb128 0x9
 588 0156 960A0000 		.4byte	.LASF40
 589 015a 2F       		.sleb128 47
 590 015b 09       		.uleb128 0x9
 591 015c CD000000 		.4byte	.LASF41
 592 0160 30       		.sleb128 48
 593 0161 09       		.uleb128 0x9
 594 0162 E2040000 		.4byte	.LASF42
 595 0166 31       		.sleb128 49
 596 0167 09       		.uleb128 0x9
 597 0168 1F030000 		.4byte	.LASF43
 598 016c 32       		.sleb128 50
 599 016d 09       		.uleb128 0x9
 600 016e 1D070000 		.4byte	.LASF44
 601 0172 33       		.sleb128 51
 602 0173 09       		.uleb128 0x9
 603 0174 62000000 		.4byte	.LASF45
 604 0178 C000     		.sleb128 64
 605 017a 09       		.uleb128 0x9
 606 017b 36060000 		.4byte	.LASF46
 607 017f C100     		.sleb128 65
 608 0181 09       		.uleb128 0x9
 609 0182 780A0000 		.4byte	.LASF47
 610 0186 C200     		.sleb128 66
 611 0188 09       		.uleb128 0x9
ARM GAS  C:\Users\Helon\AppData\Local\Temp\ccBnPbfg.s 			page 15


 612 0189 D9010000 		.4byte	.LASF48
 613 018d C300     		.sleb128 67
 614 018f 09       		.uleb128 0x9
 615 0190 2E090000 		.4byte	.LASF49
 616 0194 C400     		.sleb128 68
 617 0196 09       		.uleb128 0x9
 618 0197 E9080000 		.4byte	.LASF50
 619 019b C500     		.sleb128 69
 620 019d 09       		.uleb128 0x9
 621 019e 87010000 		.4byte	.LASF51
 622 01a2 C600     		.sleb128 70
 623 01a4 09       		.uleb128 0x9
 624 01a5 98050000 		.4byte	.LASF52
 625 01a9 C700     		.sleb128 71
 626 01ab 09       		.uleb128 0x9
 627 01ac CA050000 		.4byte	.LASF53
 628 01b0 C800     		.sleb128 72
 629 01b2 09       		.uleb128 0x9
 630 01b3 D3020000 		.4byte	.LASF54
 631 01b7 C900     		.sleb128 73
 632 01b9 09       		.uleb128 0x9
 633 01ba 6A070000 		.4byte	.LASF55
 634 01be CA00     		.sleb128 74
 635 01c0 09       		.uleb128 0x9
 636 01c1 23020000 		.4byte	.LASF56
 637 01c5 CB00     		.sleb128 75
 638 01c7 09       		.uleb128 0x9
 639 01c8 7E050000 		.4byte	.LASF57
 640 01cc CC00     		.sleb128 76
 641 01ce 09       		.uleb128 0x9
 642 01cf 2F000000 		.4byte	.LASF58
 643 01d3 CD00     		.sleb128 77
 644 01d5 09       		.uleb128 0x9
 645 01d6 10090000 		.4byte	.LASF59
 646 01da CE00     		.sleb128 78
 647 01dc 09       		.uleb128 0x9
 648 01dd 40050000 		.4byte	.LASF60
 649 01e1 CF00     		.sleb128 79
 650 01e3 09       		.uleb128 0x9
 651 01e4 130A0000 		.4byte	.LASF61
 652 01e8 D000     		.sleb128 80
 653 01ea 09       		.uleb128 0x9
 654 01eb 92070000 		.4byte	.LASF62
 655 01ef D100     		.sleb128 81
 656 01f1 09       		.uleb128 0x9
 657 01f2 C7030000 		.4byte	.LASF63
 658 01f6 D200     		.sleb128 82
 659 01f8 09       		.uleb128 0x9
 660 01f9 6A030000 		.4byte	.LASF64
 661 01fd D300     		.sleb128 83
 662 01ff 09       		.uleb128 0x9
 663 0200 42020000 		.4byte	.LASF65
 664 0204 D400     		.sleb128 84
 665 0206 09       		.uleb128 0x9
 666 0207 540A0000 		.4byte	.LASF66
 667 020b D500     		.sleb128 85
 668 020d 09       		.uleb128 0x9
ARM GAS  C:\Users\Helon\AppData\Local\Temp\ccBnPbfg.s 			page 16


 669 020e F1090000 		.4byte	.LASF67
 670 0212 D600     		.sleb128 86
 671 0214 09       		.uleb128 0x9
 672 0215 C3090000 		.4byte	.LASF68
 673 0219 D700     		.sleb128 87
 674 021b 09       		.uleb128 0x9
 675 021c BE060000 		.4byte	.LASF69
 676 0220 D800     		.sleb128 88
 677 0222 09       		.uleb128 0x9
 678 0223 0C050000 		.4byte	.LASF70
 679 0227 F000     		.sleb128 112
 680 0229 09       		.uleb128 0x9
 681 022a 9F080000 		.4byte	.LASF71
 682 022e F100     		.sleb128 113
 683 0230 09       		.uleb128 0x9
 684 0231 49070000 		.4byte	.LASF72
 685 0235 F200     		.sleb128 114
 686 0237 09       		.uleb128 0x9
 687 0238 7A020000 		.4byte	.LASF73
 688 023c F300     		.sleb128 115
 689 023e 09       		.uleb128 0x9
 690 023f C4040000 		.4byte	.LASF74
 691 0243 F400     		.sleb128 116
 692 0245 09       		.uleb128 0x9
 693 0246 7A060000 		.4byte	.LASF75
 694 024a F500     		.sleb128 117
 695 024c 09       		.uleb128 0x9
 696 024d 98020000 		.4byte	.LASF76
 697 0251 F600     		.sleb128 118
 698 0253 09       		.uleb128 0x9
 699 0254 80080000 		.4byte	.LASF77
 700 0258 F700     		.sleb128 119
 701 025a 09       		.uleb128 0x9
 702 025b C6070000 		.4byte	.LASF78
 703 025f F800     		.sleb128 120
 704 0261 09       		.uleb128 0x9
 705 0262 F0070000 		.4byte	.LASF79
 706 0266 F900     		.sleb128 121
 707 0268 09       		.uleb128 0x9
 708 0269 72090000 		.4byte	.LASF80
 709 026d FA00     		.sleb128 122
 710 026f 09       		.uleb128 0x9
 711 0270 A8010000 		.4byte	.LASF81
 712 0274 FA01     		.sleb128 250
 713 0276 09       		.uleb128 0x9
 714 0277 5F050000 		.4byte	.LASF82
 715 027b FB01     		.sleb128 251
 716 027d 09       		.uleb128 0x9
 717 027e B5090000 		.4byte	.LASF83
 718 0282 FF01     		.sleb128 255
 719 0284 00       		.byte	0
 720 0285 0A       		.uleb128 0xa
 721 0286 AA030000 		.4byte	.LASF104
 722 028a 01       		.byte	0x1
 723 028b 34       		.byte	0x34
 724 028c 8D000000 		.4byte	0x8d
 725 0290 00000000 		.4byte	.LFB37
ARM GAS  C:\Users\Helon\AppData\Local\Temp\ccBnPbfg.s 			page 17


 726 0294 F0010000 		.4byte	.LFE37-.LFB37
 727 0298 01       		.uleb128 0x1
 728 0299 9C       		.byte	0x9c
 729 029a 64030000 		.4byte	0x364
 730 029e 0B       		.uleb128 0xb
 731 029f 28060000 		.4byte	.LASF84
 732 02a3 01       		.byte	0x1
 733 02a4 34       		.byte	0x34
 734 02a5 81000000 		.4byte	0x81
 735 02a9 00000000 		.4byte	.LLST0
 736 02ad 0B       		.uleb128 0xb
 737 02ae 04040000 		.4byte	.LASF85
 738 02b2 01       		.byte	0x1
 739 02b3 34       		.byte	0x34
 740 02b4 64030000 		.4byte	0x364
 741 02b8 21000000 		.4byte	.LLST1
 742 02bc 0B       		.uleb128 0xb
 743 02bd 24000000 		.4byte	.LASF86
 744 02c1 01       		.byte	0x1
 745 02c2 34       		.byte	0x34
 746 02c3 76000000 		.4byte	0x76
 747 02c7 67000000 		.4byte	.LLST2
 748 02cb 0B       		.uleb128 0xb
 749 02cc C2050000 		.4byte	.LASF87
 750 02d0 01       		.byte	0x1
 751 02d1 34       		.byte	0x34
 752 02d2 76000000 		.4byte	0x76
 753 02d6 88000000 		.4byte	.LLST3
 754 02da 0C       		.uleb128 0xc
 755 02db B9020000 		.4byte	.LASF88
 756 02df 01       		.byte	0x1
 757 02e0 3B       		.byte	0x3b
 758 02e1 81000000 		.4byte	0x81
 759 02e5 A9000000 		.4byte	.LLST4
 760 02e9 0D       		.uleb128 0xd
 761 02ea C4020000 		.4byte	.LASF89
 762 02ee 01       		.byte	0x1
 763 02ef 3C       		.byte	0x3c
 764 02f0 BA000000 		.4byte	0xba
 765 02f4 02       		.uleb128 0x2
 766 02f5 91       		.byte	0x91
 767 02f6 58       		.sleb128 -40
 768 02f7 0E       		.uleb128 0xe
 769 02f8 7D030000 		.4byte	0x37d
 770 02fc BE000000 		.4byte	.LLST5
 771 0300 0C       		.uleb128 0xc
 772 0301 F1050000 		.4byte	.LASF90
 773 0305 01       		.byte	0x1
 774 0306 3E       		.byte	0x3e
 775 0307 82030000 		.4byte	0x382
 776 030b F8000000 		.4byte	.LLST6
 777 030f 0D       		.uleb128 0xd
 778 0310 65070000 		.4byte	.LASF91
 779 0314 01       		.byte	0x1
 780 0315 3F       		.byte	0x3f
 781 0316 BA000000 		.4byte	0xba
 782 031a 02       		.uleb128 0x2
ARM GAS  C:\Users\Helon\AppData\Local\Temp\ccBnPbfg.s 			page 18


 783 031b 91       		.byte	0x91
 784 031c 54       		.sleb128 -44
 785 031d 0D       		.uleb128 0xd
 786 031e EC090000 		.4byte	.LASF92
 787 0322 01       		.byte	0x1
 788 0323 3F       		.byte	0x3f
 789 0324 BA000000 		.4byte	0xba
 790 0328 02       		.uleb128 0x2
 791 0329 91       		.byte	0x91
 792 032a 50       		.sleb128 -48
 793 032b 0D       		.uleb128 0xd
 794 032c 88070000 		.4byte	.LASF93
 795 0330 01       		.byte	0x1
 796 0331 3F       		.byte	0x3f
 797 0332 BA000000 		.4byte	0xba
 798 0336 02       		.uleb128 0x2
 799 0337 91       		.byte	0x91
 800 0338 4C       		.sleb128 -52
 801 0339 0D       		.uleb128 0xd
 802 033a 8D070000 		.4byte	.LASF94
 803 033e 01       		.byte	0x1
 804 033f 3F       		.byte	0x3f
 805 0340 BA000000 		.4byte	0xba
 806 0344 02       		.uleb128 0x2
 807 0345 91       		.byte	0x91
 808 0346 48       		.sleb128 -56
 809 0347 0D       		.uleb128 0xd
 810 0348 57030000 		.4byte	.LASF95
 811 034c 01       		.byte	0x1
 812 034d 3F       		.byte	0x3f
 813 034e BA000000 		.4byte	0xba
 814 0352 02       		.uleb128 0x2
 815 0353 91       		.byte	0x91
 816 0354 44       		.sleb128 -60
 817 0355 0D       		.uleb128 0xd
 818 0356 5C030000 		.4byte	.LASF96
 819 035a 01       		.byte	0x1
 820 035b 3F       		.byte	0x3f
 821 035c BA000000 		.4byte	0xba
 822 0360 02       		.uleb128 0x2
 823 0361 91       		.byte	0x91
 824 0362 40       		.sleb128 -64
 825 0363 00       		.byte	0
 826 0364 0F       		.uleb128 0xf
 827 0365 04       		.byte	0x4
 828 0366 8D000000 		.4byte	0x8d
 829 036a 10       		.uleb128 0x10
 830 036b 8D000000 		.4byte	0x8d
 831 036f 7D030000 		.4byte	0x37d
 832 0373 11       		.uleb128 0x11
 833 0374 BF000000 		.4byte	0xbf
 834 0378 F7020000 		.4byte	0x2f7
 835 037c 00       		.byte	0
 836 037d 12       		.uleb128 0x12
 837 037e BF000000 		.4byte	0xbf
 838 0382 06       		.uleb128 0x6
 839 0383 6A030000 		.4byte	0x36a
ARM GAS  C:\Users\Helon\AppData\Local\Temp\ccBnPbfg.s 			page 19


 840 0387 13       		.uleb128 0x13
 841 0388 2C080000 		.4byte	.LASF99
 842 038c 01       		.byte	0x1
 843 038d 92       		.byte	0x92
 844 038e 76000000 		.4byte	0x76
 845 0392 00000000 		.4byte	.LFB38
 846 0396 0C000000 		.4byte	.LFE38-.LFB38
 847 039a 01       		.uleb128 0x1
 848 039b 9C       		.byte	0x9c
 849 039c BF030000 		.4byte	0x3bf
 850 03a0 0C       		.uleb128 0xc
 851 03a1 EC020000 		.4byte	.LASF97
 852 03a5 01       		.byte	0x1
 853 03a6 95       		.byte	0x95
 854 03a7 76000000 		.4byte	0x76
 855 03ab 28010000 		.4byte	.LLST7
 856 03af 14       		.uleb128 0x14
 857 03b0 68010000 		.4byte	.LASF98
 858 03b4 01       		.byte	0x1
 859 03b5 96       		.byte	0x96
 860 03b6 BF030000 		.4byte	0x3bf
 861 03ba 06F2FF0F 		.4byte	0xffff206
 862 03be 00       		.byte	0
 863 03bf 0F       		.uleb128 0xf
 864 03c0 04       		.byte	0x4
 865 03c1 76000000 		.4byte	0x76
 866 03c5 13       		.uleb128 0x13
 867 03c6 13080000 		.4byte	.LASF100
 868 03ca 01       		.byte	0x1
 869 03cb A8       		.byte	0xa8
 870 03cc 76000000 		.4byte	0x76
 871 03d0 00000000 		.4byte	.LFB39
 872 03d4 28000000 		.4byte	.LFE39-.LFB39
 873 03d8 01       		.uleb128 0x1
 874 03d9 9C       		.byte	0x9c
 875 03da 19040000 		.4byte	0x419
 876 03de 0C       		.uleb128 0xc
 877 03df EC020000 		.4byte	.LASF97
 878 03e3 01       		.byte	0x1
 879 03e4 AA       		.byte	0xaa
 880 03e5 76000000 		.4byte	0x76
 881 03e9 4B010000 		.4byte	.LLST8
 882 03ed 14       		.uleb128 0x14
 883 03ee 68010000 		.4byte	.LASF98
 884 03f2 01       		.byte	0x1
 885 03f3 AB       		.byte	0xab
 886 03f4 BF030000 		.4byte	0x3bf
 887 03f8 00F2FF0F 		.4byte	0xffff200
 888 03fc 15       		.uleb128 0x15
 889 03fd 14000000 		.4byte	.LVL19
 890 0401 3A040000 		.4byte	0x43a
 891 0405 16       		.uleb128 0x16
 892 0406 01       		.uleb128 0x1
 893 0407 51       		.byte	0x51
 894 0408 05       		.uleb128 0x5
 895 0409 0C       		.byte	0xc
 896 040a 00F3FF0F 		.4byte	0xffff300
ARM GAS  C:\Users\Helon\AppData\Local\Temp\ccBnPbfg.s 			page 20


 897 040e 16       		.uleb128 0x16
 898 040f 01       		.uleb128 0x1
 899 0410 50       		.byte	0x50
 900 0411 05       		.uleb128 0x5
 901 0412 03       		.byte	0x3
 902 0413 00000000 		.4byte	.LANCHOR0
 903 0417 00       		.byte	0
 904 0418 00       		.byte	0
 905 0419 10       		.uleb128 0x10
 906 041a A7000000 		.4byte	0xa7
 907 041e 29040000 		.4byte	0x429
 908 0422 17       		.uleb128 0x17
 909 0423 BF000000 		.4byte	0xbf
 910 0427 16       		.byte	0x16
 911 0428 00       		.byte	0
 912 0429 18       		.uleb128 0x18
 913 042a B8070000 		.4byte	.LASF105
 914 042e 01       		.byte	0x1
 915 042f 20       		.byte	0x20
 916 0430 19040000 		.4byte	0x419
 917 0434 05       		.uleb128 0x5
 918 0435 03       		.byte	0x3
 919 0436 00000000 		.4byte	SetDeviceName
 920 043a 19       		.uleb128 0x19
 921 043b 61010000 		.4byte	.LASF106
 922 043f C6000000 		.4byte	0xc6
 923 0443 57040000 		.4byte	0x457
 924 0447 1A       		.uleb128 0x1a
 925 0448 C6000000 		.4byte	0xc6
 926 044c 1A       		.uleb128 0x1a
 927 044d 57040000 		.4byte	0x457
 928 0451 1A       		.uleb128 0x1a
 929 0452 BF000000 		.4byte	0xbf
 930 0456 00       		.byte	0
 931 0457 0F       		.uleb128 0xf
 932 0458 04       		.byte	0x4
 933 0459 5D040000 		.4byte	0x45d
 934 045d 1B       		.uleb128 0x1b
 935 045e 00       		.byte	0
 936              		.section	.debug_abbrev,"",%progbits
 937              	.Ldebug_abbrev0:
 938 0000 01       		.uleb128 0x1
 939 0001 11       		.uleb128 0x11
 940 0002 01       		.byte	0x1
 941 0003 25       		.uleb128 0x25
 942 0004 0E       		.uleb128 0xe
 943 0005 13       		.uleb128 0x13
 944 0006 0B       		.uleb128 0xb
 945 0007 03       		.uleb128 0x3
 946 0008 0E       		.uleb128 0xe
 947 0009 1B       		.uleb128 0x1b
 948 000a 0E       		.uleb128 0xe
 949 000b 55       		.uleb128 0x55
 950 000c 17       		.uleb128 0x17
 951 000d 11       		.uleb128 0x11
 952 000e 01       		.uleb128 0x1
 953 000f 10       		.uleb128 0x10
ARM GAS  C:\Users\Helon\AppData\Local\Temp\ccBnPbfg.s 			page 21


 954 0010 17       		.uleb128 0x17
 955 0011 00       		.byte	0
 956 0012 00       		.byte	0
 957 0013 02       		.uleb128 0x2
 958 0014 24       		.uleb128 0x24
 959 0015 00       		.byte	0
 960 0016 0B       		.uleb128 0xb
 961 0017 0B       		.uleb128 0xb
 962 0018 3E       		.uleb128 0x3e
 963 0019 0B       		.uleb128 0xb
 964 001a 03       		.uleb128 0x3
 965 001b 0E       		.uleb128 0xe
 966 001c 00       		.byte	0
 967 001d 00       		.byte	0
 968 001e 03       		.uleb128 0x3
 969 001f 16       		.uleb128 0x16
 970 0020 00       		.byte	0
 971 0021 03       		.uleb128 0x3
 972 0022 0E       		.uleb128 0xe
 973 0023 3A       		.uleb128 0x3a
 974 0024 0B       		.uleb128 0xb
 975 0025 3B       		.uleb128 0x3b
 976 0026 0B       		.uleb128 0xb
 977 0027 49       		.uleb128 0x49
 978 0028 13       		.uleb128 0x13
 979 0029 00       		.byte	0
 980 002a 00       		.byte	0
 981 002b 04       		.uleb128 0x4
 982 002c 24       		.uleb128 0x24
 983 002d 00       		.byte	0
 984 002e 0B       		.uleb128 0xb
 985 002f 0B       		.uleb128 0xb
 986 0030 3E       		.uleb128 0x3e
 987 0031 0B       		.uleb128 0xb
 988 0032 03       		.uleb128 0x3
 989 0033 08       		.uleb128 0x8
 990 0034 00       		.byte	0
 991 0035 00       		.byte	0
 992 0036 05       		.uleb128 0x5
 993 0037 16       		.uleb128 0x16
 994 0038 00       		.byte	0
 995 0039 03       		.uleb128 0x3
 996 003a 0E       		.uleb128 0xe
 997 003b 3A       		.uleb128 0x3a
 998 003c 0B       		.uleb128 0xb
 999 003d 3B       		.uleb128 0x3b
 1000 003e 05       		.uleb128 0x5
 1001 003f 49       		.uleb128 0x49
 1002 0040 13       		.uleb128 0x13
 1003 0041 00       		.byte	0
 1004 0042 00       		.byte	0
 1005 0043 06       		.uleb128 0x6
 1006 0044 35       		.uleb128 0x35
 1007 0045 00       		.byte	0
 1008 0046 49       		.uleb128 0x49
 1009 0047 13       		.uleb128 0x13
 1010 0048 00       		.byte	0
ARM GAS  C:\Users\Helon\AppData\Local\Temp\ccBnPbfg.s 			page 22


 1011 0049 00       		.byte	0
 1012 004a 07       		.uleb128 0x7
 1013 004b 0F       		.uleb128 0xf
 1014 004c 00       		.byte	0
 1015 004d 0B       		.uleb128 0xb
 1016 004e 0B       		.uleb128 0xb
 1017 004f 00       		.byte	0
 1018 0050 00       		.byte	0
 1019 0051 08       		.uleb128 0x8
 1020 0052 04       		.uleb128 0x4
 1021 0053 01       		.byte	0x1
 1022 0054 0B       		.uleb128 0xb
 1023 0055 0B       		.uleb128 0xb
 1024 0056 3A       		.uleb128 0x3a
 1025 0057 0B       		.uleb128 0xb
 1026 0058 3B       		.uleb128 0x3b
 1027 0059 05       		.uleb128 0x5
 1028 005a 01       		.uleb128 0x1
 1029 005b 13       		.uleb128 0x13
 1030 005c 00       		.byte	0
 1031 005d 00       		.byte	0
 1032 005e 09       		.uleb128 0x9
 1033 005f 28       		.uleb128 0x28
 1034 0060 00       		.byte	0
 1035 0061 03       		.uleb128 0x3
 1036 0062 0E       		.uleb128 0xe
 1037 0063 1C       		.uleb128 0x1c
 1038 0064 0D       		.uleb128 0xd
 1039 0065 00       		.byte	0
 1040 0066 00       		.byte	0
 1041 0067 0A       		.uleb128 0xa
 1042 0068 2E       		.uleb128 0x2e
 1043 0069 01       		.byte	0x1
 1044 006a 3F       		.uleb128 0x3f
 1045 006b 19       		.uleb128 0x19
 1046 006c 03       		.uleb128 0x3
 1047 006d 0E       		.uleb128 0xe
 1048 006e 3A       		.uleb128 0x3a
 1049 006f 0B       		.uleb128 0xb
 1050 0070 3B       		.uleb128 0x3b
 1051 0071 0B       		.uleb128 0xb
 1052 0072 27       		.uleb128 0x27
 1053 0073 19       		.uleb128 0x19
 1054 0074 49       		.uleb128 0x49
 1055 0075 13       		.uleb128 0x13
 1056 0076 11       		.uleb128 0x11
 1057 0077 01       		.uleb128 0x1
 1058 0078 12       		.uleb128 0x12
 1059 0079 06       		.uleb128 0x6
 1060 007a 40       		.uleb128 0x40
 1061 007b 18       		.uleb128 0x18
 1062 007c 9742     		.uleb128 0x2117
 1063 007e 19       		.uleb128 0x19
 1064 007f 01       		.uleb128 0x1
 1065 0080 13       		.uleb128 0x13
 1066 0081 00       		.byte	0
 1067 0082 00       		.byte	0
ARM GAS  C:\Users\Helon\AppData\Local\Temp\ccBnPbfg.s 			page 23


 1068 0083 0B       		.uleb128 0xb
 1069 0084 05       		.uleb128 0x5
 1070 0085 00       		.byte	0
 1071 0086 03       		.uleb128 0x3
 1072 0087 0E       		.uleb128 0xe
 1073 0088 3A       		.uleb128 0x3a
 1074 0089 0B       		.uleb128 0xb
 1075 008a 3B       		.uleb128 0x3b
 1076 008b 0B       		.uleb128 0xb
 1077 008c 49       		.uleb128 0x49
 1078 008d 13       		.uleb128 0x13
 1079 008e 02       		.uleb128 0x2
 1080 008f 17       		.uleb128 0x17
 1081 0090 00       		.byte	0
 1082 0091 00       		.byte	0
 1083 0092 0C       		.uleb128 0xc
 1084 0093 34       		.uleb128 0x34
 1085 0094 00       		.byte	0
 1086 0095 03       		.uleb128 0x3
 1087 0096 0E       		.uleb128 0xe
 1088 0097 3A       		.uleb128 0x3a
 1089 0098 0B       		.uleb128 0xb
 1090 0099 3B       		.uleb128 0x3b
 1091 009a 0B       		.uleb128 0xb
 1092 009b 49       		.uleb128 0x49
 1093 009c 13       		.uleb128 0x13
 1094 009d 02       		.uleb128 0x2
 1095 009e 17       		.uleb128 0x17
 1096 009f 00       		.byte	0
 1097 00a0 00       		.byte	0
 1098 00a1 0D       		.uleb128 0xd
 1099 00a2 34       		.uleb128 0x34
 1100 00a3 00       		.byte	0
 1101 00a4 03       		.uleb128 0x3
 1102 00a5 0E       		.uleb128 0xe
 1103 00a6 3A       		.uleb128 0x3a
 1104 00a7 0B       		.uleb128 0xb
 1105 00a8 3B       		.uleb128 0x3b
 1106 00a9 0B       		.uleb128 0xb
 1107 00aa 49       		.uleb128 0x49
 1108 00ab 13       		.uleb128 0x13
 1109 00ac 02       		.uleb128 0x2
 1110 00ad 18       		.uleb128 0x18
 1111 00ae 00       		.byte	0
 1112 00af 00       		.byte	0
 1113 00b0 0E       		.uleb128 0xe
 1114 00b1 34       		.uleb128 0x34
 1115 00b2 00       		.byte	0
 1116 00b3 34       		.uleb128 0x34
 1117 00b4 19       		.uleb128 0x19
 1118 00b5 49       		.uleb128 0x49
 1119 00b6 13       		.uleb128 0x13
 1120 00b7 02       		.uleb128 0x2
 1121 00b8 17       		.uleb128 0x17
 1122 00b9 00       		.byte	0
 1123 00ba 00       		.byte	0
 1124 00bb 0F       		.uleb128 0xf
ARM GAS  C:\Users\Helon\AppData\Local\Temp\ccBnPbfg.s 			page 24


 1125 00bc 0F       		.uleb128 0xf
 1126 00bd 00       		.byte	0
 1127 00be 0B       		.uleb128 0xb
 1128 00bf 0B       		.uleb128 0xb
 1129 00c0 49       		.uleb128 0x49
 1130 00c1 13       		.uleb128 0x13
 1131 00c2 00       		.byte	0
 1132 00c3 00       		.byte	0
 1133 00c4 10       		.uleb128 0x10
 1134 00c5 01       		.uleb128 0x1
 1135 00c6 01       		.byte	0x1
 1136 00c7 49       		.uleb128 0x49
 1137 00c8 13       		.uleb128 0x13
 1138 00c9 01       		.uleb128 0x1
 1139 00ca 13       		.uleb128 0x13
 1140 00cb 00       		.byte	0
 1141 00cc 00       		.byte	0
 1142 00cd 11       		.uleb128 0x11
 1143 00ce 21       		.uleb128 0x21
 1144 00cf 00       		.byte	0
 1145 00d0 49       		.uleb128 0x49
 1146 00d1 13       		.uleb128 0x13
 1147 00d2 2F       		.uleb128 0x2f
 1148 00d3 13       		.uleb128 0x13
 1149 00d4 00       		.byte	0
 1150 00d5 00       		.byte	0
 1151 00d6 12       		.uleb128 0x12
 1152 00d7 26       		.uleb128 0x26
 1153 00d8 00       		.byte	0
 1154 00d9 49       		.uleb128 0x49
 1155 00da 13       		.uleb128 0x13
 1156 00db 00       		.byte	0
 1157 00dc 00       		.byte	0
 1158 00dd 13       		.uleb128 0x13
 1159 00de 2E       		.uleb128 0x2e
 1160 00df 01       		.byte	0x1
 1161 00e0 3F       		.uleb128 0x3f
 1162 00e1 19       		.uleb128 0x19
 1163 00e2 03       		.uleb128 0x3
 1164 00e3 0E       		.uleb128 0xe
 1165 00e4 3A       		.uleb128 0x3a
 1166 00e5 0B       		.uleb128 0xb
 1167 00e6 3B       		.uleb128 0x3b
 1168 00e7 0B       		.uleb128 0xb
 1169 00e8 49       		.uleb128 0x49
 1170 00e9 13       		.uleb128 0x13
 1171 00ea 11       		.uleb128 0x11
 1172 00eb 01       		.uleb128 0x1
 1173 00ec 12       		.uleb128 0x12
 1174 00ed 06       		.uleb128 0x6
 1175 00ee 40       		.uleb128 0x40
 1176 00ef 18       		.uleb128 0x18
 1177 00f0 9742     		.uleb128 0x2117
 1178 00f2 19       		.uleb128 0x19
 1179 00f3 01       		.uleb128 0x1
 1180 00f4 13       		.uleb128 0x13
 1181 00f5 00       		.byte	0
ARM GAS  C:\Users\Helon\AppData\Local\Temp\ccBnPbfg.s 			page 25


 1182 00f6 00       		.byte	0
 1183 00f7 14       		.uleb128 0x14
 1184 00f8 34       		.uleb128 0x34
 1185 00f9 00       		.byte	0
 1186 00fa 03       		.uleb128 0x3
 1187 00fb 0E       		.uleb128 0xe
 1188 00fc 3A       		.uleb128 0x3a
 1189 00fd 0B       		.uleb128 0xb
 1190 00fe 3B       		.uleb128 0x3b
 1191 00ff 0B       		.uleb128 0xb
 1192 0100 49       		.uleb128 0x49
 1193 0101 13       		.uleb128 0x13
 1194 0102 1C       		.uleb128 0x1c
 1195 0103 06       		.uleb128 0x6
 1196 0104 00       		.byte	0
 1197 0105 00       		.byte	0
 1198 0106 15       		.uleb128 0x15
 1199 0107 898201   		.uleb128 0x4109
 1200 010a 01       		.byte	0x1
 1201 010b 11       		.uleb128 0x11
 1202 010c 01       		.uleb128 0x1
 1203 010d 31       		.uleb128 0x31
 1204 010e 13       		.uleb128 0x13
 1205 010f 00       		.byte	0
 1206 0110 00       		.byte	0
 1207 0111 16       		.uleb128 0x16
 1208 0112 8A8201   		.uleb128 0x410a
 1209 0115 00       		.byte	0
 1210 0116 02       		.uleb128 0x2
 1211 0117 18       		.uleb128 0x18
 1212 0118 9142     		.uleb128 0x2111
 1213 011a 18       		.uleb128 0x18
 1214 011b 00       		.byte	0
 1215 011c 00       		.byte	0
 1216 011d 17       		.uleb128 0x17
 1217 011e 21       		.uleb128 0x21
 1218 011f 00       		.byte	0
 1219 0120 49       		.uleb128 0x49
 1220 0121 13       		.uleb128 0x13
 1221 0122 2F       		.uleb128 0x2f
 1222 0123 0B       		.uleb128 0xb
 1223 0124 00       		.byte	0
 1224 0125 00       		.byte	0
 1225 0126 18       		.uleb128 0x18
 1226 0127 34       		.uleb128 0x34
 1227 0128 00       		.byte	0
 1228 0129 03       		.uleb128 0x3
 1229 012a 0E       		.uleb128 0xe
 1230 012b 3A       		.uleb128 0x3a
 1231 012c 0B       		.uleb128 0xb
 1232 012d 3B       		.uleb128 0x3b
 1233 012e 0B       		.uleb128 0xb
 1234 012f 49       		.uleb128 0x49
 1235 0130 13       		.uleb128 0x13
 1236 0131 3F       		.uleb128 0x3f
 1237 0132 19       		.uleb128 0x19
 1238 0133 02       		.uleb128 0x2
ARM GAS  C:\Users\Helon\AppData\Local\Temp\ccBnPbfg.s 			page 26


 1239 0134 18       		.uleb128 0x18
 1240 0135 00       		.byte	0
 1241 0136 00       		.byte	0
 1242 0137 19       		.uleb128 0x19
 1243 0138 2E       		.uleb128 0x2e
 1244 0139 01       		.byte	0x1
 1245 013a 3F       		.uleb128 0x3f
 1246 013b 19       		.uleb128 0x19
 1247 013c 03       		.uleb128 0x3
 1248 013d 0E       		.uleb128 0xe
 1249 013e 27       		.uleb128 0x27
 1250 013f 19       		.uleb128 0x19
 1251 0140 49       		.uleb128 0x49
 1252 0141 13       		.uleb128 0x13
 1253 0142 34       		.uleb128 0x34
 1254 0143 19       		.uleb128 0x19
 1255 0144 3C       		.uleb128 0x3c
 1256 0145 19       		.uleb128 0x19
 1257 0146 01       		.uleb128 0x1
 1258 0147 13       		.uleb128 0x13
 1259 0148 00       		.byte	0
 1260 0149 00       		.byte	0
 1261 014a 1A       		.uleb128 0x1a
 1262 014b 05       		.uleb128 0x5
 1263 014c 00       		.byte	0
 1264 014d 49       		.uleb128 0x49
 1265 014e 13       		.uleb128 0x13
 1266 014f 00       		.byte	0
 1267 0150 00       		.byte	0
 1268 0151 1B       		.uleb128 0x1b
 1269 0152 26       		.uleb128 0x26
 1270 0153 00       		.byte	0
 1271 0154 00       		.byte	0
 1272 0155 00       		.byte	0
 1273 0156 00       		.byte	0
 1274              		.section	.debug_loc,"",%progbits
 1275              	.Ldebug_loc0:
 1276              	.LLST0:
 1277 0000 00000000 		.4byte	.LVL0
 1278 0004 0C000000 		.4byte	.LVL1
 1279 0008 0100     		.2byte	0x1
 1280 000a 50       		.byte	0x50
 1281 000b 0C000000 		.4byte	.LVL1
 1282 000f F0010000 		.4byte	.LFE37
 1283 0013 0400     		.2byte	0x4
 1284 0015 F3       		.byte	0xf3
 1285 0016 01       		.uleb128 0x1
 1286 0017 50       		.byte	0x50
 1287 0018 9F       		.byte	0x9f
 1288 0019 00000000 		.4byte	0
 1289 001d 00000000 		.4byte	0
 1290              	.LLST1:
 1291 0021 00000000 		.4byte	.LVL0
 1292 0025 0E000000 		.4byte	.LVL2
 1293 0029 0100     		.2byte	0x1
 1294 002b 51       		.byte	0x51
 1295 002c 0E000000 		.4byte	.LVL2
ARM GAS  C:\Users\Helon\AppData\Local\Temp\ccBnPbfg.s 			page 27


 1296 0030 98000000 		.4byte	.LVL7
 1297 0034 0300     		.2byte	0x3
 1298 0036 7D       		.byte	0x7d
 1299 0037 C000     		.sleb128 64
 1300 0039 98000000 		.4byte	.LVL7
 1301 003d CA000000 		.4byte	.LVL10
 1302 0041 0300     		.2byte	0x3
 1303 0043 72       		.byte	0x72
 1304 0044 C000     		.sleb128 64
 1305 0046 CA000000 		.4byte	.LVL10
 1306 004a B4010000 		.4byte	.LVL14
 1307 004e 0300     		.2byte	0x3
 1308 0050 77       		.byte	0x77
 1309 0051 C000     		.sleb128 64
 1310 0053 B4010000 		.4byte	.LVL14
 1311 0057 F0010000 		.4byte	.LFE37
 1312 005b 0200     		.2byte	0x2
 1313 005d 91       		.byte	0x91
 1314 005e 60       		.sleb128 -32
 1315 005f 00000000 		.4byte	0
 1316 0063 00000000 		.4byte	0
 1317              	.LLST2:
 1318 0067 00000000 		.4byte	.LVL0
 1319 006b 14000000 		.4byte	.LVL4
 1320 006f 0100     		.2byte	0x1
 1321 0071 52       		.byte	0x52
 1322 0072 14000000 		.4byte	.LVL4
 1323 0076 F0010000 		.4byte	.LFE37
 1324 007a 0400     		.2byte	0x4
 1325 007c F3       		.byte	0xf3
 1326 007d 01       		.uleb128 0x1
 1327 007e 52       		.byte	0x52
 1328 007f 9F       		.byte	0x9f
 1329 0080 00000000 		.4byte	0
 1330 0084 00000000 		.4byte	0
 1331              	.LLST3:
 1332 0088 00000000 		.4byte	.LVL0
 1333 008c 10000000 		.4byte	.LVL3
 1334 0090 0100     		.2byte	0x1
 1335 0092 53       		.byte	0x53
 1336 0093 10000000 		.4byte	.LVL3
 1337 0097 F0010000 		.4byte	.LFE37
 1338 009b 0400     		.2byte	0x4
 1339 009d F3       		.byte	0xf3
 1340 009e 01       		.uleb128 0x1
 1341 009f 53       		.byte	0x53
 1342 00a0 9F       		.byte	0x9f
 1343 00a1 00000000 		.4byte	0
 1344 00a5 00000000 		.4byte	0
 1345              	.LLST4:
 1346 00a9 00010000 		.4byte	.LVL11
 1347 00ad AC010000 		.4byte	.LVL13
 1348 00b1 0300     		.2byte	0x3
 1349 00b3 77       		.byte	0x77
 1350 00b4 EF00     		.sleb128 111
 1351 00b6 00000000 		.4byte	0
 1352 00ba 00000000 		.4byte	0
ARM GAS  C:\Users\Helon\AppData\Local\Temp\ccBnPbfg.s 			page 28


 1353              	.LLST5:
 1354 00be 54000000 		.4byte	.LVL5
 1355 00c2 56000000 		.4byte	.LVL6
 1356 00c6 0100     		.2byte	0x1
 1357 00c8 52       		.byte	0x52
 1358 00c9 56000000 		.4byte	.LVL6
 1359 00cd 98000000 		.4byte	.LVL7
 1360 00d1 0300     		.2byte	0x3
 1361 00d3 7D       		.byte	0x7d
 1362 00d4 E800     		.sleb128 104
 1363 00d6 98000000 		.4byte	.LVL7
 1364 00da CA000000 		.4byte	.LVL10
 1365 00de 0300     		.2byte	0x3
 1366 00e0 72       		.byte	0x72
 1367 00e1 E800     		.sleb128 104
 1368 00e3 CA000000 		.4byte	.LVL10
 1369 00e7 AC010000 		.4byte	.LVL13
 1370 00eb 0300     		.2byte	0x3
 1371 00ed 77       		.byte	0x77
 1372 00ee E800     		.sleb128 104
 1373 00f0 00000000 		.4byte	0
 1374 00f4 00000000 		.4byte	0
 1375              	.LLST6:
 1376 00f8 A2000000 		.4byte	.LVL8
 1377 00fc A4000000 		.4byte	.LVL9
 1378 0100 0200     		.2byte	0x2
 1379 0102 73       		.byte	0x73
 1380 0103 00       		.sleb128 0
 1381 0104 A4000000 		.4byte	.LVL9
 1382 0108 CA000000 		.4byte	.LVL10
 1383 010c 0400     		.2byte	0x4
 1384 010e 72       		.byte	0x72
 1385 010f E400     		.sleb128 100
 1386 0111 06       		.byte	0x6
 1387 0112 CA000000 		.4byte	.LVL10
 1388 0116 AC010000 		.4byte	.LVL13
 1389 011a 0400     		.2byte	0x4
 1390 011c 77       		.byte	0x77
 1391 011d E400     		.sleb128 100
 1392 011f 06       		.byte	0x6
 1393 0120 00000000 		.4byte	0
 1394 0124 00000000 		.4byte	0
 1395              	.LLST7:
 1396 0128 00000000 		.4byte	.LVL15
 1397 012c 02000000 		.4byte	.LVL16
 1398 0130 0500     		.2byte	0x5
 1399 0132 0C       		.byte	0xc
 1400 0133 06F2FF0F 		.4byte	0xffff206
 1401 0137 02000000 		.4byte	.LVL16
 1402 013b 0C000000 		.4byte	.LFE38
 1403 013f 0200     		.2byte	0x2
 1404 0141 73       		.byte	0x73
 1405 0142 00       		.sleb128 0
 1406 0143 00000000 		.4byte	0
 1407 0147 00000000 		.4byte	0
 1408              	.LLST8:
 1409 014b 02000000 		.4byte	.LVL17
ARM GAS  C:\Users\Helon\AppData\Local\Temp\ccBnPbfg.s 			page 29


 1410 014f 08000000 		.4byte	.LVL18
 1411 0153 0200     		.2byte	0x2
 1412 0155 30       		.byte	0x30
 1413 0156 9F       		.byte	0x9f
 1414 0157 08000000 		.4byte	.LVL18
 1415 015b 13000000 		.4byte	.LVL19-1
 1416 015f 0100     		.2byte	0x1
 1417 0161 52       		.byte	0x52
 1418 0162 18000000 		.4byte	.LVL20
 1419 0166 1A000000 		.4byte	.LVL21
 1420 016a 0100     		.2byte	0x1
 1421 016c 52       		.byte	0x52
 1422 016d 00000000 		.4byte	0
 1423 0171 00000000 		.4byte	0
 1424              		.section	.debug_aranges,"",%progbits
 1425 0000 2C000000 		.4byte	0x2c
 1426 0004 0200     		.2byte	0x2
 1427 0006 00000000 		.4byte	.Ldebug_info0
 1428 000a 04       		.byte	0x4
 1429 000b 00       		.byte	0
 1430 000c 0000     		.2byte	0
 1431 000e 0000     		.2byte	0
 1432 0010 00000000 		.4byte	.LFB37
 1433 0014 F0010000 		.4byte	.LFE37-.LFB37
 1434 0018 00000000 		.4byte	.LFB38
 1435 001c 0C000000 		.4byte	.LFE38-.LFB38
 1436 0020 00000000 		.4byte	.LFB39
 1437 0024 28000000 		.4byte	.LFE39-.LFB39
 1438 0028 00000000 		.4byte	0
 1439 002c 00000000 		.4byte	0
 1440              		.section	.debug_ranges,"",%progbits
 1441              	.Ldebug_ranges0:
 1442 0000 00000000 		.4byte	.LFB37
 1443 0004 F0010000 		.4byte	.LFE37
 1444 0008 00000000 		.4byte	.LFB38
 1445 000c 0C000000 		.4byte	.LFE38
 1446 0010 00000000 		.4byte	.LFB39
 1447 0014 28000000 		.4byte	.LFE39
 1448 0018 00000000 		.4byte	0
 1449 001c 00000000 		.4byte	0
 1450              		.section	.debug_line,"",%progbits
 1451              	.Ldebug_line0:
 1452 0000 C6010000 		.section	.debug_str,"MS",%progbits,1
 1452      02005501 
 1452      00000201 
 1452      FB0E0D00 
 1452      01010101 
 1453              	.LASF27:
 1454 0000 4359424C 		.ascii	"CYBLE_EVT_GAP_PASSKEY_ENTRY_REQUEST\000"
 1454      455F4556 
 1454      545F4741 
 1454      505F5041 
 1454      53534B45 
 1455              	.LASF86:
 1456 0024 64617461 		.ascii	"datalength\000"
 1456      6C656E67 
 1456      746800
ARM GAS  C:\Users\Helon\AppData\Local\Temp\ccBnPbfg.s 			page 30


 1457              	.LASF58:
 1458 002f 4359424C 		.ascii	"CYBLE_EVT_GATTC_WRITE_RSP\000"
 1458      455F4556 
 1458      545F4741 
 1458      5454435F 
 1458      57524954 
 1459              	.LASF24:
 1460 0049 4359424C 		.ascii	"CYBLE_EVT_MEMORY_REQUEST\000"
 1460      455F4556 
 1460      545F4D45 
 1460      4D4F5259 
 1460      5F524551 
 1461              	.LASF45:
 1462 0062 4359424C 		.ascii	"CYBLE_EVT_GATTC_ERROR_RSP\000"
 1462      455F4556 
 1462      545F4741 
 1462      5454435F 
 1462      4552524F 
 1463              	.LASF39:
 1464 007c 4359424C 		.ascii	"CYBLE_EVT_GAP_KEYPRESS_NOTIFICATION\000"
 1464      455F4556 
 1464      545F4741 
 1464      505F4B45 
 1464      59505245 
 1465              	.LASF2:
 1466 00a0 73686F72 		.ascii	"short int\000"
 1466      7420696E 
 1466      7400
 1467              	.LASF30:
 1468 00aa 4359424C 		.ascii	"CYBLE_EVT_GAP_AUTH_FAILED\000"
 1468      455F4556 
 1468      545F4741 
 1468      505F4155 
 1468      54485F46 
 1469              	.LASF17:
 1470 00c4 73697A65 		.ascii	"sizetype\000"
 1470      74797065 
 1470      00
 1471              	.LASF41:
 1472 00cd 4359424C 		.ascii	"CYBLE_EVT_GAP_DATA_LENGTH_CHANGE\000"
 1472      455F4556 
 1472      545F4741 
 1472      505F4441 
 1472      54415F4C 
 1473              	.LASF103:
 1474 00ee 473A5C50 		.ascii	"G:\\Project\\LiYangLiu--HanJiang Meter\\Troughpur_C"
 1474      726F6A65 
 1474      63745C4C 
 1474      6959616E 
 1474      674C6975 
 1475 011e 656E7472 		.ascii	"entral_Peripheral\\Troughput_Central_Peripheral.cyd"
 1475      616C5F50 
 1475      65726970 
 1475      68657261 
 1475      6C5C5472 
 1476 0150 736E00   		.ascii	"sn\000"
 1477              	.LASF6:
ARM GAS  C:\Users\Helon\AppData\Local\Temp\ccBnPbfg.s 			page 31


 1478 0153 6C6F6E67 		.ascii	"long long int\000"
 1478      206C6F6E 
 1478      6720696E 
 1478      7400
 1479              	.LASF106:
 1480 0161 6D656D63 		.ascii	"memcpy\000"
 1480      707900
 1481              	.LASF98:
 1482 0168 73666C61 		.ascii	"sflashPtr\000"
 1482      73685074 
 1482      7200
 1483              	.LASF22:
 1484 0172 4359424C 		.ascii	"CYBLE_EVT_HCI_STATUS\000"
 1484      455F4556 
 1484      545F4843 
 1484      495F5354 
 1484      41545553 
 1485              	.LASF51:
 1486 0187 4359424C 		.ascii	"CYBLE_EVT_GATTC_READ_BY_TYPE_RSP\000"
 1486      455F4556 
 1486      545F4741 
 1486      5454435F 
 1486      52454144 
 1487              	.LASF81:
 1488 01a8 4359424C 		.ascii	"CYBLE_EVT_PENDING_FLASH_WRITE\000"
 1488      455F4556 
 1488      545F5045 
 1488      4E44494E 
 1488      475F464C 
 1489              	.LASF19:
 1490 01c6 4359424C 		.ascii	"CYBLE_EVT_STACK_ON\000"
 1490      455F4556 
 1490      545F5354 
 1490      41434B5F 
 1490      4F4E00
 1491              	.LASF48:
 1492 01d9 4359424C 		.ascii	"CYBLE_EVT_GATTS_XCNHG_MTU_REQ\000"
 1492      455F4556 
 1492      545F4741 
 1492      5454535F 
 1492      58434E48 
 1493              	.LASF10:
 1494 01f7 75696E74 		.ascii	"uint8_t\000"
 1494      385F7400 
 1495              	.LASF37:
 1496 01ff 4359424C 		.ascii	"CYBLE_EVT_GAP_KEYINFO_EXCHNGE_CMPLT\000"
 1496      455F4556 
 1496      545F4741 
 1496      505F4B45 
 1496      59494E46 
 1497              	.LASF56:
 1498 0223 4359424C 		.ascii	"CYBLE_EVT_GATTC_READ_MULTI_RSP\000"
 1498      455F4556 
 1498      545F4741 
 1498      5454435F 
 1498      52454144 
 1499              	.LASF65:
ARM GAS  C:\Users\Helon\AppData\Local\Temp\ccBnPbfg.s 			page 32


 1500 0242 4359424C 		.ascii	"CYBLE_EVT_GATTS_HANDLE_VALUE_CNF\000"
 1500      455F4556 
 1500      545F4741 
 1500      5454535F 
 1500      48414E44 
 1501              	.LASF18:
 1502 0263 4359424C 		.ascii	"CYBLE_EVT_HOST_INVALID\000"
 1502      455F4556 
 1502      545F484F 
 1502      53545F49 
 1502      4E56414C 
 1503              	.LASF73:
 1504 027a 4359424C 		.ascii	"CYBLE_EVT_L2CAP_CBFC_CONN_IND\000"
 1504      455F4556 
 1504      545F4C32 
 1504      4341505F 
 1504      43424643 
 1505              	.LASF76:
 1506 0298 4359424C 		.ascii	"CYBLE_EVT_L2CAP_CBFC_DISCONN_CNF\000"
 1506      455F4556 
 1506      545F4C32 
 1506      4341505F 
 1506      43424643 
 1507              	.LASF88:
 1508 02b9 6C6F6361 		.ascii	"localCount\000"
 1508      6C436F75 
 1508      6E7400
 1509              	.LASF89:
 1510 02c4 72657456 		.ascii	"retValue\000"
 1510      616C7565 
 1510      00
 1511              	.LASF13:
 1512 02cd 666C6F61 		.ascii	"float\000"
 1512      7400
 1513              	.LASF54:
 1514 02d3 4359424C 		.ascii	"CYBLE_EVT_GATTC_READ_RSP\000"
 1514      455F4556 
 1514      545F4741 
 1514      5454435F 
 1514      52454144 
 1515              	.LASF97:
 1516 02ec 466C6173 		.ascii	"FlashData\000"
 1516      68446174 
 1516      6100
 1517              	.LASF38:
 1518 02f6 4359424C 		.ascii	"CYBLE_EVT_GAP_NUMERIC_COMPARISON_REQUEST\000"
 1518      455F4556 
 1518      545F4741 
 1518      505F4E55 
 1518      4D455249 
 1519              	.LASF43:
 1520 031f 4359424C 		.ascii	"CYBLE_EVT_GAPC_DIRECT_ADV_REPORT\000"
 1520      455F4556 
 1520      545F4741 
 1520      50435F44 
 1520      49524543 
 1521              	.LASF7:
ARM GAS  C:\Users\Helon\AppData\Local\Temp\ccBnPbfg.s 			page 33


 1522 0340 6C6F6E67 		.ascii	"long long unsigned int\000"
 1522      206C6F6E 
 1522      6720756E 
 1522      7369676E 
 1522      65642069 
 1523              	.LASF95:
 1524 0357 72656735 		.ascii	"reg5\000"
 1524      00
 1525              	.LASF96:
 1526 035c 72656736 		.ascii	"reg6\000"
 1526      00
 1527              	.LASF4:
 1528 0361 6C6F6E67 		.ascii	"long int\000"
 1528      20696E74 
 1528      00
 1529              	.LASF64:
 1530 036a 4359424C 		.ascii	"CYBLE_EVT_GATTC_HANDLE_VALUE_IND\000"
 1530      455F4556 
 1530      545F4741 
 1530      5454435F 
 1530      48414E44 
 1531              	.LASF32:
 1532 038b 4359424C 		.ascii	"CYBLE_EVT_GAP_DEVICE_CONNECTED\000"
 1532      455F4556 
 1532      545F4741 
 1532      505F4445 
 1532      56494345 
 1533              	.LASF104:
 1534 03aa 57726974 		.ascii	"WriteUserSFlashRow\000"
 1534      65557365 
 1534      7253466C 
 1534      61736852 
 1534      6F7700
 1535              	.LASF9:
 1536 03bd 5F5F7569 		.ascii	"__uint8_t\000"
 1536      6E74385F 
 1536      7400
 1537              	.LASF63:
 1538 03c7 4359424C 		.ascii	"CYBLE_EVT_GATTC_HANDLE_VALUE_NTF\000"
 1538      455F4556 
 1538      545F4741 
 1538      5454435F 
 1538      48414E44 
 1539              	.LASF23:
 1540 03e8 4359424C 		.ascii	"CYBLE_EVT_STACK_BUSY_STATUS\000"
 1540      455F4556 
 1540      545F5354 
 1540      41434B5F 
 1540      42555359 
 1541              	.LASF85:
 1542 0404 64617461 		.ascii	"dataPointer\000"
 1542      506F696E 
 1542      74657200 
 1543              	.LASF28:
 1544 0410 4359424C 		.ascii	"CYBLE_EVT_GAP_PASSKEY_DISPLAY_REQUEST\000"
 1544      455F4556 
 1544      545F4741 
ARM GAS  C:\Users\Helon\AppData\Local\Temp\ccBnPbfg.s 			page 34


 1544      505F5041 
 1544      53534B45 
 1545              	.LASF101:
 1546 0436 474E5520 		.ascii	"GNU C 4.9.3 20150303 (release) [ARM/embedded-4_9-br"
 1546      4320342E 
 1546      392E3320 
 1546      32303135 
 1546      30333033 
 1547 0469 616E6368 		.ascii	"anch revision 221220] -mcpu=cortex-m0 -mthumb -g -O"
 1547      20726576 
 1547      6973696F 
 1547      6E203232 
 1547      31323230 
 1548 049c 67202D66 		.ascii	"g -ffunction-sections -ffat-lto-objects\000"
 1548      66756E63 
 1548      74696F6E 
 1548      2D736563 
 1548      74696F6E 
 1549              	.LASF74:
 1550 04c4 4359424C 		.ascii	"CYBLE_EVT_L2CAP_CBFC_CONN_CNF\000"
 1550      455F4556 
 1550      545F4C32 
 1550      4341505F 
 1550      43424643 
 1551              	.LASF42:
 1552 04e2 4359424C 		.ascii	"CYBLE_EVT_GAP_ENHANCE_CONN_COMPLETE\000"
 1552      455F4556 
 1552      545F4741 
 1552      505F454E 
 1552      48414E43 
 1553              	.LASF11:
 1554 0506 75696E74 		.ascii	"uint8\000"
 1554      3800
 1555              	.LASF70:
 1556 050c 4359424C 		.ascii	"CYBLE_EVT_L2CAP_CONN_PARAM_UPDATE_REQ\000"
 1556      455F4556 
 1556      545F4C32 
 1556      4341505F 
 1556      434F4E4E 
 1557              	.LASF1:
 1558 0532 756E7369 		.ascii	"unsigned char\000"
 1558      676E6564 
 1558      20636861 
 1558      7200
 1559              	.LASF60:
 1560 0540 4359424C 		.ascii	"CYBLE_EVT_GATTS_PREP_WRITE_REQ\000"
 1560      455F4556 
 1560      545F4741 
 1560      5454535F 
 1560      50524550 
 1561              	.LASF82:
 1562 055f 4359424C 		.ascii	"CYBLE_EVT_LE_PING_AUTH_TIMEOUT\000"
 1562      455F4556 
 1562      545F4C45 
 1562      5F50494E 
 1562      475F4155 
 1563              	.LASF57:
ARM GAS  C:\Users\Helon\AppData\Local\Temp\ccBnPbfg.s 			page 35


 1564 057e 4359424C 		.ascii	"CYBLE_EVT_GATTS_WRITE_REQ\000"
 1564      455F4556 
 1564      545F4741 
 1564      5454535F 
 1564      57524954 
 1565              	.LASF52:
 1566 0598 4359424C 		.ascii	"CYBLE_EVT_GATTC_FIND_INFO_RSP\000"
 1566      455F4556 
 1566      545F4741 
 1566      5454435F 
 1566      46494E44 
 1567              	.LASF0:
 1568 05b6 7369676E 		.ascii	"signed char\000"
 1568      65642063 
 1568      68617200 
 1569              	.LASF87:
 1570 05c2 61646472 		.ascii	"address\000"
 1570      65737300 
 1571              	.LASF53:
 1572 05ca 4359424C 		.ascii	"CYBLE_EVT_GATTC_FIND_BY_TYPE_VALUE_RSP\000"
 1572      455F4556 
 1572      545F4741 
 1572      5454435F 
 1572      46494E44 
 1573              	.LASF90:
 1574 05f1 636D6444 		.ascii	"cmdDataBuffer\000"
 1574      61746142 
 1574      75666665 
 1574      7200
 1575              	.LASF29:
 1576 05ff 4359424C 		.ascii	"CYBLE_EVT_GAP_AUTH_COMPLETE\000"
 1576      455F4556 
 1576      545F4741 
 1576      505F4155 
 1576      54485F43 
 1577              	.LASF8:
 1578 061b 756E7369 		.ascii	"unsigned int\000"
 1578      676E6564 
 1578      20696E74 
 1578      00
 1579              	.LASF84:
 1580 0628 75736572 		.ascii	"userRowNUmber\000"
 1580      526F774E 
 1580      556D6265 
 1580      7200
 1581              	.LASF46:
 1582 0636 4359424C 		.ascii	"CYBLE_EVT_GATT_CONNECT_IND\000"
 1582      455F4556 
 1582      545F4741 
 1582      54545F43 
 1582      4F4E4E45 
 1583              	.LASF5:
 1584 0651 6C6F6E67 		.ascii	"long unsigned int\000"
 1584      20756E73 
 1584      69676E65 
 1584      6420696E 
 1584      7400
ARM GAS  C:\Users\Helon\AppData\Local\Temp\ccBnPbfg.s 			page 36


 1585              	.LASF26:
 1586 0663 4359424C 		.ascii	"CYBLE_EVT_GAP_AUTH_REQ\000"
 1586      455F4556 
 1586      545F4741 
 1586      505F4155 
 1586      54485F52 
 1587              	.LASF75:
 1588 067a 4359424C 		.ascii	"CYBLE_EVT_L2CAP_CBFC_DISCONN_IND\000"
 1588      455F4556 
 1588      545F4C32 
 1588      4341505F 
 1588      43424643 
 1589              	.LASF34:
 1590 069b 4359424C 		.ascii	"CYBLE_EVT_GAP_ENCRYPT_CHANGE\000"
 1590      455F4556 
 1590      545F4741 
 1590      505F454E 
 1590      43525950 
 1591              	.LASF16:
 1592 06b8 72656733 		.ascii	"reg32\000"
 1592      3200
 1593              	.LASF69:
 1594 06be 4359424C 		.ascii	"CYBLE_EVT_GATTC_LONG_PROCEDURE_END\000"
 1594      455F4556 
 1594      545F4741 
 1594      5454435F 
 1594      4C4F4E47 
 1595              	.LASF3:
 1596 06e1 73686F72 		.ascii	"short unsigned int\000"
 1596      7420756E 
 1596      7369676E 
 1596      65642069 
 1596      6E7400
 1597              	.LASF35:
 1598 06f4 4359424C 		.ascii	"CYBLE_EVT_GAP_CONNECTION_UPDATE_COMPLETE\000"
 1598      455F4556 
 1598      545F4741 
 1598      505F434F 
 1598      4E4E4543 
 1599              	.LASF44:
 1600 071d 4359424C 		.ascii	"CYBLE_EVT_GAP_SMP_NEGOTIATED_AUTH_INFO\000"
 1600      455F4556 
 1600      545F4741 
 1600      505F534D 
 1600      505F4E45 
 1601              	.LASF15:
 1602 0744 63686172 		.ascii	"char\000"
 1602      00
 1603              	.LASF72:
 1604 0749 4359424C 		.ascii	"CYBLE_EVT_L2CAP_COMMAND_REJ\000"
 1604      455F4556 
 1604      545F4C32 
 1604      4341505F 
 1604      434F4D4D 
 1605              	.LASF91:
 1606 0765 72656731 		.ascii	"reg1\000"
 1606      00
ARM GAS  C:\Users\Helon\AppData\Local\Temp\ccBnPbfg.s 			page 37


 1607              	.LASF55:
 1608 076a 4359424C 		.ascii	"CYBLE_EVT_GATTC_READ_BLOB_RSP\000"
 1608      455F4556 
 1608      545F4741 
 1608      5454435F 
 1608      52454144 
 1609              	.LASF93:
 1610 0788 72656733 		.ascii	"reg3\000"
 1610      00
 1611              	.LASF94:
 1612 078d 72656734 		.ascii	"reg4\000"
 1612      00
 1613              	.LASF62:
 1614 0792 4359424C 		.ascii	"CYBLE_EVT_GATTC_EXEC_WRITE_RSP\000"
 1614      455F4556 
 1614      545F4741 
 1614      5454435F 
 1614      45584543 
 1615              	.LASF12:
 1616 07b1 75696E74 		.ascii	"uint32\000"
 1616      333200
 1617              	.LASF105:
 1618 07b8 53657444 		.ascii	"SetDeviceName\000"
 1618      65766963 
 1618      654E616D 
 1618      6500
 1619              	.LASF78:
 1620 07c6 4359424C 		.ascii	"CYBLE_EVT_L2CAP_CBFC_RX_CREDIT_IND\000"
 1620      455F4556 
 1620      545F4C32 
 1620      4341505F 
 1620      43424643 
 1621              	.LASF14:
 1622 07e9 646F7562 		.ascii	"double\000"
 1622      6C6500
 1623              	.LASF79:
 1624 07f0 4359424C 		.ascii	"CYBLE_EVT_L2CAP_CBFC_TX_CREDIT_IND\000"
 1624      455F4556 
 1624      545F4C32 
 1624      4341505F 
 1624      43424643 
 1625              	.LASF100:
 1626 0813 52656164 		.ascii	"ReadDeviceNameFromSFlash\000"
 1626      44657669 
 1626      63654E61 
 1626      6D654672 
 1626      6F6D5346 
 1627              	.LASF99:
 1628 082c 52656164 		.ascii	"ReadDataFromSFlash\000"
 1628      44617461 
 1628      46726F6D 
 1628      53466C61 
 1628      736800
 1629              	.LASF31:
 1630 083f 4359424C 		.ascii	"CYBLE_EVT_GAPP_ADVERTISEMENT_START_STOP\000"
 1630      455F4556 
 1630      545F4741 
ARM GAS  C:\Users\Helon\AppData\Local\Temp\ccBnPbfg.s 			page 38


 1630      50505F41 
 1630      44564552 
 1631              	.LASF21:
 1632 0867 4359424C 		.ascii	"CYBLE_EVT_HARDWARE_ERROR\000"
 1632      455F4556 
 1632      545F4841 
 1632      52445741 
 1632      52455F45 
 1633              	.LASF77:
 1634 0880 4359424C 		.ascii	"CYBLE_EVT_L2CAP_CBFC_DATA_READ\000"
 1634      455F4556 
 1634      545F4C32 
 1634      4341505F 
 1634      43424643 
 1635              	.LASF71:
 1636 089f 4359424C 		.ascii	"CYBLE_EVT_L2CAP_CONN_PARAM_UPDATE_RSP\000"
 1636      455F4556 
 1636      545F4C32 
 1636      4341505F 
 1636      434F4E4E 
 1637              	.LASF25:
 1638 08c5 4359424C 		.ascii	"CYBLE_EVT_GAPC_SCAN_PROGRESS_RESULT\000"
 1638      455F4556 
 1638      545F4741 
 1638      50435F53 
 1638      43414E5F 
 1639              	.LASF50:
 1640 08e9 4359424C 		.ascii	"CYBLE_EVT_GATTC_READ_BY_GROUP_TYPE_RSP\000"
 1640      455F4556 
 1640      545F4741 
 1640      5454435F 
 1640      52454144 
 1641              	.LASF59:
 1642 0910 4359424C 		.ascii	"CYBLE_EVT_GATTS_WRITE_CMD_REQ\000"
 1642      455F4556 
 1642      545F4741 
 1642      5454535F 
 1642      57524954 
 1643              	.LASF49:
 1644 092e 4359424C 		.ascii	"CYBLE_EVT_GATTC_XCHNG_MTU_RSP\000"
 1644      455F4556 
 1644      545F4741 
 1644      5454435F 
 1644      5843484E 
 1645              	.LASF102:
 1646 094c 2E5C5772 		.ascii	".\\WriteUserSFlash.c\000"
 1646      69746555 
 1646      73657253 
 1646      466C6173 
 1646      682E6300 
 1647              	.LASF20:
 1648 0960 4359424C 		.ascii	"CYBLE_EVT_TIMEOUT\000"
 1648      455F4556 
 1648      545F5449 
 1648      4D454F55 
 1648      5400
 1649              	.LASF80:
ARM GAS  C:\Users\Helon\AppData\Local\Temp\ccBnPbfg.s 			page 39


 1650 0972 4359424C 		.ascii	"CYBLE_EVT_L2CAP_CBFC_DATA_WRITE_IND\000"
 1650      455F4556 
 1650      545F4C32 
 1650      4341505F 
 1650      43424643 
 1651              	.LASF36:
 1652 0996 4359424C 		.ascii	"CYBLE_EVT_GAPC_SCAN_START_STOP\000"
 1652      455F4556 
 1652      545F4741 
 1652      50435F53 
 1652      43414E5F 
 1653              	.LASF83:
 1654 09b5 4359424C 		.ascii	"CYBLE_EVT_MAX\000"
 1654      455F4556 
 1654      545F4D41 
 1654      5800
 1655              	.LASF68:
 1656 09c3 4359424C 		.ascii	"CYBLE_EVT_GATTS_READ_CHAR_VAL_ACCESS_REQ\000"
 1656      455F4556 
 1656      545F4741 
 1656      5454535F 
 1656      52454144 
 1657              	.LASF92:
 1658 09ec 72656732 		.ascii	"reg2\000"
 1658      00
 1659              	.LASF67:
 1660 09f1 4359424C 		.ascii	"CYBLE_EVT_GATTC_STOP_CMD_COMPLETE\000"
 1660      455F4556 
 1660      545F4741 
 1660      5454435F 
 1660      53544F50 
 1661              	.LASF61:
 1662 0a13 4359424C 		.ascii	"CYBLE_EVT_GATTS_EXEC_WRITE_REQ\000"
 1662      455F4556 
 1662      545F4741 
 1662      5454535F 
 1662      45584543 
 1663              	.LASF33:
 1664 0a32 4359424C 		.ascii	"CYBLE_EVT_GAP_DEVICE_DISCONNECTED\000"
 1664      455F4556 
 1664      545F4741 
 1664      505F4445 
 1664      56494345 
 1665              	.LASF66:
 1666 0a54 4359424C 		.ascii	"CYBLE_EVT_GATTS_DATA_SIGNED_CMD_REQ\000"
 1666      455F4556 
 1666      545F4741 
 1666      5454535F 
 1666      44415441 
 1667              	.LASF47:
 1668 0a78 4359424C 		.ascii	"CYBLE_EVT_GATT_DISCONNECT_IND\000"
 1668      455F4556 
 1668      545F4741 
 1668      54545F44 
 1668      4953434F 
 1669              	.LASF40:
 1670 0a96 4359424C 		.ascii	"CYBLE_EVT_GAP_OOB_GENERATED_NOTIFICATION\000"
ARM GAS  C:\Users\Helon\AppData\Local\Temp\ccBnPbfg.s 			page 40


 1670      455F4556 
 1670      545F4741 
 1670      505F4F4F 
 1670      425F4745 
 1671              		.ident	"GCC: (GNU Tools for ARM Embedded Processors) 4.9.3 20150303 (release) [ARM/embedded-4_9-br
