ARM GAS  C:\Users\Helon\AppData\Local\Temp\ccvLsr7d.s 			page 1


   1              		.cpu cortex-m0
   2              		.fpu softvfp
   3              		.eabi_attribute 20, 1
   4              		.eabi_attribute 21, 1
   5              		.eabi_attribute 23, 3
   6              		.eabi_attribute 24, 1
   7              		.eabi_attribute 25, 1
   8              		.eabi_attribute 26, 1
   9              		.eabi_attribute 30, 4
  10              		.eabi_attribute 34, 0
  11              		.eabi_attribute 18, 4
  12              		.code	16
  13              		.file	"WriteUserSFlash.c"
  14              		.text
  15              	.Ltext0:
  16              		.cfi_sections	.debug_frame
  17              		.section	.text.WriteUserSFlashRow,"ax",%progbits
  18              		.align	2
  19              		.global	WriteUserSFlashRow
  20              		.code	16
  21              		.thumb_func
  22              		.type	WriteUserSFlashRow, %function
  23              	WriteUserSFlashRow:
  24              	.LFB37:
  25              		.file 1 "WriteUserSFlash.c"
   1:WriteUserSFlash.c **** /*******************************************************************************
   2:WriteUserSFlash.c **** * File Name: WriteUserSFlash.c
   3:WriteUserSFlash.c **** *
   4:WriteUserSFlash.c **** * Version: 1.0
   5:WriteUserSFlash.c **** *
   6:WriteUserSFlash.c **** * Description:
   7:WriteUserSFlash.c **** *  This file contains the source code for User SFlash Write API.
   8:WriteUserSFlash.c **** *
   9:WriteUserSFlash.c **** * Owner:
  10:WriteUserSFlash.c **** *  sey@cypress.com, kris@cypress.com
  11:WriteUserSFlash.c **** *
  12:WriteUserSFlash.c **** * Hardware Dependency:
  13:WriteUserSFlash.c **** *  1. PSoC 4 BLE device
  14:WriteUserSFlash.c **** *
  15:WriteUserSFlash.c **** * Code Tested With:
  16:WriteUserSFlash.c **** *  1. PSoC Creator 3.1 SP1
  17:WriteUserSFlash.c **** *  2. ARM GCC 4.8.4
  18:WriteUserSFlash.c **** *
  19:WriteUserSFlash.c **** ********************************************************************************
  20:WriteUserSFlash.c **** * Copyright 2015, Cypress Semiconductor Corporation.  All rights reserved.
  21:WriteUserSFlash.c **** * You may use this file only in accordance with the license, terms, conditions,
  22:WriteUserSFlash.c **** * disclaimers, and limitations in the end user license agreement accompanying
  23:WriteUserSFlash.c **** * the software package with which this file was provided.
  24:WriteUserSFlash.c **** *******************************************************************************/
  25:WriteUserSFlash.c **** 
  26:WriteUserSFlash.c **** #include <Project.h>
  27:WriteUserSFlash.c **** #include <WriteUserSFlash.h>
  28:WriteUserSFlash.c **** 
  29:WriteUserSFlash.c **** /***************************************
  30:WriteUserSFlash.c **** * 全局变量
  31:WriteUserSFlash.c **** ***************************************/
  32:WriteUserSFlash.c **** char SetDeviceName[23]={0};
ARM GAS  C:\Users\Helon\AppData\Local\Temp\ccvLsr7d.s 			page 2


  33:WriteUserSFlash.c **** /*******************************************************************************
  34:WriteUserSFlash.c **** * Function Name: WriteUserSFlashRow
  35:WriteUserSFlash.c **** ********************************************************************************
  36:WriteUserSFlash.c **** * Summary:
  37:WriteUserSFlash.c **** *        This routine calls the PSoC 4 BLE device supervisory ROM APIs to update
  38:WriteUserSFlash.c **** * the user configuration area of Supervisory Flash (SFlash).  
  39:WriteUserSFlash.c **** *
  40:WriteUserSFlash.c **** * Parameters:
  41:WriteUserSFlash.c **** *  userRowNUmber - User config SFlash row number to which data is to be written
  42:WriteUserSFlash.c **** *  dataPointer - Pointer to the data to be written. This API writes one row of
  43:WriteUserSFlash.c **** *                user config SFlash row at a time.
  44:WriteUserSFlash.c **** *
  45:WriteUserSFlash.c **** * Return:
  46:WriteUserSFlash.c **** *  uint32 - state of the user config SFlash write operation.
  47:WriteUserSFlash.c **** *
  48:WriteUserSFlash.c **** *******************************************************************************/
  49:WriteUserSFlash.c **** #if defined (__GNUC__)
  50:WriteUserSFlash.c **** #pragma GCC optimize ("O0")
  51:WriteUserSFlash.c **** #endif /* End of #if defined (__GNUC__) */
  52:WriteUserSFlash.c **** uint32 WriteUserSFlashRow(uint8 userRowNUmber, uint32 *dataPointer,uint8_t datalength,uint8_t addre
  53:WriteUserSFlash.c **** {    
  26              		.loc 1 53 0
  27              		.cfi_startproc
  28              	.LVL0:
  29 0000 F0B5     		push	{r4, r5, r6, r7, lr}
  30              		.cfi_def_cfa_offset 20
  31              		.cfi_offset 4, -20
  32              		.cfi_offset 5, -16
  33              		.cfi_offset 6, -12
  34              		.cfi_offset 7, -8
  35              		.cfi_offset 14, -4
  36 0002 93B0     		sub	sp, sp, #76
  37              		.cfi_def_cfa_offset 96
  38 0004 00AF     		add	r7, sp, #0
  39              		.cfi_def_cfa_register 7
  40              	.LVL1:
  41 0006 B961     		str	r1, [r7, #24]
  42 0008 111C     		mov	r1, r2
  43              	.LVL2:
  44 000a 1E1C     		mov	r6, r3
  45 000c 1F23     		mov	r3, #31
  46              	.LVL3:
  47 000e FA18     		add	r2, r7, r3
  48              	.LVL4:
  49 0010 031C     		add	r3, r0, #0
  50 0012 1370     		strb	r3, [r2]
  51 0014 1E23     		mov	r3, #30
  52 0016 FA18     		add	r2, r7, r3
  53 0018 0B1C     		add	r3, r1, #0
  54 001a 1370     		strb	r3, [r2]
  55 001c 1D23     		mov	r3, #29
  56 001e FA18     		add	r2, r7, r3
  57 0020 331C     		add	r3, r6, #0
  58 0022 1370     		strb	r3, [r2]
  59 0024 6B46     		mov	r3, sp
  60 0026 181C     		mov	r0, r3
  54:WriteUserSFlash.c ****     if(userRowNUmber==0)
ARM GAS  C:\Users\Helon\AppData\Local\Temp\ccvLsr7d.s 			page 3


  61              		.loc 1 54 0
  62 0028 1F23     		mov	r3, #31
  63 002a FB18     		add	r3, r7, r3
  64 002c 1B78     		ldrb	r3, [r3]
  65 002e 002B     		cmp	r3, #0
  66 0030 07D1     		bne	.L2
  55:WriteUserSFlash.c ****     {
  56:WriteUserSFlash.c ****         if(address<6)
  67              		.loc 1 56 0
  68 0032 1D23     		mov	r3, #29
  69 0034 FB18     		add	r3, r7, r3
  70 0036 1B78     		ldrb	r3, [r3]
  71 0038 052B     		cmp	r3, #5
  72 003a 02D8     		bhi	.L2
  57:WriteUserSFlash.c ****             return USER_SFLASH_WRITE_FAIL;
  73              		.loc 1 57 0
  74 003c 0123     		mov	r3, #1
  75 003e 5B42     		neg	r3, r3
  76 0040 AFE0     		b	.L3
  77              	.L2:
  58:WriteUserSFlash.c ****     }
  59:WriteUserSFlash.c ****     uint8 localCount;
  60:WriteUserSFlash.c **** 	volatile uint32 retValue=0;
  78              		.loc 1 60 0
  79 0042 0023     		mov	r3, #0
  80 0044 BB63     		str	r3, [r7, #56]
  61:WriteUserSFlash.c **** //	volatile uint32 cmdDataBuffer[(CY_FLASH_SIZEOF_ROW/4) + 2];
  62:WriteUserSFlash.c ****     volatile uint32 cmdDataBuffer[datalength+2];
  81              		.loc 1 62 0
  82 0046 1E23     		mov	r3, #30
  83 0048 FB18     		add	r3, r7, r3
  84 004a 1B78     		ldrb	r3, [r3]
  85 004c 9A1C     		add	r2, r3, #2
  86 004e 531E     		sub	r3, r2, #1
  87 0050 3B64     		str	r3, [r7, #64]
  88              	.LVL5:
  89 0052 131C     		mov	r3, r2
  90              	.LVL6:
  91 0054 3B61     		str	r3, [r7, #16]
  92 0056 0023     		mov	r3, #0
  93 0058 7B61     		str	r3, [r7, #20]
  94 005a 3B69     		ldr	r3, [r7, #16]
  95 005c DB0E     		lsr	r3, r3, #27
  96 005e 7969     		ldr	r1, [r7, #20]
  97 0060 4901     		lsl	r1, r1, #5
  98 0062 7960     		str	r1, [r7, #4]
  99 0064 7968     		ldr	r1, [r7, #4]
 100 0066 1943     		orr	r1, r3
 101 0068 7960     		str	r1, [r7, #4]
 102 006a 3B69     		ldr	r3, [r7, #16]
 103 006c 5B01     		lsl	r3, r3, #5
 104 006e 3B60     		str	r3, [r7]
 105 0070 131C     		mov	r3, r2
 106 0072 BB60     		str	r3, [r7, #8]
 107 0074 0023     		mov	r3, #0
 108 0076 FB60     		str	r3, [r7, #12]
 109 0078 BB68     		ldr	r3, [r7, #8]
ARM GAS  C:\Users\Helon\AppData\Local\Temp\ccvLsr7d.s 			page 4


 110 007a DB0E     		lsr	r3, r3, #27
 111 007c F968     		ldr	r1, [r7, #12]
 112 007e 4D01     		lsl	r5, r1, #5
 113 0080 1D43     		orr	r5, r3
 114 0082 BB68     		ldr	r3, [r7, #8]
 115 0084 5C01     		lsl	r4, r3, #5
 116 0086 131C     		mov	r3, r2
 117 0088 9B00     		lsl	r3, r3, #2
 118 008a 0333     		add	r3, r3, #3
 119 008c 0733     		add	r3, r3, #7
 120 008e DB08     		lsr	r3, r3, #3
 121 0090 DB00     		lsl	r3, r3, #3
 122 0092 6A46     		mov	r2, sp
 123 0094 D31A     		sub	r3, r2, r3
 124 0096 9D46     		mov	sp, r3
 125              	.LVL7:
 126 0098 6B46     		mov	r3, sp
 127 009a 0333     		add	r3, r3, #3
 128 009c 9B08     		lsr	r3, r3, #2
 129 009e 9B00     		lsl	r3, r3, #2
 130 00a0 FB63     		str	r3, [r7, #60]
 131              	.LVL8:
  63:WriteUserSFlash.c **** 	volatile uint32 reg1,reg2,reg3,reg4,reg5,reg6;
  64:WriteUserSFlash.c **** 	
  65:WriteUserSFlash.c **** 	/* Store the clock settings temporarily */
  66:WriteUserSFlash.c ****     reg1 =	CY_GET_XTND_REG32((void CYFAR *)(CYREG_CLK_SELECT));
 132              		.loc 1 66 0
 133 00a2 424B     		ldr	r3, .L7
 134              	.LVL9:
 135 00a4 1B68     		ldr	r3, [r3]
 136 00a6 7B63     		str	r3, [r7, #52]
  67:WriteUserSFlash.c ****     reg2 =  CY_GET_XTND_REG32((void CYFAR *)(CYREG_CLK_IMO_CONFIG));
 137              		.loc 1 67 0
 138 00a8 414B     		ldr	r3, .L7+4
 139 00aa 1B68     		ldr	r3, [r3]
 140 00ac 3B63     		str	r3, [r7, #48]
  68:WriteUserSFlash.c ****     reg3 =  CY_GET_XTND_REG32((void CYFAR *)(CYREG_PWR_BG_TRIM4));
 141              		.loc 1 68 0
 142 00ae 414B     		ldr	r3, .L7+8
 143 00b0 1B68     		ldr	r3, [r3]
 144 00b2 FB62     		str	r3, [r7, #44]
  69:WriteUserSFlash.c ****     reg4 =  CY_GET_XTND_REG32((void CYFAR *)(CYREG_PWR_BG_TRIM5));
 145              		.loc 1 69 0
 146 00b4 404B     		ldr	r3, .L7+12
 147 00b6 1B68     		ldr	r3, [r3]
 148 00b8 BB62     		str	r3, [r7, #40]
  70:WriteUserSFlash.c ****     reg5 =  CY_GET_XTND_REG32((void CYFAR *)(CYREG_CLK_IMO_TRIM1));
 149              		.loc 1 70 0
 150 00ba 404B     		ldr	r3, .L7+16
 151 00bc 1B68     		ldr	r3, [r3]
 152 00be 7B62     		str	r3, [r7, #36]
  71:WriteUserSFlash.c ****     reg6 =  CY_GET_XTND_REG32((void CYFAR *)(CYREG_CLK_IMO_TRIM2));
 153              		.loc 1 71 0
 154 00c0 3F4B     		ldr	r3, .L7+20
 155 00c2 1B68     		ldr	r3, [r3]
 156 00c4 3B62     		str	r3, [r7, #32]
  72:WriteUserSFlash.c **** 	
ARM GAS  C:\Users\Helon\AppData\Local\Temp\ccvLsr7d.s 			page 5


  73:WriteUserSFlash.c **** 	/* Initialize the clock necessary for flash programming */
  74:WriteUserSFlash.c **** 	CY_SET_REG32(CYREG_CPUSS_SYSARG, 0x0000e8b6);
 157              		.loc 1 74 0
 158 00c6 3F4B     		ldr	r3, .L7+24
 159 00c8 3F4A     		ldr	r2, .L7+28
 160              	.LVL10:
 161 00ca 1A60     		str	r2, [r3]
  75:WriteUserSFlash.c **** 	CY_SET_REG32(CYREG_CPUSS_SYSREQ, 0x80000015);
 162              		.loc 1 75 0
 163 00cc 3F4B     		ldr	r3, .L7+32
 164 00ce 404A     		ldr	r2, .L7+36
 165 00d0 1A60     		str	r2, [r3]
  76:WriteUserSFlash.c **** 	
  77:WriteUserSFlash.c **** 	/******* Initialize SRAM parameters for the LOAD FLASH command ******/
  78:WriteUserSFlash.c **** 	/* byte 3 (i.e. 00) is the Macro_select */
  79:WriteUserSFlash.c **** 	/* byte 2 (i.e. 00) is the Start addr of page latch 
  80:WriteUserSFlash.c ****        如果是第0行，前6个字节不能修改，否则MAC地址会丢失*/
  81:WriteUserSFlash.c **** 	/* byte 1 (i.e. d7) is the key 2  */
  82:WriteUserSFlash.c **** 	/* byte 0 (i.e. b6) is the key 1  */
  83:WriteUserSFlash.c ****   	cmdDataBuffer[0]=0x0000d7b6|(address<<16);
 166              		.loc 1 83 0
 167 00d2 1D23     		mov	r3, #29
 168 00d4 FB18     		add	r3, r7, r3
 169 00d6 1B78     		ldrb	r3, [r3]
 170 00d8 1B04     		lsl	r3, r3, #16
 171 00da 3E4A     		ldr	r2, .L7+40
 172 00dc 1343     		orr	r3, r2
 173 00de 1A1C     		mov	r2, r3
 174 00e0 FB6B     		ldr	r3, [r7, #60]
 175 00e2 1A60     		str	r2, [r3]
  84:WriteUserSFlash.c **** 	/****** Initialize SRAM parameters for the LOAD FLASH command ******/
  85:WriteUserSFlash.c **** 	/* byte 3,2 and 1 are null */
  86:WriteUserSFlash.c **** 	/* byte 0 (i.e. 7F) is the number of bytes to be written */
  87:WriteUserSFlash.c **** 	cmdDataBuffer[1]=(0x00000000|datalength)-1;	     
 176              		.loc 1 87 0
 177 00e4 1E23     		mov	r3, #30
 178 00e6 FB18     		add	r3, r7, r3
 179 00e8 1B78     		ldrb	r3, [r3]
 180 00ea 013B     		sub	r3, r3, #1
 181 00ec 1A1C     		mov	r2, r3
 182 00ee FB6B     		ldr	r3, [r7, #60]
 183 00f0 5A60     		str	r2, [r3, #4]
  88:WriteUserSFlash.c **** 	/* Initialize the SRAM buffer with data bytes */
  89:WriteUserSFlash.c **** //    cmdDataBuffer[2] = *dataPointer;
  90:WriteUserSFlash.c ****     for(localCount = 0; localCount < datalength; localCount++)    
 184              		.loc 1 90 0
 185 00f2 2F23     		mov	r3, #47
 186 00f4 1822     		mov	r2, #24
 187 00f6 BA18     		add	r2, r7, r2
 188 00f8 D318     		add	r3, r2, r3
 189 00fa 0022     		mov	r2, #0
 190 00fc 1A70     		strb	r2, [r3]
 191              	.LVL11:
 192 00fe 1CE0     		b	.L4
 193              	.L5:
  91:WriteUserSFlash.c **** 	{
  92:WriteUserSFlash.c **** 		cmdDataBuffer[localCount + 2] = dataPointer[localCount]; 
ARM GAS  C:\Users\Helon\AppData\Local\Temp\ccvLsr7d.s 			page 6


 194              		.loc 1 92 0 discriminator 3
 195 0100 2F23     		mov	r3, #47
 196 0102 1822     		mov	r2, #24
 197 0104 BA18     		add	r2, r7, r2
 198 0106 D318     		add	r3, r2, r3
 199 0108 1B78     		ldrb	r3, [r3]
 200 010a 9A1C     		add	r2, r3, #2
 201 010c 2F23     		mov	r3, #47
 202 010e 1821     		mov	r1, #24
 203 0110 7918     		add	r1, r7, r1
 204 0112 CB18     		add	r3, r1, r3
 205 0114 1B78     		ldrb	r3, [r3]
 206 0116 9B00     		lsl	r3, r3, #2
 207 0118 B969     		ldr	r1, [r7, #24]
 208 011a CB18     		add	r3, r1, r3
 209 011c 1968     		ldr	r1, [r3]
 210 011e FB6B     		ldr	r3, [r7, #60]
 211 0120 9200     		lsl	r2, r2, #2
 212 0122 D150     		str	r1, [r2, r3]
  90:WriteUserSFlash.c **** 	{
 213              		.loc 1 90 0 discriminator 3
 214 0124 2F23     		mov	r3, #47
 215 0126 1822     		mov	r2, #24
 216 0128 BA18     		add	r2, r7, r2
 217 012a D318     		add	r3, r2, r3
 218 012c 1A78     		ldrb	r2, [r3]
 219 012e 2F23     		mov	r3, #47
 220 0130 1821     		mov	r1, #24
 221 0132 7918     		add	r1, r7, r1
 222 0134 CB18     		add	r3, r1, r3
 223 0136 0132     		add	r2, r2, #1
 224 0138 1A70     		strb	r2, [r3]
 225              	.LVL12:
 226              	.L4:
  90:WriteUserSFlash.c **** 	{
 227              		.loc 1 90 0 is_stmt 0 discriminator 1
 228 013a 2F23     		mov	r3, #47
 229 013c 1822     		mov	r2, #24
 230 013e BA18     		add	r2, r7, r2
 231 0140 D218     		add	r2, r2, r3
 232 0142 1E23     		mov	r3, #30
 233 0144 FB18     		add	r3, r7, r3
 234 0146 1278     		ldrb	r2, [r2]
 235 0148 1B78     		ldrb	r3, [r3]
 236 014a 9A42     		cmp	r2, r3
 237 014c D8D3     		bcc	.L5
  93:WriteUserSFlash.c **** 	}
  94:WriteUserSFlash.c **** 	
  95:WriteUserSFlash.c **** 	/* Write the following to registers to execute a LOAD FLASH bytes */
  96:WriteUserSFlash.c **** 	CY_SET_REG32(CYREG_CPUSS_SYSARG, &cmdDataBuffer[0]);
 238              		.loc 1 96 0 is_stmt 1
 239 014e 1D4B     		ldr	r3, .L7+24
 240 0150 FA6B     		ldr	r2, [r7, #60]
 241 0152 1A60     		str	r2, [r3]
  97:WriteUserSFlash.c **** 	CY_SET_REG32(CYREG_CPUSS_SYSREQ, LOAD_FLASH);
 242              		.loc 1 97 0
 243 0154 1D4B     		ldr	r3, .L7+32
ARM GAS  C:\Users\Helon\AppData\Local\Temp\ccvLsr7d.s 			page 7


 244 0156 204A     		ldr	r2, .L7+44
 245 0158 1A60     		str	r2, [r3]
  98:WriteUserSFlash.c **** 	
  99:WriteUserSFlash.c ****     /****** Initialize SRAM parameters for the WRITE ROW command ******/
 100:WriteUserSFlash.c **** 	/* byte 3 & 2 are null */
 101:WriteUserSFlash.c **** 	/* byte 1 (i.e. 0xeb) is the key 2  */
 102:WriteUserSFlash.c **** 	/* byte 0 (i.e. 0xb6) is the key 1  */
 103:WriteUserSFlash.c **** 	cmdDataBuffer[0] = 0x0000ebb6;
 246              		.loc 1 103 0
 247 015a FB6B     		ldr	r3, [r7, #60]
 248 015c 1F4A     		ldr	r2, .L7+48
 249 015e 1A60     		str	r2, [r3]
 104:WriteUserSFlash.c ****     
 105:WriteUserSFlash.c **** 	/* byte 7,6 and 5 are null */
 106:WriteUserSFlash.c **** 	/* byte 4 is desired SFlash user row 
 107:WriteUserSFlash.c **** 	 * Allowed values 0 - row 4
 108:WriteUserSFlash.c **** 	                  1 - row 5 
 109:WriteUserSFlash.c **** 					  2 - row 6
 110:WriteUserSFlash.c **** 					  3 - row 7 */
 111:WriteUserSFlash.c **** 	cmdDataBuffer[1] = (uint32) userRowNUmber;
 250              		.loc 1 111 0
 251 0160 1F23     		mov	r3, #31
 252 0162 FB18     		add	r3, r7, r3
 253 0164 1A78     		ldrb	r2, [r3]
 254 0166 FB6B     		ldr	r3, [r7, #60]
 255 0168 5A60     		str	r2, [r3, #4]
 112:WriteUserSFlash.c **** 	
 113:WriteUserSFlash.c **** 	/* Write the following to registers to execute a WRITE USER SFlash ROW command */
 114:WriteUserSFlash.c **** 	CY_SET_REG32(CYREG_CPUSS_SYSARG, &cmdDataBuffer[0]);
 256              		.loc 1 114 0
 257 016a 164B     		ldr	r3, .L7+24
 258 016c FA6B     		ldr	r2, [r7, #60]
 259 016e 1A60     		str	r2, [r3]
 115:WriteUserSFlash.c **** 	CY_SET_REG32(CYREG_CPUSS_SYSREQ, WRITE_USER_SFLASH_ROW);
 260              		.loc 1 115 0
 261 0170 164B     		ldr	r3, .L7+32
 262 0172 1B4A     		ldr	r2, .L7+52
 263 0174 1A60     		str	r2, [r3]
 116:WriteUserSFlash.c ****     
 117:WriteUserSFlash.c **** 	/* Read back SYSARG for the result. 0xA0000000 = SUCCESS; */
 118:WriteUserSFlash.c **** 	retValue = CY_GET_REG32(CYREG_CPUSS_SYSARG);
 264              		.loc 1 118 0
 265 0176 134B     		ldr	r3, .L7+24
 266 0178 1B68     		ldr	r3, [r3]
 267 017a BB63     		str	r3, [r7, #56]
 119:WriteUserSFlash.c **** 	
 120:WriteUserSFlash.c **** 	/* Restore the clock settings after the flash programming is done */
 121:WriteUserSFlash.c ****     CY_SET_XTND_REG32((void CYFAR *)(CYREG_CLK_SELECT),reg1);
 268              		.loc 1 121 0
 269 017c 0B4B     		ldr	r3, .L7
 270 017e 7A6B     		ldr	r2, [r7, #52]
 271 0180 1A60     		str	r2, [r3]
 122:WriteUserSFlash.c ****     CY_SET_XTND_REG32((void CYFAR *)(CYREG_CLK_IMO_CONFIG),reg2);
 272              		.loc 1 122 0
 273 0182 0B4B     		ldr	r3, .L7+4
 274 0184 3A6B     		ldr	r2, [r7, #48]
 275 0186 1A60     		str	r2, [r3]
ARM GAS  C:\Users\Helon\AppData\Local\Temp\ccvLsr7d.s 			page 8


 123:WriteUserSFlash.c ****     CY_SET_XTND_REG32((void CYFAR *)(CYREG_PWR_BG_TRIM4),reg3);
 276              		.loc 1 123 0
 277 0188 0A4B     		ldr	r3, .L7+8
 278 018a FA6A     		ldr	r2, [r7, #44]
 279 018c 1A60     		str	r2, [r3]
 124:WriteUserSFlash.c ****     CY_SET_XTND_REG32((void CYFAR *)(CYREG_PWR_BG_TRIM5),reg4);
 280              		.loc 1 124 0
 281 018e 0A4B     		ldr	r3, .L7+12
 282 0190 BA6A     		ldr	r2, [r7, #40]
 283 0192 1A60     		str	r2, [r3]
 125:WriteUserSFlash.c ****     CY_SET_XTND_REG32((void CYFAR *)(CYREG_CLK_IMO_TRIM1),reg5);
 284              		.loc 1 125 0
 285 0194 094B     		ldr	r3, .L7+16
 286 0196 7A6A     		ldr	r2, [r7, #36]
 287 0198 1A60     		str	r2, [r3]
 126:WriteUserSFlash.c ****     CY_SET_XTND_REG32((void CYFAR *)(CYREG_CLK_IMO_TRIM2),reg6);  
 288              		.loc 1 126 0
 289 019a 094B     		ldr	r3, .L7+20
 290 019c 3A6A     		ldr	r2, [r7, #32]
 291 019e 1A60     		str	r2, [r3]
 127:WriteUserSFlash.c **** 	
 128:WriteUserSFlash.c **** 	return retValue;
 292              		.loc 1 128 0
 293 01a0 BB6B     		ldr	r3, [r7, #56]
 294              	.LVL13:
 295              	.L3:
 296 01a2 8546     		mov	sp, r0
 129:WriteUserSFlash.c **** }
 297              		.loc 1 129 0
 298 01a4 181C     		mov	r0, r3
 299 01a6 BD46     		mov	sp, r7
 300 01a8 13B0     		add	sp, sp, #76
 301              		@ sp needed
 302              	.LVL14:
 303 01aa F0BD     		pop	{r4, r5, r6, r7, pc}
 304              	.L8:
 305              		.align	2
 306              	.L7:
 307 01ac 00010B40 		.word	1074462976
 308 01b0 08010B40 		.word	1074462984
 309 01b4 1CFF0B40 		.word	1074528028
 310 01b8 20FF0B40 		.word	1074528032
 311 01bc 28FF0B40 		.word	1074528040
 312 01c0 2CFF0B40 		.word	1074528044
 313 01c4 08001040 		.word	1074790408
 314 01c8 B6E80000 		.word	59574
 315 01cc 04001040 		.word	1074790404
 316 01d0 15000080 		.word	-2147483627
 317 01d4 B6D70000 		.word	55222
 318 01d8 04000080 		.word	-2147483644
 319 01dc B6EB0000 		.word	60342
 320 01e0 18000080 		.word	-2147483624
 321              		.cfi_endproc
 322              	.LFE37:
 323              		.size	WriteUserSFlashRow, .-WriteUserSFlashRow
 324              		.section	.text.ReadDataFromSFlash,"ax",%progbits
 325              		.align	1
ARM GAS  C:\Users\Helon\AppData\Local\Temp\ccvLsr7d.s 			page 9


 326              		.global	ReadDataFromSFlash
 327              		.code	16
 328              		.thumb_func
 329              		.type	ReadDataFromSFlash, %function
 330              	ReadDataFromSFlash:
 331              	.LFB38:
 130:WriteUserSFlash.c **** #if defined (__GNUC__)
 131:WriteUserSFlash.c **** #pragma GCC reset_options
 132:WriteUserSFlash.c **** #endif /* End of #if defined (__GNUC__) */
 133:WriteUserSFlash.c **** 
 134:WriteUserSFlash.c **** /*******************************************************************************
 135:WriteUserSFlash.c **** * Function Name: ReadDataFromSFlash
 136:WriteUserSFlash.c **** ********************************************************************************
 137:WriteUserSFlash.c **** *
 138:WriteUserSFlash.c **** *
 139:WriteUserSFlash.c **** * 
 140:WriteUserSFlash.c **** *  读取SFlash中的第一个数据
 141:WriteUserSFlash.c **** * \param  none
 142:WriteUserSFlash.c **** * \return
 143:WriteUserSFlash.c **** *  None
 144:WriteUserSFlash.c **** *       SFlash中有506Bytes字节的用户可配置的空间
 145:WriteUserSFlash.c **** ******************************************************************************/
 146:WriteUserSFlash.c **** uint8_t ReadDataFromSFlash()
 147:WriteUserSFlash.c **** {
 332              		.loc 1 147 0
 333              		.cfi_startproc
 334              	.LVL15:
 148:WriteUserSFlash.c ****     
 149:WriteUserSFlash.c ****     uint8_t FlashData=0;
 150:WriteUserSFlash.c ****     uint8_t *sflashPtr=(uint8_t *)USER_SFLASH_BASE_ADDRESS;//SFlash的首地址
 151:WriteUserSFlash.c ****     sflashPtr=sflashPtr+6;
 152:WriteUserSFlash.c ****     FlashData=*sflashPtr;
 153:WriteUserSFlash.c ****     return FlashData;    
 335              		.loc 1 153 0
 336 0000 014B     		ldr	r3, .L10
 337              	.LVL16:
 154:WriteUserSFlash.c **** }
 338              		.loc 1 154 0
 339              		@ sp needed
 153:WriteUserSFlash.c **** }
 340              		.loc 1 153 0
 341 0002 1878     		ldrb	r0, [r3]
 342              		.loc 1 154 0
 343 0004 7047     		bx	lr
 344              	.L11:
 345 0006 C046     		.align	2
 346              	.L10:
 347 0008 06F2FF0F 		.word	268431878
 348              		.cfi_endproc
 349              	.LFE38:
 350              		.size	ReadDataFromSFlash, .-ReadDataFromSFlash
 351              		.section	.text.ReadDeviceNameFromSFlash,"ax",%progbits
 352              		.align	1
 353              		.global	ReadDeviceNameFromSFlash
 354              		.code	16
 355              		.thumb_func
 356              		.type	ReadDeviceNameFromSFlash, %function
ARM GAS  C:\Users\Helon\AppData\Local\Temp\ccvLsr7d.s 			page 10


 357              	ReadDeviceNameFromSFlash:
 358              	.LFB39:
 155:WriteUserSFlash.c **** 
 156:WriteUserSFlash.c **** /*******************************************************************************
 157:WriteUserSFlash.c **** * Function Name: ReadDeviceNameFromSFlash
 158:WriteUserSFlash.c **** ********************************************************************************
 159:WriteUserSFlash.c **** *
 160:WriteUserSFlash.c **** *
 161:WriteUserSFlash.c **** * 
 162:WriteUserSFlash.c **** *  读取存放在SFlash中的设备名
 163:WriteUserSFlash.c **** * \param  none
 164:WriteUserSFlash.c **** * \return
 165:WriteUserSFlash.c **** *  None
 166:WriteUserSFlash.c **** *       SFlash中有506Bytes字节的用户可配置的空间
 167:WriteUserSFlash.c **** ******************************************************************************/
 168:WriteUserSFlash.c **** uint8_t ReadDeviceNameFromSFlash()
 169:WriteUserSFlash.c **** {
 359              		.loc 1 169 0
 360              		.cfi_startproc
 361              	.LVL17:
 170:WriteUserSFlash.c ****     uint8_t FlashData=0;
 171:WriteUserSFlash.c ****     uint8_t *sflashPtr=(uint8_t *)USER_SFLASH_BASE_ADDRESS;//SFlash的首地址
 172:WriteUserSFlash.c ****     FlashData=*(sflashPtr+128);//取得存放在SFlash的设备名的长度
 173:WriteUserSFlash.c ****     if(FlashData==0)
 174:WriteUserSFlash.c ****         return 0;
 362              		.loc 1 174 0
 363 0000 0020     		mov	r0, #0
 169:WriteUserSFlash.c ****     uint8_t FlashData=0;
 364              		.loc 1 169 0
 365 0002 08B5     		push	{r3, lr}
 366              		.cfi_def_cfa_offset 8
 367              		.cfi_offset 3, -8
 368              		.cfi_offset 14, -4
 172:WriteUserSFlash.c ****     if(FlashData==0)
 369              		.loc 1 172 0
 370 0004 044B     		ldr	r3, .L17
 371 0006 1A78     		ldrb	r2, [r3]
 372              	.LVL18:
 173:WriteUserSFlash.c ****         return 0;
 373              		.loc 1 173 0
 374 0008 8242     		cmp	r2, r0
 375 000a 04D0     		beq	.L13
 175:WriteUserSFlash.c ****     else
 176:WriteUserSFlash.c ****     {
 177:WriteUserSFlash.c ****         memcpy(SetDeviceName,sflashPtr+128*2,FlashData); 
 376              		.loc 1 177 0
 377 000c 0348     		ldr	r0, .L17+4
 378 000e 0449     		ldr	r1, .L17+8
 379 0010 FFF7FEFF 		bl	memcpy
 380              	.LVL19:
 178:WriteUserSFlash.c ****         return 1;
 381              		.loc 1 178 0
 382 0014 0120     		mov	r0, #1
 383              	.L13:
 179:WriteUserSFlash.c ****     }
 180:WriteUserSFlash.c **** }
 384              		.loc 1 180 0
ARM GAS  C:\Users\Helon\AppData\Local\Temp\ccvLsr7d.s 			page 11


 385              		@ sp needed
 386 0016 08BD     		pop	{r3, pc}
 387              	.L18:
 388              		.align	2
 389              	.L17:
 390 0018 80F2FF0F 		.word	268432000
 391 001c 00000000 		.word	.LANCHOR0
 392 0020 00F3FF0F 		.word	268432128
 393              		.cfi_endproc
 394              	.LFE39:
 395              		.size	ReadDeviceNameFromSFlash, .-ReadDeviceNameFromSFlash
 396              		.global	SetDeviceName
 397              		.bss
 398              		.set	.LANCHOR0,. + 0
 399              		.type	SetDeviceName, %object
 400              		.size	SetDeviceName, 23
 401              	SetDeviceName:
 402 0000 00000000 		.space	23
 402      00000000 
 402      00000000 
 402      00000000 
 402      00000000 
 403              		.text
 404              	.Letext0:
 405              		.file 2 "c:\\program files (x86)\\cypress\\psoc creator\\4.0\\psoc creator\\import\\gnu\\arm\\4.9.
 406              		.file 3 "c:\\program files (x86)\\cypress\\psoc creator\\4.0\\psoc creator\\import\\gnu\\arm\\4.9.
 407              		.file 4 "Generated_Source\\PSoC4/cytypes.h"
 408              		.file 5 "Generated_Source\\PSoC4/BLE_Stack.h"
 409              		.section	.debug_info,"",%progbits
 410              	.Ldebug_info0:
 411 0000 5B040000 		.4byte	0x45b
 412 0004 0400     		.2byte	0x4
 413 0006 00000000 		.4byte	.Ldebug_abbrev0
 414 000a 04       		.byte	0x4
 415 000b 01       		.uleb128 0x1
 416 000c 71020000 		.4byte	.LASF101
 417 0010 01       		.byte	0x1
 418 0011 A5010000 		.4byte	.LASF102
 419 0015 12070000 		.4byte	.LASF103
 420 0019 00000000 		.4byte	.Ldebug_ranges0+0
 421 001d 00000000 		.4byte	0
 422 0021 00000000 		.4byte	.Ldebug_line0
 423 0025 02       		.uleb128 0x2
 424 0026 01       		.byte	0x1
 425 0027 06       		.byte	0x6
 426 0028 63050000 		.4byte	.LASF0
 427 002c 03       		.uleb128 0x3
 428 002d F8030000 		.4byte	.LASF9
 429 0031 02       		.byte	0x2
 430 0032 1D       		.byte	0x1d
 431 0033 37000000 		.4byte	0x37
 432 0037 02       		.uleb128 0x2
 433 0038 01       		.byte	0x1
 434 0039 08       		.byte	0x8
 435 003a DF040000 		.4byte	.LASF1
 436 003e 02       		.uleb128 0x2
 437 003f 02       		.byte	0x2
ARM GAS  C:\Users\Helon\AppData\Local\Temp\ccvLsr7d.s 			page 12


 438 0040 05       		.byte	0x5
 439 0041 AB000000 		.4byte	.LASF2
 440 0045 02       		.uleb128 0x2
 441 0046 02       		.byte	0x2
 442 0047 07       		.byte	0x7
 443 0048 8E060000 		.4byte	.LASF3
 444 004c 02       		.uleb128 0x2
 445 004d 04       		.byte	0x4
 446 004e 05       		.byte	0x5
 447 004f 9C030000 		.4byte	.LASF4
 448 0053 02       		.uleb128 0x2
 449 0054 04       		.byte	0x4
 450 0055 07       		.byte	0x7
 451 0056 FE050000 		.4byte	.LASF5
 452 005a 02       		.uleb128 0x2
 453 005b 08       		.byte	0x8
 454 005c 05       		.byte	0x5
 455 005d F9000000 		.4byte	.LASF6
 456 0061 02       		.uleb128 0x2
 457 0062 08       		.byte	0x8
 458 0063 07       		.byte	0x7
 459 0064 7B030000 		.4byte	.LASF7
 460 0068 04       		.uleb128 0x4
 461 0069 04       		.byte	0x4
 462 006a 05       		.byte	0x5
 463 006b 696E7400 		.ascii	"int\000"
 464 006f 02       		.uleb128 0x2
 465 0070 04       		.byte	0x4
 466 0071 07       		.byte	0x7
 467 0072 C8050000 		.4byte	.LASF8
 468 0076 03       		.uleb128 0x3
 469 0077 9D010000 		.4byte	.LASF10
 470 007b 03       		.byte	0x3
 471 007c 15       		.byte	0x15
 472 007d 2C000000 		.4byte	0x2c
 473 0081 05       		.uleb128 0x5
 474 0082 B3040000 		.4byte	.LASF11
 475 0086 04       		.byte	0x4
 476 0087 3801     		.2byte	0x138
 477 0089 37000000 		.4byte	0x37
 478 008d 05       		.uleb128 0x5
 479 008e B5070000 		.4byte	.LASF12
 480 0092 04       		.byte	0x4
 481 0093 3A01     		.2byte	0x13a
 482 0095 53000000 		.4byte	0x53
 483 0099 02       		.uleb128 0x2
 484 009a 04       		.byte	0x4
 485 009b 04       		.byte	0x4
 486 009c 08030000 		.4byte	.LASF13
 487 00a0 02       		.uleb128 0x2
 488 00a1 08       		.byte	0x8
 489 00a2 04       		.byte	0x4
 490 00a3 ED070000 		.4byte	.LASF14
 491 00a7 02       		.uleb128 0x2
 492 00a8 01       		.byte	0x1
 493 00a9 08       		.byte	0x8
 494 00aa F1060000 		.4byte	.LASF15
ARM GAS  C:\Users\Helon\AppData\Local\Temp\ccvLsr7d.s 			page 13


 495 00ae 05       		.uleb128 0x5
 496 00af 65060000 		.4byte	.LASF16
 497 00b3 04       		.byte	0x4
 498 00b4 E401     		.2byte	0x1e4
 499 00b6 BA000000 		.4byte	0xba
 500 00ba 06       		.uleb128 0x6
 501 00bb 8D000000 		.4byte	0x8d
 502 00bf 02       		.uleb128 0x2
 503 00c0 04       		.byte	0x4
 504 00c1 07       		.byte	0x7
 505 00c2 CF000000 		.4byte	.LASF17
 506 00c6 07       		.uleb128 0x7
 507 00c7 04       		.byte	0x4
 508 00c8 08       		.uleb128 0x8
 509 00c9 01       		.byte	0x1
 510 00ca 05       		.byte	0x5
 511 00cb 4201     		.2byte	0x142
 512 00cd 85020000 		.4byte	0x285
 513 00d1 09       		.uleb128 0x9
 514 00d2 1B020000 		.4byte	.LASF18
 515 00d6 00       		.sleb128 0
 516 00d7 09       		.uleb128 0x9
 517 00d8 6C010000 		.4byte	.LASF19
 518 00dc 01       		.sleb128 1
 519 00dd 09       		.uleb128 0x9
 520 00de 50090000 		.4byte	.LASF20
 521 00e2 02       		.sleb128 2
 522 00e3 09       		.uleb128 0x9
 523 00e4 6B080000 		.4byte	.LASF21
 524 00e8 03       		.sleb128 3
 525 00e9 09       		.uleb128 0x9
 526 00ea 18010000 		.4byte	.LASF22
 527 00ee 04       		.sleb128 4
 528 00ef 09       		.uleb128 0x9
 529 00f0 23040000 		.4byte	.LASF23
 530 00f4 05       		.sleb128 5
 531 00f5 09       		.uleb128 0x9
 532 00f6 54000000 		.4byte	.LASF24
 533 00fa 06       		.sleb128 6
 534 00fb 09       		.uleb128 0x9
 535 00fc C9080000 		.4byte	.LASF25
 536 0100 20       		.sleb128 32
 537 0101 09       		.uleb128 0x9
 538 0102 10060000 		.4byte	.LASF26
 539 0106 21       		.sleb128 33
 540 0107 09       		.uleb128 0x9
 541 0108 00000000 		.4byte	.LASF27
 542 010c 22       		.sleb128 34
 543 010d 09       		.uleb128 0x9
 544 010e 4B040000 		.4byte	.LASF28
 545 0112 23       		.sleb128 35
 546 0113 09       		.uleb128 0x9
 547 0114 AC050000 		.4byte	.LASF29
 548 0118 24       		.sleb128 36
 549 0119 09       		.uleb128 0x9
 550 011a B5000000 		.4byte	.LASF30
 551 011e 25       		.sleb128 37
ARM GAS  C:\Users\Helon\AppData\Local\Temp\ccvLsr7d.s 			page 14


 552 011f 09       		.uleb128 0x9
 553 0120 43080000 		.4byte	.LASF31
 554 0124 26       		.sleb128 38
 555 0125 09       		.uleb128 0x9
 556 0126 C6030000 		.4byte	.LASF32
 557 012a 27       		.sleb128 39
 558 012b 09       		.uleb128 0x9
 559 012c 220A0000 		.4byte	.LASF33
 560 0130 28       		.sleb128 40
 561 0131 09       		.uleb128 0x9
 562 0132 48060000 		.4byte	.LASF34
 563 0136 29       		.sleb128 41
 564 0137 09       		.uleb128 0x9
 565 0138 A1060000 		.4byte	.LASF35
 566 013c 2A       		.sleb128 42
 567 013d 09       		.uleb128 0x9
 568 013e 86090000 		.4byte	.LASF36
 569 0142 2B       		.sleb128 43
 570 0143 09       		.uleb128 0x9
 571 0144 B7010000 		.4byte	.LASF37
 572 0148 2C       		.sleb128 44
 573 0149 09       		.uleb128 0x9
 574 014a 31030000 		.4byte	.LASF38
 575 014e 2D       		.sleb128 45
 576 014f 09       		.uleb128 0x9
 577 0150 87000000 		.4byte	.LASF39
 578 0154 2E       		.sleb128 46
 579 0155 09       		.uleb128 0x9
 580 0156 860A0000 		.4byte	.LASF40
 581 015a 2F       		.sleb128 47
 582 015b 09       		.uleb128 0x9
 583 015c D8000000 		.4byte	.LASF41
 584 0160 30       		.sleb128 48
 585 0161 09       		.uleb128 0x9
 586 0162 8F040000 		.4byte	.LASF42
 587 0166 31       		.sleb128 49
 588 0167 09       		.uleb128 0x9
 589 0168 5A030000 		.4byte	.LASF43
 590 016c 32       		.sleb128 50
 591 016d 09       		.uleb128 0x9
 592 016e CA060000 		.4byte	.LASF44
 593 0172 33       		.sleb128 51
 594 0173 09       		.uleb128 0x9
 595 0174 6D000000 		.4byte	.LASF45
 596 0178 C000     		.sleb128 64
 597 017a 09       		.uleb128 0x9
 598 017b E3050000 		.4byte	.LASF46
 599 017f C100     		.sleb128 65
 600 0181 09       		.uleb128 0x9
 601 0182 680A0000 		.4byte	.LASF47
 602 0186 C200     		.sleb128 66
 603 0188 09       		.uleb128 0x9
 604 0189 7F010000 		.4byte	.LASF48
 605 018d C300     		.sleb128 67
 606 018f 09       		.uleb128 0x9
 607 0190 32090000 		.4byte	.LASF49
 608 0194 C400     		.sleb128 68
ARM GAS  C:\Users\Helon\AppData\Local\Temp\ccvLsr7d.s 			page 15


 609 0196 09       		.uleb128 0x9
 610 0197 ED080000 		.4byte	.LASF50
 611 019b C500     		.sleb128 69
 612 019d 09       		.uleb128 0x9
 613 019e 2D010000 		.4byte	.LASF51
 614 01a2 C600     		.sleb128 70
 615 01a4 09       		.uleb128 0x9
 616 01a5 45050000 		.4byte	.LASF52
 617 01a9 C700     		.sleb128 71
 618 01ab 09       		.uleb128 0x9
 619 01ac 77050000 		.4byte	.LASF53
 620 01b0 C800     		.sleb128 72
 621 01b2 09       		.uleb128 0x9
 622 01b3 0E030000 		.4byte	.LASF54
 623 01b7 C900     		.sleb128 73
 624 01b9 09       		.uleb128 0x9
 625 01ba 6E070000 		.4byte	.LASF55
 626 01be CA00     		.sleb128 74
 627 01c0 09       		.uleb128 0x9
 628 01c1 DB010000 		.4byte	.LASF56
 629 01c5 CB00     		.sleb128 75
 630 01c7 09       		.uleb128 0x9
 631 01c8 2B050000 		.4byte	.LASF57
 632 01cc CC00     		.sleb128 76
 633 01ce 09       		.uleb128 0x9
 634 01cf 3A000000 		.4byte	.LASF58
 635 01d3 CD00     		.sleb128 77
 636 01d5 09       		.uleb128 0x9
 637 01d6 14090000 		.4byte	.LASF59
 638 01da CE00     		.sleb128 78
 639 01dc 09       		.uleb128 0x9
 640 01dd ED040000 		.4byte	.LASF60
 641 01e1 CF00     		.sleb128 79
 642 01e3 09       		.uleb128 0x9
 643 01e4 030A0000 		.4byte	.LASF61
 644 01e8 D000     		.sleb128 80
 645 01ea 09       		.uleb128 0x9
 646 01eb 96070000 		.4byte	.LASF62
 647 01ef D100     		.sleb128 81
 648 01f1 09       		.uleb128 0x9
 649 01f2 02040000 		.4byte	.LASF63
 650 01f6 D200     		.sleb128 82
 651 01f8 09       		.uleb128 0x9
 652 01f9 A5030000 		.4byte	.LASF64
 653 01fd D300     		.sleb128 83
 654 01ff 09       		.uleb128 0x9
 655 0200 FA010000 		.4byte	.LASF65
 656 0204 D400     		.sleb128 84
 657 0206 09       		.uleb128 0x9
 658 0207 440A0000 		.4byte	.LASF66
 659 020b D500     		.sleb128 85
 660 020d 09       		.uleb128 0x9
 661 020e E1090000 		.4byte	.LASF67
 662 0212 D600     		.sleb128 86
 663 0214 09       		.uleb128 0x9
 664 0215 B3090000 		.4byte	.LASF68
 665 0219 D700     		.sleb128 87
ARM GAS  C:\Users\Helon\AppData\Local\Temp\ccvLsr7d.s 			page 16


 666 021b 09       		.uleb128 0x9
 667 021c 6B060000 		.4byte	.LASF69
 668 0220 D800     		.sleb128 88
 669 0222 09       		.uleb128 0x9
 670 0223 B9040000 		.4byte	.LASF70
 671 0227 F000     		.sleb128 112
 672 0229 09       		.uleb128 0x9
 673 022a A3080000 		.4byte	.LASF71
 674 022e F100     		.sleb128 113
 675 0230 09       		.uleb128 0x9
 676 0231 F6060000 		.4byte	.LASF72
 677 0235 F200     		.sleb128 114
 678 0237 09       		.uleb128 0x9
 679 0238 32020000 		.4byte	.LASF73
 680 023c F300     		.sleb128 115
 681 023e 09       		.uleb128 0x9
 682 023f 71040000 		.4byte	.LASF74
 683 0243 F400     		.sleb128 116
 684 0245 09       		.uleb128 0x9
 685 0246 27060000 		.4byte	.LASF75
 686 024a F500     		.sleb128 117
 687 024c 09       		.uleb128 0x9
 688 024d 50020000 		.4byte	.LASF76
 689 0251 F600     		.sleb128 118
 690 0253 09       		.uleb128 0x9
 691 0254 84080000 		.4byte	.LASF77
 692 0258 F700     		.sleb128 119
 693 025a 09       		.uleb128 0x9
 694 025b CA070000 		.4byte	.LASF78
 695 025f F800     		.sleb128 120
 696 0261 09       		.uleb128 0x9
 697 0262 F4070000 		.4byte	.LASF79
 698 0266 F900     		.sleb128 121
 699 0268 09       		.uleb128 0x9
 700 0269 62090000 		.4byte	.LASF80
 701 026d FA00     		.sleb128 122
 702 026f 09       		.uleb128 0x9
 703 0270 4E010000 		.4byte	.LASF81
 704 0274 FA01     		.sleb128 250
 705 0276 09       		.uleb128 0x9
 706 0277 0C050000 		.4byte	.LASF82
 707 027b FB01     		.sleb128 251
 708 027d 09       		.uleb128 0x9
 709 027e A5090000 		.4byte	.LASF83
 710 0282 FF01     		.sleb128 255
 711 0284 00       		.byte	0
 712 0285 0A       		.uleb128 0xa
 713 0286 E5030000 		.4byte	.LASF104
 714 028a 01       		.byte	0x1
 715 028b 34       		.byte	0x34
 716 028c 8D000000 		.4byte	0x8d
 717 0290 00000000 		.4byte	.LFB37
 718 0294 E4010000 		.4byte	.LFE37-.LFB37
 719 0298 01       		.uleb128 0x1
 720 0299 9C       		.byte	0x9c
 721 029a 64030000 		.4byte	0x364
 722 029e 0B       		.uleb128 0xb
ARM GAS  C:\Users\Helon\AppData\Local\Temp\ccvLsr7d.s 			page 17


 723 029f D5050000 		.4byte	.LASF84
 724 02a3 01       		.byte	0x1
 725 02a4 34       		.byte	0x34
 726 02a5 81000000 		.4byte	0x81
 727 02a9 00000000 		.4byte	.LLST0
 728 02ad 0B       		.uleb128 0xb
 729 02ae 3F040000 		.4byte	.LASF85
 730 02b2 01       		.byte	0x1
 731 02b3 34       		.byte	0x34
 732 02b4 64030000 		.4byte	0x364
 733 02b8 21000000 		.4byte	.LLST1
 734 02bc 0B       		.uleb128 0xb
 735 02bd 24000000 		.4byte	.LASF86
 736 02c1 01       		.byte	0x1
 737 02c2 34       		.byte	0x34
 738 02c3 76000000 		.4byte	0x76
 739 02c7 67000000 		.4byte	.LLST2
 740 02cb 0B       		.uleb128 0xb
 741 02cc 6F050000 		.4byte	.LASF87
 742 02d0 01       		.byte	0x1
 743 02d1 34       		.byte	0x34
 744 02d2 76000000 		.4byte	0x76
 745 02d6 88000000 		.4byte	.LLST3
 746 02da 0C       		.uleb128 0xc
 747 02db 2F000000 		.4byte	.LASF88
 748 02df 01       		.byte	0x1
 749 02e0 3B       		.byte	0x3b
 750 02e1 81000000 		.4byte	0x81
 751 02e5 A9000000 		.4byte	.LLST4
 752 02e9 0D       		.uleb128 0xd
 753 02ea FF020000 		.4byte	.LASF89
 754 02ee 01       		.byte	0x1
 755 02ef 3C       		.byte	0x3c
 756 02f0 BA000000 		.4byte	0xba
 757 02f4 02       		.uleb128 0x2
 758 02f5 91       		.byte	0x91
 759 02f6 58       		.sleb128 -40
 760 02f7 0E       		.uleb128 0xe
 761 02f8 7D030000 		.4byte	0x37d
 762 02fc BE000000 		.4byte	.LLST5
 763 0300 0C       		.uleb128 0xc
 764 0301 9E050000 		.4byte	.LASF90
 765 0305 01       		.byte	0x1
 766 0306 3E       		.byte	0x3e
 767 0307 82030000 		.4byte	0x382
 768 030b F8000000 		.4byte	.LLST6
 769 030f 0D       		.uleb128 0xd
 770 0310 69070000 		.4byte	.LASF91
 771 0314 01       		.byte	0x1
 772 0315 3F       		.byte	0x3f
 773 0316 BA000000 		.4byte	0xba
 774 031a 02       		.uleb128 0x2
 775 031b 91       		.byte	0x91
 776 031c 54       		.sleb128 -44
 777 031d 0D       		.uleb128 0xd
 778 031e DC090000 		.4byte	.LASF92
 779 0322 01       		.byte	0x1
ARM GAS  C:\Users\Helon\AppData\Local\Temp\ccvLsr7d.s 			page 18


 780 0323 3F       		.byte	0x3f
 781 0324 BA000000 		.4byte	0xba
 782 0328 02       		.uleb128 0x2
 783 0329 91       		.byte	0x91
 784 032a 50       		.sleb128 -48
 785 032b 0D       		.uleb128 0xd
 786 032c 8C070000 		.4byte	.LASF93
 787 0330 01       		.byte	0x1
 788 0331 3F       		.byte	0x3f
 789 0332 BA000000 		.4byte	0xba
 790 0336 02       		.uleb128 0x2
 791 0337 91       		.byte	0x91
 792 0338 4C       		.sleb128 -52
 793 0339 0D       		.uleb128 0xd
 794 033a 91070000 		.4byte	.LASF94
 795 033e 01       		.byte	0x1
 796 033f 3F       		.byte	0x3f
 797 0340 BA000000 		.4byte	0xba
 798 0344 02       		.uleb128 0x2
 799 0345 91       		.byte	0x91
 800 0346 48       		.sleb128 -56
 801 0347 0D       		.uleb128 0xd
 802 0348 92030000 		.4byte	.LASF95
 803 034c 01       		.byte	0x1
 804 034d 3F       		.byte	0x3f
 805 034e BA000000 		.4byte	0xba
 806 0352 02       		.uleb128 0x2
 807 0353 91       		.byte	0x91
 808 0354 44       		.sleb128 -60
 809 0355 0D       		.uleb128 0xd
 810 0356 97030000 		.4byte	.LASF96
 811 035a 01       		.byte	0x1
 812 035b 3F       		.byte	0x3f
 813 035c BA000000 		.4byte	0xba
 814 0360 02       		.uleb128 0x2
 815 0361 91       		.byte	0x91
 816 0362 40       		.sleb128 -64
 817 0363 00       		.byte	0
 818 0364 0F       		.uleb128 0xf
 819 0365 04       		.byte	0x4
 820 0366 8D000000 		.4byte	0x8d
 821 036a 10       		.uleb128 0x10
 822 036b 8D000000 		.4byte	0x8d
 823 036f 7D030000 		.4byte	0x37d
 824 0373 11       		.uleb128 0x11
 825 0374 BF000000 		.4byte	0xbf
 826 0378 F7020000 		.4byte	0x2f7
 827 037c 00       		.byte	0
 828 037d 12       		.uleb128 0x12
 829 037e BF000000 		.4byte	0xbf
 830 0382 06       		.uleb128 0x6
 831 0383 6A030000 		.4byte	0x36a
 832 0387 13       		.uleb128 0x13
 833 0388 30080000 		.4byte	.LASF99
 834 038c 01       		.byte	0x1
 835 038d 92       		.byte	0x92
 836 038e 76000000 		.4byte	0x76
ARM GAS  C:\Users\Helon\AppData\Local\Temp\ccvLsr7d.s 			page 19


 837 0392 00000000 		.4byte	.LFB38
 838 0396 0C000000 		.4byte	.LFE38-.LFB38
 839 039a 01       		.uleb128 0x1
 840 039b 9C       		.byte	0x9c
 841 039c BF030000 		.4byte	0x3bf
 842 03a0 0C       		.uleb128 0xc
 843 03a1 27030000 		.4byte	.LASF97
 844 03a5 01       		.byte	0x1
 845 03a6 95       		.byte	0x95
 846 03a7 76000000 		.4byte	0x76
 847 03ab 28010000 		.4byte	.LLST7
 848 03af 14       		.uleb128 0x14
 849 03b0 0E010000 		.4byte	.LASF98
 850 03b4 01       		.byte	0x1
 851 03b5 96       		.byte	0x96
 852 03b6 BF030000 		.4byte	0x3bf
 853 03ba 06F2FF0F 		.4byte	0xffff206
 854 03be 00       		.byte	0
 855 03bf 0F       		.uleb128 0xf
 856 03c0 04       		.byte	0x4
 857 03c1 76000000 		.4byte	0x76
 858 03c5 13       		.uleb128 0x13
 859 03c6 17080000 		.4byte	.LASF100
 860 03ca 01       		.byte	0x1
 861 03cb A8       		.byte	0xa8
 862 03cc 76000000 		.4byte	0x76
 863 03d0 00000000 		.4byte	.LFB39
 864 03d4 24000000 		.4byte	.LFE39-.LFB39
 865 03d8 01       		.uleb128 0x1
 866 03d9 9C       		.byte	0x9c
 867 03da 19040000 		.4byte	0x419
 868 03de 0C       		.uleb128 0xc
 869 03df 27030000 		.4byte	.LASF97
 870 03e3 01       		.byte	0x1
 871 03e4 AA       		.byte	0xaa
 872 03e5 76000000 		.4byte	0x76
 873 03e9 4B010000 		.4byte	.LLST8
 874 03ed 14       		.uleb128 0x14
 875 03ee 0E010000 		.4byte	.LASF98
 876 03f2 01       		.byte	0x1
 877 03f3 AB       		.byte	0xab
 878 03f4 BF030000 		.4byte	0x3bf
 879 03f8 00F2FF0F 		.4byte	0xffff200
 880 03fc 15       		.uleb128 0x15
 881 03fd 14000000 		.4byte	.LVL19
 882 0401 3A040000 		.4byte	0x43a
 883 0405 16       		.uleb128 0x16
 884 0406 01       		.uleb128 0x1
 885 0407 51       		.byte	0x51
 886 0408 05       		.uleb128 0x5
 887 0409 0C       		.byte	0xc
 888 040a 00F3FF0F 		.4byte	0xffff300
 889 040e 16       		.uleb128 0x16
 890 040f 01       		.uleb128 0x1
 891 0410 50       		.byte	0x50
 892 0411 05       		.uleb128 0x5
 893 0412 03       		.byte	0x3
ARM GAS  C:\Users\Helon\AppData\Local\Temp\ccvLsr7d.s 			page 20


 894 0413 00000000 		.4byte	.LANCHOR0
 895 0417 00       		.byte	0
 896 0418 00       		.byte	0
 897 0419 10       		.uleb128 0x10
 898 041a A7000000 		.4byte	0xa7
 899 041e 29040000 		.4byte	0x429
 900 0422 17       		.uleb128 0x17
 901 0423 BF000000 		.4byte	0xbf
 902 0427 16       		.byte	0x16
 903 0428 00       		.byte	0
 904 0429 18       		.uleb128 0x18
 905 042a BC070000 		.4byte	.LASF105
 906 042e 01       		.byte	0x1
 907 042f 20       		.byte	0x20
 908 0430 19040000 		.4byte	0x419
 909 0434 05       		.uleb128 0x5
 910 0435 03       		.byte	0x3
 911 0436 00000000 		.4byte	SetDeviceName
 912 043a 19       		.uleb128 0x19
 913 043b 07010000 		.4byte	.LASF106
 914 043f C6000000 		.4byte	0xc6
 915 0443 57040000 		.4byte	0x457
 916 0447 1A       		.uleb128 0x1a
 917 0448 C6000000 		.4byte	0xc6
 918 044c 1A       		.uleb128 0x1a
 919 044d 57040000 		.4byte	0x457
 920 0451 1A       		.uleb128 0x1a
 921 0452 BF000000 		.4byte	0xbf
 922 0456 00       		.byte	0
 923 0457 0F       		.uleb128 0xf
 924 0458 04       		.byte	0x4
 925 0459 5D040000 		.4byte	0x45d
 926 045d 1B       		.uleb128 0x1b
 927 045e 00       		.byte	0
 928              		.section	.debug_abbrev,"",%progbits
 929              	.Ldebug_abbrev0:
 930 0000 01       		.uleb128 0x1
 931 0001 11       		.uleb128 0x11
 932 0002 01       		.byte	0x1
 933 0003 25       		.uleb128 0x25
 934 0004 0E       		.uleb128 0xe
 935 0005 13       		.uleb128 0x13
 936 0006 0B       		.uleb128 0xb
 937 0007 03       		.uleb128 0x3
 938 0008 0E       		.uleb128 0xe
 939 0009 1B       		.uleb128 0x1b
 940 000a 0E       		.uleb128 0xe
 941 000b 55       		.uleb128 0x55
 942 000c 17       		.uleb128 0x17
 943 000d 11       		.uleb128 0x11
 944 000e 01       		.uleb128 0x1
 945 000f 10       		.uleb128 0x10
 946 0010 17       		.uleb128 0x17
 947 0011 00       		.byte	0
 948 0012 00       		.byte	0
 949 0013 02       		.uleb128 0x2
 950 0014 24       		.uleb128 0x24
ARM GAS  C:\Users\Helon\AppData\Local\Temp\ccvLsr7d.s 			page 21


 951 0015 00       		.byte	0
 952 0016 0B       		.uleb128 0xb
 953 0017 0B       		.uleb128 0xb
 954 0018 3E       		.uleb128 0x3e
 955 0019 0B       		.uleb128 0xb
 956 001a 03       		.uleb128 0x3
 957 001b 0E       		.uleb128 0xe
 958 001c 00       		.byte	0
 959 001d 00       		.byte	0
 960 001e 03       		.uleb128 0x3
 961 001f 16       		.uleb128 0x16
 962 0020 00       		.byte	0
 963 0021 03       		.uleb128 0x3
 964 0022 0E       		.uleb128 0xe
 965 0023 3A       		.uleb128 0x3a
 966 0024 0B       		.uleb128 0xb
 967 0025 3B       		.uleb128 0x3b
 968 0026 0B       		.uleb128 0xb
 969 0027 49       		.uleb128 0x49
 970 0028 13       		.uleb128 0x13
 971 0029 00       		.byte	0
 972 002a 00       		.byte	0
 973 002b 04       		.uleb128 0x4
 974 002c 24       		.uleb128 0x24
 975 002d 00       		.byte	0
 976 002e 0B       		.uleb128 0xb
 977 002f 0B       		.uleb128 0xb
 978 0030 3E       		.uleb128 0x3e
 979 0031 0B       		.uleb128 0xb
 980 0032 03       		.uleb128 0x3
 981 0033 08       		.uleb128 0x8
 982 0034 00       		.byte	0
 983 0035 00       		.byte	0
 984 0036 05       		.uleb128 0x5
 985 0037 16       		.uleb128 0x16
 986 0038 00       		.byte	0
 987 0039 03       		.uleb128 0x3
 988 003a 0E       		.uleb128 0xe
 989 003b 3A       		.uleb128 0x3a
 990 003c 0B       		.uleb128 0xb
 991 003d 3B       		.uleb128 0x3b
 992 003e 05       		.uleb128 0x5
 993 003f 49       		.uleb128 0x49
 994 0040 13       		.uleb128 0x13
 995 0041 00       		.byte	0
 996 0042 00       		.byte	0
 997 0043 06       		.uleb128 0x6
 998 0044 35       		.uleb128 0x35
 999 0045 00       		.byte	0
 1000 0046 49       		.uleb128 0x49
 1001 0047 13       		.uleb128 0x13
 1002 0048 00       		.byte	0
 1003 0049 00       		.byte	0
 1004 004a 07       		.uleb128 0x7
 1005 004b 0F       		.uleb128 0xf
 1006 004c 00       		.byte	0
 1007 004d 0B       		.uleb128 0xb
ARM GAS  C:\Users\Helon\AppData\Local\Temp\ccvLsr7d.s 			page 22


 1008 004e 0B       		.uleb128 0xb
 1009 004f 00       		.byte	0
 1010 0050 00       		.byte	0
 1011 0051 08       		.uleb128 0x8
 1012 0052 04       		.uleb128 0x4
 1013 0053 01       		.byte	0x1
 1014 0054 0B       		.uleb128 0xb
 1015 0055 0B       		.uleb128 0xb
 1016 0056 3A       		.uleb128 0x3a
 1017 0057 0B       		.uleb128 0xb
 1018 0058 3B       		.uleb128 0x3b
 1019 0059 05       		.uleb128 0x5
 1020 005a 01       		.uleb128 0x1
 1021 005b 13       		.uleb128 0x13
 1022 005c 00       		.byte	0
 1023 005d 00       		.byte	0
 1024 005e 09       		.uleb128 0x9
 1025 005f 28       		.uleb128 0x28
 1026 0060 00       		.byte	0
 1027 0061 03       		.uleb128 0x3
 1028 0062 0E       		.uleb128 0xe
 1029 0063 1C       		.uleb128 0x1c
 1030 0064 0D       		.uleb128 0xd
 1031 0065 00       		.byte	0
 1032 0066 00       		.byte	0
 1033 0067 0A       		.uleb128 0xa
 1034 0068 2E       		.uleb128 0x2e
 1035 0069 01       		.byte	0x1
 1036 006a 3F       		.uleb128 0x3f
 1037 006b 19       		.uleb128 0x19
 1038 006c 03       		.uleb128 0x3
 1039 006d 0E       		.uleb128 0xe
 1040 006e 3A       		.uleb128 0x3a
 1041 006f 0B       		.uleb128 0xb
 1042 0070 3B       		.uleb128 0x3b
 1043 0071 0B       		.uleb128 0xb
 1044 0072 27       		.uleb128 0x27
 1045 0073 19       		.uleb128 0x19
 1046 0074 49       		.uleb128 0x49
 1047 0075 13       		.uleb128 0x13
 1048 0076 11       		.uleb128 0x11
 1049 0077 01       		.uleb128 0x1
 1050 0078 12       		.uleb128 0x12
 1051 0079 06       		.uleb128 0x6
 1052 007a 40       		.uleb128 0x40
 1053 007b 18       		.uleb128 0x18
 1054 007c 9742     		.uleb128 0x2117
 1055 007e 19       		.uleb128 0x19
 1056 007f 01       		.uleb128 0x1
 1057 0080 13       		.uleb128 0x13
 1058 0081 00       		.byte	0
 1059 0082 00       		.byte	0
 1060 0083 0B       		.uleb128 0xb
 1061 0084 05       		.uleb128 0x5
 1062 0085 00       		.byte	0
 1063 0086 03       		.uleb128 0x3
 1064 0087 0E       		.uleb128 0xe
ARM GAS  C:\Users\Helon\AppData\Local\Temp\ccvLsr7d.s 			page 23


 1065 0088 3A       		.uleb128 0x3a
 1066 0089 0B       		.uleb128 0xb
 1067 008a 3B       		.uleb128 0x3b
 1068 008b 0B       		.uleb128 0xb
 1069 008c 49       		.uleb128 0x49
 1070 008d 13       		.uleb128 0x13
 1071 008e 02       		.uleb128 0x2
 1072 008f 17       		.uleb128 0x17
 1073 0090 00       		.byte	0
 1074 0091 00       		.byte	0
 1075 0092 0C       		.uleb128 0xc
 1076 0093 34       		.uleb128 0x34
 1077 0094 00       		.byte	0
 1078 0095 03       		.uleb128 0x3
 1079 0096 0E       		.uleb128 0xe
 1080 0097 3A       		.uleb128 0x3a
 1081 0098 0B       		.uleb128 0xb
 1082 0099 3B       		.uleb128 0x3b
 1083 009a 0B       		.uleb128 0xb
 1084 009b 49       		.uleb128 0x49
 1085 009c 13       		.uleb128 0x13
 1086 009d 02       		.uleb128 0x2
 1087 009e 17       		.uleb128 0x17
 1088 009f 00       		.byte	0
 1089 00a0 00       		.byte	0
 1090 00a1 0D       		.uleb128 0xd
 1091 00a2 34       		.uleb128 0x34
 1092 00a3 00       		.byte	0
 1093 00a4 03       		.uleb128 0x3
 1094 00a5 0E       		.uleb128 0xe
 1095 00a6 3A       		.uleb128 0x3a
 1096 00a7 0B       		.uleb128 0xb
 1097 00a8 3B       		.uleb128 0x3b
 1098 00a9 0B       		.uleb128 0xb
 1099 00aa 49       		.uleb128 0x49
 1100 00ab 13       		.uleb128 0x13
 1101 00ac 02       		.uleb128 0x2
 1102 00ad 18       		.uleb128 0x18
 1103 00ae 00       		.byte	0
 1104 00af 00       		.byte	0
 1105 00b0 0E       		.uleb128 0xe
 1106 00b1 34       		.uleb128 0x34
 1107 00b2 00       		.byte	0
 1108 00b3 34       		.uleb128 0x34
 1109 00b4 19       		.uleb128 0x19
 1110 00b5 49       		.uleb128 0x49
 1111 00b6 13       		.uleb128 0x13
 1112 00b7 02       		.uleb128 0x2
 1113 00b8 17       		.uleb128 0x17
 1114 00b9 00       		.byte	0
 1115 00ba 00       		.byte	0
 1116 00bb 0F       		.uleb128 0xf
 1117 00bc 0F       		.uleb128 0xf
 1118 00bd 00       		.byte	0
 1119 00be 0B       		.uleb128 0xb
 1120 00bf 0B       		.uleb128 0xb
 1121 00c0 49       		.uleb128 0x49
ARM GAS  C:\Users\Helon\AppData\Local\Temp\ccvLsr7d.s 			page 24


 1122 00c1 13       		.uleb128 0x13
 1123 00c2 00       		.byte	0
 1124 00c3 00       		.byte	0
 1125 00c4 10       		.uleb128 0x10
 1126 00c5 01       		.uleb128 0x1
 1127 00c6 01       		.byte	0x1
 1128 00c7 49       		.uleb128 0x49
 1129 00c8 13       		.uleb128 0x13
 1130 00c9 01       		.uleb128 0x1
 1131 00ca 13       		.uleb128 0x13
 1132 00cb 00       		.byte	0
 1133 00cc 00       		.byte	0
 1134 00cd 11       		.uleb128 0x11
 1135 00ce 21       		.uleb128 0x21
 1136 00cf 00       		.byte	0
 1137 00d0 49       		.uleb128 0x49
 1138 00d1 13       		.uleb128 0x13
 1139 00d2 2F       		.uleb128 0x2f
 1140 00d3 13       		.uleb128 0x13
 1141 00d4 00       		.byte	0
 1142 00d5 00       		.byte	0
 1143 00d6 12       		.uleb128 0x12
 1144 00d7 26       		.uleb128 0x26
 1145 00d8 00       		.byte	0
 1146 00d9 49       		.uleb128 0x49
 1147 00da 13       		.uleb128 0x13
 1148 00db 00       		.byte	0
 1149 00dc 00       		.byte	0
 1150 00dd 13       		.uleb128 0x13
 1151 00de 2E       		.uleb128 0x2e
 1152 00df 01       		.byte	0x1
 1153 00e0 3F       		.uleb128 0x3f
 1154 00e1 19       		.uleb128 0x19
 1155 00e2 03       		.uleb128 0x3
 1156 00e3 0E       		.uleb128 0xe
 1157 00e4 3A       		.uleb128 0x3a
 1158 00e5 0B       		.uleb128 0xb
 1159 00e6 3B       		.uleb128 0x3b
 1160 00e7 0B       		.uleb128 0xb
 1161 00e8 49       		.uleb128 0x49
 1162 00e9 13       		.uleb128 0x13
 1163 00ea 11       		.uleb128 0x11
 1164 00eb 01       		.uleb128 0x1
 1165 00ec 12       		.uleb128 0x12
 1166 00ed 06       		.uleb128 0x6
 1167 00ee 40       		.uleb128 0x40
 1168 00ef 18       		.uleb128 0x18
 1169 00f0 9742     		.uleb128 0x2117
 1170 00f2 19       		.uleb128 0x19
 1171 00f3 01       		.uleb128 0x1
 1172 00f4 13       		.uleb128 0x13
 1173 00f5 00       		.byte	0
 1174 00f6 00       		.byte	0
 1175 00f7 14       		.uleb128 0x14
 1176 00f8 34       		.uleb128 0x34
 1177 00f9 00       		.byte	0
 1178 00fa 03       		.uleb128 0x3
ARM GAS  C:\Users\Helon\AppData\Local\Temp\ccvLsr7d.s 			page 25


 1179 00fb 0E       		.uleb128 0xe
 1180 00fc 3A       		.uleb128 0x3a
 1181 00fd 0B       		.uleb128 0xb
 1182 00fe 3B       		.uleb128 0x3b
 1183 00ff 0B       		.uleb128 0xb
 1184 0100 49       		.uleb128 0x49
 1185 0101 13       		.uleb128 0x13
 1186 0102 1C       		.uleb128 0x1c
 1187 0103 06       		.uleb128 0x6
 1188 0104 00       		.byte	0
 1189 0105 00       		.byte	0
 1190 0106 15       		.uleb128 0x15
 1191 0107 898201   		.uleb128 0x4109
 1192 010a 01       		.byte	0x1
 1193 010b 11       		.uleb128 0x11
 1194 010c 01       		.uleb128 0x1
 1195 010d 31       		.uleb128 0x31
 1196 010e 13       		.uleb128 0x13
 1197 010f 00       		.byte	0
 1198 0110 00       		.byte	0
 1199 0111 16       		.uleb128 0x16
 1200 0112 8A8201   		.uleb128 0x410a
 1201 0115 00       		.byte	0
 1202 0116 02       		.uleb128 0x2
 1203 0117 18       		.uleb128 0x18
 1204 0118 9142     		.uleb128 0x2111
 1205 011a 18       		.uleb128 0x18
 1206 011b 00       		.byte	0
 1207 011c 00       		.byte	0
 1208 011d 17       		.uleb128 0x17
 1209 011e 21       		.uleb128 0x21
 1210 011f 00       		.byte	0
 1211 0120 49       		.uleb128 0x49
 1212 0121 13       		.uleb128 0x13
 1213 0122 2F       		.uleb128 0x2f
 1214 0123 0B       		.uleb128 0xb
 1215 0124 00       		.byte	0
 1216 0125 00       		.byte	0
 1217 0126 18       		.uleb128 0x18
 1218 0127 34       		.uleb128 0x34
 1219 0128 00       		.byte	0
 1220 0129 03       		.uleb128 0x3
 1221 012a 0E       		.uleb128 0xe
 1222 012b 3A       		.uleb128 0x3a
 1223 012c 0B       		.uleb128 0xb
 1224 012d 3B       		.uleb128 0x3b
 1225 012e 0B       		.uleb128 0xb
 1226 012f 49       		.uleb128 0x49
 1227 0130 13       		.uleb128 0x13
 1228 0131 3F       		.uleb128 0x3f
 1229 0132 19       		.uleb128 0x19
 1230 0133 02       		.uleb128 0x2
 1231 0134 18       		.uleb128 0x18
 1232 0135 00       		.byte	0
 1233 0136 00       		.byte	0
 1234 0137 19       		.uleb128 0x19
 1235 0138 2E       		.uleb128 0x2e
ARM GAS  C:\Users\Helon\AppData\Local\Temp\ccvLsr7d.s 			page 26


 1236 0139 01       		.byte	0x1
 1237 013a 3F       		.uleb128 0x3f
 1238 013b 19       		.uleb128 0x19
 1239 013c 03       		.uleb128 0x3
 1240 013d 0E       		.uleb128 0xe
 1241 013e 27       		.uleb128 0x27
 1242 013f 19       		.uleb128 0x19
 1243 0140 49       		.uleb128 0x49
 1244 0141 13       		.uleb128 0x13
 1245 0142 34       		.uleb128 0x34
 1246 0143 19       		.uleb128 0x19
 1247 0144 3C       		.uleb128 0x3c
 1248 0145 19       		.uleb128 0x19
 1249 0146 01       		.uleb128 0x1
 1250 0147 13       		.uleb128 0x13
 1251 0148 00       		.byte	0
 1252 0149 00       		.byte	0
 1253 014a 1A       		.uleb128 0x1a
 1254 014b 05       		.uleb128 0x5
 1255 014c 00       		.byte	0
 1256 014d 49       		.uleb128 0x49
 1257 014e 13       		.uleb128 0x13
 1258 014f 00       		.byte	0
 1259 0150 00       		.byte	0
 1260 0151 1B       		.uleb128 0x1b
 1261 0152 26       		.uleb128 0x26
 1262 0153 00       		.byte	0
 1263 0154 00       		.byte	0
 1264 0155 00       		.byte	0
 1265 0156 00       		.byte	0
 1266              		.section	.debug_loc,"",%progbits
 1267              	.Ldebug_loc0:
 1268              	.LLST0:
 1269 0000 00000000 		.4byte	.LVL0
 1270 0004 06000000 		.4byte	.LVL1
 1271 0008 0100     		.2byte	0x1
 1272 000a 50       		.byte	0x50
 1273 000b 06000000 		.4byte	.LVL1
 1274 000f E4010000 		.4byte	.LFE37
 1275 0013 0400     		.2byte	0x4
 1276 0015 F3       		.byte	0xf3
 1277 0016 01       		.uleb128 0x1
 1278 0017 50       		.byte	0x50
 1279 0018 9F       		.byte	0x9f
 1280 0019 00000000 		.4byte	0
 1281 001d 00000000 		.4byte	0
 1282              	.LLST1:
 1283 0021 00000000 		.4byte	.LVL0
 1284 0025 0A000000 		.4byte	.LVL2
 1285 0029 0100     		.2byte	0x1
 1286 002b 51       		.byte	0x51
 1287 002c 0A000000 		.4byte	.LVL2
 1288 0030 98000000 		.4byte	.LVL7
 1289 0034 0300     		.2byte	0x3
 1290 0036 7D       		.byte	0x7d
 1291 0037 C000     		.sleb128 64
 1292 0039 98000000 		.4byte	.LVL7
ARM GAS  C:\Users\Helon\AppData\Local\Temp\ccvLsr7d.s 			page 27


 1293 003d CA000000 		.4byte	.LVL10
 1294 0041 0300     		.2byte	0x3
 1295 0043 72       		.byte	0x72
 1296 0044 C000     		.sleb128 64
 1297 0046 CA000000 		.4byte	.LVL10
 1298 004a AA010000 		.4byte	.LVL14
 1299 004e 0300     		.2byte	0x3
 1300 0050 77       		.byte	0x77
 1301 0051 C000     		.sleb128 64
 1302 0053 AA010000 		.4byte	.LVL14
 1303 0057 E4010000 		.4byte	.LFE37
 1304 005b 0200     		.2byte	0x2
 1305 005d 91       		.byte	0x91
 1306 005e 60       		.sleb128 -32
 1307 005f 00000000 		.4byte	0
 1308 0063 00000000 		.4byte	0
 1309              	.LLST2:
 1310 0067 00000000 		.4byte	.LVL0
 1311 006b 10000000 		.4byte	.LVL4
 1312 006f 0100     		.2byte	0x1
 1313 0071 52       		.byte	0x52
 1314 0072 10000000 		.4byte	.LVL4
 1315 0076 E4010000 		.4byte	.LFE37
 1316 007a 0400     		.2byte	0x4
 1317 007c F3       		.byte	0xf3
 1318 007d 01       		.uleb128 0x1
 1319 007e 52       		.byte	0x52
 1320 007f 9F       		.byte	0x9f
 1321 0080 00000000 		.4byte	0
 1322 0084 00000000 		.4byte	0
 1323              	.LLST3:
 1324 0088 00000000 		.4byte	.LVL0
 1325 008c 0E000000 		.4byte	.LVL3
 1326 0090 0100     		.2byte	0x1
 1327 0092 53       		.byte	0x53
 1328 0093 0E000000 		.4byte	.LVL3
 1329 0097 E4010000 		.4byte	.LFE37
 1330 009b 0400     		.2byte	0x4
 1331 009d F3       		.byte	0xf3
 1332 009e 01       		.uleb128 0x1
 1333 009f 53       		.byte	0x53
 1334 00a0 9F       		.byte	0x9f
 1335 00a1 00000000 		.4byte	0
 1336 00a5 00000000 		.4byte	0
 1337              	.LLST4:
 1338 00a9 FE000000 		.4byte	.LVL11
 1339 00ad A2010000 		.4byte	.LVL13
 1340 00b1 0300     		.2byte	0x3
 1341 00b3 77       		.byte	0x77
 1342 00b4 EF00     		.sleb128 111
 1343 00b6 00000000 		.4byte	0
 1344 00ba 00000000 		.4byte	0
 1345              	.LLST5:
 1346 00be 52000000 		.4byte	.LVL5
 1347 00c2 54000000 		.4byte	.LVL6
 1348 00c6 0100     		.2byte	0x1
 1349 00c8 53       		.byte	0x53
ARM GAS  C:\Users\Helon\AppData\Local\Temp\ccvLsr7d.s 			page 28


 1350 00c9 54000000 		.4byte	.LVL6
 1351 00cd 98000000 		.4byte	.LVL7
 1352 00d1 0300     		.2byte	0x3
 1353 00d3 7D       		.byte	0x7d
 1354 00d4 E800     		.sleb128 104
 1355 00d6 98000000 		.4byte	.LVL7
 1356 00da CA000000 		.4byte	.LVL10
 1357 00de 0300     		.2byte	0x3
 1358 00e0 72       		.byte	0x72
 1359 00e1 E800     		.sleb128 104
 1360 00e3 CA000000 		.4byte	.LVL10
 1361 00e7 A2010000 		.4byte	.LVL13
 1362 00eb 0300     		.2byte	0x3
 1363 00ed 77       		.byte	0x77
 1364 00ee E800     		.sleb128 104
 1365 00f0 00000000 		.4byte	0
 1366 00f4 00000000 		.4byte	0
 1367              	.LLST6:
 1368 00f8 A2000000 		.4byte	.LVL8
 1369 00fc A4000000 		.4byte	.LVL9
 1370 0100 0200     		.2byte	0x2
 1371 0102 73       		.byte	0x73
 1372 0103 00       		.sleb128 0
 1373 0104 A4000000 		.4byte	.LVL9
 1374 0108 CA000000 		.4byte	.LVL10
 1375 010c 0400     		.2byte	0x4
 1376 010e 72       		.byte	0x72
 1377 010f E400     		.sleb128 100
 1378 0111 06       		.byte	0x6
 1379 0112 CA000000 		.4byte	.LVL10
 1380 0116 A2010000 		.4byte	.LVL13
 1381 011a 0400     		.2byte	0x4
 1382 011c 77       		.byte	0x77
 1383 011d E400     		.sleb128 100
 1384 011f 06       		.byte	0x6
 1385 0120 00000000 		.4byte	0
 1386 0124 00000000 		.4byte	0
 1387              	.LLST7:
 1388 0128 00000000 		.4byte	.LVL15
 1389 012c 02000000 		.4byte	.LVL16
 1390 0130 0500     		.2byte	0x5
 1391 0132 0C       		.byte	0xc
 1392 0133 06F2FF0F 		.4byte	0xffff206
 1393 0137 02000000 		.4byte	.LVL16
 1394 013b 0C000000 		.4byte	.LFE38
 1395 013f 0200     		.2byte	0x2
 1396 0141 73       		.byte	0x73
 1397 0142 00       		.sleb128 0
 1398 0143 00000000 		.4byte	0
 1399 0147 00000000 		.4byte	0
 1400              	.LLST8:
 1401 014b 00000000 		.4byte	.LVL17
 1402 014f 08000000 		.4byte	.LVL18
 1403 0153 0200     		.2byte	0x2
 1404 0155 30       		.byte	0x30
 1405 0156 9F       		.byte	0x9f
 1406 0157 08000000 		.4byte	.LVL18
ARM GAS  C:\Users\Helon\AppData\Local\Temp\ccvLsr7d.s 			page 29


 1407 015b 13000000 		.4byte	.LVL19-1
 1408 015f 0100     		.2byte	0x1
 1409 0161 52       		.byte	0x52
 1410 0162 00000000 		.4byte	0
 1411 0166 00000000 		.4byte	0
 1412              		.section	.debug_aranges,"",%progbits
 1413 0000 2C000000 		.4byte	0x2c
 1414 0004 0200     		.2byte	0x2
 1415 0006 00000000 		.4byte	.Ldebug_info0
 1416 000a 04       		.byte	0x4
 1417 000b 00       		.byte	0
 1418 000c 0000     		.2byte	0
 1419 000e 0000     		.2byte	0
 1420 0010 00000000 		.4byte	.LFB37
 1421 0014 E4010000 		.4byte	.LFE37-.LFB37
 1422 0018 00000000 		.4byte	.LFB38
 1423 001c 0C000000 		.4byte	.LFE38-.LFB38
 1424 0020 00000000 		.4byte	.LFB39
 1425 0024 24000000 		.4byte	.LFE39-.LFB39
 1426 0028 00000000 		.4byte	0
 1427 002c 00000000 		.4byte	0
 1428              		.section	.debug_ranges,"",%progbits
 1429              	.Ldebug_ranges0:
 1430 0000 00000000 		.4byte	.LFB37
 1431 0004 E4010000 		.4byte	.LFE37
 1432 0008 00000000 		.4byte	.LFB38
 1433 000c 0C000000 		.4byte	.LFE38
 1434 0010 00000000 		.4byte	.LFB39
 1435 0014 24000000 		.4byte	.LFE39
 1436 0018 00000000 		.4byte	0
 1437 001c 00000000 		.4byte	0
 1438              		.section	.debug_line,"",%progbits
 1439              	.Ldebug_line0:
 1440 0000 C7010000 		.section	.debug_str,"MS",%progbits,1
 1440      02005301 
 1440      00000201 
 1440      FB0E0D00 
 1440      01010101 
 1441              	.LASF27:
 1442 0000 4359424C 		.ascii	"CYBLE_EVT_GAP_PASSKEY_ENTRY_REQUEST\000"
 1442      455F4556 
 1442      545F4741 
 1442      505F5041 
 1442      53534B45 
 1443              	.LASF86:
 1444 0024 64617461 		.ascii	"datalength\000"
 1444      6C656E67 
 1444      746800
 1445              	.LASF88:
 1446 002f 6C6F6361 		.ascii	"localCount\000"
 1446      6C436F75 
 1446      6E7400
 1447              	.LASF58:
 1448 003a 4359424C 		.ascii	"CYBLE_EVT_GATTC_WRITE_RSP\000"
 1448      455F4556 
 1448      545F4741 
 1448      5454435F 
ARM GAS  C:\Users\Helon\AppData\Local\Temp\ccvLsr7d.s 			page 30


 1448      57524954 
 1449              	.LASF24:
 1450 0054 4359424C 		.ascii	"CYBLE_EVT_MEMORY_REQUEST\000"
 1450      455F4556 
 1450      545F4D45 
 1450      4D4F5259 
 1450      5F524551 
 1451              	.LASF45:
 1452 006d 4359424C 		.ascii	"CYBLE_EVT_GATTC_ERROR_RSP\000"
 1452      455F4556 
 1452      545F4741 
 1452      5454435F 
 1452      4552524F 
 1453              	.LASF39:
 1454 0087 4359424C 		.ascii	"CYBLE_EVT_GAP_KEYPRESS_NOTIFICATION\000"
 1454      455F4556 
 1454      545F4741 
 1454      505F4B45 
 1454      59505245 
 1455              	.LASF2:
 1456 00ab 73686F72 		.ascii	"short int\000"
 1456      7420696E 
 1456      7400
 1457              	.LASF30:
 1458 00b5 4359424C 		.ascii	"CYBLE_EVT_GAP_AUTH_FAILED\000"
 1458      455F4556 
 1458      545F4741 
 1458      505F4155 
 1458      54485F46 
 1459              	.LASF17:
 1460 00cf 73697A65 		.ascii	"sizetype\000"
 1460      74797065 
 1460      00
 1461              	.LASF41:
 1462 00d8 4359424C 		.ascii	"CYBLE_EVT_GAP_DATA_LENGTH_CHANGE\000"
 1462      455F4556 
 1462      545F4741 
 1462      505F4441 
 1462      54415F4C 
 1463              	.LASF6:
 1464 00f9 6C6F6E67 		.ascii	"long long int\000"
 1464      206C6F6E 
 1464      6720696E 
 1464      7400
 1465              	.LASF106:
 1466 0107 6D656D63 		.ascii	"memcpy\000"
 1466      707900
 1467              	.LASF98:
 1468 010e 73666C61 		.ascii	"sflashPtr\000"
 1468      73685074 
 1468      7200
 1469              	.LASF22:
 1470 0118 4359424C 		.ascii	"CYBLE_EVT_HCI_STATUS\000"
 1470      455F4556 
 1470      545F4843 
 1470      495F5354 
 1470      41545553 
ARM GAS  C:\Users\Helon\AppData\Local\Temp\ccvLsr7d.s 			page 31


 1471              	.LASF51:
 1472 012d 4359424C 		.ascii	"CYBLE_EVT_GATTC_READ_BY_TYPE_RSP\000"
 1472      455F4556 
 1472      545F4741 
 1472      5454435F 
 1472      52454144 
 1473              	.LASF81:
 1474 014e 4359424C 		.ascii	"CYBLE_EVT_PENDING_FLASH_WRITE\000"
 1474      455F4556 
 1474      545F5045 
 1474      4E44494E 
 1474      475F464C 
 1475              	.LASF19:
 1476 016c 4359424C 		.ascii	"CYBLE_EVT_STACK_ON\000"
 1476      455F4556 
 1476      545F5354 
 1476      41434B5F 
 1476      4F4E00
 1477              	.LASF48:
 1478 017f 4359424C 		.ascii	"CYBLE_EVT_GATTS_XCNHG_MTU_REQ\000"
 1478      455F4556 
 1478      545F4741 
 1478      5454535F 
 1478      58434E48 
 1479              	.LASF10:
 1480 019d 75696E74 		.ascii	"uint8_t\000"
 1480      385F7400 
 1481              	.LASF102:
 1482 01a5 57726974 		.ascii	"WriteUserSFlash.c\000"
 1482      65557365 
 1482      7253466C 
 1482      6173682E 
 1482      6300
 1483              	.LASF37:
 1484 01b7 4359424C 		.ascii	"CYBLE_EVT_GAP_KEYINFO_EXCHNGE_CMPLT\000"
 1484      455F4556 
 1484      545F4741 
 1484      505F4B45 
 1484      59494E46 
 1485              	.LASF56:
 1486 01db 4359424C 		.ascii	"CYBLE_EVT_GATTC_READ_MULTI_RSP\000"
 1486      455F4556 
 1486      545F4741 
 1486      5454435F 
 1486      52454144 
 1487              	.LASF65:
 1488 01fa 4359424C 		.ascii	"CYBLE_EVT_GATTS_HANDLE_VALUE_CNF\000"
 1488      455F4556 
 1488      545F4741 
 1488      5454535F 
 1488      48414E44 
 1489              	.LASF18:
 1490 021b 4359424C 		.ascii	"CYBLE_EVT_HOST_INVALID\000"
 1490      455F4556 
 1490      545F484F 
 1490      53545F49 
 1490      4E56414C 
ARM GAS  C:\Users\Helon\AppData\Local\Temp\ccvLsr7d.s 			page 32


 1491              	.LASF73:
 1492 0232 4359424C 		.ascii	"CYBLE_EVT_L2CAP_CBFC_CONN_IND\000"
 1492      455F4556 
 1492      545F4C32 
 1492      4341505F 
 1492      43424643 
 1493              	.LASF76:
 1494 0250 4359424C 		.ascii	"CYBLE_EVT_L2CAP_CBFC_DISCONN_CNF\000"
 1494      455F4556 
 1494      545F4C32 
 1494      4341505F 
 1494      43424643 
 1495              	.LASF101:
 1496 0271 474E5520 		.ascii	"GNU C 4.9.3 20150303 (release) [ARM/embedded-4_9-br"
 1496      4320342E 
 1496      392E3320 
 1496      32303135 
 1496      30333033 
 1497 02a4 616E6368 		.ascii	"anch revision 221220] -mcpu=cortex-m0 -mthumb -g -O"
 1497      20726576 
 1497      6973696F 
 1497      6E203232 
 1497      31323230 
 1498 02d7 73202D66 		.ascii	"s -ffunction-sections -ffat-lto-objects\000"
 1498      66756E63 
 1498      74696F6E 
 1498      2D736563 
 1498      74696F6E 
 1499              	.LASF89:
 1500 02ff 72657456 		.ascii	"retValue\000"
 1500      616C7565 
 1500      00
 1501              	.LASF13:
 1502 0308 666C6F61 		.ascii	"float\000"
 1502      7400
 1503              	.LASF54:
 1504 030e 4359424C 		.ascii	"CYBLE_EVT_GATTC_READ_RSP\000"
 1504      455F4556 
 1504      545F4741 
 1504      5454435F 
 1504      52454144 
 1505              	.LASF97:
 1506 0327 466C6173 		.ascii	"FlashData\000"
 1506      68446174 
 1506      6100
 1507              	.LASF38:
 1508 0331 4359424C 		.ascii	"CYBLE_EVT_GAP_NUMERIC_COMPARISON_REQUEST\000"
 1508      455F4556 
 1508      545F4741 
 1508      505F4E55 
 1508      4D455249 
 1509              	.LASF43:
 1510 035a 4359424C 		.ascii	"CYBLE_EVT_GAPC_DIRECT_ADV_REPORT\000"
 1510      455F4556 
 1510      545F4741 
 1510      50435F44 
 1510      49524543 
ARM GAS  C:\Users\Helon\AppData\Local\Temp\ccvLsr7d.s 			page 33


 1511              	.LASF7:
 1512 037b 6C6F6E67 		.ascii	"long long unsigned int\000"
 1512      206C6F6E 
 1512      6720756E 
 1512      7369676E 
 1512      65642069 
 1513              	.LASF95:
 1514 0392 72656735 		.ascii	"reg5\000"
 1514      00
 1515              	.LASF96:
 1516 0397 72656736 		.ascii	"reg6\000"
 1516      00
 1517              	.LASF4:
 1518 039c 6C6F6E67 		.ascii	"long int\000"
 1518      20696E74 
 1518      00
 1519              	.LASF64:
 1520 03a5 4359424C 		.ascii	"CYBLE_EVT_GATTC_HANDLE_VALUE_IND\000"
 1520      455F4556 
 1520      545F4741 
 1520      5454435F 
 1520      48414E44 
 1521              	.LASF32:
 1522 03c6 4359424C 		.ascii	"CYBLE_EVT_GAP_DEVICE_CONNECTED\000"
 1522      455F4556 
 1522      545F4741 
 1522      505F4445 
 1522      56494345 
 1523              	.LASF104:
 1524 03e5 57726974 		.ascii	"WriteUserSFlashRow\000"
 1524      65557365 
 1524      7253466C 
 1524      61736852 
 1524      6F7700
 1525              	.LASF9:
 1526 03f8 5F5F7569 		.ascii	"__uint8_t\000"
 1526      6E74385F 
 1526      7400
 1527              	.LASF63:
 1528 0402 4359424C 		.ascii	"CYBLE_EVT_GATTC_HANDLE_VALUE_NTF\000"
 1528      455F4556 
 1528      545F4741 
 1528      5454435F 
 1528      48414E44 
 1529              	.LASF23:
 1530 0423 4359424C 		.ascii	"CYBLE_EVT_STACK_BUSY_STATUS\000"
 1530      455F4556 
 1530      545F5354 
 1530      41434B5F 
 1530      42555359 
 1531              	.LASF85:
 1532 043f 64617461 		.ascii	"dataPointer\000"
 1532      506F696E 
 1532      74657200 
 1533              	.LASF28:
 1534 044b 4359424C 		.ascii	"CYBLE_EVT_GAP_PASSKEY_DISPLAY_REQUEST\000"
 1534      455F4556 
ARM GAS  C:\Users\Helon\AppData\Local\Temp\ccvLsr7d.s 			page 34


 1534      545F4741 
 1534      505F5041 
 1534      53534B45 
 1535              	.LASF74:
 1536 0471 4359424C 		.ascii	"CYBLE_EVT_L2CAP_CBFC_CONN_CNF\000"
 1536      455F4556 
 1536      545F4C32 
 1536      4341505F 
 1536      43424643 
 1537              	.LASF42:
 1538 048f 4359424C 		.ascii	"CYBLE_EVT_GAP_ENHANCE_CONN_COMPLETE\000"
 1538      455F4556 
 1538      545F4741 
 1538      505F454E 
 1538      48414E43 
 1539              	.LASF11:
 1540 04b3 75696E74 		.ascii	"uint8\000"
 1540      3800
 1541              	.LASF70:
 1542 04b9 4359424C 		.ascii	"CYBLE_EVT_L2CAP_CONN_PARAM_UPDATE_REQ\000"
 1542      455F4556 
 1542      545F4C32 
 1542      4341505F 
 1542      434F4E4E 
 1543              	.LASF1:
 1544 04df 756E7369 		.ascii	"unsigned char\000"
 1544      676E6564 
 1544      20636861 
 1544      7200
 1545              	.LASF60:
 1546 04ed 4359424C 		.ascii	"CYBLE_EVT_GATTS_PREP_WRITE_REQ\000"
 1546      455F4556 
 1546      545F4741 
 1546      5454535F 
 1546      50524550 
 1547              	.LASF82:
 1548 050c 4359424C 		.ascii	"CYBLE_EVT_LE_PING_AUTH_TIMEOUT\000"
 1548      455F4556 
 1548      545F4C45 
 1548      5F50494E 
 1548      475F4155 
 1549              	.LASF57:
 1550 052b 4359424C 		.ascii	"CYBLE_EVT_GATTS_WRITE_REQ\000"
 1550      455F4556 
 1550      545F4741 
 1550      5454535F 
 1550      57524954 
 1551              	.LASF52:
 1552 0545 4359424C 		.ascii	"CYBLE_EVT_GATTC_FIND_INFO_RSP\000"
 1552      455F4556 
 1552      545F4741 
 1552      5454435F 
 1552      46494E44 
 1553              	.LASF0:
 1554 0563 7369676E 		.ascii	"signed char\000"
 1554      65642063 
 1554      68617200 
ARM GAS  C:\Users\Helon\AppData\Local\Temp\ccvLsr7d.s 			page 35


 1555              	.LASF87:
 1556 056f 61646472 		.ascii	"address\000"
 1556      65737300 
 1557              	.LASF53:
 1558 0577 4359424C 		.ascii	"CYBLE_EVT_GATTC_FIND_BY_TYPE_VALUE_RSP\000"
 1558      455F4556 
 1558      545F4741 
 1558      5454435F 
 1558      46494E44 
 1559              	.LASF90:
 1560 059e 636D6444 		.ascii	"cmdDataBuffer\000"
 1560      61746142 
 1560      75666665 
 1560      7200
 1561              	.LASF29:
 1562 05ac 4359424C 		.ascii	"CYBLE_EVT_GAP_AUTH_COMPLETE\000"
 1562      455F4556 
 1562      545F4741 
 1562      505F4155 
 1562      54485F43 
 1563              	.LASF8:
 1564 05c8 756E7369 		.ascii	"unsigned int\000"
 1564      676E6564 
 1564      20696E74 
 1564      00
 1565              	.LASF84:
 1566 05d5 75736572 		.ascii	"userRowNUmber\000"
 1566      526F774E 
 1566      556D6265 
 1566      7200
 1567              	.LASF46:
 1568 05e3 4359424C 		.ascii	"CYBLE_EVT_GATT_CONNECT_IND\000"
 1568      455F4556 
 1568      545F4741 
 1568      54545F43 
 1568      4F4E4E45 
 1569              	.LASF5:
 1570 05fe 6C6F6E67 		.ascii	"long unsigned int\000"
 1570      20756E73 
 1570      69676E65 
 1570      6420696E 
 1570      7400
 1571              	.LASF26:
 1572 0610 4359424C 		.ascii	"CYBLE_EVT_GAP_AUTH_REQ\000"
 1572      455F4556 
 1572      545F4741 
 1572      505F4155 
 1572      54485F52 
 1573              	.LASF75:
 1574 0627 4359424C 		.ascii	"CYBLE_EVT_L2CAP_CBFC_DISCONN_IND\000"
 1574      455F4556 
 1574      545F4C32 
 1574      4341505F 
 1574      43424643 
 1575              	.LASF34:
 1576 0648 4359424C 		.ascii	"CYBLE_EVT_GAP_ENCRYPT_CHANGE\000"
 1576      455F4556 
ARM GAS  C:\Users\Helon\AppData\Local\Temp\ccvLsr7d.s 			page 36


 1576      545F4741 
 1576      505F454E 
 1576      43525950 
 1577              	.LASF16:
 1578 0665 72656733 		.ascii	"reg32\000"
 1578      3200
 1579              	.LASF69:
 1580 066b 4359424C 		.ascii	"CYBLE_EVT_GATTC_LONG_PROCEDURE_END\000"
 1580      455F4556 
 1580      545F4741 
 1580      5454435F 
 1580      4C4F4E47 
 1581              	.LASF3:
 1582 068e 73686F72 		.ascii	"short unsigned int\000"
 1582      7420756E 
 1582      7369676E 
 1582      65642069 
 1582      6E7400
 1583              	.LASF35:
 1584 06a1 4359424C 		.ascii	"CYBLE_EVT_GAP_CONNECTION_UPDATE_COMPLETE\000"
 1584      455F4556 
 1584      545F4741 
 1584      505F434F 
 1584      4E4E4543 
 1585              	.LASF44:
 1586 06ca 4359424C 		.ascii	"CYBLE_EVT_GAP_SMP_NEGOTIATED_AUTH_INFO\000"
 1586      455F4556 
 1586      545F4741 
 1586      505F534D 
 1586      505F4E45 
 1587              	.LASF15:
 1588 06f1 63686172 		.ascii	"char\000"
 1588      00
 1589              	.LASF72:
 1590 06f6 4359424C 		.ascii	"CYBLE_EVT_L2CAP_COMMAND_REJ\000"
 1590      455F4556 
 1590      545F4C32 
 1590      4341505F 
 1590      434F4D4D 
 1591              	.LASF103:
 1592 0712 433A5C55 		.ascii	"C:\\Users\\Helon\\Desktop\\Troughpur_Central_Periph"
 1592      73657273 
 1592      5C48656C 
 1592      6F6E5C44 
 1592      65736B74 
 1593 0741 6572616C 		.ascii	"eral\\Troughput_Central_Peripheral.cydsn\000"
 1593      5C54726F 
 1593      75676870 
 1593      75745F43 
 1593      656E7472 
 1594              	.LASF91:
 1595 0769 72656731 		.ascii	"reg1\000"
 1595      00
 1596              	.LASF55:
 1597 076e 4359424C 		.ascii	"CYBLE_EVT_GATTC_READ_BLOB_RSP\000"
 1597      455F4556 
 1597      545F4741 
ARM GAS  C:\Users\Helon\AppData\Local\Temp\ccvLsr7d.s 			page 37


 1597      5454435F 
 1597      52454144 
 1598              	.LASF93:
 1599 078c 72656733 		.ascii	"reg3\000"
 1599      00
 1600              	.LASF94:
 1601 0791 72656734 		.ascii	"reg4\000"
 1601      00
 1602              	.LASF62:
 1603 0796 4359424C 		.ascii	"CYBLE_EVT_GATTC_EXEC_WRITE_RSP\000"
 1603      455F4556 
 1603      545F4741 
 1603      5454435F 
 1603      45584543 
 1604              	.LASF12:
 1605 07b5 75696E74 		.ascii	"uint32\000"
 1605      333200
 1606              	.LASF105:
 1607 07bc 53657444 		.ascii	"SetDeviceName\000"
 1607      65766963 
 1607      654E616D 
 1607      6500
 1608              	.LASF78:
 1609 07ca 4359424C 		.ascii	"CYBLE_EVT_L2CAP_CBFC_RX_CREDIT_IND\000"
 1609      455F4556 
 1609      545F4C32 
 1609      4341505F 
 1609      43424643 
 1610              	.LASF14:
 1611 07ed 646F7562 		.ascii	"double\000"
 1611      6C6500
 1612              	.LASF79:
 1613 07f4 4359424C 		.ascii	"CYBLE_EVT_L2CAP_CBFC_TX_CREDIT_IND\000"
 1613      455F4556 
 1613      545F4C32 
 1613      4341505F 
 1613      43424643 
 1614              	.LASF100:
 1615 0817 52656164 		.ascii	"ReadDeviceNameFromSFlash\000"
 1615      44657669 
 1615      63654E61 
 1615      6D654672 
 1615      6F6D5346 
 1616              	.LASF99:
 1617 0830 52656164 		.ascii	"ReadDataFromSFlash\000"
 1617      44617461 
 1617      46726F6D 
 1617      53466C61 
 1617      736800
 1618              	.LASF31:
 1619 0843 4359424C 		.ascii	"CYBLE_EVT_GAPP_ADVERTISEMENT_START_STOP\000"
 1619      455F4556 
 1619      545F4741 
 1619      50505F41 
 1619      44564552 
 1620              	.LASF21:
 1621 086b 4359424C 		.ascii	"CYBLE_EVT_HARDWARE_ERROR\000"
ARM GAS  C:\Users\Helon\AppData\Local\Temp\ccvLsr7d.s 			page 38


 1621      455F4556 
 1621      545F4841 
 1621      52445741 
 1621      52455F45 
 1622              	.LASF77:
 1623 0884 4359424C 		.ascii	"CYBLE_EVT_L2CAP_CBFC_DATA_READ\000"
 1623      455F4556 
 1623      545F4C32 
 1623      4341505F 
 1623      43424643 
 1624              	.LASF71:
 1625 08a3 4359424C 		.ascii	"CYBLE_EVT_L2CAP_CONN_PARAM_UPDATE_RSP\000"
 1625      455F4556 
 1625      545F4C32 
 1625      4341505F 
 1625      434F4E4E 
 1626              	.LASF25:
 1627 08c9 4359424C 		.ascii	"CYBLE_EVT_GAPC_SCAN_PROGRESS_RESULT\000"
 1627      455F4556 
 1627      545F4741 
 1627      50435F53 
 1627      43414E5F 
 1628              	.LASF50:
 1629 08ed 4359424C 		.ascii	"CYBLE_EVT_GATTC_READ_BY_GROUP_TYPE_RSP\000"
 1629      455F4556 
 1629      545F4741 
 1629      5454435F 
 1629      52454144 
 1630              	.LASF59:
 1631 0914 4359424C 		.ascii	"CYBLE_EVT_GATTS_WRITE_CMD_REQ\000"
 1631      455F4556 
 1631      545F4741 
 1631      5454535F 
 1631      57524954 
 1632              	.LASF49:
 1633 0932 4359424C 		.ascii	"CYBLE_EVT_GATTC_XCHNG_MTU_RSP\000"
 1633      455F4556 
 1633      545F4741 
 1633      5454435F 
 1633      5843484E 
 1634              	.LASF20:
 1635 0950 4359424C 		.ascii	"CYBLE_EVT_TIMEOUT\000"
 1635      455F4556 
 1635      545F5449 
 1635      4D454F55 
 1635      5400
 1636              	.LASF80:
 1637 0962 4359424C 		.ascii	"CYBLE_EVT_L2CAP_CBFC_DATA_WRITE_IND\000"
 1637      455F4556 
 1637      545F4C32 
 1637      4341505F 
 1637      43424643 
 1638              	.LASF36:
 1639 0986 4359424C 		.ascii	"CYBLE_EVT_GAPC_SCAN_START_STOP\000"
 1639      455F4556 
 1639      545F4741 
 1639      50435F53 
ARM GAS  C:\Users\Helon\AppData\Local\Temp\ccvLsr7d.s 			page 39


 1639      43414E5F 
 1640              	.LASF83:
 1641 09a5 4359424C 		.ascii	"CYBLE_EVT_MAX\000"
 1641      455F4556 
 1641      545F4D41 
 1641      5800
 1642              	.LASF68:
 1643 09b3 4359424C 		.ascii	"CYBLE_EVT_GATTS_READ_CHAR_VAL_ACCESS_REQ\000"
 1643      455F4556 
 1643      545F4741 
 1643      5454535F 
 1643      52454144 
 1644              	.LASF92:
 1645 09dc 72656732 		.ascii	"reg2\000"
 1645      00
 1646              	.LASF67:
 1647 09e1 4359424C 		.ascii	"CYBLE_EVT_GATTC_STOP_CMD_COMPLETE\000"
 1647      455F4556 
 1647      545F4741 
 1647      5454435F 
 1647      53544F50 
 1648              	.LASF61:
 1649 0a03 4359424C 		.ascii	"CYBLE_EVT_GATTS_EXEC_WRITE_REQ\000"
 1649      455F4556 
 1649      545F4741 
 1649      5454535F 
 1649      45584543 
 1650              	.LASF33:
 1651 0a22 4359424C 		.ascii	"CYBLE_EVT_GAP_DEVICE_DISCONNECTED\000"
 1651      455F4556 
 1651      545F4741 
 1651      505F4445 
 1651      56494345 
 1652              	.LASF66:
 1653 0a44 4359424C 		.ascii	"CYBLE_EVT_GATTS_DATA_SIGNED_CMD_REQ\000"
 1653      455F4556 
 1653      545F4741 
 1653      5454535F 
 1653      44415441 
 1654              	.LASF47:
 1655 0a68 4359424C 		.ascii	"CYBLE_EVT_GATT_DISCONNECT_IND\000"
 1655      455F4556 
 1655      545F4741 
 1655      54545F44 
 1655      4953434F 
 1656              	.LASF40:
 1657 0a86 4359424C 		.ascii	"CYBLE_EVT_GAP_OOB_GENERATED_NOTIFICATION\000"
 1657      455F4556 
 1657      545F4741 
 1657      505F4F4F 
 1657      425F4745 
 1658              		.ident	"GCC: (GNU Tools for ARM Embedded Processors) 4.9.3 20150303 (release) [ARM/embedded-4_9-br
